10/10/2024 13:48:48 Central Standard Time : Information : Local timezone is (UTC-06:00) Central Time (Chicago)
10/10/2024 13:48:48 Central Standard Time : Information : Added local RPC method "getPipe" -> Microsoft.VisualStudio.Utilities.ServiceBroker.GlobalBrokeredServiceContainer+View.GetPipeAsync(ServiceMoniker, ServiceActivationOptions, CancellationToken) (Microsoft.VisualStudio.Utilities.ServiceBroker.GlobalBrokeredServiceContainer+View)
10/10/2024 13:48:48 Central Standard Time : Information : Added local RPC method "getProxy" -> Microsoft.VisualStudio.Utilities.ServiceBroker.GlobalBrokeredServiceContainer+View.GetProxyAsync(ServiceRpcDescriptor, ServiceActivationOptions, CancellationToken) (Microsoft.VisualStudio.Utilities.ServiceBroker.GlobalBrokeredServiceContainer+View)
10/10/2024 13:48:48 Central Standard Time : Information : Added local RPC method "handshake" -> Microsoft.VisualStudio.Utilities.ServiceBroker.GlobalBrokeredServiceContainer+View.HandshakeAsync(ServiceBrokerClientMetadata, CancellationToken) (Microsoft.VisualStudio.Utilities.ServiceBroker.GlobalBrokeredServiceContainer+View)
10/10/2024 13:48:48 Central Standard Time : Information : Added local RPC method "requestServiceChannel" -> Microsoft.VisualStudio.Utilities.ServiceBroker.GlobalBrokeredServiceContainer+View.RequestServiceChannelAsync(ServiceMoniker, ServiceActivationOptions, CancellationToken) (Microsoft.VisualStudio.Utilities.ServiceBroker.GlobalBrokeredServiceContainer+View)
10/10/2024 13:48:48 Central Standard Time : Information : Added local RPC method "cancelServiceRequest" -> Microsoft.VisualStudio.Utilities.ServiceBroker.GlobalBrokeredServiceContainer+View.CancelServiceRequestAsync(Guid) (Microsoft.VisualStudio.Utilities.ServiceBroker.GlobalBrokeredServiceContainer+View)
10/10/2024 13:48:48 Central Standard Time : Information : Added local RPC method "getPipe" -> Microsoft.VisualStudio.Utilities.ServiceBroker.GlobalBrokeredServiceContainer+View.GetPipeAsync(ServiceMoniker, ServiceActivationOptions, CancellationToken) (Microsoft.VisualStudio.Utilities.ServiceBroker.GlobalBrokeredServiceContainer+View)
10/10/2024 13:48:48 Central Standard Time : Information : Added local RPC method "getProxy" -> Microsoft.VisualStudio.Utilities.ServiceBroker.GlobalBrokeredServiceContainer+View.GetProxyAsync(ServiceRpcDescriptor, ServiceActivationOptions, CancellationToken) (Microsoft.VisualStudio.Utilities.ServiceBroker.GlobalBrokeredServiceContainer+View)
10/10/2024 13:48:48 Central Standard Time : Information : Added local RPC method "handshake" -> Microsoft.VisualStudio.Utilities.ServiceBroker.GlobalBrokeredServiceContainer+View.HandshakeAsync(ServiceBrokerClientMetadata, CancellationToken) (Microsoft.VisualStudio.Utilities.ServiceBroker.GlobalBrokeredServiceContainer+View)
10/10/2024 13:48:48 Central Standard Time : Information : Added local RPC method "requestServiceChannel" -> Microsoft.VisualStudio.Utilities.ServiceBroker.GlobalBrokeredServiceContainer+View.RequestServiceChannelAsync(ServiceMoniker, ServiceActivationOptions, CancellationToken) (Microsoft.VisualStudio.Utilities.ServiceBroker.GlobalBrokeredServiceContainer+View)
10/10/2024 13:48:48 Central Standard Time : Information : Added local RPC method "cancelServiceRequest" -> Microsoft.VisualStudio.Utilities.ServiceBroker.GlobalBrokeredServiceContainer+View.CancelServiceRequestAsync(Guid) (Microsoft.VisualStudio.Utilities.ServiceBroker.GlobalBrokeredServiceContainer+View)
10/10/2024 13:48:48 Central Standard Time: Information : 2 :Listening for events from Microsoft.VisualStudio.Utilities.ServiceBroker.GlobalBrokeredServiceContainer+View.AvailabilityChanged to raise notification.
10/10/2024 13:48:48 Central Standard Time: Information : 3 :Listening started.
10/10/2024 13:48:48 Central Standard Time: Information : 7 :{"id":2,"method":"handshake"}
10/10/2024 13:48:48 Central Standard Time: Information : 6 :Received request "2" for method "handshake".
10/10/2024 13:48:48 Central Standard Time: Information : 9 :Invoking Microsoft.VisualStudio.Utilities.ServiceBroker.GlobalBrokeredServiceContainer+View.HandshakeAsync(ServiceBrokerClientMetadata, CancellationToken)
10/10/2024 13:48:48 Central Standard Time : Start : handshake
10/10/2024 13:48:48 Central Standard Time : Stop : handshake
10/10/2024 13:48:48 Central Standard Time: Information : 8 :{"id":2}
10/10/2024 13:48:48 Central Standard Time: Information : 7 :{"id":3,"method":"requestServiceChannel"}
10/10/2024 13:48:48 Central Standard Time: Information : 6 :Received request "3" for method "requestServiceChannel".
10/10/2024 13:48:48 Central Standard Time: Information : 9 :Invoking Microsoft.VisualStudio.Utilities.ServiceBroker.GlobalBrokeredServiceContainer+View.RequestServiceChannelAsync(ServiceMoniker, ServiceActivationOptions, CancellationToken)
10/10/2024 13:48:48 Central Standard Time : Start : requestServiceChannel
10/10/2024 13:48:48 Central Standard Time : Stop : requestServiceChannel
10/10/2024 13:48:48 Central Standard Time: Information : 8 :{"id":3}
10/10/2024 13:48:48 Central Standard Time: Information : 7 :{"id":4,"method":"requestServiceChannel"}
10/10/2024 13:48:48 Central Standard Time: Information : 6 :Received request "4" for method "requestServiceChannel".
10/10/2024 13:48:48 Central Standard Time: Information : 9 :Invoking Microsoft.VisualStudio.Utilities.ServiceBroker.GlobalBrokeredServiceContainer+View.RequestServiceChannelAsync(ServiceMoniker, ServiceActivationOptions, CancellationToken)
10/10/2024 13:48:48 Central Standard Time : Start : requestServiceChannel
10/10/2024 13:48:48 Central Standard Time : Stop : requestServiceChannel
10/10/2024 13:48:48 Central Standard Time: Information : 8 :{"id":4}
10/10/2024 13:48:48 Central Standard Time: Information : 7 :{"id":5,"method":"requestServiceChannel"}
10/10/2024 13:48:48 Central Standard Time: Information : 6 :Received request "5" for method "requestServiceChannel".
10/10/2024 13:48:48 Central Standard Time: Information : 9 :Invoking Microsoft.VisualStudio.Utilities.ServiceBroker.GlobalBrokeredServiceContainer+View.RequestServiceChannelAsync(ServiceMoniker, ServiceActivationOptions, CancellationToken)
10/10/2024 13:48:48 Central Standard Time : Start : requestServiceChannel
10/10/2024 13:48:48 Central Standard Time : Stop : requestServiceChannel
10/10/2024 13:48:48 Central Standard Time: Information : 8 :{"id":5}
10/10/2024 13:48:48 Central Standard Time: Information : 7 :{"id":6,"method":"requestServiceChannel"}
10/10/2024 13:48:48 Central Standard Time: Information : 6 :Received request "6" for method "requestServiceChannel".
10/10/2024 13:48:48 Central Standard Time: Information : 9 :Invoking Microsoft.VisualStudio.Utilities.ServiceBroker.GlobalBrokeredServiceContainer+View.RequestServiceChannelAsync(ServiceMoniker, ServiceActivationOptions, CancellationToken)
10/10/2024 13:48:48 Central Standard Time : Start : requestServiceChannel
10/10/2024 13:48:48 Central Standard Time: Information : 7 :{"id":7,"method":"requestServiceChannel"}
10/10/2024 13:48:48 Central Standard Time: Information : 6 :Received request "7" for method "requestServiceChannel".
10/10/2024 13:48:48 Central Standard Time: Information : 9 :Invoking Microsoft.VisualStudio.Utilities.ServiceBroker.GlobalBrokeredServiceContainer+View.RequestServiceChannelAsync(ServiceMoniker, ServiceActivationOptions, CancellationToken)
10/10/2024 13:48:48 Central Standard Time : Start : requestServiceChannel
10/10/2024 13:48:48 Central Standard Time : Stop : requestServiceChannel
10/10/2024 13:48:48 Central Standard Time: Information : 8 :{"id":6}
10/10/2024 13:48:48 Central Standard Time : Stop : requestServiceChannel
10/10/2024 13:48:48 Central Standard Time: Information : 8 :{"id":7}
10/10/2024 13:48:49 Central Standard Time: Information : 7 :{"id":8,"method":"requestServiceChannel"}
10/10/2024 13:48:49 Central Standard Time: Information : 6 :Received request "8" for method "requestServiceChannel".
10/10/2024 13:48:49 Central Standard Time: Information : 9 :Invoking Microsoft.VisualStudio.Utilities.ServiceBroker.GlobalBrokeredServiceContainer+View.RequestServiceChannelAsync(ServiceMoniker, ServiceActivationOptions, CancellationToken)
10/10/2024 13:48:49 Central Standard Time : Transfer : Transfer, relatedActivityId=9dddaa61-bcb8-4b19-a631-006350c0982d
10/10/2024 13:48:49 Central Standard Time : Start : requestServiceChannel
10/10/2024 13:48:49 Central Standard Time : Stop : requestServiceChannel
10/10/2024 13:48:49 Central Standard Time : Transfer : Transfer, relatedActivityId=49040765-366a-4eeb-b866-eb685e70d613
10/10/2024 13:48:49 Central Standard Time: Information : 8 :{"id":8}
10/10/2024 13:48:50 Central Standard Time: Information : 7 :{"id":9,"method":"requestServiceChannel"}
10/10/2024 13:48:50 Central Standard Time: Information : 6 :Received request "9" for method "requestServiceChannel".
10/10/2024 13:48:50 Central Standard Time: Information : 9 :Invoking Microsoft.VisualStudio.Utilities.ServiceBroker.GlobalBrokeredServiceContainer+View.RequestServiceChannelAsync(ServiceMoniker, ServiceActivationOptions, CancellationToken)
10/10/2024 13:48:50 Central Standard Time : Start : requestServiceChannel
10/10/2024 13:48:50 Central Standard Time : Stop : requestServiceChannel
10/10/2024 13:48:50 Central Standard Time: Information : 8 :{"id":9}
10/10/2024 13:48:50 Central Standard Time: Information : 7 :{"id":10,"method":"requestServiceChannel"}
10/10/2024 13:48:50 Central Standard Time: Information : 6 :Received request "10" for method "requestServiceChannel".
10/10/2024 13:48:50 Central Standard Time: Information : 9 :Invoking Microsoft.VisualStudio.Utilities.ServiceBroker.GlobalBrokeredServiceContainer+View.RequestServiceChannelAsync(ServiceMoniker, ServiceActivationOptions, CancellationToken)
10/10/2024 13:48:50 Central Standard Time : Start : requestServiceChannel
10/10/2024 13:48:50 Central Standard Time: Information : 7 :{"id":11,"method":"requestServiceChannel"}
10/10/2024 13:48:50 Central Standard Time: Information : 6 :Received request "11" for method "requestServiceChannel".
10/10/2024 13:48:50 Central Standard Time: Information : 9 :Invoking Microsoft.VisualStudio.Utilities.ServiceBroker.GlobalBrokeredServiceContainer+View.RequestServiceChannelAsync(ServiceMoniker, ServiceActivationOptions, CancellationToken)
10/10/2024 13:48:50 Central Standard Time : Start : requestServiceChannel
10/10/2024 13:48:50 Central Standard Time : Stop : requestServiceChannel
10/10/2024 13:48:50 Central Standard Time: Information : 8 :{"id":11}
10/10/2024 13:48:50 Central Standard Time : Stop : requestServiceChannel
10/10/2024 13:48:50 Central Standard Time: Information : 8 :{"id":10}
10/10/2024 13:48:51 Central Standard Time: Information : 7 :{"id":12,"method":"requestServiceChannel"}
10/10/2024 13:48:51 Central Standard Time: Information : 6 :Received request "12" for method "requestServiceChannel".
10/10/2024 13:48:51 Central Standard Time: Information : 9 :Invoking Microsoft.VisualStudio.Utilities.ServiceBroker.GlobalBrokeredServiceContainer+View.RequestServiceChannelAsync(ServiceMoniker, ServiceActivationOptions, CancellationToken)
10/10/2024 13:48:51 Central Standard Time : Start : requestServiceChannel
10/10/2024 13:48:51 Central Standard Time : Stop : requestServiceChannel
10/10/2024 13:48:51 Central Standard Time: Information : 8 :{"id":12}
10/10/2024 13:48:52 Central Standard Time: Information : 7 :{"id":13,"method":"requestServiceChannel"}
10/10/2024 13:48:52 Central Standard Time: Information : 6 :Received request "13" for method "requestServiceChannel".
10/10/2024 13:48:52 Central Standard Time: Information : 9 :Invoking Microsoft.VisualStudio.Utilities.ServiceBroker.GlobalBrokeredServiceContainer+View.RequestServiceChannelAsync(ServiceMoniker, ServiceActivationOptions, CancellationToken)
10/10/2024 13:48:52 Central Standard Time : Start : requestServiceChannel
10/10/2024 13:48:52 Central Standard Time : Stop : requestServiceChannel
10/10/2024 13:48:52 Central Standard Time: Information : 8 :{"id":13}
