10/28/2024 19:48:37 Central Standard Time : Information : Local timezone is (UTC-06:00) Central Time (Chicago)
10/28/2024 19:48:38 Central Standard Time : Information : VsHubClient-hubController write: Content-Length: 108

{"jsonrpc":"2.0","id":2,"method":"UpdateClientInfoAsync","params":[{"clientName":"VsHubClient","pid":5093}]}
10/28/2024 19:48:38 Central Standard Time : Information : VsHubClient-hubController read: Content-Length: 441

{"jsonrpc":"2.0","id":2,"result":{"ClientWatchServerName":"net.pipe://5106FAFD75","ControllerConfig":{"Executable":"/Users/coycrowder/.vscode/extensions/ms-dotnettools.csdevkit-1.11.14-darwin-x64/components/vs-green-server/platforms/darwin-x64/node_modules/@microsoft/servicehub-controller-net60.darwin-x64/Microsoft.ServiceHub.Controller","Args":["f7eaf2bcc3"],"PipeName":"f7eaf2bcc3"},"HostsConfig":{"RootDir":".","AppConfigFallback":""}}}
10/28/2024 19:48:38 Central Standard Time : Information : Connected to Hub Controller's client watch 'net.pipe://5106FAFD75
10/28/2024 19:48:39 Central Standard Time : Information : VsHubClient-hubController write: Content-Length: 108

{"jsonrpc":"2.0","id":2,"method":"UpdateClientInfoAsync","params":[{"clientName":"VsHubClient","pid":5093}]}
10/28/2024 19:48:39 Central Standard Time : Information : VsHubClient-hubController read: Content-Length: 441

{"jsonrpc":"2.0","id":2,"result":{"ClientWatchServerName":"net.pipe://5106FAFD75","ControllerConfig":{"Executable":"/Users/coycrowder/.vscode/extensions/ms-dotnettools.csdevkit-1.11.14-darwin-x64/components/vs-green-server/platforms/darwin-x64/node_modules/@microsoft/servicehub-controller-net60.darwin-x64/Microsoft.ServiceHub.Controller","Args":["f7eaf2bcc3"],"PipeName":"f7eaf2bcc3"},"HostsConfig":{"RootDir":".","AppConfigFallback":""}}}
10/28/2024 19:48:39 Central Standard Time : Information : VsHubClient-hubController write: Content-Length: 793

{"jsonrpc":"2.0","id":3,"method":"RegisterServiceAsync","params":[{"Name":"Microsoft.VisualStudio.CpsProjectIconSourceService"},{"host":"dotnet.projectSystem","hostId":"C94B8CFE-E3FD-4BAF-A941-2866DBB566FE","serviceBaseDirectory":"/Users/coycrowder/.vscode/extensions/ms-dotnettools.csdevkit-1.11.14-darwin-x64/components/CPS/platforms/darwin-x64/node_modules/@microsoft/visualstudio-projectsystem-server.darwin-x64","entryPoint":{"assemblyPath":"/Users/coycrowder/.vscode/extensions/ms-dotnettools.csdevkit-1.11.14-darwin-x64/components/CPS/platforms/darwin-x64/node_modules/@microsoft/visualstudio-projectsystem-server.darwin-x64/Microsoft.VisualStudio.ProjectSystem.Server.Implementation.dll","fullClassName":"Microsoft.VisualStudio.ProjectSystem.Server.ProjectIconSourceServiceFactory"}}]}
10/28/2024 19:48:39 Central Standard Time : Information : VsHubClient-hubController read: Content-Length: 38

{"jsonrpc":"2.0","id":3,"result":null}
10/28/2024 19:48:39 Central Standard Time : Information : VsHubClient-hubController write: Content-Length: 108

{"jsonrpc":"2.0","id":2,"method":"UpdateClientInfoAsync","params":[{"clientName":"VsHubClient","pid":5093}]}
10/28/2024 19:48:39 Central Standard Time : Information : VsHubClient-hubController read: Content-Length: 441

{"jsonrpc":"2.0","id":2,"result":{"ClientWatchServerName":"net.pipe://5106FAFD75","ControllerConfig":{"Executable":"/Users/coycrowder/.vscode/extensions/ms-dotnettools.csdevkit-1.11.14-darwin-x64/components/vs-green-server/platforms/darwin-x64/node_modules/@microsoft/servicehub-controller-net60.darwin-x64/Microsoft.ServiceHub.Controller","Args":["f7eaf2bcc3"],"PipeName":"f7eaf2bcc3"},"HostsConfig":{"RootDir":".","AppConfigFallback":""}}}
10/28/2024 19:48:39 Central Standard Time : Information : VsHubClient-hubController write: Content-Length: 794

{"jsonrpc":"2.0","id":3,"method":"RegisterServiceAsync","params":[{"Name":"Microsoft.VisualStudio.LaunchConfigurationService"},{"host":"dotnet.projectSystem","hostId":"C94B8CFE-E3FD-4BAF-A941-2866DBB566FE","serviceBaseDirectory":"/Users/coycrowder/.vscode/extensions/ms-dotnettools.csdevkit-1.11.14-darwin-x64/components/CPS/platforms/darwin-x64/node_modules/@microsoft/visualstudio-projectsystem-server.darwin-x64","entryPoint":{"assemblyPath":"/Users/coycrowder/.vscode/extensions/ms-dotnettools.csdevkit-1.11.14-darwin-x64/components/CPS/platforms/darwin-x64/node_modules/@microsoft/visualstudio-projectsystem-server.darwin-x64/Microsoft.VisualStudio.ProjectSystem.Server.Implementation.dll","fullClassName":"Microsoft.VisualStudio.ProjectSystem.Server.LaunchConfigurationServiceFactory"}}]}
10/28/2024 19:48:39 Central Standard Time : Information : VsHubClient-hubController read: Content-Length: 38

{"jsonrpc":"2.0","id":3,"result":null}
10/28/2024 19:48:39 Central Standard Time : Information : VsHubClient-hubController write: Content-Length: 108

{"jsonrpc":"2.0","id":2,"method":"UpdateClientInfoAsync","params":[{"clientName":"VsHubClient","pid":5093}]}
10/28/2024 19:48:39 Central Standard Time : Information : VsHubClient-hubController read: Content-Length: 441

{"jsonrpc":"2.0","id":2,"result":{"ClientWatchServerName":"net.pipe://5106FAFD75","ControllerConfig":{"Executable":"/Users/coycrowder/.vscode/extensions/ms-dotnettools.csdevkit-1.11.14-darwin-x64/components/vs-green-server/platforms/darwin-x64/node_modules/@microsoft/servicehub-controller-net60.darwin-x64/Microsoft.ServiceHub.Controller","Args":["f7eaf2bcc3"],"PipeName":"f7eaf2bcc3"},"HostsConfig":{"RootDir":".","AppConfigFallback":""}}}
10/28/2024 19:48:39 Central Standard Time : Information : VsHubClient-hubController write: Content-Length: 792

{"jsonrpc":"2.0","id":3,"method":"RegisterServiceAsync","params":[{"Name":"Microsoft.VisualStudio.ProjectSystem.CompositionService"},{"host":"dotnet.projectSystem","hostId":"C94B8CFE-E3FD-4BAF-A941-2866DBB566FE","serviceBaseDirectory":"/Users/coycrowder/.vscode/extensions/ms-dotnettools.csdevkit-1.11.14-darwin-x64/components/CPS/platforms/darwin-x64/node_modules/@microsoft/visualstudio-projectsystem-server.darwin-x64","entryPoint":{"assemblyPath":"/Users/coycrowder/.vscode/extensions/ms-dotnettools.csdevkit-1.11.14-darwin-x64/components/CPS/platforms/darwin-x64/node_modules/@microsoft/visualstudio-projectsystem-server.darwin-x64/Microsoft.VisualStudio.ProjectSystem.Server.Implementation.dll","fullClassName":"Microsoft.VisualStudio.ProjectSystem.Server.CompositionServiceFactory"}}]}
10/28/2024 19:48:39 Central Standard Time : Information : VsHubClient-hubController read: Content-Length: 38

{"jsonrpc":"2.0","id":3,"result":null}
10/28/2024 19:48:39 Central Standard Time : Information : VsHubClient-hubController write: Content-Length: 108

{"jsonrpc":"2.0","id":2,"method":"UpdateClientInfoAsync","params":[{"clientName":"VsHubClient","pid":5093}]}
10/28/2024 19:48:39 Central Standard Time : Information : VsHubClient-hubController read: Content-Length: 441

{"jsonrpc":"2.0","id":2,"result":{"ClientWatchServerName":"net.pipe://5106FAFD75","ControllerConfig":{"Executable":"/Users/coycrowder/.vscode/extensions/ms-dotnettools.csdevkit-1.11.14-darwin-x64/components/vs-green-server/platforms/darwin-x64/node_modules/@microsoft/servicehub-controller-net60.darwin-x64/Microsoft.ServiceHub.Controller","Args":["f7eaf2bcc3"],"PipeName":"f7eaf2bcc3"},"HostsConfig":{"RootDir":".","AppConfigFallback":""}}}
10/28/2024 19:48:39 Central Standard Time : Information : VsHubClient-hubController write: Content-Length: 824

{"jsonrpc":"2.0","id":3,"method":"RegisterServiceAsync","params":[{"Name":"Microsoft.VisualStudio.ProjectSystem.ProjectInitializationStatusService"},{"host":"dotnet.projectSystem","hostId":"C94B8CFE-E3FD-4BAF-A941-2866DBB566FE","serviceBaseDirectory":"/Users/coycrowder/.vscode/extensions/ms-dotnettools.csdevkit-1.11.14-darwin-x64/components/CPS/platforms/darwin-x64/node_modules/@microsoft/visualstudio-projectsystem-server.darwin-x64","entryPoint":{"assemblyPath":"/Users/coycrowder/.vscode/extensions/ms-dotnettools.csdevkit-1.11.14-darwin-x64/components/CPS/platforms/darwin-x64/node_modules/@microsoft/visualstudio-projectsystem-server.darwin-x64/Microsoft.VisualStudio.ProjectSystem.Server.Implementation.dll","fullClassName":"Microsoft.VisualStudio.ProjectSystem.Server.ProjectInitializationStatusServiceFactory"}}]}
10/28/2024 19:48:39 Central Standard Time : Information : VsHubClient-hubController read: Content-Length: 38

{"jsonrpc":"2.0","id":3,"result":null}
10/28/2024 19:48:39 Central Standard Time : Information : VsHubClient-hubController write: Content-Length: 108

{"jsonrpc":"2.0","id":2,"method":"UpdateClientInfoAsync","params":[{"clientName":"VsHubClient","pid":5093}]}
10/28/2024 19:48:39 Central Standard Time : Information : VsHubClient-hubController read: Content-Length: 441

{"jsonrpc":"2.0","id":2,"result":{"ClientWatchServerName":"net.pipe://5106FAFD75","ControllerConfig":{"Executable":"/Users/coycrowder/.vscode/extensions/ms-dotnettools.csdevkit-1.11.14-darwin-x64/components/vs-green-server/platforms/darwin-x64/node_modules/@microsoft/servicehub-controller-net60.darwin-x64/Microsoft.ServiceHub.Controller","Args":["f7eaf2bcc3"],"PipeName":"f7eaf2bcc3"},"HostsConfig":{"RootDir":".","AppConfigFallback":""}}}
10/28/2024 19:48:39 Central Standard Time : Information : VsHubClient-hubController write: Content-Length: 794

{"jsonrpc":"2.0","id":3,"method":"RegisterServiceAsync","params":[{"Name":"Microsoft.VisualStudio.ProjectSystem.ProjectTreeProvider"},{"host":"dotnet.projectSystem","hostId":"C94B8CFE-E3FD-4BAF-A941-2866DBB566FE","serviceBaseDirectory":"/Users/coycrowder/.vscode/extensions/ms-dotnettools.csdevkit-1.11.14-darwin-x64/components/CPS/platforms/darwin-x64/node_modules/@microsoft/visualstudio-projectsystem-server.darwin-x64","entryPoint":{"assemblyPath":"/Users/coycrowder/.vscode/extensions/ms-dotnettools.csdevkit-1.11.14-darwin-x64/components/CPS/platforms/darwin-x64/node_modules/@microsoft/visualstudio-projectsystem-server.darwin-x64/Microsoft.VisualStudio.ProjectSystem.Server.Implementation.dll","fullClassName":"Microsoft.VisualStudio.ProjectSystem.Server.ProjectTreeProviderFactory"}}]}
10/28/2024 19:48:39 Central Standard Time : Information : VsHubClient-hubController read: Content-Length: 38

{"jsonrpc":"2.0","id":3,"result":null}
10/28/2024 19:48:39 Central Standard Time : Information : VsHubClient-hubController write: Content-Length: 108

{"jsonrpc":"2.0","id":2,"method":"UpdateClientInfoAsync","params":[{"clientName":"VsHubClient","pid":5093}]}
10/28/2024 19:48:39 Central Standard Time : Information : VsHubClient-hubController read: Content-Length: 441

{"jsonrpc":"2.0","id":2,"result":{"ClientWatchServerName":"net.pipe://5106FAFD75","ControllerConfig":{"Executable":"/Users/coycrowder/.vscode/extensions/ms-dotnettools.csdevkit-1.11.14-darwin-x64/components/vs-green-server/platforms/darwin-x64/node_modules/@microsoft/servicehub-controller-net60.darwin-x64/Microsoft.ServiceHub.Controller","Args":["f7eaf2bcc3"],"PipeName":"f7eaf2bcc3"},"HostsConfig":{"RootDir":".","AppConfigFallback":""}}}
10/28/2024 19:48:39 Central Standard Time : Information : VsHubClient-hubController write: Content-Length: 813

{"jsonrpc":"2.0","id":3,"method":"RegisterServiceAsync","params":[{"Name":"Microsoft.VisualStudio.ProjectSystem.Query.Remoting.QueryExecutionService"},{"host":"dotnet.projectSystem","hostId":"C94B8CFE-E3FD-4BAF-A941-2866DBB566FE","serviceBaseDirectory":"/Users/coycrowder/.vscode/extensions/ms-dotnettools.csdevkit-1.11.14-darwin-x64/components/CPS/platforms/darwin-x64/node_modules/@microsoft/visualstudio-projectsystem-server.darwin-x64","entryPoint":{"assemblyPath":"/Users/coycrowder/.vscode/extensions/ms-dotnettools.csdevkit-1.11.14-darwin-x64/components/CPS/platforms/darwin-x64/node_modules/@microsoft/visualstudio-projectsystem-server.darwin-x64/Microsoft.VisualStudio.ProjectSystem.Server.Implementation.dll","fullClassName":"Microsoft.VisualStudio.ProjectSystem.Server.QueryExecutionServiceFactory"}}]}
10/28/2024 19:48:39 Central Standard Time : Information : VsHubClient-hubController read: Content-Length: 38

{"jsonrpc":"2.0","id":3,"result":null}
10/28/2024 19:48:39 Central Standard Time : Information : VsHubClient-hubController write: Content-Length: 108

{"jsonrpc":"2.0","id":2,"method":"UpdateClientInfoAsync","params":[{"clientName":"VsHubClient","pid":5093}]}
10/28/2024 19:48:39 Central Standard Time : Information : VsHubClient-hubController read: Content-Length: 441

{"jsonrpc":"2.0","id":2,"result":{"ClientWatchServerName":"net.pipe://5106FAFD75","ControllerConfig":{"Executable":"/Users/coycrowder/.vscode/extensions/ms-dotnettools.csdevkit-1.11.14-darwin-x64/components/vs-green-server/platforms/darwin-x64/node_modules/@microsoft/servicehub-controller-net60.darwin-x64/Microsoft.ServiceHub.Controller","Args":["f7eaf2bcc3"],"PipeName":"f7eaf2bcc3"},"HostsConfig":{"RootDir":".","AppConfigFallback":""}}}
10/28/2024 19:48:39 Central Standard Time : Information : VsHubClient-hubController write: Content-Length: 774

{"jsonrpc":"2.0","id":3,"method":"RegisterServiceAsync","params":[{"Name":"Microsoft.VisualStudio.Debugger.AspireSessionSynchronizeService"},{"host":"dotnet","hostId":"C94B8CFE-E3FD-4BAF-A941-2866DBB566FE","serviceBaseDirectory":"/Users/coycrowder/.vscode/extensions/ms-dotnettools.csdevkit-1.11.14-darwin-x64/components/VSDebugCore/platforms/darwin-x64/node_modules/@microsoft/visualstudio-debugger-devkit.darwin-x64","entryPoint":{"assemblyPath":"/Users/coycrowder/.vscode/extensions/ms-dotnettools.csdevkit-1.11.14-darwin-x64/components/VSDebugCore/platforms/darwin-x64/node_modules/@microsoft/visualstudio-debugger-devkit.darwin-x64/Microsoft.VisualStudio.Debugger.DevKit.dll","fullClassName":"Microsoft.VisualStudio.Debugger.AspireSessionSynchronizeService+Factory"}}]}
10/28/2024 19:48:39 Central Standard Time : Information : VsHubClient-hubController read: Content-Length: 38

{"jsonrpc":"2.0","id":3,"result":null}
10/28/2024 19:48:39 Central Standard Time : Information : VsHubClient-hubController write: Content-Length: 108

{"jsonrpc":"2.0","id":2,"method":"UpdateClientInfoAsync","params":[{"clientName":"VsHubClient","pid":5093}]}
10/28/2024 19:48:39 Central Standard Time : Information : VsHubClient-hubController read: Content-Length: 441

{"jsonrpc":"2.0","id":2,"result":{"ClientWatchServerName":"net.pipe://5106FAFD75","ControllerConfig":{"Executable":"/Users/coycrowder/.vscode/extensions/ms-dotnettools.csdevkit-1.11.14-darwin-x64/components/vs-green-server/platforms/darwin-x64/node_modules/@microsoft/servicehub-controller-net60.darwin-x64/Microsoft.ServiceHub.Controller","Args":["f7eaf2bcc3"],"PipeName":"f7eaf2bcc3"},"HostsConfig":{"RootDir":".","AppConfigFallback":""}}}
10/28/2024 19:48:39 Central Standard Time : Information : VsHubClient-hubController write: Content-Length: 782

{"jsonrpc":"2.0","id":3,"method":"RegisterServiceAsync","params":[{"Name":"Microsoft.VisualStudio.Debugger.GenericHotReloadAgentManagerService"},{"host":"dotnet","hostId":"C94B8CFE-E3FD-4BAF-A941-2866DBB566FE","serviceBaseDirectory":"/Users/coycrowder/.vscode/extensions/ms-dotnettools.csdevkit-1.11.14-darwin-x64/components/VSDebugCore/platforms/darwin-x64/node_modules/@microsoft/visualstudio-debugger-devkit.darwin-x64","entryPoint":{"assemblyPath":"/Users/coycrowder/.vscode/extensions/ms-dotnettools.csdevkit-1.11.14-darwin-x64/components/VSDebugCore/platforms/darwin-x64/node_modules/@microsoft/visualstudio-debugger-devkit.darwin-x64/Microsoft.VisualStudio.Debugger.DevKit.dll","fullClassName":"Microsoft.VisualStudio.Debugger.GenericHotReloadAgentManagerService+Factory"}}]}
10/28/2024 19:48:39 Central Standard Time : Information : VsHubClient-hubController read: Content-Length: 38

{"jsonrpc":"2.0","id":3,"result":null}
10/28/2024 19:48:39 Central Standard Time : Information : VsHubClient-hubController write: Content-Length: 108

{"jsonrpc":"2.0","id":2,"method":"UpdateClientInfoAsync","params":[{"clientName":"VsHubClient","pid":5093}]}
10/28/2024 19:48:39 Central Standard Time : Information : VsHubClient-hubController read: Content-Length: 441

{"jsonrpc":"2.0","id":2,"result":{"ClientWatchServerName":"net.pipe://5106FAFD75","ControllerConfig":{"Executable":"/Users/coycrowder/.vscode/extensions/ms-dotnettools.csdevkit-1.11.14-darwin-x64/components/vs-green-server/platforms/darwin-x64/node_modules/@microsoft/servicehub-controller-net60.darwin-x64/Microsoft.ServiceHub.Controller","Args":["f7eaf2bcc3"],"PipeName":"f7eaf2bcc3"},"HostsConfig":{"RootDir":".","AppConfigFallback":""}}}
10/28/2024 19:48:39 Central Standard Time : Information : VsHubClient-hubController write: Content-Length: 756

{"jsonrpc":"2.0","id":3,"method":"RegisterServiceAsync","params":[{"Name":"Microsoft.VisualStudio.Debugger.HotReloadClientService"},{"host":"dotnet","hostId":"C94B8CFE-E3FD-4BAF-A941-2866DBB566FE","serviceBaseDirectory":"/Users/coycrowder/.vscode/extensions/ms-dotnettools.csdevkit-1.11.14-darwin-x64/components/VSDebugCore/platforms/darwin-x64/node_modules/@microsoft/visualstudio-debugger-devkit.darwin-x64","entryPoint":{"assemblyPath":"/Users/coycrowder/.vscode/extensions/ms-dotnettools.csdevkit-1.11.14-darwin-x64/components/VSDebugCore/platforms/darwin-x64/node_modules/@microsoft/visualstudio-debugger-devkit.darwin-x64/Microsoft.VisualStudio.Debugger.DevKit.dll","fullClassName":"Microsoft.VisualStudio.Debugger.HotReloadClientService+Factory"}}]}
10/28/2024 19:48:39 Central Standard Time : Information : VsHubClient-hubController read: Content-Length: 38

{"jsonrpc":"2.0","id":3,"result":null}
10/28/2024 19:48:39 Central Standard Time : Information : VsHubClient-hubController write: Content-Length: 108

{"jsonrpc":"2.0","id":2,"method":"UpdateClientInfoAsync","params":[{"clientName":"VsHubClient","pid":5093}]}
10/28/2024 19:48:39 Central Standard Time : Information : VsHubClient-hubController read: Content-Length: 441

{"jsonrpc":"2.0","id":2,"result":{"ClientWatchServerName":"net.pipe://5106FAFD75","ControllerConfig":{"Executable":"/Users/coycrowder/.vscode/extensions/ms-dotnettools.csdevkit-1.11.14-darwin-x64/components/vs-green-server/platforms/darwin-x64/node_modules/@microsoft/servicehub-controller-net60.darwin-x64/Microsoft.ServiceHub.Controller","Args":["f7eaf2bcc3"],"PipeName":"f7eaf2bcc3"},"HostsConfig":{"RootDir":".","AppConfigFallback":""}}}
10/28/2024 19:48:39 Central Standard Time : Information : VsHubClient-hubController write: Content-Length: 782

{"jsonrpc":"2.0","id":3,"method":"RegisterServiceAsync","params":[{"Name":"Microsoft.VisualStudio.Debugger.HotReloadSessionNotificationService"},{"host":"dotnet","hostId":"C94B8CFE-E3FD-4BAF-A941-2866DBB566FE","serviceBaseDirectory":"/Users/coycrowder/.vscode/extensions/ms-dotnettools.csdevkit-1.11.14-darwin-x64/components/VSDebugCore/platforms/darwin-x64/node_modules/@microsoft/visualstudio-debugger-devkit.darwin-x64","entryPoint":{"assemblyPath":"/Users/coycrowder/.vscode/extensions/ms-dotnettools.csdevkit-1.11.14-darwin-x64/components/VSDebugCore/platforms/darwin-x64/node_modules/@microsoft/visualstudio-debugger-devkit.darwin-x64/Microsoft.VisualStudio.Debugger.DevKit.dll","fullClassName":"Microsoft.VisualStudio.Debugger.HotReloadSessionNotificationService+Factory"}}]}
10/28/2024 19:48:39 Central Standard Time : Information : VsHubClient-hubController read: Content-Length: 38

{"jsonrpc":"2.0","id":3,"result":null}
10/28/2024 19:48:39 Central Standard Time : Information : VsHubClient-hubController write: Content-Length: 108

{"jsonrpc":"2.0","id":2,"method":"UpdateClientInfoAsync","params":[{"clientName":"VsHubClient","pid":5093}]}
10/28/2024 19:48:39 Central Standard Time : Information : VsHubClient-hubController read: Content-Length: 441

{"jsonrpc":"2.0","id":2,"result":{"ClientWatchServerName":"net.pipe://5106FAFD75","ControllerConfig":{"Executable":"/Users/coycrowder/.vscode/extensions/ms-dotnettools.csdevkit-1.11.14-darwin-x64/components/vs-green-server/platforms/darwin-x64/node_modules/@microsoft/servicehub-controller-net60.darwin-x64/Microsoft.ServiceHub.Controller","Args":["f7eaf2bcc3"],"PipeName":"f7eaf2bcc3"},"HostsConfig":{"RootDir":".","AppConfigFallback":""}}}
10/28/2024 19:48:39 Central Standard Time : Information : VsHubClient-hubController write: Content-Length: 799

{"jsonrpc":"2.0","id":3,"method":"RegisterServiceAsync","params":[{"Name":"Microsoft.VisualStudio.Debugger.ManagedEditAndContinueCsDevKitEngineService2"},{"host":"dotnet","hostId":"C94B8CFE-E3FD-4BAF-A941-2866DBB566FE","serviceBaseDirectory":"/Users/coycrowder/.vscode/extensions/ms-dotnettools.csdevkit-1.11.14-darwin-x64/components/VSDebugCore/platforms/darwin-x64/node_modules/@microsoft/visualstudio-debugger-devkit.darwin-x64","entryPoint":{"assemblyPath":"/Users/coycrowder/.vscode/extensions/ms-dotnettools.csdevkit-1.11.14-darwin-x64/components/VSDebugCore/platforms/darwin-x64/node_modules/@microsoft/visualstudio-debugger-devkit.darwin-x64/Microsoft.VisualStudio.Debugger.DevKit.dll","fullClassName":"Microsoft.VisualStudio.Debugger.ManagedEditAndContinueCsDevKitEngineService+Factory"}}]}
10/28/2024 19:48:39 Central Standard Time : Information : VsHubClient-hubController read: Content-Length: 38

{"jsonrpc":"2.0","id":3,"result":null}
10/28/2024 19:48:39 Central Standard Time : Information : VsHubClient-hubController write: Content-Length: 108

{"jsonrpc":"2.0","id":2,"method":"UpdateClientInfoAsync","params":[{"clientName":"VsHubClient","pid":5093}]}
10/28/2024 19:48:39 Central Standard Time : Information : VsHubClient-hubController read: Content-Length: 441

{"jsonrpc":"2.0","id":2,"result":{"ClientWatchServerName":"net.pipe://5106FAFD75","ControllerConfig":{"Executable":"/Users/coycrowder/.vscode/extensions/ms-dotnettools.csdevkit-1.11.14-darwin-x64/components/vs-green-server/platforms/darwin-x64/node_modules/@microsoft/servicehub-controller-net60.darwin-x64/Microsoft.ServiceHub.Controller","Args":["f7eaf2bcc3"],"PipeName":"f7eaf2bcc3"},"HostsConfig":{"RootDir":".","AppConfigFallback":""}}}
10/28/2024 19:48:39 Central Standard Time : Information : VsHubClient-hubController write: Content-Length: 799

{"jsonrpc":"2.0","id":3,"method":"RegisterServiceAsync","params":[{"Name":"Microsoft.VisualStudio.Debugger.ManagedEditAndContinueRemoteDebuggerService2"},{"host":"dotnet","hostId":"C94B8CFE-E3FD-4BAF-A941-2866DBB566FE","serviceBaseDirectory":"/Users/coycrowder/.vscode/extensions/ms-dotnettools.csdevkit-1.11.14-darwin-x64/components/VSDebugCore/platforms/darwin-x64/node_modules/@microsoft/visualstudio-debugger-devkit.darwin-x64","entryPoint":{"assemblyPath":"/Users/coycrowder/.vscode/extensions/ms-dotnettools.csdevkit-1.11.14-darwin-x64/components/VSDebugCore/platforms/darwin-x64/node_modules/@microsoft/visualstudio-debugger-devkit.darwin-x64/Microsoft.VisualStudio.Debugger.DevKit.dll","fullClassName":"Microsoft.VisualStudio.Debugger.ManagedEditAndContinueRemoteDebuggerService+Factory"}}]}
10/28/2024 19:48:39 Central Standard Time : Information : VsHubClient-hubController read: Content-Length: 38

{"jsonrpc":"2.0","id":3,"result":null}
10/28/2024 19:48:39 Central Standard Time : Information : VsHubClient-hubController write: Content-Length: 108

{"jsonrpc":"2.0","id":2,"method":"UpdateClientInfoAsync","params":[{"clientName":"VsHubClient","pid":5093}]}
10/28/2024 19:48:39 Central Standard Time : Information : VsHubClient-hubController read: Content-Length: 441

{"jsonrpc":"2.0","id":2,"result":{"ClientWatchServerName":"net.pipe://5106FAFD75","ControllerConfig":{"Executable":"/Users/coycrowder/.vscode/extensions/ms-dotnettools.csdevkit-1.11.14-darwin-x64/components/vs-green-server/platforms/darwin-x64/node_modules/@microsoft/servicehub-controller-net60.darwin-x64/Microsoft.ServiceHub.Controller","Args":["f7eaf2bcc3"],"PipeName":"f7eaf2bcc3"},"HostsConfig":{"RootDir":".","AppConfigFallback":""}}}
10/28/2024 19:48:39 Central Standard Time : Information : VsHubClient-hubController write: Content-Length: 782

{"jsonrpc":"2.0","id":3,"method":"RegisterServiceAsync","params":[{"Name":"Microsoft.VisualStudio.Debugger.ManagedHotReloadAgentManagerService"},{"host":"dotnet","hostId":"C94B8CFE-E3FD-4BAF-A941-2866DBB566FE","serviceBaseDirectory":"/Users/coycrowder/.vscode/extensions/ms-dotnettools.csdevkit-1.11.14-darwin-x64/components/VSDebugCore/platforms/darwin-x64/node_modules/@microsoft/visualstudio-debugger-devkit.darwin-x64","entryPoint":{"assemblyPath":"/Users/coycrowder/.vscode/extensions/ms-dotnettools.csdevkit-1.11.14-darwin-x64/components/VSDebugCore/platforms/darwin-x64/node_modules/@microsoft/visualstudio-debugger-devkit.darwin-x64/Microsoft.VisualStudio.Debugger.DevKit.dll","fullClassName":"Microsoft.VisualStudio.Debugger.ManagedHotReloadAgentManagerService+Factory"}}]}
10/28/2024 19:48:39 Central Standard Time : Information : VsHubClient-hubController read: Content-Length: 38

{"jsonrpc":"2.0","id":3,"result":null}
10/28/2024 19:48:39 Central Standard Time : Information : VsHubClient-hubController write: Content-Length: 108

{"jsonrpc":"2.0","id":2,"method":"UpdateClientInfoAsync","params":[{"clientName":"VsHubClient","pid":5093}]}
10/28/2024 19:48:39 Central Standard Time : Information : VsHubClient-hubController read: Content-Length: 441

{"jsonrpc":"2.0","id":2,"result":{"ClientWatchServerName":"net.pipe://5106FAFD75","ControllerConfig":{"Executable":"/Users/coycrowder/.vscode/extensions/ms-dotnettools.csdevkit-1.11.14-darwin-x64/components/vs-green-server/platforms/darwin-x64/node_modules/@microsoft/servicehub-controller-net60.darwin-x64/Microsoft.ServiceHub.Controller","Args":["f7eaf2bcc3"],"PipeName":"f7eaf2bcc3"},"HostsConfig":{"RootDir":".","AppConfigFallback":""}}}
10/28/2024 19:48:39 Central Standard Time : Information : VsHubClient-hubController write: Content-Length: 758

{"jsonrpc":"2.0","id":3,"method":"RegisterServiceAsync","params":[{"Name":"Microsoft.VisualStudio.Debugger.ManagedHotReloadService"},{"host":"dotnet","hostId":"C94B8CFE-E3FD-4BAF-A941-2866DBB566FE","serviceBaseDirectory":"/Users/coycrowder/.vscode/extensions/ms-dotnettools.csdevkit-1.11.14-darwin-x64/components/VSDebugCore/platforms/darwin-x64/node_modules/@microsoft/visualstudio-debugger-devkit.darwin-x64","entryPoint":{"assemblyPath":"/Users/coycrowder/.vscode/extensions/ms-dotnettools.csdevkit-1.11.14-darwin-x64/components/VSDebugCore/platforms/darwin-x64/node_modules/@microsoft/visualstudio-debugger-devkit.darwin-x64/Microsoft.VisualStudio.Debugger.DevKit.dll","fullClassName":"Microsoft.VisualStudio.Debugger.ManagedHotReloadService+Factory"}}]}
10/28/2024 19:48:39 Central Standard Time : Information : VsHubClient-hubController read: Content-Length: 38

{"jsonrpc":"2.0","id":3,"result":null}
10/28/2024 19:48:39 Central Standard Time : Information : VsHubClient-hubController write: Content-Length: 108

{"jsonrpc":"2.0","id":2,"method":"UpdateClientInfoAsync","params":[{"clientName":"VsHubClient","pid":5093}]}
10/28/2024 19:48:39 Central Standard Time : Information : VsHubClient-hubController read: Content-Length: 441

{"jsonrpc":"2.0","id":2,"result":{"ClientWatchServerName":"net.pipe://5106FAFD75","ControllerConfig":{"Executable":"/Users/coycrowder/.vscode/extensions/ms-dotnettools.csdevkit-1.11.14-darwin-x64/components/vs-green-server/platforms/darwin-x64/node_modules/@microsoft/servicehub-controller-net60.darwin-x64/Microsoft.ServiceHub.Controller","Args":["f7eaf2bcc3"],"PipeName":"f7eaf2bcc3"},"HostsConfig":{"RootDir":".","AppConfigFallback":""}}}
10/28/2024 19:48:39 Central Standard Time : Information : VsHubClient-hubController write: Content-Length: 746

{"jsonrpc":"2.0","id":3,"method":"RegisterServiceAsync","params":[{"Name":"Microsoft.VisualStudio.Debugger.SourceLinkService"},{"host":"dotnet","hostId":"C94B8CFE-E3FD-4BAF-A941-2866DBB566FE","serviceBaseDirectory":"/Users/coycrowder/.vscode/extensions/ms-dotnettools.csdevkit-1.11.14-darwin-x64/components/VSDebugCore/platforms/darwin-x64/node_modules/@microsoft/visualstudio-debugger-devkit.darwin-x64","entryPoint":{"assemblyPath":"/Users/coycrowder/.vscode/extensions/ms-dotnettools.csdevkit-1.11.14-darwin-x64/components/VSDebugCore/platforms/darwin-x64/node_modules/@microsoft/visualstudio-debugger-devkit.darwin-x64/Microsoft.VisualStudio.Debugger.DevKit.dll","fullClassName":"Microsoft.VisualStudio.Debugger.SourceLinkService+Factory"}}]}
10/28/2024 19:48:39 Central Standard Time : Information : VsHubClient-hubController read: Content-Length: 38

{"jsonrpc":"2.0","id":3,"result":null}
10/28/2024 19:48:40 Central Standard Time : Information : VsHubClient-hubController write: Content-Length: 108

{"jsonrpc":"2.0","id":2,"method":"UpdateClientInfoAsync","params":[{"clientName":"VsHubClient","pid":5093}]}
10/28/2024 19:48:40 Central Standard Time : Information : VsHubClient-hubController read: Content-Length: 441

{"jsonrpc":"2.0","id":2,"result":{"ClientWatchServerName":"net.pipe://5106FAFD75","ControllerConfig":{"Executable":"/Users/coycrowder/.vscode/extensions/ms-dotnettools.csdevkit-1.11.14-darwin-x64/components/vs-green-server/platforms/darwin-x64/node_modules/@microsoft/servicehub-controller-net60.darwin-x64/Microsoft.ServiceHub.Controller","Args":["f7eaf2bcc3"],"PipeName":"f7eaf2bcc3"},"HostsConfig":{"RootDir":".","AppConfigFallback":""}}}
10/28/2024 19:48:40 Central Standard Time : Information : VsHubClient-hubController write: Content-Length: 783

{"jsonrpc":"2.0","id":3,"method":"RegisterServiceAsync","params":[{"Name":"Microsoft.VisualStudio.Debugger.SymbolLocatorService"},{"host":"dotnet","hostId":"C94B8CFE-E3FD-4BAF-A941-2866DBB566FE","serviceBaseDirectory":"/Users/coycrowder/.vscode/extensions/ms-dotnettools.csdevkit-1.11.14-darwin-x64/components/VSDebugCore/platforms/darwin-x64/node_modules/@microsoft/visualstudio-debugger-devkit.darwin-x64","entryPoint":{"assemblyPath":"/Users/coycrowder/.vscode/extensions/ms-dotnettools.csdevkit-1.11.14-darwin-x64/components/VSDebugCore/platforms/darwin-x64/node_modules/@microsoft/visualstudio-debugger-devkit.darwin-x64/Microsoft.VisualStudio.Debugger.DevKit.dll","fullClassName":"Microsoft.VisualStudio.Debugger.BrokeredServices.SymbolLocator.SymbolLocatorService+Factory"}}]}
10/28/2024 19:48:40 Central Standard Time : Information : VsHubClient-hubController read: Content-Length: 38

{"jsonrpc":"2.0","id":3,"result":null}
10/28/2024 19:48:40 Central Standard Time : Information : VsHubClient-hubController write: Content-Length: 108

{"jsonrpc":"2.0","id":2,"method":"UpdateClientInfoAsync","params":[{"clientName":"VsHubClient","pid":5093}]}
10/28/2024 19:48:40 Central Standard Time : Information : VsHubClient-hubController read: Content-Length: 441

{"jsonrpc":"2.0","id":2,"result":{"ClientWatchServerName":"net.pipe://5106FAFD75","ControllerConfig":{"Executable":"/Users/coycrowder/.vscode/extensions/ms-dotnettools.csdevkit-1.11.14-darwin-x64/components/vs-green-server/platforms/darwin-x64/node_modules/@microsoft/servicehub-controller-net60.darwin-x64/Microsoft.ServiceHub.Controller","Args":["f7eaf2bcc3"],"PipeName":"f7eaf2bcc3"},"HostsConfig":{"RootDir":".","AppConfigFallback":""}}}
10/28/2024 19:48:40 Central Standard Time : Information : VsHubClient-hubController write: Content-Length: 850

{"jsonrpc":"2.0","id":3,"method":"RegisterServiceAsync","params":[{"Name":"Microsoft.VisualStudio.TestWindow.VSCode.ProjectSystemProvider.Service"},{"host":"dotnet","hostId":"C94B8CFE-E3FD-4BAF-A941-2866DBB566FE","serviceBaseDirectory":"/Users/coycrowder/.vscode/extensions/ms-dotnettools.csdevkit-1.11.14-darwin-x64/components/VSUnitTesting/platforms/darwin-x64/node_modules/@microsoft/visualstudio-testwindow-vscode-service.darwin-x64","entryPoint":{"assemblyPath":"/Users/coycrowder/.vscode/extensions/ms-dotnettools.csdevkit-1.11.14-darwin-x64/components/VSUnitTesting/platforms/darwin-x64/node_modules/@microsoft/visualstudio-testwindow-vscode-service.darwin-x64/Microsoft.VisualStudio.TestWindow.VSCode.Service.dll","fullClassName":"Microsoft.VisualStudio.TestWindow.VSCode.ProjectSystemProvider.Service.ProjectSystemProviderServiceFactory"}}]}
10/28/2024 19:48:40 Central Standard Time : Information : VsHubClient-hubController read: Content-Length: 38

{"jsonrpc":"2.0","id":3,"result":null}
10/28/2024 19:48:40 Central Standard Time : Information : VsHubClient-hubController write: Content-Length: 108

{"jsonrpc":"2.0","id":2,"method":"UpdateClientInfoAsync","params":[{"clientName":"VsHubClient","pid":5093}]}
10/28/2024 19:48:40 Central Standard Time : Information : VsHubClient-hubController read: Content-Length: 441

{"jsonrpc":"2.0","id":2,"result":{"ClientWatchServerName":"net.pipe://5106FAFD75","ControllerConfig":{"Executable":"/Users/coycrowder/.vscode/extensions/ms-dotnettools.csdevkit-1.11.14-darwin-x64/components/vs-green-server/platforms/darwin-x64/node_modules/@microsoft/servicehub-controller-net60.darwin-x64/Microsoft.ServiceHub.Controller","Args":["f7eaf2bcc3"],"PipeName":"f7eaf2bcc3"},"HostsConfig":{"RootDir":".","AppConfigFallback":""}}}
10/28/2024 19:48:40 Central Standard Time : Information : VsHubClient-hubController write: Content-Length: 801

{"jsonrpc":"2.0","id":3,"method":"RegisterServiceAsync","params":[{"Name":"Microsoft.VisualStudio.TestWindow.VSCode.Service"},{"host":"dotnet","hostId":"C94B8CFE-E3FD-4BAF-A941-2866DBB566FE","serviceBaseDirectory":"/Users/coycrowder/.vscode/extensions/ms-dotnettools.csdevkit-1.11.14-darwin-x64/components/VSUnitTesting/platforms/darwin-x64/node_modules/@microsoft/visualstudio-testwindow-vscode-service.darwin-x64","entryPoint":{"assemblyPath":"/Users/coycrowder/.vscode/extensions/ms-dotnettools.csdevkit-1.11.14-darwin-x64/components/VSUnitTesting/platforms/darwin-x64/node_modules/@microsoft/visualstudio-testwindow-vscode-service.darwin-x64/Microsoft.VisualStudio.TestWindow.VSCode.Service.dll","fullClassName":"Microsoft.VisualStudio.TestWindow.VSCode.Service.TestWindowVSCodeServiceFactory"}}]}
10/28/2024 19:48:40 Central Standard Time : Information : VsHubClient-hubController read: Content-Length: 38

{"jsonrpc":"2.0","id":3,"result":null}
10/28/2024 19:48:40 Central Standard Time : Information : VsHubClient-hubController write: Content-Length: 108

{"jsonrpc":"2.0","id":2,"method":"UpdateClientInfoAsync","params":[{"clientName":"VsHubClient","pid":5093}]}
10/28/2024 19:48:40 Central Standard Time : Information : VsHubClient-hubController read: Content-Length: 441

{"jsonrpc":"2.0","id":2,"result":{"ClientWatchServerName":"net.pipe://5106FAFD75","ControllerConfig":{"Executable":"/Users/coycrowder/.vscode/extensions/ms-dotnettools.csdevkit-1.11.14-darwin-x64/components/vs-green-server/platforms/darwin-x64/node_modules/@microsoft/servicehub-controller-net60.darwin-x64/Microsoft.ServiceHub.Controller","Args":["f7eaf2bcc3"],"PipeName":"f7eaf2bcc3"},"HostsConfig":{"RootDir":".","AppConfigFallback":""}}}
10/28/2024 19:48:40 Central Standard Time : Information : VsHubClient-hubController write: Content-Length: 649

{"jsonrpc":"2.0","id":3,"method":"RegisterServiceAsync","params":[{"Name":"Microsoft.VisualStudio.AspireServer"},{"host":"dotnet.aspireServer","hostId":"C94B8CFE-E3FD-4BAF-A941-2866DBB566FE","serviceBaseDirectory":"/Users/coycrowder/.vscode/extensions/ms-dotnettools.csdevkit-1.11.14-darwin-x64/components/WebTools/node_modules/@microsoft/vscode.webtools/Services","entryPoint":{"assemblyPath":"/Users/coycrowder/.vscode/extensions/ms-dotnettools.csdevkit-1.11.14-darwin-x64/components/WebTools/node_modules/@microsoft/vscode.webtools/Services/Microsoft.WebTools.AspireServer.dll","fullClassName":"Microsoft.WebTools.AspireServer.ServiceFactory"}}]}
10/28/2024 19:48:40 Central Standard Time : Information : VsHubClient-hubController read: Content-Length: 38

{"jsonrpc":"2.0","id":3,"result":null}
10/28/2024 19:48:40 Central Standard Time : Information : VsHubClient-hubController write: Content-Length: 108

{"jsonrpc":"2.0","id":2,"method":"UpdateClientInfoAsync","params":[{"clientName":"VsHubClient","pid":5093}]}
10/28/2024 19:48:40 Central Standard Time : Information : VsHubClient-hubController read: Content-Length: 441

{"jsonrpc":"2.0","id":2,"result":{"ClientWatchServerName":"net.pipe://5106FAFD75","ControllerConfig":{"Executable":"/Users/coycrowder/.vscode/extensions/ms-dotnettools.csdevkit-1.11.14-darwin-x64/components/vs-green-server/platforms/darwin-x64/node_modules/@microsoft/servicehub-controller-net60.darwin-x64/Microsoft.ServiceHub.Controller","Args":["f7eaf2bcc3"],"PipeName":"f7eaf2bcc3"},"HostsConfig":{"RootDir":".","AppConfigFallback":""}}}
10/28/2024 19:48:40 Central Standard Time : Information : VsHubClient-hubController write: Content-Length: 757

{"jsonrpc":"2.0","id":3,"method":"RegisterServiceAsync","params":[{"Name":"Microsoft.VisualStudio.Debugger.AspireService"},{"host":"dotnet.projectSystem","hostId":"C94B8CFE-E3FD-4BAF-A941-2866DBB566FE","serviceBaseDirectory":"/Users/coycrowder/.vscode/extensions/ms-dotnettools.csdevkit-1.11.14-darwin-x64/components/WebTools/node_modules/@microsoft/vscode.webtools/Services","entryPoint":{"assemblyPath":"/Users/coycrowder/.vscode/extensions/ms-dotnettools.csdevkit-1.11.14-darwin-x64/components/WebTools/node_modules/@microsoft/vscode.webtools/Services/Microsoft.WebTools.Aspire.VSCode.Services.dll","fullClassName":"Microsoft.WebTools.Aspire.VSCode.Services.ServiceFactory"},"friendServices":["Microsoft.VisualStudio.ProjectSystem.CompositionService"]}]}
10/28/2024 19:48:40 Central Standard Time : Information : VsHubClient-hubController read: Content-Length: 38

{"jsonrpc":"2.0","id":3,"result":null}
10/28/2024 19:48:40 Central Standard Time : Information : VsHubClient-hubController write: Content-Length: 108

{"jsonrpc":"2.0","id":2,"method":"UpdateClientInfoAsync","params":[{"clientName":"VsHubClient","pid":5093}]}
10/28/2024 19:48:40 Central Standard Time : Information : VsHubClient-hubController read: Content-Length: 441

{"jsonrpc":"2.0","id":2,"result":{"ClientWatchServerName":"net.pipe://5106FAFD75","ControllerConfig":{"Executable":"/Users/coycrowder/.vscode/extensions/ms-dotnettools.csdevkit-1.11.14-darwin-x64/components/vs-green-server/platforms/darwin-x64/node_modules/@microsoft/servicehub-controller-net60.darwin-x64/Microsoft.ServiceHub.Controller","Args":["f7eaf2bcc3"],"PipeName":"f7eaf2bcc3"},"HostsConfig":{"RootDir":".","AppConfigFallback":""}}}
10/28/2024 19:48:40 Central Standard Time : Information : VsHubClient-hubController write: Content-Length: 872

{"jsonrpc":"2.0","id":3,"method":"RegisterServiceAsync","params":[{"Name":"Microsoft.VisualStudio.ProjectSystem.DebugTargetFrameworkService"},{"host":"dotnet.projectSystem","hostId":"C94B8CFE-E3FD-4BAF-A941-2866DBB566FE","serviceBaseDirectory":"/Users/coycrowder/.vscode/extensions/ms-dotnettools.csdevkit-1.11.14-darwin-x64/components/dotnet-project-system-vscode/node_modules/@microsoft/vscode.projectsystem.managed/Services","entryPoint":{"assemblyPath":"/Users/coycrowder/.vscode/extensions/ms-dotnettools.csdevkit-1.11.14-darwin-x64/components/dotnet-project-system-vscode/node_modules/@microsoft/vscode.projectsystem.managed/Services/Microsoft.ProjectSystem.Managed.VSCode.Services.dll","fullClassName":"Microsoft.VisualStudio.ProjectSystem.Services.DebugTargetFrameworkServiceFactory"},"friendServices":["Microsoft.VisualStudio.ProjectSystem.CompositionService"]}]}
10/28/2024 19:48:40 Central Standard Time : Information : VsHubClient-hubController read: Content-Length: 38

{"jsonrpc":"2.0","id":3,"result":null}
10/28/2024 19:48:40 Central Standard Time : Information : VsHubClient-hubController write: Content-Length: 108

{"jsonrpc":"2.0","id":2,"method":"UpdateClientInfoAsync","params":[{"clientName":"VsHubClient","pid":5093}]}
10/28/2024 19:48:40 Central Standard Time : Information : VsHubClient-hubController read: Content-Length: 441

{"jsonrpc":"2.0","id":2,"result":{"ClientWatchServerName":"net.pipe://5106FAFD75","ControllerConfig":{"Executable":"/Users/coycrowder/.vscode/extensions/ms-dotnettools.csdevkit-1.11.14-darwin-x64/components/vs-green-server/platforms/darwin-x64/node_modules/@microsoft/servicehub-controller-net60.darwin-x64/Microsoft.ServiceHub.Controller","Args":["f7eaf2bcc3"],"PipeName":"f7eaf2bcc3"},"HostsConfig":{"RootDir":".","AppConfigFallback":""}}}
10/28/2024 19:48:40 Central Standard Time : Information : VsHubClient-hubController write: Content-Length: 690

{"jsonrpc":"2.0","id":3,"method":"RegisterServiceAsync","params":[{"Name":"Microsoft.TemplateEngine.VSCode.TemplateService"},{"host":"dotnet","hostId":"C94B8CFE-E3FD-4BAF-A941-2866DBB566FE","serviceBaseDirectory":"/Users/coycrowder/.vscode/extensions/ms-dotnettools.csdevkit-1.11.14-darwin-x64/components/dotnet-project-system-vscode/node_modules/@microsoft/vscode.templateengine","entryPoint":{"assemblyPath":"/Users/coycrowder/.vscode/extensions/ms-dotnettools.csdevkit-1.11.14-darwin-x64/components/dotnet-project-system-vscode/node_modules/@microsoft/vscode.templateengine/Microsoft.TemplateEngine.VSCode.dll","fullClassName":"Microsoft.TemplateEngine.VSCode.TemplateServiceFactory"}}]}
10/28/2024 19:48:40 Central Standard Time : Information : VsHubClient-hubController read: Content-Length: 38

{"jsonrpc":"2.0","id":3,"result":null}
10/28/2024 19:48:40 Central Standard Time : Information : VsHubClient-hubController write: Content-Length: 108

{"jsonrpc":"2.0","id":2,"method":"UpdateClientInfoAsync","params":[{"clientName":"VsHubClient","pid":5093}]}
10/28/2024 19:48:40 Central Standard Time : Information : VsHubClient-hubController read: Content-Length: 441

{"jsonrpc":"2.0","id":2,"result":{"ClientWatchServerName":"net.pipe://5106FAFD75","ControllerConfig":{"Executable":"/Users/coycrowder/.vscode/extensions/ms-dotnettools.csdevkit-1.11.14-darwin-x64/components/vs-green-server/platforms/darwin-x64/node_modules/@microsoft/servicehub-controller-net60.darwin-x64/Microsoft.ServiceHub.Controller","Args":["f7eaf2bcc3"],"PipeName":"f7eaf2bcc3"},"HostsConfig":{"RootDir":".","AppConfigFallback":""}}}
10/28/2024 19:48:40 Central Standard Time : Information : VsHubClient-hubController write: Content-Length: 739

{"jsonrpc":"2.0","id":3,"method":"RegisterServiceAsync","params":[{"Name":"Microsoft.CodeCoverage.VSCode.CollectionService"},{"host":"dotnet","hostId":"C94B8CFE-E3FD-4BAF-A941-2866DBB566FE","serviceBaseDirectory":"/Users/coycrowder/.vscode/extensions/ms-dotnettools.csdevkit-1.11.14-darwin-x64/components/vs-code-coverage/platforms/darwin-x64/node_modules/@microsoft/coverage-services.darwin-x64","entryPoint":{"assemblyPath":"/Users/coycrowder/.vscode/extensions/ms-dotnettools.csdevkit-1.11.14-darwin-x64/components/vs-code-coverage/platforms/darwin-x64/node_modules/@microsoft/coverage-services.darwin-x64/Microsoft.CodeCoverage.VSCode.Services.dll","fullClassName":"Microsoft.VisualStudio.CoverageServices.CollectionServiceFactory"}}]}
10/28/2024 19:48:40 Central Standard Time : Information : VsHubClient-hubController read: Content-Length: 38

{"jsonrpc":"2.0","id":3,"result":null}
10/28/2024 19:48:40 Central Standard Time : Information : VsHubClient-hubController write: Content-Length: 108

{"jsonrpc":"2.0","id":2,"method":"UpdateClientInfoAsync","params":[{"clientName":"VsHubClient","pid":5093}]}
10/28/2024 19:48:40 Central Standard Time : Information : VsHubClient-hubController read: Content-Length: 441

{"jsonrpc":"2.0","id":2,"result":{"ClientWatchServerName":"net.pipe://5106FAFD75","ControllerConfig":{"Executable":"/Users/coycrowder/.vscode/extensions/ms-dotnettools.csdevkit-1.11.14-darwin-x64/components/vs-green-server/platforms/darwin-x64/node_modules/@microsoft/servicehub-controller-net60.darwin-x64/Microsoft.ServiceHub.Controller","Args":["f7eaf2bcc3"],"PipeName":"f7eaf2bcc3"},"HostsConfig":{"RootDir":".","AppConfigFallback":""}}}
10/28/2024 19:48:40 Central Standard Time : Information : VsHubClient-hubController write: Content-Length: 731

{"jsonrpc":"2.0","id":3,"method":"RegisterServiceAsync","params":[{"Name":"Microsoft.CodeCoverage.VSCode.ReportService"},{"host":"dotnet","hostId":"C94B8CFE-E3FD-4BAF-A941-2866DBB566FE","serviceBaseDirectory":"/Users/coycrowder/.vscode/extensions/ms-dotnettools.csdevkit-1.11.14-darwin-x64/components/vs-code-coverage/platforms/darwin-x64/node_modules/@microsoft/coverage-services.darwin-x64","entryPoint":{"assemblyPath":"/Users/coycrowder/.vscode/extensions/ms-dotnettools.csdevkit-1.11.14-darwin-x64/components/vs-code-coverage/platforms/darwin-x64/node_modules/@microsoft/coverage-services.darwin-x64/Microsoft.CodeCoverage.VSCode.Services.dll","fullClassName":"Microsoft.VisualStudio.CoverageServices.ReportServiceFactory"}}]}
10/28/2024 19:48:40 Central Standard Time : Information : VsHubClient-hubController read: Content-Length: 38

{"jsonrpc":"2.0","id":3,"result":null}
10/28/2024 19:48:40 Central Standard Time : Information : VsHubClient-hubController write: Content-Length: 108

{"jsonrpc":"2.0","id":2,"method":"UpdateClientInfoAsync","params":[{"clientName":"VsHubClient","pid":5093}]}
10/28/2024 19:48:40 Central Standard Time : Information : VsHubClient-hubController read: Content-Length: 441

{"jsonrpc":"2.0","id":2,"result":{"ClientWatchServerName":"net.pipe://5106FAFD75","ControllerConfig":{"Executable":"/Users/coycrowder/.vscode/extensions/ms-dotnettools.csdevkit-1.11.14-darwin-x64/components/vs-green-server/platforms/darwin-x64/node_modules/@microsoft/servicehub-controller-net60.darwin-x64/Microsoft.ServiceHub.Controller","Args":["f7eaf2bcc3"],"PipeName":"f7eaf2bcc3"},"HostsConfig":{"RootDir":".","AppConfigFallback":""}}}
10/28/2024 19:48:40 Central Standard Time : Information : VsHubClient-hubController write: Content-Length: 781

{"jsonrpc":"2.0","id":3,"method":"RegisterServiceAsync","params":[{"Name":"Microsoft.VisualStudio.ProjectQueryTestService"},{"host":"dotnet","hostId":"C94B8CFE-E3FD-4BAF-A941-2866DBB566FE","serviceBaseDirectory":"/Users/coycrowder/.vscode/extensions/ms-dotnettools.csdevkit-1.11.14-darwin-x64/components/vs-green-server/platforms/darwin-x64/node_modules/@microsoft/visualstudio-server-samples-sayhello.darwin-x64","entryPoint":{"assemblyPath":"/Users/coycrowder/.vscode/extensions/ms-dotnettools.csdevkit-1.11.14-darwin-x64/components/vs-green-server/platforms/darwin-x64/node_modules/@microsoft/visualstudio-server-samples-sayhello.darwin-x64/Microsoft.VisualStudio.Samples.SayHello.dll","fullClassName":"Microsoft.VisualStudio.Samples.SayHello.ProjectQueryTestServiceFactory"}}]}
10/28/2024 19:48:40 Central Standard Time : Information : VsHubClient-hubController read: Content-Length: 38

{"jsonrpc":"2.0","id":3,"result":null}
10/28/2024 19:48:40 Central Standard Time : Information : VsHubClient-hubController write: Content-Length: 108

{"jsonrpc":"2.0","id":2,"method":"UpdateClientInfoAsync","params":[{"clientName":"VsHubClient","pid":5093}]}
10/28/2024 19:48:40 Central Standard Time : Information : VsHubClient-hubController read: Content-Length: 441

{"jsonrpc":"2.0","id":2,"result":{"ClientWatchServerName":"net.pipe://5106FAFD75","ControllerConfig":{"Executable":"/Users/coycrowder/.vscode/extensions/ms-dotnettools.csdevkit-1.11.14-darwin-x64/components/vs-green-server/platforms/darwin-x64/node_modules/@microsoft/servicehub-controller-net60.darwin-x64/Microsoft.ServiceHub.Controller","Args":["f7eaf2bcc3"],"PipeName":"f7eaf2bcc3"},"HostsConfig":{"RootDir":".","AppConfigFallback":""}}}
10/28/2024 19:48:40 Central Standard Time : Information : VsHubClient-hubController write: Content-Length: 747

{"jsonrpc":"2.0","id":3,"method":"RegisterServiceAsync","params":[{"Name":"helloServiceHubDotNetHost"},{"host":"dotnet","hostId":"C94B8CFE-E3FD-4BAF-A941-2866DBB566FE","serviceBaseDirectory":"/Users/coycrowder/.vscode/extensions/ms-dotnettools.csdevkit-1.11.14-darwin-x64/components/vs-green-server/platforms/darwin-x64/node_modules/@microsoft/visualstudio-server-samples-sayhello.darwin-x64","entryPoint":{"assemblyPath":"/Users/coycrowder/.vscode/extensions/ms-dotnettools.csdevkit-1.11.14-darwin-x64/components/vs-green-server/platforms/darwin-x64/node_modules/@microsoft/visualstudio-server-samples-sayhello.darwin-x64/Microsoft.VisualStudio.Samples.SayHello.dll","fullClassName":"Microsoft.VisualStudio.Samples.SayHello.HelloWorldFactory"}}]}
10/28/2024 19:48:40 Central Standard Time : Information : VsHubClient-hubController read: Content-Length: 38

{"jsonrpc":"2.0","id":3,"result":null}
10/28/2024 19:48:40 Central Standard Time : Information : VsHubClient-hubController write: Content-Length: 370

{"jsonrpc":"2.0","id":3,"method":"requestServiceChannel","params":[{"Name":"Microsoft.VisualStudio.Debugger.HotReloadSessionNotificationService","Version":"0.1"},{"ActivationArguments":{"__servicehub__ServiceHubRemoteServiceBrokerPipeName":"/Users/coycrowder/.ServiceHub/f7eaf2bcc3/92131f0a85"},"ClientCredentials":{},"ClientCulture":"en-US","ClientUICulture":"en-US"}]}
10/28/2024 19:48:40 Central Standard Time : Information : VsHubClient-hubController write: Content-Length: 346

{"jsonrpc":"2.0","id":4,"method":"requestServiceChannel","params":[{"Name":"Microsoft.CodeCoverage.VSCode.ReportService","Version":"1.0"},{"ActivationArguments":{"__servicehub__ServiceHubRemoteServiceBrokerPipeName":"/Users/coycrowder/.ServiceHub/f7eaf2bcc3/bb910b0a42"},"ClientCredentials":{},"ClientCulture":"en-US","ClientUICulture":"en-US"}]}
10/28/2024 19:48:40 Central Standard Time : Information : VsHubClient-hubController write: Content-Length: 351

{"jsonrpc":"2.0","id":5,"method":"requestServiceChannel","params":[{"Name":"Microsoft.VisualStudio.TestWindow.VSCode.Service","Version":"0.1"},{"ActivationArguments":{"__servicehub__ServiceHubRemoteServiceBrokerPipeName":"/Users/coycrowder/.ServiceHub/f7eaf2bcc3/578b6e932c"},"ClientCredentials":{},"ClientCulture":"en-US","ClientUICulture":"en-US"}]}
10/28/2024 19:48:40 Central Standard Time : Information : VsHubClient-hubController write: Content-Length: 336

{"jsonrpc":"2.0","id":6,"method":"requestServiceChannel","params":[{"Name":"Microsoft.VisualStudio.LaunchConfigurationService"},{"ActivationArguments":{"__servicehub__ServiceHubRemoteServiceBrokerPipeName":"/Users/coycrowder/.ServiceHub/f7eaf2bcc3/8eb77dbf7a"},"ClientCredentials":{},"ClientCulture":"en-US","ClientUICulture":"en-US"}]}
10/28/2024 19:48:40 Central Standard Time : Information : VsHubClient-hubController write: Content-Length: 374

{"jsonrpc":"2.0","id":7,"method":"requestServiceChannel","params":[{"Name":"Microsoft.VisualStudio.ProjectSystem.ProjectInitializationStatusService","Version":"0.1"},{"ActivationArguments":{"__servicehub__ServiceHubRemoteServiceBrokerPipeName":"/Users/coycrowder/.ServiceHub/f7eaf2bcc3/f0929908d6"},"ClientCredentials":{},"ClientCulture":"en-US","ClientUICulture":"en-US"}]}
10/28/2024 19:48:41 Central Standard Time : Information : VsHubClient-hubController read: Content-Length: 167

{"jsonrpc":"2.0","id":4,"result":{"RequestId":"d09e8390-dc0e-419a-8ec4-bb16a2fa3934","PipeName":"/Users/coycrowder/.ServiceHub/f7eaf2bcc3/9357023e5f","IsEmpty":false}}
10/28/2024 19:48:41 Central Standard Time : Information : VsHubClient-hubController read: Content-Length: 167

{"jsonrpc":"2.0","id":3,"result":{"RequestId":"f613ec2c-18d1-41aa-9407-f35cf1c549cb","PipeName":"/Users/coycrowder/.ServiceHub/f7eaf2bcc3/1627723e2e","IsEmpty":false}}Content-Length: 167

{"jsonrpc":"2.0","id":5,"result":{"RequestId":"73ec3293-a44c-4349-9ad9-347a497c12a1","PipeName":"/Users/coycrowder/.ServiceHub/f7eaf2bcc3/6644147271","IsEmpty":false}}
10/28/2024 19:48:41 Central Standard Time : Information : VsHubClient-hubController write: Content-Length: 350

{"jsonrpc":"2.0","id":8,"method":"requestServiceChannel","params":[{"Name":"Microsoft.CodeCoverage.VSCode.CollectionService","Version":"1.0"},{"ActivationArguments":{"__servicehub__ServiceHubRemoteServiceBrokerPipeName":"/Users/coycrowder/.ServiceHub/f7eaf2bcc3/4ec35c2026"},"ClientCredentials":{},"ClientCulture":"en-US","ClientUICulture":"en-US"}]}
10/28/2024 19:48:41 Central Standard Time : Information : VsHubClient-hubController read: Content-Length: 167

{"jsonrpc":"2.0","id":8,"result":{"RequestId":"7252d62c-ab68-402d-babc-4ed43eef527a","PipeName":"/Users/coycrowder/.ServiceHub/f7eaf2bcc3/5194e25f32","IsEmpty":false}}
10/28/2024 19:48:41 Central Standard Time : Information : Disposing ServiceBroker server '/Users/coycrowder/.ServiceHub/f7eaf2bcc3/bb910b0a42'.
10/28/2024 19:48:41 Central Standard Time : Information : Disposing ServiceBroker server '/Users/coycrowder/.ServiceHub/f7eaf2bcc3/92131f0a85'.
10/28/2024 19:48:41 Central Standard Time : Information : Disposing ServiceBroker server '/Users/coycrowder/.ServiceHub/f7eaf2bcc3/578b6e932c'.
10/28/2024 19:48:41 Central Standard Time : Information : Disposing ServiceBroker server '/Users/coycrowder/.ServiceHub/f7eaf2bcc3/4ec35c2026'.
10/28/2024 19:48:41 Central Standard Time : Information : Microsoft.CodeCoverage.VSCode.ReportService-RemoteServiceBrokerServer read: Content-Length: 193

{"jsonrpc":"2.0","id":2,"method":"handshake","params":[{"supportedConnections":"IpcPipe","localServiceHost":{"operatingSystem":2,"processArchitecture":1,"runtime":2,"runtimeVersion":"8.0.8"}}]}
10/28/2024 19:48:41 Central Standard Time : Information : Microsoft.CodeCoverage.VSCode.CollectionService-RemoteServiceBrokerServer read: Content-Length: 193

{"jsonrpc":"2.0","id":2,"method":"handshake","params":[{"supportedConnections":"IpcPipe","localServiceHost":{"operatingSystem":2,"processArchitecture":1,"runtime":2,"runtimeVersion":"8.0.8"}}]}
10/28/2024 19:48:41 Central Standard Time : Information : Microsoft.VisualStudio.Debugger.HotReloadSessionNotificationService-RemoteServiceBrokerServer read: Content-Length: 193

{"jsonrpc":"2.0","id":2,"method":"handshake","params":[{"supportedConnections":"IpcPipe","localServiceHost":{"operatingSystem":2,"processArchitecture":1,"runtime":2,"runtimeVersion":"8.0.8"}}]}
10/28/2024 19:48:41 Central Standard Time : Information : Microsoft.VisualStudio.TestWindow.VSCode.Service-RemoteServiceBrokerServer read: Content-Length: 193

{"jsonrpc":"2.0","id":2,"method":"handshake","params":[{"supportedConnections":"IpcPipe","localServiceHost":{"operatingSystem":2,"processArchitecture":1,"runtime":2,"runtimeVersion":"8.0.8"}}]}
10/28/2024 19:48:41 Central Standard Time : Information : Microsoft.CodeCoverage.VSCode.ReportService-RemoteServiceBrokerServer write: Content-Length: 38

{"jsonrpc":"2.0","id":2,"result":null}
10/28/2024 19:48:41 Central Standard Time : Information : Microsoft.VisualStudio.TestWindow.VSCode.Service-RemoteServiceBrokerServer write: Content-Length: 38

{"jsonrpc":"2.0","id":2,"result":null}
10/28/2024 19:48:41 Central Standard Time : Information : Microsoft.VisualStudio.Debugger.HotReloadSessionNotificationService-RemoteServiceBrokerServer write: Content-Length: 38

{"jsonrpc":"2.0","id":2,"result":null}
10/28/2024 19:48:41 Central Standard Time : Information : Microsoft.CodeCoverage.VSCode.CollectionService-RemoteServiceBrokerServer write: Content-Length: 38

{"jsonrpc":"2.0","id":2,"result":null}
10/28/2024 19:48:41 Central Standard Time : Information : VsHubClient-hubController read: Content-Length: 167

{"jsonrpc":"2.0","id":7,"result":{"RequestId":"3ec6473d-314a-4d14-8d2e-ecc8dae8b074","PipeName":"/Users/coycrowder/.ServiceHub/f7eaf2bcc3/255be7f5df","IsEmpty":false}}
10/28/2024 19:48:41 Central Standard Time : Information : VsHubClient-hubController read: Content-Length: 167

{"jsonrpc":"2.0","id":6,"result":{"RequestId":"c741acd9-8236-4c02-9e4f-826ef35a691c","PipeName":"/Users/coycrowder/.ServiceHub/f7eaf2bcc3/aed537d9d6","IsEmpty":false}}
10/28/2024 19:48:41 Central Standard Time : Information : Disposing ServiceBroker server '/Users/coycrowder/.ServiceHub/f7eaf2bcc3/8eb77dbf7a'.
10/28/2024 19:48:41 Central Standard Time : Information : Disposing ServiceBroker server '/Users/coycrowder/.ServiceHub/f7eaf2bcc3/f0929908d6'.
10/28/2024 19:48:42 Central Standard Time : Information : Microsoft.VisualStudio.TestWindow.VSCode.Service-RemoteServiceBrokerServer read: Content-Length: 183

{"jsonrpc":"2.0","id":3,"method":"requestServiceChannel","params":[{"name":"Microsoft.ServiceHub.Framework.AuthorizationService"},{"clientCulture":"en-US","clientUICulture":"en-US"}]}
10/28/2024 19:48:42 Central Standard Time : Information : Microsoft.CodeCoverage.VSCode.ReportService-RemoteServiceBrokerServer read: Content-Length: 183

{"jsonrpc":"2.0","id":3,"method":"requestServiceChannel","params":[{"name":"Microsoft.ServiceHub.Framework.AuthorizationService"},{"clientCulture":"en-US","clientUICulture":"en-US"}]}
10/28/2024 19:48:42 Central Standard Time : Information : Microsoft.CodeCoverage.VSCode.CollectionService-RemoteServiceBrokerServer read: Content-Length: 183

{"jsonrpc":"2.0","id":3,"method":"requestServiceChannel","params":[{"name":"Microsoft.ServiceHub.Framework.AuthorizationService"},{"clientCulture":"en-US","clientUICulture":"en-US"}]}
10/28/2024 19:48:42 Central Standard Time : Information : Microsoft.VisualStudio.Debugger.HotReloadSessionNotificationService-RemoteServiceBrokerServer read: Content-Length: 183

{"jsonrpc":"2.0","id":3,"method":"requestServiceChannel","params":[{"name":"Microsoft.ServiceHub.Framework.AuthorizationService"},{"clientCulture":"en-US","clientUICulture":"en-US"}]}
10/28/2024 19:48:42 Central Standard Time : Information : Microsoft.VisualStudio.Debugger.HotReloadSessionNotificationService-RemoteServiceBrokerServer write: Content-Length: 181

{"jsonrpc":"2.0","id":3,"result":{"requestId":"8100e5e8-7b01-46ad-9868-e9500214c94b","pipeName":"/var/folders/84/68dsmswn3m95t759t37vwxmr0000gn/T/5acab4f2c39848208c27e896fbacb448"}}
10/28/2024 19:48:42 Central Standard Time : Information : Microsoft.CodeCoverage.VSCode.ReportService-RemoteServiceBrokerServer write: Content-Length: 181

{"jsonrpc":"2.0","id":3,"result":{"requestId":"c76eb027-7a53-4a5f-8489-eef706dbb81f","pipeName":"/var/folders/84/68dsmswn3m95t759t37vwxmr0000gn/T/220778f941a246919dda730ad6fc8103"}}
10/28/2024 19:48:42 Central Standard Time : Information : Microsoft.CodeCoverage.VSCode.CollectionService-RemoteServiceBrokerServer write: Content-Length: 181

{"jsonrpc":"2.0","id":3,"result":{"requestId":"73753058-b7b7-4561-b662-911d7d367e96","pipeName":"/var/folders/84/68dsmswn3m95t759t37vwxmr0000gn/T/a6b0b1c94403491eb5b4e2fb75420c11"}}
10/28/2024 19:48:42 Central Standard Time : Information : Microsoft.VisualStudio.TestWindow.VSCode.Service-RemoteServiceBrokerServer write: Content-Length: 181

{"jsonrpc":"2.0","id":3,"result":{"requestId":"6354f2db-a5f5-4c9e-b8b2-ac1ac1efa644","pipeName":"/var/folders/84/68dsmswn3m95t759t37vwxmr0000gn/T/c3c81463f4e7477c8a1caf0b040c1ed8"}}
10/28/2024 19:48:42 Central Standard Time : Information : Microsoft.VisualStudio.ProjectSystem.ProjectInitializationStatusService-RemoteServiceBrokerServer read: Content-Length: 193

{"jsonrpc":"2.0","id":2,"method":"handshake","params":[{"supportedConnections":"IpcPipe","localServiceHost":{"operatingSystem":2,"processArchitecture":1,"runtime":2,"runtimeVersion":"8.0.8"}}]}
10/28/2024 19:48:42 Central Standard Time : Information : Microsoft.VisualStudio.LaunchConfigurationService-RemoteServiceBrokerServer read: Content-Length: 193

{"jsonrpc":"2.0","id":2,"method":"handshake","params":[{"supportedConnections":"IpcPipe","localServiceHost":{"operatingSystem":2,"processArchitecture":1,"runtime":2,"runtimeVersion":"8.0.8"}}]}
10/28/2024 19:48:42 Central Standard Time : Information : Microsoft.VisualStudio.ProjectSystem.ProjectInitializationStatusService-RemoteServiceBrokerServer write: Content-Length: 38

{"jsonrpc":"2.0","id":2,"result":null}
10/28/2024 19:48:42 Central Standard Time : Information : Microsoft.VisualStudio.LaunchConfigurationService-RemoteServiceBrokerServer write: Content-Length: 38

{"jsonrpc":"2.0","id":2,"result":null}
10/28/2024 19:48:42 Central Standard Time : Information : Microsoft.VisualStudio.ProjectSystem.ProjectInitializationStatusService-RemoteServiceBrokerServer read: Content-Length: 183

{"jsonrpc":"2.0","id":3,"method":"requestServiceChannel","params":[{"name":"Microsoft.ServiceHub.Framework.AuthorizationService"},{"clientCulture":"en-US","clientUICulture":"en-US"}]}
10/28/2024 19:48:42 Central Standard Time : Information : Microsoft.VisualStudio.LaunchConfigurationService-RemoteServiceBrokerServer read: Content-Length: 183

{"jsonrpc":"2.0","id":3,"method":"requestServiceChannel","params":[{"name":"Microsoft.ServiceHub.Framework.AuthorizationService"},{"clientCulture":"en-US","clientUICulture":"en-US"}]}
10/28/2024 19:48:42 Central Standard Time : Information : Microsoft.VisualStudio.ProjectSystem.ProjectInitializationStatusService-RemoteServiceBrokerServer write: Content-Length: 181

{"jsonrpc":"2.0","id":3,"result":{"requestId":"ab615a50-6457-4610-b1b7-52349011fafe","pipeName":"/var/folders/84/68dsmswn3m95t759t37vwxmr0000gn/T/87854c6c20f8479cbb33c197fc7d7048"}}
10/28/2024 19:48:42 Central Standard Time : Information : Microsoft.VisualStudio.LaunchConfigurationService-RemoteServiceBrokerServer write: Content-Length: 181

{"jsonrpc":"2.0","id":3,"result":{"requestId":"003af53f-9d88-4559-80dc-e36eb66fb575","pipeName":"/var/folders/84/68dsmswn3m95t759t37vwxmr0000gn/T/40e1f3e39f4f4f6ca2dbce7da984410e"}}
10/28/2024 19:48:42 Central Standard Time : Information : Microsoft.VisualStudio.ProjectSystem.ProjectInitializationStatusService-RemoteServiceBrokerServer read: Content-Length: 203

{"jsonrpc":"2.0","id":4,"method":"requestServiceChannel","params":[{"name":"Microsoft.VisualStudio.ProjectSystem.CompositionService","version":"0.1"},{"clientCulture":"en-US","clientUICulture":"en-US"}]}
10/28/2024 19:48:42 Central Standard Time : Information : VsHubClient-hubController write: Content-Length: 358

{"jsonrpc":"2.0","id":9,"method":"requestServiceChannel","params":[{"Name":"Microsoft.VisualStudio.ProjectSystem.CompositionService","Version":"0.1"},{"ActivationArguments":{"__servicehub__ServiceHubRemoteServiceBrokerPipeName":"/Users/coycrowder/.ServiceHub/f7eaf2bcc3/f068566212"},"ClientCredentials":{},"ClientCulture":"en-US","ClientUICulture":"en-US"}]}
10/28/2024 19:48:42 Central Standard Time : Information : VsHubClient-hubController read: Content-Length: 167

{"jsonrpc":"2.0","id":9,"result":{"RequestId":"7450d73e-0919-441d-bf22-47588e49eae5","PipeName":"/Users/coycrowder/.ServiceHub/f7eaf2bcc3/08b0e8132d","IsEmpty":false}}
10/28/2024 19:48:42 Central Standard Time : Information : Microsoft.VisualStudio.ProjectSystem.ProjectInitializationStatusService-RemoteServiceBrokerServer write: Content-Length: 151

{"jsonrpc":"2.0","id":4,"result":{"requestId":"7450d73e-0919-441d-bf22-47588e49eae5","pipeName":"/Users/coycrowder/.ServiceHub/f7eaf2bcc3/08b0e8132d"}}
10/28/2024 19:48:42 Central Standard Time : Information : Disposing ServiceBroker server '/Users/coycrowder/.ServiceHub/f7eaf2bcc3/f068566212'.
10/28/2024 19:48:42 Central Standard Time : Information : Microsoft.VisualStudio.ProjectSystem.CompositionService-RemoteServiceBrokerServer read: Content-Length: 193

{"jsonrpc":"2.0","id":2,"method":"handshake","params":[{"supportedConnections":"IpcPipe","localServiceHost":{"operatingSystem":2,"processArchitecture":1,"runtime":2,"runtimeVersion":"8.0.8"}}]}
10/28/2024 19:48:42 Central Standard Time : Information : Microsoft.VisualStudio.ProjectSystem.CompositionService-RemoteServiceBrokerServer write: Content-Length: 38

{"jsonrpc":"2.0","id":2,"result":null}
10/28/2024 19:48:42 Central Standard Time : Information : Microsoft.VisualStudio.ProjectSystem.CompositionService-RemoteServiceBrokerServer read: Content-Length: 183

{"jsonrpc":"2.0","id":3,"method":"requestServiceChannel","params":[{"name":"Microsoft.ServiceHub.Framework.AuthorizationService"},{"clientCulture":"en-US","clientUICulture":"en-US"}]}
10/28/2024 19:48:42 Central Standard Time : Information : Microsoft.VisualStudio.ProjectSystem.CompositionService-RemoteServiceBrokerServer write: Content-Length: 181

{"jsonrpc":"2.0","id":3,"result":{"requestId":"72826ecf-eb00-4103-9b52-0a08e1b36bf4","pipeName":"/var/folders/84/68dsmswn3m95t759t37vwxmr0000gn/T/839c0a014055406e9862609d49db9232"}}
10/28/2024 19:48:42 Central Standard Time : Information : VsHubClient-hubController write: Content-Length: 374

{"jsonrpc":"2.0","id":10,"method":"requestServiceChannel","params":[{"Name":"Microsoft.VisualStudio.TestWindow.VSCode.ProjectSystemProvider.Service","Version":"0.1"},{"ActivationArguments":{"__servicehub__ServiceHubRemoteServiceBrokerPipeName":"/Users/coycrowder/.ServiceHub/f7eaf2bcc3/7d813b16a5"},"ClientCredentials":{},"ClientCulture":"en-US","ClientUICulture":"en-US"}]}
10/28/2024 19:48:42 Central Standard Time : Information : VsHubClient-hubController read: Content-Length: 168

{"jsonrpc":"2.0","id":10,"result":{"RequestId":"55344096-0ba6-4196-9b80-7dbbf69b7651","PipeName":"/Users/coycrowder/.ServiceHub/f7eaf2bcc3/dbcac3077c","IsEmpty":false}}
10/28/2024 19:48:42 Central Standard Time : Information : Disposing ServiceBroker server '/Users/coycrowder/.ServiceHub/f7eaf2bcc3/7d813b16a5'.
10/28/2024 19:48:42 Central Standard Time : Information : Microsoft.VisualStudio.ProjectSystem.CompositionService-RemoteServiceBrokerServer read: Content-Length: 194

{"jsonrpc":"2.0","id":4,"method":"requestServiceChannel","params":[{"name":"Microsoft.VisualStudio.ComponentExportsService","version":"0.1"},{"clientCulture":"en-US","clientUICulture":"en-US"}]}
10/28/2024 19:48:42 Central Standard Time : Information : Microsoft.VisualStudio.TestWindow.VSCode.ProjectSystemProvider.Service-RemoteServiceBrokerServer read: Content-Length: 193

{"jsonrpc":"2.0","id":2,"method":"handshake","params":[{"supportedConnections":"IpcPipe","localServiceHost":{"operatingSystem":2,"processArchitecture":1,"runtime":2,"runtimeVersion":"8.0.8"}}]}
10/28/2024 19:48:42 Central Standard Time : Information : Microsoft.VisualStudio.ProjectSystem.CompositionService-RemoteServiceBrokerServer read: Content-Length: 197

{"jsonrpc":"2.0","id":5,"method":"requestServiceChannel","params":[{"name":"Microsoft.VisualStudio.NoDelay.EnvironmentService","version":"0.1"},{"clientCulture":"en-US","clientUICulture":"en-US"}]}
10/28/2024 19:48:42 Central Standard Time : Information : Microsoft.VisualStudio.ProjectSystem.CompositionService-RemoteServiceBrokerServer write: Content-Length: 181

{"jsonrpc":"2.0","id":4,"result":{"requestId":"9f52a43e-89e9-4463-9a8c-719f2cb3e5bf","pipeName":"/var/folders/84/68dsmswn3m95t759t37vwxmr0000gn/T/b3855457e70a4ab1abf81982ea595a65"}}
10/28/2024 19:48:42 Central Standard Time : Information : Microsoft.VisualStudio.TestWindow.VSCode.ProjectSystemProvider.Service-RemoteServiceBrokerServer write: Content-Length: 38

{"jsonrpc":"2.0","id":2,"result":null}
10/28/2024 19:48:42 Central Standard Time : Information : Microsoft.VisualStudio.ProjectSystem.CompositionService-RemoteServiceBrokerServer write: Content-Length: 181

{"jsonrpc":"2.0","id":5,"result":{"requestId":"9bed9b80-cdbf-4a24-801a-4806eca9ad20","pipeName":"/var/folders/84/68dsmswn3m95t759t37vwxmr0000gn/T/289e5c792eb044e9b61517a41af4738a"}}
10/28/2024 19:48:42 Central Standard Time : Information : Microsoft.VisualStudio.TestWindow.VSCode.ProjectSystemProvider.Service-RemoteServiceBrokerServer read: Content-Length: 183

{"jsonrpc":"2.0","id":3,"method":"requestServiceChannel","params":[{"name":"Microsoft.ServiceHub.Framework.AuthorizationService"},{"clientCulture":"en-US","clientUICulture":"en-US"}]}
10/28/2024 19:48:42 Central Standard Time : Information : Microsoft.VisualStudio.TestWindow.VSCode.ProjectSystemProvider.Service-RemoteServiceBrokerServer write: Content-Length: 181

{"jsonrpc":"2.0","id":3,"result":{"requestId":"68326b4c-60c4-46ab-bcee-bcc56451b40b","pipeName":"/var/folders/84/68dsmswn3m95t759t37vwxmr0000gn/T/13bfe2d96ce44332a0f698d7dca04b19"}}
10/28/2024 19:48:42 Central Standard Time : Information : Microsoft.VisualStudio.TestWindow.VSCode.ProjectSystemProvider.Service-RemoteServiceBrokerServer read: Content-Length: 293

{"jsonrpc":"2.0","id":4,"method":"requestServiceChannel","params":[{"name":"Microsoft.VisualStudio.ProjectSystem.Query.Remoting.QueryExecutionService","version":"0.2"},{"clientCulture":"en-US","clientUICulture":"en-US"}],"traceparent":"00-c6c74484c62eec4cb541136485b41f6f-8f969fa850bbbe4f-00"}
10/28/2024 19:48:42 Central Standard Time : Information : VsHubClient-hubController write: Content-Length: 377

{"jsonrpc":"2.0","id":11,"method":"requestServiceChannel","params":[{"Name":"Microsoft.VisualStudio.ProjectSystem.Query.Remoting.QueryExecutionService","Version":"0.2"},{"ActivationArguments":{"__servicehub__ServiceHubRemoteServiceBrokerPipeName":"/Users/coycrowder/.ServiceHub/f7eaf2bcc3/44c78010ef"},"ClientCredentials":{},"ClientCulture":"en-US","ClientUICulture":"en-US"}]}
10/28/2024 19:48:42 Central Standard Time : Information : VsHubClient-hubController read: Content-Length: 168

{"jsonrpc":"2.0","id":11,"result":{"RequestId":"6d1cdeff-e7df-425a-bc23-9b6ec9dba966","PipeName":"/Users/coycrowder/.ServiceHub/f7eaf2bcc3/c52fe70b0f","IsEmpty":false}}
10/28/2024 19:48:42 Central Standard Time : Information : Microsoft.VisualStudio.TestWindow.VSCode.ProjectSystemProvider.Service-RemoteServiceBrokerServer write: Content-Length: 151

{"jsonrpc":"2.0","id":4,"result":{"requestId":"6d1cdeff-e7df-425a-bc23-9b6ec9dba966","pipeName":"/Users/coycrowder/.ServiceHub/f7eaf2bcc3/c52fe70b0f"}}
10/28/2024 19:48:42 Central Standard Time : Information : Disposing ServiceBroker server '/Users/coycrowder/.ServiceHub/f7eaf2bcc3/44c78010ef'.
10/28/2024 19:48:42 Central Standard Time : Information : Microsoft.VisualStudio.ProjectSystem.Query.Remoting.QueryExecutionService-RemoteServiceBrokerServer read: Content-Length: 193

{"jsonrpc":"2.0","id":2,"method":"handshake","params":[{"supportedConnections":"IpcPipe","localServiceHost":{"operatingSystem":2,"processArchitecture":1,"runtime":2,"runtimeVersion":"8.0.8"}}]}
10/28/2024 19:48:42 Central Standard Time : Information : Microsoft.VisualStudio.ProjectSystem.Query.Remoting.QueryExecutionService-RemoteServiceBrokerServer write: Content-Length: 38

{"jsonrpc":"2.0","id":2,"result":null}
10/28/2024 19:48:42 Central Standard Time : Information : Microsoft.VisualStudio.ProjectSystem.Query.Remoting.QueryExecutionService-RemoteServiceBrokerServer read: Content-Length: 183

{"jsonrpc":"2.0","id":3,"method":"requestServiceChannel","params":[{"name":"Microsoft.ServiceHub.Framework.AuthorizationService"},{"clientCulture":"en-US","clientUICulture":"en-US"}]}
10/28/2024 19:48:42 Central Standard Time : Information : Microsoft.VisualStudio.ProjectSystem.Query.Remoting.QueryExecutionService-RemoteServiceBrokerServer write: Content-Length: 181

{"jsonrpc":"2.0","id":3,"result":{"requestId":"36224b86-700a-4873-aa35-bf185ec2d496","pipeName":"/var/folders/84/68dsmswn3m95t759t37vwxmr0000gn/T/91fd3f12e20f4a2298db6cfb13fccc99"}}
10/28/2024 19:48:43 Central Standard Time : Information : Microsoft.VisualStudio.ProjectSystem.CompositionService-RemoteServiceBrokerServer read: Content-Length: 242

{"jsonrpc":"2.0","id":6,"method":"requestServiceChannel","params":[{"name":"Microsoft.VisualStudio.NuGetSolutionRestoreService","version":"0.1"},{"activationArguments":{"needEvents":"True"},"clientCulture":"en-US","clientUICulture":"en-US"}]}Content-Length: 204

{"jsonrpc":"2.0","id":7,"method":"requestServiceChannel","params":[{"name":"Microsoft.VisualStudio.ActiveDocumentsInformationService","version":"0.1"},{"clientCulture":"en-US","clientUICulture":"en-US"}]}
10/28/2024 19:48:43 Central Standard Time : Information : Microsoft.VisualStudio.ProjectSystem.CompositionService-RemoteServiceBrokerServer write: Content-Length: 181

{"jsonrpc":"2.0","id":6,"result":{"requestId":"b25777cf-5d29-4178-8f24-ed7d01fcb0d0","pipeName":"/var/folders/84/68dsmswn3m95t759t37vwxmr0000gn/T/24d7f274f8f444779898fdf90328f57d"}}
10/28/2024 19:48:43 Central Standard Time : Information : Microsoft.VisualStudio.ProjectSystem.CompositionService-RemoteServiceBrokerServer write: Content-Length: 181

{"jsonrpc":"2.0","id":7,"result":{"requestId":"5ab532a9-9b53-4127-b4d0-4105de1bc64c","pipeName":"/var/folders/84/68dsmswn3m95t759t37vwxmr0000gn/T/88e3d7df3feb49de92f74314e0e9aea6"}}
10/28/2024 19:48:43 Central Standard Time : Information : Microsoft.VisualStudio.ProjectSystem.CompositionService-RemoteServiceBrokerServer read: Content-Length: 270

{"jsonrpc":"2.0","id":8,"method":"requestServiceChannel","params":[{"name":"Microsoft.VisualStudio.CpsProjectIconSourceService","version":"0.1"},{"clientCulture":"en-US","clientUICulture":"en-US"}],"traceparent":"00-50aac972563617469065f03f73b91778-a1bd8b57c670bb47-00"}
10/28/2024 19:48:43 Central Standard Time : Information : VsHubClient-hubController write: Content-Length: 354

{"jsonrpc":"2.0","id":12,"method":"requestServiceChannel","params":[{"Name":"Microsoft.VisualStudio.CpsProjectIconSourceService","Version":"0.1"},{"ActivationArguments":{"__servicehub__ServiceHubRemoteServiceBrokerPipeName":"/Users/coycrowder/.ServiceHub/f7eaf2bcc3/5f894d7ec9"},"ClientCredentials":{},"ClientCulture":"en-US","ClientUICulture":"en-US"}]}
10/28/2024 19:48:43 Central Standard Time : Information : VsHubClient-hubController read: Content-Length: 168

{"jsonrpc":"2.0","id":12,"result":{"RequestId":"239dc836-92bb-4f81-bffa-bff02d03b9e7","PipeName":"/Users/coycrowder/.ServiceHub/f7eaf2bcc3/2667a996ff","IsEmpty":false}}
10/28/2024 19:48:43 Central Standard Time : Information : Microsoft.VisualStudio.ProjectSystem.CompositionService-RemoteServiceBrokerServer write: Content-Length: 151

{"jsonrpc":"2.0","id":8,"result":{"requestId":"239dc836-92bb-4f81-bffa-bff02d03b9e7","pipeName":"/Users/coycrowder/.ServiceHub/f7eaf2bcc3/2667a996ff"}}
10/28/2024 19:48:43 Central Standard Time : Information : Disposing ServiceBroker server '/Users/coycrowder/.ServiceHub/f7eaf2bcc3/5f894d7ec9'.
10/28/2024 19:48:43 Central Standard Time : Information : Microsoft.VisualStudio.CpsProjectIconSourceService-RemoteServiceBrokerServer read: Content-Length: 193

{"jsonrpc":"2.0","id":2,"method":"handshake","params":[{"supportedConnections":"IpcPipe","localServiceHost":{"operatingSystem":2,"processArchitecture":1,"runtime":2,"runtimeVersion":"8.0.8"}}]}
10/28/2024 19:48:43 Central Standard Time : Information : Microsoft.VisualStudio.CpsProjectIconSourceService-RemoteServiceBrokerServer write: Content-Length: 38

{"jsonrpc":"2.0","id":2,"result":null}
10/28/2024 19:48:43 Central Standard Time : Information : Microsoft.VisualStudio.CpsProjectIconSourceService-RemoteServiceBrokerServer read: Content-Length: 183

{"jsonrpc":"2.0","id":3,"method":"requestServiceChannel","params":[{"name":"Microsoft.ServiceHub.Framework.AuthorizationService"},{"clientCulture":"en-US","clientUICulture":"en-US"}]}
10/28/2024 19:48:43 Central Standard Time : Information : Microsoft.VisualStudio.CpsProjectIconSourceService-RemoteServiceBrokerServer write: Content-Length: 181

{"jsonrpc":"2.0","id":3,"result":{"requestId":"5bd9da2d-c038-41bd-bdfb-5e8c8e031224","pipeName":"/var/folders/84/68dsmswn3m95t759t37vwxmr0000gn/T/f3aa6737fa8a4668bc06ec493f3756ad"}}
10/28/2024 19:48:45 Central Standard Time : Information : Microsoft.VisualStudio.ProjectSystem.CompositionService-RemoteServiceBrokerServer read: Content-Length: 197

{"jsonrpc":"2.0","id":9,"method":"requestServiceChannel","params":[{"name":"Microsoft.VisualStudio.NoDelay.EnvironmentService","version":"0.1"},{"clientCulture":"en-US","clientUICulture":"en-US"}]}
10/28/2024 19:48:45 Central Standard Time : Information : Microsoft.VisualStudio.ProjectSystem.CompositionService-RemoteServiceBrokerServer write: Content-Length: 181

{"jsonrpc":"2.0","id":9,"result":{"requestId":"8a960ce1-2447-42d6-8b15-84c14161770d","pipeName":"/var/folders/84/68dsmswn3m95t759t37vwxmr0000gn/T/446776d3bc6c4105867d2ca4d7c9660e"}}
10/28/2024 19:48:45 Central Standard Time : Information : Microsoft.VisualStudio.ProjectSystem.CompositionService-RemoteServiceBrokerServer read: Content-Length: 203

{"jsonrpc":"2.0","id":10,"method":"requestServiceChannel","params":[{"name":"Microsoft.VisualStudio.LanguageServices.WorkspaceProjectFactoryService"},{"clientCulture":"en-US","clientUICulture":"en-US"}]}
10/28/2024 19:48:45 Central Standard Time : Information : VsHubClient-hubController write: Content-Length: 375

{"jsonrpc":"2.0","id":13,"method":"requestServiceChannel","params":[{"Name":"Microsoft.VisualStudio.ProjectSystem.ProjectInitializationStatusService","Version":"0.1"},{"ActivationArguments":{"__servicehub__ServiceHubRemoteServiceBrokerPipeName":"/Users/coycrowder/.ServiceHub/f7eaf2bcc3/db60eb84f9"},"ClientCredentials":{},"ClientCulture":"en-US","ClientUICulture":"en-US"}]}
10/28/2024 19:48:45 Central Standard Time : Information : VsHubClient-hubController read: Content-Length: 168

{"jsonrpc":"2.0","id":13,"result":{"RequestId":"8819614d-4b1c-4171-a5b1-da841866a55b","PipeName":"/Users/coycrowder/.ServiceHub/f7eaf2bcc3/f997159c7c","IsEmpty":false}}
10/28/2024 19:48:45 Central Standard Time : Information : Disposing ServiceBroker server '/Users/coycrowder/.ServiceHub/f7eaf2bcc3/db60eb84f9'.
10/28/2024 19:48:45 Central Standard Time : Information : Microsoft.VisualStudio.ProjectSystem.ProjectInitializationStatusService-RemoteServiceBrokerServer read: Content-Length: 193

{"jsonrpc":"2.0","id":2,"method":"handshake","params":[{"supportedConnections":"IpcPipe","localServiceHost":{"operatingSystem":2,"processArchitecture":1,"runtime":2,"runtimeVersion":"8.0.8"}}]}
10/28/2024 19:48:45 Central Standard Time : Information : Microsoft.VisualStudio.ProjectSystem.ProjectInitializationStatusService-RemoteServiceBrokerServer write: Content-Length: 38

{"jsonrpc":"2.0","id":2,"result":null}
10/28/2024 19:48:45 Central Standard Time : Information : Microsoft.VisualStudio.ProjectSystem.CompositionService-RemoteServiceBrokerServer read: Content-Length: 185

{"jsonrpc":"2.0","id":11,"method":"requestServiceChannel","params":[{"name":"Microsoft.VisualStudio.OptionService","version":"0.1"},{"clientCulture":"en-US","clientUICulture":"en-US"}]}
10/28/2024 19:48:45 Central Standard Time : Information : Microsoft.VisualStudio.ProjectSystem.CompositionService-RemoteServiceBrokerServer write: Content-Length: 182

{"jsonrpc":"2.0","id":11,"result":{"requestId":"c9696363-c8cf-445a-a0c6-2d6bc079d1b9","pipeName":"/var/folders/84/68dsmswn3m95t759t37vwxmr0000gn/T/d826ff815f0748bc8269bf70bd98a45a"}}
10/28/2024 19:48:45 Central Standard Time : Information : Microsoft.VisualStudio.ProjectSystem.ProjectInitializationStatusService-RemoteServiceBrokerServer read: Content-Length: 183

{"jsonrpc":"2.0","id":3,"method":"requestServiceChannel","params":[{"name":"Microsoft.ServiceHub.Framework.AuthorizationService"},{"clientCulture":"en-US","clientUICulture":"en-US"}]}
10/28/2024 19:48:45 Central Standard Time : Information : Microsoft.VisualStudio.ProjectSystem.ProjectInitializationStatusService-RemoteServiceBrokerServer write: Content-Length: 181

{"jsonrpc":"2.0","id":3,"result":{"requestId":"79ecf48c-e108-43ec-97f4-a14c1d6339ab","pipeName":"/var/folders/84/68dsmswn3m95t759t37vwxmr0000gn/T/6d2a2bd495e047768a3794e6ef59f024"}}
10/28/2024 19:48:45 Central Standard Time : Information : Microsoft.VisualStudio.ProjectSystem.CompositionService-RemoteServiceBrokerServer write: Content-Length: 182

{"jsonrpc":"2.0","id":10,"result":{"requestId":"5c8cfe37-7c8b-4e08-ae3e-935f6336a63a","pipeName":"/var/folders/84/68dsmswn3m95t759t37vwxmr0000gn/T/e2a441fe4d5c41c4a447395c45778cae"}}
10/28/2024 19:48:47 Central Standard Time : Information : Microsoft.VisualStudio.ProjectSystem.CompositionService-RemoteServiceBrokerServer read: Content-Length: 199

{"jsonrpc":"2.0","id":12,"method":"requestServiceChannel","params":[{"name":"Microsoft.VisualStudio.NuGetSolutionRestoreService","version":"0.1"},{"clientCulture":"en-US","clientUICulture":"en-US"}]}
10/28/2024 19:48:47 Central Standard Time : Information : Microsoft.VisualStudio.ProjectSystem.CompositionService-RemoteServiceBrokerServer write: Content-Length: 182

{"jsonrpc":"2.0","id":12,"result":{"requestId":"74fba5e6-dafb-466b-8ca5-7f1b90cd163d","pipeName":"/var/folders/84/68dsmswn3m95t759t37vwxmr0000gn/T/dac444b301a3408aa428d47da4ba5c50"}}
10/28/2024 19:48:47 Central Standard Time : Information : Microsoft.VisualStudio.ProjectSystem.CompositionService-RemoteServiceBrokerServer read: Content-Length: 250

{"jsonrpc":"2.0","id":13,"method":"requestServiceChannel","params":[{"name":"Microsoft.VisualStudio.LogOutputChannelService","version":"0.1"},{"activationArguments":{"outputChannelName":"Projects"},"clientCulture":"en-US","clientUICulture":"en-US"}]}
10/28/2024 19:48:47 Central Standard Time : Information : Microsoft.VisualStudio.ProjectSystem.CompositionService-RemoteServiceBrokerServer write: Content-Length: 182

{"jsonrpc":"2.0","id":13,"result":{"requestId":"3a9984ed-55ee-4786-8a3a-fdf6d520fefc","pipeName":"/var/folders/84/68dsmswn3m95t759t37vwxmr0000gn/T/961b40fc595c428f99c59d4aa731bb90"}}
10/28/2024 19:48:47 Central Standard Time : Information : VsHubClient-hubController write: Content-Length: 377

{"jsonrpc":"2.0","id":14,"method":"requestServiceChannel","params":[{"Name":"Microsoft.VisualStudio.ProjectSystem.Query.Remoting.QueryExecutionService","Version":"0.3"},{"ActivationArguments":{"__servicehub__ServiceHubRemoteServiceBrokerPipeName":"/Users/coycrowder/.ServiceHub/f7eaf2bcc3/a0695f309c"},"ClientCredentials":{},"ClientCulture":"en-US","ClientUICulture":"en-US"}]}
10/28/2024 19:48:47 Central Standard Time : Information : VsHubClient-hubController read: Content-Length: 168

{"jsonrpc":"2.0","id":14,"result":{"RequestId":"e4c90095-d67d-43d1-836c-abfac52d412b","PipeName":"/Users/coycrowder/.ServiceHub/f7eaf2bcc3/5498c5da0e","IsEmpty":false}}
10/28/2024 19:48:47 Central Standard Time : Information : Disposing ServiceBroker server '/Users/coycrowder/.ServiceHub/f7eaf2bcc3/a0695f309c'.
10/28/2024 19:48:47 Central Standard Time : Information : Microsoft.VisualStudio.ProjectSystem.Query.Remoting.QueryExecutionService-RemoteServiceBrokerServer read: Content-Length: 193

{"jsonrpc":"2.0","id":2,"method":"handshake","params":[{"supportedConnections":"IpcPipe","localServiceHost":{"operatingSystem":2,"processArchitecture":1,"runtime":2,"runtimeVersion":"8.0.8"}}]}
10/28/2024 19:48:47 Central Standard Time : Information : Microsoft.VisualStudio.ProjectSystem.Query.Remoting.QueryExecutionService-RemoteServiceBrokerServer write: Content-Length: 38

{"jsonrpc":"2.0","id":2,"result":null}
10/28/2024 19:48:47 Central Standard Time : Information : Microsoft.VisualStudio.ProjectSystem.Query.Remoting.QueryExecutionService-RemoteServiceBrokerServer read: Content-Length: 183

{"jsonrpc":"2.0","id":3,"method":"requestServiceChannel","params":[{"name":"Microsoft.ServiceHub.Framework.AuthorizationService"},{"clientCulture":"en-US","clientUICulture":"en-US"}]}
10/28/2024 19:48:47 Central Standard Time : Information : Microsoft.VisualStudio.ProjectSystem.Query.Remoting.QueryExecutionService-RemoteServiceBrokerServer write: Content-Length: 181

{"jsonrpc":"2.0","id":3,"result":{"requestId":"92474fe9-ef48-4ccf-99fa-987c4979d323","pipeName":"/var/folders/84/68dsmswn3m95t759t37vwxmr0000gn/T/1ffc45d30ca14a6d9cd9af818516f36a"}}
10/28/2024 20:09:04 Central Standard Time : Information : VsHubClient-hubController JSON RPC has been disposed
10/28/2024 20:09:04 Central Standard Time : Information : VsHubClient-hubController read: end of stream
10/28/2024 20:09:04 Central Standard Time : Information : Microsoft.VisualStudio.ProjectSystem.Query.Remoting.QueryExecutionService-RemoteServiceBrokerServer read: end of stream
10/28/2024 20:09:04 Central Standard Time : Information : Microsoft.VisualStudio.TestWindow.VSCode.Service-RemoteServiceBrokerServer read: end of stream
