11/25/2024 16:17:43 Eastern Standard Time : Information : Local timezone is (UTC-05:00) Eastern Time (New York)
11/25/2024 16:17:43 Eastern Standard Time : Information : Added local RPC method "getPipe" -> Microsoft.VisualStudio.Utilities.ServiceBroker.GlobalBrokeredServiceContainer+View.GetPipeAsync(ServiceMoniker, ServiceActivationOptions, CancellationToken) (Microsoft.VisualStudio.Utilities.ServiceBroker.GlobalBrokeredServiceContainer+View)
11/25/2024 16:17:43 Eastern Standard Time : Information : Added local RPC method "getProxy" -> Microsoft.VisualStudio.Utilities.ServiceBroker.GlobalBrokeredServiceContainer+View.GetProxyAsync(ServiceRpcDescriptor, ServiceActivationOptions, CancellationToken) (Microsoft.VisualStudio.Utilities.ServiceBroker.GlobalBrokeredServiceContainer+View)
11/25/2024 16:17:43 Eastern Standard Time : Information : Added local RPC method "handshake" -> Microsoft.VisualStudio.Utilities.ServiceBroker.GlobalBrokeredServiceContainer+View.HandshakeAsync(ServiceBrokerClientMetadata, CancellationToken) (Microsoft.VisualStudio.Utilities.ServiceBroker.GlobalBrokeredServiceContainer+View)
11/25/2024 16:17:43 Eastern Standard Time : Information : Added local RPC method "requestServiceChannel" -> Microsoft.VisualStudio.Utilities.ServiceBroker.GlobalBrokeredServiceContainer+View.RequestServiceChannelAsync(ServiceMoniker, ServiceActivationOptions, CancellationToken) (Microsoft.VisualStudio.Utilities.ServiceBroker.GlobalBrokeredServiceContainer+View)
11/25/2024 16:17:43 Eastern Standard Time : Information : Added local RPC method "cancelServiceRequest" -> Microsoft.VisualStudio.Utilities.ServiceBroker.GlobalBrokeredServiceContainer+View.CancelServiceRequestAsync(Guid) (Microsoft.VisualStudio.Utilities.ServiceBroker.GlobalBrokeredServiceContainer+View)
11/25/2024 16:17:43 Eastern Standard Time : Information : Added local RPC method "getPipe" -> Microsoft.VisualStudio.Utilities.ServiceBroker.GlobalBrokeredServiceContainer+View.GetPipeAsync(ServiceMoniker, ServiceActivationOptions, CancellationToken) (Microsoft.VisualStudio.Utilities.ServiceBroker.GlobalBrokeredServiceContainer+View)
11/25/2024 16:17:43 Eastern Standard Time : Information : Added local RPC method "getProxy" -> Microsoft.VisualStudio.Utilities.ServiceBroker.GlobalBrokeredServiceContainer+View.GetProxyAsync(ServiceRpcDescriptor, ServiceActivationOptions, CancellationToken) (Microsoft.VisualStudio.Utilities.ServiceBroker.GlobalBrokeredServiceContainer+View)
11/25/2024 16:17:43 Eastern Standard Time : Information : Added local RPC method "handshake" -> Microsoft.VisualStudio.Utilities.ServiceBroker.GlobalBrokeredServiceContainer+View.HandshakeAsync(ServiceBrokerClientMetadata, CancellationToken) (Microsoft.VisualStudio.Utilities.ServiceBroker.GlobalBrokeredServiceContainer+View)
11/25/2024 16:17:43 Eastern Standard Time : Information : Added local RPC method "requestServiceChannel" -> Microsoft.VisualStudio.Utilities.ServiceBroker.GlobalBrokeredServiceContainer+View.RequestServiceChannelAsync(ServiceMoniker, ServiceActivationOptions, CancellationToken) (Microsoft.VisualStudio.Utilities.ServiceBroker.GlobalBrokeredServiceContainer+View)
11/25/2024 16:17:43 Eastern Standard Time : Information : Added local RPC method "cancelServiceRequest" -> Microsoft.VisualStudio.Utilities.ServiceBroker.GlobalBrokeredServiceContainer+View.CancelServiceRequestAsync(Guid) (Microsoft.VisualStudio.Utilities.ServiceBroker.GlobalBrokeredServiceContainer+View)
11/25/2024 16:17:43 Eastern Standard Time: Information : 2 :Listening for events from Microsoft.VisualStudio.Utilities.ServiceBroker.GlobalBrokeredServiceContainer+View.AvailabilityChanged to raise notification.
11/25/2024 16:17:43 Eastern Standard Time: Information : 3 :Listening started.
11/25/2024 16:17:43 Eastern Standard Time: Information : 7 :{"id":2,"method":"handshake"}
11/25/2024 16:17:43 Eastern Standard Time: Information : 6 :Received request "2" for method "handshake".
11/25/2024 16:17:43 Eastern Standard Time: Information : 9 :Invoking Microsoft.VisualStudio.Utilities.ServiceBroker.GlobalBrokeredServiceContainer+View.HandshakeAsync(ServiceBrokerClientMetadata, CancellationToken)
11/25/2024 16:17:43 Eastern Standard Time : Start : handshake
11/25/2024 16:17:43 Eastern Standard Time : Stop : handshake
11/25/2024 16:17:43 Eastern Standard Time: Information : 8 :{"id":2}
11/25/2024 16:17:43 Eastern Standard Time: Information : 7 :{"id":3,"method":"requestServiceChannel"}
11/25/2024 16:17:43 Eastern Standard Time: Information : 6 :Received request "3" for method "requestServiceChannel".
11/25/2024 16:17:43 Eastern Standard Time: Information : 9 :Invoking Microsoft.VisualStudio.Utilities.ServiceBroker.GlobalBrokeredServiceContainer+View.RequestServiceChannelAsync(ServiceMoniker, ServiceActivationOptions, CancellationToken)
11/25/2024 16:17:43 Eastern Standard Time : Start : requestServiceChannel
11/25/2024 16:17:43 Eastern Standard Time : Stop : requestServiceChannel
11/25/2024 16:17:43 Eastern Standard Time: Information : 8 :{"id":3}
11/25/2024 16:17:43 Eastern Standard Time: Information : 7 :{"id":4,"method":"requestServiceChannel"}
11/25/2024 16:17:43 Eastern Standard Time: Information : 6 :Received request "4" for method "requestServiceChannel".
11/25/2024 16:17:43 Eastern Standard Time: Information : 9 :Invoking Microsoft.VisualStudio.Utilities.ServiceBroker.GlobalBrokeredServiceContainer+View.RequestServiceChannelAsync(ServiceMoniker, ServiceActivationOptions, CancellationToken)
11/25/2024 16:17:43 Eastern Standard Time : Transfer : Transfer, relatedActivityId=d0251fb1-233f-4e5a-9920-481a10fa3a3e
11/25/2024 16:17:43 Eastern Standard Time : Start : requestServiceChannel
11/25/2024 16:17:43 Eastern Standard Time : Stop : requestServiceChannel
11/25/2024 16:17:43 Eastern Standard Time : Transfer : Transfer, relatedActivityId=0bdeebeb-0c8f-4114-9cc3-04785ec5d2c4
11/25/2024 16:17:43 Eastern Standard Time: Information : 8 :{"id":4}
11/25/2024 16:17:43 Eastern Standard Time: Information : 7 :{"id":5,"method":"requestServiceChannel"}
11/25/2024 16:17:43 Eastern Standard Time: Information : 6 :Received request "5" for method "requestServiceChannel".
11/25/2024 16:17:43 Eastern Standard Time: Information : 9 :Invoking Microsoft.VisualStudio.Utilities.ServiceBroker.GlobalBrokeredServiceContainer+View.RequestServiceChannelAsync(ServiceMoniker, ServiceActivationOptions, CancellationToken)
11/25/2024 16:17:43 Eastern Standard Time : Transfer : Transfer, relatedActivityId=d0bba743-d490-4f31-8749-d8f08a1aa1f9
11/25/2024 16:17:43 Eastern Standard Time : Start : requestServiceChannel
11/25/2024 16:17:43 Eastern Standard Time : Stop : requestServiceChannel
11/25/2024 16:17:43 Eastern Standard Time : Transfer : Transfer, relatedActivityId=0bdeebeb-0c8f-4114-9cc3-04785ec5d2c4
11/25/2024 16:17:43 Eastern Standard Time: Information : 8 :{"id":5}
