11/21/2024 23:10:10 Central Standard Time : Information : Local timezone is (UTC-06:00) Central Time (Chicago)
11/21/2024 23:10:10 Central Standard Time : Information : Added local RPC method "getPipe" -> Microsoft.VisualStudio.Utilities.ServiceBroker.GlobalBrokeredServiceContainer+View.GetPipeAsync(ServiceMoniker, ServiceActivationOptions, CancellationToken) (Microsoft.VisualStudio.Utilities.ServiceBroker.GlobalBrokeredServiceContainer+View)
11/21/2024 23:10:10 Central Standard Time : Information : Added local RPC method "getProxy" -> Microsoft.VisualStudio.Utilities.ServiceBroker.GlobalBrokeredServiceContainer+View.GetProxyAsync(ServiceRpcDescriptor, ServiceActivationOptions, CancellationToken) (Microsoft.VisualStudio.Utilities.ServiceBroker.GlobalBrokeredServiceContainer+View)
11/21/2024 23:10:10 Central Standard Time : Information : Added local RPC method "handshake" -> Microsoft.VisualStudio.Utilities.ServiceBroker.GlobalBrokeredServiceContainer+View.HandshakeAsync(ServiceBrokerClientMetadata, CancellationToken) (Microsoft.VisualStudio.Utilities.ServiceBroker.GlobalBrokeredServiceContainer+View)
11/21/2024 23:10:10 Central Standard Time : Information : Added local RPC method "requestServiceChannel" -> Microsoft.VisualStudio.Utilities.ServiceBroker.GlobalBrokeredServiceContainer+View.RequestServiceChannelAsync(ServiceMoniker, ServiceActivationOptions, CancellationToken) (Microsoft.VisualStudio.Utilities.ServiceBroker.GlobalBrokeredServiceContainer+View)
11/21/2024 23:10:10 Central Standard Time : Information : Added local RPC method "cancelServiceRequest" -> Microsoft.VisualStudio.Utilities.ServiceBroker.GlobalBrokeredServiceContainer+View.CancelServiceRequestAsync(Guid) (Microsoft.VisualStudio.Utilities.ServiceBroker.GlobalBrokeredServiceContainer+View)
11/21/2024 23:10:10 Central Standard Time : Information : Added local RPC method "getPipe" -> Microsoft.VisualStudio.Utilities.ServiceBroker.GlobalBrokeredServiceContainer+View.GetPipeAsync(ServiceMoniker, ServiceActivationOptions, CancellationToken) (Microsoft.VisualStudio.Utilities.ServiceBroker.GlobalBrokeredServiceContainer+View)
11/21/2024 23:10:10 Central Standard Time : Information : Added local RPC method "getProxy" -> Microsoft.VisualStudio.Utilities.ServiceBroker.GlobalBrokeredServiceContainer+View.GetProxyAsync(ServiceRpcDescriptor, ServiceActivationOptions, CancellationToken) (Microsoft.VisualStudio.Utilities.ServiceBroker.GlobalBrokeredServiceContainer+View)
11/21/2024 23:10:10 Central Standard Time : Information : Added local RPC method "handshake" -> Microsoft.VisualStudio.Utilities.ServiceBroker.GlobalBrokeredServiceContainer+View.HandshakeAsync(ServiceBrokerClientMetadata, CancellationToken) (Microsoft.VisualStudio.Utilities.ServiceBroker.GlobalBrokeredServiceContainer+View)
11/21/2024 23:10:10 Central Standard Time : Information : Added local RPC method "requestServiceChannel" -> Microsoft.VisualStudio.Utilities.ServiceBroker.GlobalBrokeredServiceContainer+View.RequestServiceChannelAsync(ServiceMoniker, ServiceActivationOptions, CancellationToken) (Microsoft.VisualStudio.Utilities.ServiceBroker.GlobalBrokeredServiceContainer+View)
11/21/2024 23:10:10 Central Standard Time : Information : Added local RPC method "cancelServiceRequest" -> Microsoft.VisualStudio.Utilities.ServiceBroker.GlobalBrokeredServiceContainer+View.CancelServiceRequestAsync(Guid) (Microsoft.VisualStudio.Utilities.ServiceBroker.GlobalBrokeredServiceContainer+View)
11/21/2024 23:10:10 Central Standard Time: Information : 2 :Listening for events from Microsoft.VisualStudio.Utilities.ServiceBroker.GlobalBrokeredServiceContainer+View.AvailabilityChanged to raise notification.
11/21/2024 23:10:10 Central Standard Time: Information : 3 :Listening started.
11/21/2024 23:10:10 Central Standard Time: Information : 7 :{"id":2,"method":"handshake"}
11/21/2024 23:10:10 Central Standard Time: Information : 6 :Received request "2" for method "handshake".
11/21/2024 23:10:10 Central Standard Time: Information : 9 :Invoking Microsoft.VisualStudio.Utilities.ServiceBroker.GlobalBrokeredServiceContainer+View.HandshakeAsync(ServiceBrokerClientMetadata, CancellationToken)
11/21/2024 23:10:10 Central Standard Time : Start : handshake
11/21/2024 23:10:10 Central Standard Time : Stop : handshake
11/21/2024 23:10:10 Central Standard Time: Information : 8 :{"id":2}
11/21/2024 23:10:10 Central Standard Time: Information : 7 :{"id":3,"method":"requestServiceChannel"}
11/21/2024 23:10:10 Central Standard Time: Information : 6 :Received request "3" for method "requestServiceChannel".
11/21/2024 23:10:10 Central Standard Time: Information : 9 :Invoking Microsoft.VisualStudio.Utilities.ServiceBroker.GlobalBrokeredServiceContainer+View.RequestServiceChannelAsync(ServiceMoniker, ServiceActivationOptions, CancellationToken)
11/21/2024 23:10:10 Central Standard Time : Start : requestServiceChannel
11/21/2024 23:10:10 Central Standard Time : Stop : requestServiceChannel
11/21/2024 23:10:10 Central Standard Time: Information : 8 :{"id":3}
11/21/2024 23:10:10 Central Standard Time: Information : 7 :{"id":4,"method":"requestServiceChannel"}
11/21/2024 23:10:10 Central Standard Time: Information : 6 :Received request "4" for method "requestServiceChannel".
11/21/2024 23:10:10 Central Standard Time: Information : 9 :Invoking Microsoft.VisualStudio.Utilities.ServiceBroker.GlobalBrokeredServiceContainer+View.RequestServiceChannelAsync(ServiceMoniker, ServiceActivationOptions, CancellationToken)
11/21/2024 23:10:10 Central Standard Time : Transfer : Transfer, relatedActivityId=33d5e0ce-7372-4dd0-bf6c-c1e78b1f3c47
11/21/2024 23:10:10 Central Standard Time : Start : requestServiceChannel
11/21/2024 23:10:10 Central Standard Time : Stop : requestServiceChannel
11/21/2024 23:10:10 Central Standard Time : Transfer : Transfer, relatedActivityId=5c48c739-e432-4083-97ff-89e8433cb3a4
11/21/2024 23:10:10 Central Standard Time: Information : 8 :{"id":4}
