09/26/2024 22:54:36 Central Standard Time : Information : Local timezone is (UTC-06:00) Central Time (Chicago)
09/26/2024 22:54:36 Central Standard Time : Information : Added local RPC method "getPipe" -> Microsoft.VisualStudio.Utilities.ServiceBroker.GlobalBrokeredServiceContainer+View.GetPipeAsync(ServiceMoniker, ServiceActivationOptions, CancellationToken) (Microsoft.VisualStudio.Utilities.ServiceBroker.GlobalBrokeredServiceContainer+View)
09/26/2024 22:54:36 Central Standard Time : Information : Added local RPC method "getProxy" -> Microsoft.VisualStudio.Utilities.ServiceBroker.GlobalBrokeredServiceContainer+View.GetProxyAsync(ServiceRpcDescriptor, ServiceActivationOptions, CancellationToken) (Microsoft.VisualStudio.Utilities.ServiceBroker.GlobalBrokeredServiceContainer+View)
09/26/2024 22:54:36 Central Standard Time : Information : Added local RPC method "handshake" -> Microsoft.VisualStudio.Utilities.ServiceBroker.GlobalBrokeredServiceContainer+View.HandshakeAsync(ServiceBrokerClientMetadata, CancellationToken) (Microsoft.VisualStudio.Utilities.ServiceBroker.GlobalBrokeredServiceContainer+View)
09/26/2024 22:54:36 Central Standard Time : Information : Added local RPC method "requestServiceChannel" -> Microsoft.VisualStudio.Utilities.ServiceBroker.GlobalBrokeredServiceContainer+View.RequestServiceChannelAsync(ServiceMoniker, ServiceActivationOptions, CancellationToken) (Microsoft.VisualStudio.Utilities.ServiceBroker.GlobalBrokeredServiceContainer+View)
09/26/2024 22:54:36 Central Standard Time : Information : Added local RPC method "cancelServiceRequest" -> Microsoft.VisualStudio.Utilities.ServiceBroker.GlobalBrokeredServiceContainer+View.CancelServiceRequestAsync(Guid) (Microsoft.VisualStudio.Utilities.ServiceBroker.GlobalBrokeredServiceContainer+View)
09/26/2024 22:54:36 Central Standard Time : Information : Added local RPC method "getPipe" -> Microsoft.VisualStudio.Utilities.ServiceBroker.GlobalBrokeredServiceContainer+View.GetPipeAsync(ServiceMoniker, ServiceActivationOptions, CancellationToken) (Microsoft.VisualStudio.Utilities.ServiceBroker.GlobalBrokeredServiceContainer+View)
09/26/2024 22:54:36 Central Standard Time : Information : Added local RPC method "getProxy" -> Microsoft.VisualStudio.Utilities.ServiceBroker.GlobalBrokeredServiceContainer+View.GetProxyAsync(ServiceRpcDescriptor, ServiceActivationOptions, CancellationToken) (Microsoft.VisualStudio.Utilities.ServiceBroker.GlobalBrokeredServiceContainer+View)
09/26/2024 22:54:36 Central Standard Time : Information : Added local RPC method "handshake" -> Microsoft.VisualStudio.Utilities.ServiceBroker.GlobalBrokeredServiceContainer+View.HandshakeAsync(ServiceBrokerClientMetadata, CancellationToken) (Microsoft.VisualStudio.Utilities.ServiceBroker.GlobalBrokeredServiceContainer+View)
09/26/2024 22:54:36 Central Standard Time : Information : Added local RPC method "requestServiceChannel" -> Microsoft.VisualStudio.Utilities.ServiceBroker.GlobalBrokeredServiceContainer+View.RequestServiceChannelAsync(ServiceMoniker, ServiceActivationOptions, CancellationToken) (Microsoft.VisualStudio.Utilities.ServiceBroker.GlobalBrokeredServiceContainer+View)
09/26/2024 22:54:36 Central Standard Time : Information : Added local RPC method "cancelServiceRequest" -> Microsoft.VisualStudio.Utilities.ServiceBroker.GlobalBrokeredServiceContainer+View.CancelServiceRequestAsync(Guid) (Microsoft.VisualStudio.Utilities.ServiceBroker.GlobalBrokeredServiceContainer+View)
09/26/2024 22:54:36 Central Standard Time: Information : 2 :Listening for events from Microsoft.VisualStudio.Utilities.ServiceBroker.GlobalBrokeredServiceContainer+View.AvailabilityChanged to raise notification.
09/26/2024 22:54:36 Central Standard Time: Information : 3 :Listening started.
09/26/2024 22:54:36 Central Standard Time: Information : 7 :{"id":2,"method":"handshake"}
09/26/2024 22:54:36 Central Standard Time: Information : 6 :Received request "2" for method "handshake".
09/26/2024 22:54:36 Central Standard Time: Information : 9 :Invoking Microsoft.VisualStudio.Utilities.ServiceBroker.GlobalBrokeredServiceContainer+View.HandshakeAsync(ServiceBrokerClientMetadata, CancellationToken)
09/26/2024 22:54:36 Central Standard Time : Start : handshake
09/26/2024 22:54:36 Central Standard Time : Stop : handshake
09/26/2024 22:54:36 Central Standard Time: Information : 8 :{"id":2}
09/26/2024 22:54:36 Central Standard Time: Information : 7 :{"id":3,"method":"requestServiceChannel"}
09/26/2024 22:54:36 Central Standard Time: Information : 6 :Received request "3" for method "requestServiceChannel".
09/26/2024 22:54:36 Central Standard Time: Information : 9 :Invoking Microsoft.VisualStudio.Utilities.ServiceBroker.GlobalBrokeredServiceContainer+View.RequestServiceChannelAsync(ServiceMoniker, ServiceActivationOptions, CancellationToken)
09/26/2024 22:54:36 Central Standard Time : Start : requestServiceChannel
09/26/2024 22:54:36 Central Standard Time : Stop : requestServiceChannel
09/26/2024 22:54:36 Central Standard Time: Information : 8 :{"id":3}
09/26/2024 22:54:36 Central Standard Time: Information : 7 :{"id":4,"method":"requestServiceChannel"}
09/26/2024 22:54:36 Central Standard Time: Information : 6 :Received request "4" for method "requestServiceChannel".
09/26/2024 22:54:36 Central Standard Time: Information : 9 :Invoking Microsoft.VisualStudio.Utilities.ServiceBroker.GlobalBrokeredServiceContainer+View.RequestServiceChannelAsync(ServiceMoniker, ServiceActivationOptions, CancellationToken)
09/26/2024 22:54:36 Central Standard Time : Transfer : Transfer, relatedActivityId=1332d2f9-d67b-4cca-bd6c-8d272768c4a1
09/26/2024 22:54:36 Central Standard Time : Start : requestServiceChannel
09/26/2024 22:54:36 Central Standard Time : Stop : requestServiceChannel
09/26/2024 22:54:36 Central Standard Time : Transfer : Transfer, relatedActivityId=15504773-19fc-4b15-845c-7cadb50f331d
09/26/2024 22:54:36 Central Standard Time: Information : 8 :{"id":4}
