11/20/2024 00:58:54 Central Standard Time : Information : Local timezone is (UTC-06:00) Central Time (Chicago)
11/20/2024 00:58:54 Central Standard Time : Information : Added local RPC method "getPipe" -> Microsoft.VisualStudio.Utilities.ServiceBroker.GlobalBrokeredServiceContainer+View.GetPipeAsync(ServiceMoniker, ServiceActivationOptions, CancellationToken) (Microsoft.VisualStudio.Utilities.ServiceBroker.GlobalBrokeredServiceContainer+View)
11/20/2024 00:58:54 Central Standard Time : Information : Added local RPC method "getProxy" -> Microsoft.VisualStudio.Utilities.ServiceBroker.GlobalBrokeredServiceContainer+View.GetProxyAsync(ServiceRpcDescriptor, ServiceActivationOptions, CancellationToken) (Microsoft.VisualStudio.Utilities.ServiceBroker.GlobalBrokeredServiceContainer+View)
11/20/2024 00:58:54 Central Standard Time : Information : Added local RPC method "handshake" -> Microsoft.VisualStudio.Utilities.ServiceBroker.GlobalBrokeredServiceContainer+View.HandshakeAsync(ServiceBrokerClientMetadata, CancellationToken) (Microsoft.VisualStudio.Utilities.ServiceBroker.GlobalBrokeredServiceContainer+View)
11/20/2024 00:58:54 Central Standard Time : Information : Added local RPC method "requestServiceChannel" -> Microsoft.VisualStudio.Utilities.ServiceBroker.GlobalBrokeredServiceContainer+View.RequestServiceChannelAsync(ServiceMoniker, ServiceActivationOptions, CancellationToken) (Microsoft.VisualStudio.Utilities.ServiceBroker.GlobalBrokeredServiceContainer+View)
11/20/2024 00:58:54 Central Standard Time : Information : Added local RPC method "cancelServiceRequest" -> Microsoft.VisualStudio.Utilities.ServiceBroker.GlobalBrokeredServiceContainer+View.CancelServiceRequestAsync(Guid) (Microsoft.VisualStudio.Utilities.ServiceBroker.GlobalBrokeredServiceContainer+View)
11/20/2024 00:58:54 Central Standard Time : Information : Added local RPC method "getPipe" -> Microsoft.VisualStudio.Utilities.ServiceBroker.GlobalBrokeredServiceContainer+View.GetPipeAsync(ServiceMoniker, ServiceActivationOptions, CancellationToken) (Microsoft.VisualStudio.Utilities.ServiceBroker.GlobalBrokeredServiceContainer+View)
11/20/2024 00:58:54 Central Standard Time : Information : Added local RPC method "getProxy" -> Microsoft.VisualStudio.Utilities.ServiceBroker.GlobalBrokeredServiceContainer+View.GetProxyAsync(ServiceRpcDescriptor, ServiceActivationOptions, CancellationToken) (Microsoft.VisualStudio.Utilities.ServiceBroker.GlobalBrokeredServiceContainer+View)
11/20/2024 00:58:54 Central Standard Time : Information : Added local RPC method "handshake" -> Microsoft.VisualStudio.Utilities.ServiceBroker.GlobalBrokeredServiceContainer+View.HandshakeAsync(ServiceBrokerClientMetadata, CancellationToken) (Microsoft.VisualStudio.Utilities.ServiceBroker.GlobalBrokeredServiceContainer+View)
11/20/2024 00:58:54 Central Standard Time : Information : Added local RPC method "requestServiceChannel" -> Microsoft.VisualStudio.Utilities.ServiceBroker.GlobalBrokeredServiceContainer+View.RequestServiceChannelAsync(ServiceMoniker, ServiceActivationOptions, CancellationToken) (Microsoft.VisualStudio.Utilities.ServiceBroker.GlobalBrokeredServiceContainer+View)
11/20/2024 00:58:54 Central Standard Time : Information : Added local RPC method "cancelServiceRequest" -> Microsoft.VisualStudio.Utilities.ServiceBroker.GlobalBrokeredServiceContainer+View.CancelServiceRequestAsync(Guid) (Microsoft.VisualStudio.Utilities.ServiceBroker.GlobalBrokeredServiceContainer+View)
11/20/2024 00:58:54 Central Standard Time: Information : 2 :Listening for events from Microsoft.VisualStudio.Utilities.ServiceBroker.GlobalBrokeredServiceContainer+View.AvailabilityChanged to raise notification.
11/20/2024 00:58:54 Central Standard Time: Information : 3 :Listening started.
11/20/2024 00:58:54 Central Standard Time: Information : 7 :{"id":2,"method":"handshake"}
11/20/2024 00:58:54 Central Standard Time: Information : 6 :Received request "2" for method "handshake".
11/20/2024 00:58:54 Central Standard Time: Information : 9 :Invoking Microsoft.VisualStudio.Utilities.ServiceBroker.GlobalBrokeredServiceContainer+View.HandshakeAsync(ServiceBrokerClientMetadata, CancellationToken)
11/20/2024 00:58:54 Central Standard Time : Start : handshake
11/20/2024 00:58:54 Central Standard Time : Stop : handshake
11/20/2024 00:58:54 Central Standard Time: Information : 8 :{"id":2}
11/20/2024 00:58:54 Central Standard Time: Information : 7 :{"id":3,"method":"requestServiceChannel"}
11/20/2024 00:58:54 Central Standard Time: Information : 6 :Received request "3" for method "requestServiceChannel".
11/20/2024 00:58:54 Central Standard Time: Information : 9 :Invoking Microsoft.VisualStudio.Utilities.ServiceBroker.GlobalBrokeredServiceContainer+View.RequestServiceChannelAsync(ServiceMoniker, ServiceActivationOptions, CancellationToken)
11/20/2024 00:58:54 Central Standard Time : Start : requestServiceChannel
11/20/2024 00:58:54 Central Standard Time : Stop : requestServiceChannel
11/20/2024 00:58:54 Central Standard Time: Information : 8 :{"id":3}
11/20/2024 00:58:54 Central Standard Time: Information : 7 :{"id":5,"method":"requestServiceChannel"}
11/20/2024 00:58:54 Central Standard Time: Information : 6 :Received request "5" for method "requestServiceChannel".
11/20/2024 00:58:54 Central Standard Time: Information : 9 :Invoking Microsoft.VisualStudio.Utilities.ServiceBroker.GlobalBrokeredServiceContainer+View.RequestServiceChannelAsync(ServiceMoniker, ServiceActivationOptions, CancellationToken)
11/20/2024 00:58:54 Central Standard Time : Transfer : Transfer, relatedActivityId=e735de25-2213-4d83-8ab0-e8c0a89ccfbc
11/20/2024 00:58:54 Central Standard Time : Start : requestServiceChannel
11/20/2024 00:58:54 Central Standard Time: Information : 7 :{"id":4,"method":"requestServiceChannel"}
11/20/2024 00:58:54 Central Standard Time: Information : 6 :Received request "4" for method "requestServiceChannel".
11/20/2024 00:58:54 Central Standard Time: Information : 9 :Invoking Microsoft.VisualStudio.Utilities.ServiceBroker.GlobalBrokeredServiceContainer+View.RequestServiceChannelAsync(ServiceMoniker, ServiceActivationOptions, CancellationToken)
11/20/2024 00:58:54 Central Standard Time : Stop : requestServiceChannel
11/20/2024 00:58:54 Central Standard Time : Transfer : Transfer, relatedActivityId=748b0a60-cb13-482a-8a13-ece9ada8bfba
11/20/2024 00:58:54 Central Standard Time : Transfer : Transfer, relatedActivityId=109c3e99-6637-4216-a524-f6c7f7b92d2f
11/20/2024 00:58:54 Central Standard Time : Start : requestServiceChannel
11/20/2024 00:58:54 Central Standard Time: Information : 8 :{"id":5}
11/20/2024 00:58:54 Central Standard Time : Stop : requestServiceChannel
11/20/2024 00:58:54 Central Standard Time : Transfer : Transfer, relatedActivityId=b07176fd-5b0d-443f-b6e0-8e968dec1d58
11/20/2024 00:58:54 Central Standard Time: Information : 8 :{"id":4}
