11/20/2024 01:04:28 Central Standard Time : Information : Local timezone is (UTC-06:00) Central Time (Chicago)
11/20/2024 01:04:28 Central Standard Time : Information : Added local RPC method "getPipe" -> Microsoft.VisualStudio.Utilities.ServiceBroker.GlobalBrokeredServiceContainer+View.GetPipeAsync(ServiceMoniker, ServiceActivationOptions, CancellationToken) (Microsoft.VisualStudio.Utilities.ServiceBroker.GlobalBrokeredServiceContainer+View)
11/20/2024 01:04:28 Central Standard Time : Information : Added local RPC method "getProxy" -> Microsoft.VisualStudio.Utilities.ServiceBroker.GlobalBrokeredServiceContainer+View.GetProxyAsync(ServiceRpcDescriptor, ServiceActivationOptions, CancellationToken) (Microsoft.VisualStudio.Utilities.ServiceBroker.GlobalBrokeredServiceContainer+View)
11/20/2024 01:04:28 Central Standard Time : Information : Added local RPC method "handshake" -> Microsoft.VisualStudio.Utilities.ServiceBroker.GlobalBrokeredServiceContainer+View.HandshakeAsync(ServiceBrokerClientMetadata, CancellationToken) (Microsoft.VisualStudio.Utilities.ServiceBroker.GlobalBrokeredServiceContainer+View)
11/20/2024 01:04:28 Central Standard Time : Information : Added local RPC method "requestServiceChannel" -> Microsoft.VisualStudio.Utilities.ServiceBroker.GlobalBrokeredServiceContainer+View.RequestServiceChannelAsync(ServiceMoniker, ServiceActivationOptions, CancellationToken) (Microsoft.VisualStudio.Utilities.ServiceBroker.GlobalBrokeredServiceContainer+View)
11/20/2024 01:04:28 Central Standard Time : Information : Added local RPC method "cancelServiceRequest" -> Microsoft.VisualStudio.Utilities.ServiceBroker.GlobalBrokeredServiceContainer+View.CancelServiceRequestAsync(Guid) (Microsoft.VisualStudio.Utilities.ServiceBroker.GlobalBrokeredServiceContainer+View)
11/20/2024 01:04:28 Central Standard Time : Information : Added local RPC method "getPipe" -> Microsoft.VisualStudio.Utilities.ServiceBroker.GlobalBrokeredServiceContainer+View.GetPipeAsync(ServiceMoniker, ServiceActivationOptions, CancellationToken) (Microsoft.VisualStudio.Utilities.ServiceBroker.GlobalBrokeredServiceContainer+View)
11/20/2024 01:04:28 Central Standard Time : Information : Added local RPC method "getProxy" -> Microsoft.VisualStudio.Utilities.ServiceBroker.GlobalBrokeredServiceContainer+View.GetProxyAsync(ServiceRpcDescriptor, ServiceActivationOptions, CancellationToken) (Microsoft.VisualStudio.Utilities.ServiceBroker.GlobalBrokeredServiceContainer+View)
11/20/2024 01:04:28 Central Standard Time : Information : Added local RPC method "handshake" -> Microsoft.VisualStudio.Utilities.ServiceBroker.GlobalBrokeredServiceContainer+View.HandshakeAsync(ServiceBrokerClientMetadata, CancellationToken) (Microsoft.VisualStudio.Utilities.ServiceBroker.GlobalBrokeredServiceContainer+View)
11/20/2024 01:04:28 Central Standard Time : Information : Added local RPC method "requestServiceChannel" -> Microsoft.VisualStudio.Utilities.ServiceBroker.GlobalBrokeredServiceContainer+View.RequestServiceChannelAsync(ServiceMoniker, ServiceActivationOptions, CancellationToken) (Microsoft.VisualStudio.Utilities.ServiceBroker.GlobalBrokeredServiceContainer+View)
11/20/2024 01:04:28 Central Standard Time : Information : Added local RPC method "cancelServiceRequest" -> Microsoft.VisualStudio.Utilities.ServiceBroker.GlobalBrokeredServiceContainer+View.CancelServiceRequestAsync(Guid) (Microsoft.VisualStudio.Utilities.ServiceBroker.GlobalBrokeredServiceContainer+View)
11/20/2024 01:04:28 Central Standard Time: Information : 2 :Listening for events from Microsoft.VisualStudio.Utilities.ServiceBroker.GlobalBrokeredServiceContainer+View.AvailabilityChanged to raise notification.
11/20/2024 01:04:28 Central Standard Time: Information : 3 :Listening started.
11/20/2024 01:04:28 Central Standard Time: Information : 7 :{"id":2,"method":"handshake"}
11/20/2024 01:04:28 Central Standard Time: Information : 6 :Received request "2" for method "handshake".
11/20/2024 01:04:28 Central Standard Time: Information : 9 :Invoking Microsoft.VisualStudio.Utilities.ServiceBroker.GlobalBrokeredServiceContainer+View.HandshakeAsync(ServiceBrokerClientMetadata, CancellationToken)
11/20/2024 01:04:28 Central Standard Time : Start : handshake
11/20/2024 01:04:28 Central Standard Time : Stop : handshake
11/20/2024 01:04:28 Central Standard Time: Information : 8 :{"id":2}
11/20/2024 01:04:28 Central Standard Time: Information : 7 :{"id":3,"method":"requestServiceChannel"}
11/20/2024 01:04:28 Central Standard Time: Information : 6 :Received request "3" for method "requestServiceChannel".
11/20/2024 01:04:28 Central Standard Time: Information : 9 :Invoking Microsoft.VisualStudio.Utilities.ServiceBroker.GlobalBrokeredServiceContainer+View.RequestServiceChannelAsync(ServiceMoniker, ServiceActivationOptions, CancellationToken)
11/20/2024 01:04:28 Central Standard Time : Start : requestServiceChannel
11/20/2024 01:04:28 Central Standard Time : Stop : requestServiceChannel
11/20/2024 01:04:28 Central Standard Time: Information : 8 :{"id":3}
11/20/2024 01:04:28 Central Standard Time: Information : 7 :{"id":4,"method":"requestServiceChannel"}
11/20/2024 01:04:28 Central Standard Time: Information : 6 :Received request "4" for method "requestServiceChannel".
11/20/2024 01:04:28 Central Standard Time: Information : 9 :Invoking Microsoft.VisualStudio.Utilities.ServiceBroker.GlobalBrokeredServiceContainer+View.RequestServiceChannelAsync(ServiceMoniker, ServiceActivationOptions, CancellationToken)
11/20/2024 01:04:28 Central Standard Time : Transfer : Transfer, relatedActivityId=37e445b6-f272-4aa2-b049-4c4407fbca97
11/20/2024 01:04:28 Central Standard Time : Start : requestServiceChannel
11/20/2024 01:04:28 Central Standard Time : Stop : requestServiceChannel
11/20/2024 01:04:28 Central Standard Time : Transfer : Transfer, relatedActivityId=4253cc07-a1b3-4a53-8507-3dba1faeda38
11/20/2024 01:04:28 Central Standard Time: Information : 8 :{"id":4}
11/20/2024 01:04:28 Central Standard Time: Information : 7 :{"id":5,"method":"requestServiceChannel"}
11/20/2024 01:04:28 Central Standard Time: Information : 6 :Received request "5" for method "requestServiceChannel".
11/20/2024 01:04:28 Central Standard Time: Information : 9 :Invoking Microsoft.VisualStudio.Utilities.ServiceBroker.GlobalBrokeredServiceContainer+View.RequestServiceChannelAsync(ServiceMoniker, ServiceActivationOptions, CancellationToken)
11/20/2024 01:04:28 Central Standard Time : Transfer : Transfer, relatedActivityId=dba6f21b-0654-49b4-81d8-17611494a947
11/20/2024 01:04:28 Central Standard Time : Start : requestServiceChannel
11/20/2024 01:04:28 Central Standard Time : Stop : requestServiceChannel
11/20/2024 01:04:28 Central Standard Time : Transfer : Transfer, relatedActivityId=4253cc07-a1b3-4a53-8507-3dba1faeda38
11/20/2024 01:04:28 Central Standard Time: Information : 8 :{"id":5}
