12/18/2024 18:13:12 Eastern Standard Time : Information : Local timezone is (UTC-05:00) Eastern Time (New York)
12/18/2024 18:13:12 Eastern Standard Time : Information : Service Hub .NET service module host started. Host id: dotnet.projectSystem$C94B8CFE-E3FD-4BAF-A941-2866DBB566FE. Controller pipe: net.pipe://752199F7A6. PID: 75238
12/18/2024 18:13:12 Eastern Standard Time : Information : hubHostClr read: Content-Length: 116

{"jsonrpc":"2.0","id":2,"method":"InitializeHostAsync","params":[{"HostsRootDirectory":".","AppConfigFallback":""}]}
12/18/2024 18:13:12 Eastern Standard Time : Information : hubHostClr write: Content-Length: 93

{"jsonrpc":"2.0","id":2,"result":"dotnet.projectSystem$C94B8CFE-E3FD-4BAF-A941-2866DBB566FE"}
12/18/2024 18:13:12 Eastern Standard Time : Information : hubHostClr read: Content-Length: 1061

{"jsonrpc":"2.0","id":3,"method":"StartServiceAsync","params":[{"name":"Microsoft.VisualStudio.ProjectSystem.Query.Remoting.QueryExecutionService","host":"dotnet.projectSystem","hostId":"C94B8CFE-E3FD-4BAF-A941-2866DBB566FE","serviceBaseDirectory":"/Users/coycrowder/.vscode/extensions/ms-dotnettools.csdevkit-1.14.14-darwin-x64/components/CPS/platforms/darwin-x64/node_modules/@microsoft/visualstudio-projectsystem-server.darwin-x64","entryPoint":{"assemblyPath":"/Users/coycrowder/.vscode/extensions/ms-dotnettools.csdevkit-1.14.14-darwin-x64/components/CPS/platforms/darwin-x64/node_modules/@microsoft/visualstudio-projectsystem-server.darwin-x64/Microsoft.VisualStudio.ProjectSystem.Server.Implementation.dll","fullClassName":"Microsoft.VisualStudio.ProjectSystem.Server.QueryExecutionServiceFactory"}},{"ActivationArguments":{"__servicehub__ServiceHubRemoteServiceBrokerPipeName":"/Users/coycrowder/.ServiceHub/a821d36165/29536e548e","__servicehub__RequestedServiceVersion":"0.3"},"ClientCredentials":{},"ClientCulture":"en-US","ClientUICulture":"en-US"}]}Content-Length: 996

{"jsonrpc":"2.0","id":5,"method":"StartServiceAsync","params":[{"name":"Microsoft.VisualStudio.LaunchConfigurationService","host":"dotnet.projectSystem","hostId":"C94B8CFE-E3FD-4BAF-A941-2866DBB566FE","serviceBaseDirectory":"/Users/coycrowder/.vscode/extensions/ms-dotnettools.csdevkit-1.14.14-darwin-x64/components/CPS/platforms/darwin-x64/node_modules/@microsoft/visualstudio-projectsystem-server.darwin-x64","entryPoint":{"assemblyPath":"/Users/coycrowder/.vscode/extensions/ms-dotnettools.csdevkit-1.14.14-darwin-x64/components/CPS/platforms/darwin-x64/node_modules/@microsoft/visualstudio-projectsystem-server.darwin-x64/Microsoft.VisualStudio.ProjectSystem.Server.Implementation.dll","fullClassName":"Microsoft.VisualStudio.ProjectSystem.Server.LaunchConfigurationServiceFactory"}},{"ActivationArguments":{"__servicehub__ServiceHubRemoteServiceBrokerPipeName":"/Users/coycrowder/.ServiceHub/a821d36165/c4ea97630a"},"ClientCredentials":{},"ClientCulture":"en-US","ClientUICulture":"en-US"}]}Content-Length: 1042

{"jsonrpc":"2.0","id":4,"method":"StartServiceAsync","params":[{"name":"Microsoft.VisualStudio.ProjectSystem.ProjectTreeProvider","host":"dotnet.projectSystem","hostId":"C94B8CFE-E3FD-4BAF-A941-2866DBB566FE","serviceBaseDirectory":"/Users/coycrowder/.vscode/extensions/ms-dotnettools.csdevkit-1.14.14-darwin-x64/components/CPS/platforms/darwin-x64/node_modules/@microsoft/visualstudio-projectsystem-server.darwin-x64","entryPoint":{"assemblyPath":"/Users/coycrowder/.vscode/extensions/ms-dotnettools.csdevkit-1.14.14-darwin-x64/components/CPS/platforms/darwin-x64/node_modules/@microsoft/visualstudio-projectsystem-server.darwin-x64/Microsoft.VisualStudio.ProjectSystem.Server.Implementation.dll","fullClassName":"Microsoft.VisualStudio.ProjectSystem.Server.ProjectTreeProviderFactory"}},{"ActivationArguments":{"__servicehub__ServiceHubRemoteServiceBrokerPipeName":"/Users/coycrowder/.ServiceHub/a821d36165/15efb2c4ac","__servicehub__RequestedServiceVersion":"0.1"},"ClientCredentials":{},"ClientCulture":"en-US","ClientUICulture":"en-US"}]}Content-Length: 1072

{"jsonrpc":"2.0","id":6,"method":"StartServiceAsync","params":[{"name":"Microsoft.VisualStudio.ProjectSystem.ProjectInitializationStatusService","host":"dotnet.projectSystem","hostId":"C94B8CFE-E3FD-4BAF-A941-2866DBB566FE","serviceBaseDirectory":"/Users/coycrowder/.vscode/extensions/ms-dotnettools.csdevkit-1.14.14-darwin-x64/components/CPS/platforms/darwin-x64/node_modules/@microsoft/visualstudio-projectsystem-server.darwin-x64","entryPoint":{"assemblyPath":"/Users/coycrowder/.vscode/extensions/ms-dotnettools.csdevkit-1.14.14-darwin-x64/components/CPS/platforms/darwin-x64/node_modules/@microsoft/visualstudio-projectsystem-server.darwin-x64/Microsoft.VisualStudio.ProjectSystem.Server.Implementation.dll","fullClassName":"Microsoft.VisualStudio.ProjectSystem.Server.ProjectInitializationStatusServiceFactory"}},{"ActivationArguments":{"__servicehub__ServiceHubRemoteServiceBrokerPipeName":"/User
12/18/2024 18:13:12 Eastern Standard Time : Information : CLR host received start request for service 'Microsoft.VisualStudio.ProjectSystem.Query.Remoting.QueryExecutionService'
12/18/2024 18:13:12 Eastern Standard Time : Information : hubHostClr read: s/coycrowder/.ServiceHub/a821d36165/2e8245ddbc","__servicehub__RequestedServiceVersion":"0.1"},"ClientCredentials":{},"ClientCulture":"en-US","ClientUICulture":"en-US"}]}
12/18/2024 18:13:12 Eastern Standard Time : Information : Loading service module assembly '/Users/coycrowder/.vscode/extensions/ms-dotnettools.csdevkit-1.14.14-darwin-x64/components/CPS/platforms/darwin-x64/node_modules/@microsoft/visualstudio-projectsystem-server.darwin-x64/Microsoft.VisualStudio.ProjectSystem.Server.Implementation.dll' from '/Users/coycrowder/.vscode/extensions/ms-dotnettools.csdevkit-1.14.14-darwin-x64/components/CPS/platforms/darwin-x64/node_modules/@microsoft/visualstudio-projectsystem-server.darwin-x64'
12/18/2024 18:13:12 Eastern Standard Time : Information : Starting service module 'Microsoft.VisualStudio.ProjectSystem.Query.Remoting.QueryExecutionService'. Class: Microsoft.VisualStudio.ProjectSystem.Server.QueryExecutionServiceFactory, Supported Version: 
12/18/2024 18:13:12 Eastern Standard Time : Information : Started service 'Microsoft.VisualStudio.ProjectSystem.Query.Remoting.QueryExecutionService'. Pipe name: /Users/coycrowder/.ServiceHub/a821d36165/bac730c994, Supported Version: 
12/18/2024 18:13:12 Eastern Standard Time : Information : CLR host received start request for service 'Microsoft.VisualStudio.LaunchConfigurationService'
12/18/2024 18:13:12 Eastern Standard Time : Information : Loading service module assembly '/Users/coycrowder/.vscode/extensions/ms-dotnettools.csdevkit-1.14.14-darwin-x64/components/CPS/platforms/darwin-x64/node_modules/@microsoft/visualstudio-projectsystem-server.darwin-x64/Microsoft.VisualStudio.ProjectSystem.Server.Implementation.dll' from '/Users/coycrowder/.vscode/extensions/ms-dotnettools.csdevkit-1.14.14-darwin-x64/components/CPS/platforms/darwin-x64/node_modules/@microsoft/visualstudio-projectsystem-server.darwin-x64'
12/18/2024 18:13:12 Eastern Standard Time : Information : Starting service module 'Microsoft.VisualStudio.LaunchConfigurationService'. Class: Microsoft.VisualStudio.ProjectSystem.Server.LaunchConfigurationServiceFactory, Supported Version: 
12/18/2024 18:13:12 Eastern Standard Time : Information : hubHostClr write: Content-Length: 87

{"jsonrpc":"2.0","id":3,"result":"/Users/coycrowder/.ServiceHub/a821d36165/bac730c994"}
12/18/2024 18:13:12 Eastern Standard Time : Information : Started service 'Microsoft.VisualStudio.LaunchConfigurationService'. Pipe name: /Users/coycrowder/.ServiceHub/a821d36165/ece05bd2d8, Supported Version: 
12/18/2024 18:13:12 Eastern Standard Time : Information : CLR host received start request for service 'Microsoft.VisualStudio.ProjectSystem.ProjectTreeProvider'
12/18/2024 18:13:12 Eastern Standard Time : Information : Loading service module assembly '/Users/coycrowder/.vscode/extensions/ms-dotnettools.csdevkit-1.14.14-darwin-x64/components/CPS/platforms/darwin-x64/node_modules/@microsoft/visualstudio-projectsystem-server.darwin-x64/Microsoft.VisualStudio.ProjectSystem.Server.Implementation.dll' from '/Users/coycrowder/.vscode/extensions/ms-dotnettools.csdevkit-1.14.14-darwin-x64/components/CPS/platforms/darwin-x64/node_modules/@microsoft/visualstudio-projectsystem-server.darwin-x64'
12/18/2024 18:13:12 Eastern Standard Time : Information : Starting service module 'Microsoft.VisualStudio.ProjectSystem.ProjectTreeProvider'. Class: Microsoft.VisualStudio.ProjectSystem.Server.ProjectTreeProviderFactory, Supported Version: 
12/18/2024 18:13:12 Eastern Standard Time : Information : Started service 'Microsoft.VisualStudio.ProjectSystem.ProjectTreeProvider'. Pipe name: /Users/coycrowder/.ServiceHub/a821d36165/c59ad537e8, Supported Version: 
12/18/2024 18:13:12 Eastern Standard Time : Information : hubHostClr write: Content-Length: 87

{"jsonrpc":"2.0","id":5,"result":"/Users/coycrowder/.ServiceHub/a821d36165/ece05bd2d8"}
12/18/2024 18:13:12 Eastern Standard Time : Information : hubHostClr write: Content-Length: 87

{"jsonrpc":"2.0","id":4,"result":"/Users/coycrowder/.ServiceHub/a821d36165/c59ad537e8"}
12/18/2024 18:13:12 Eastern Standard Time : Information : CLR host received start request for service 'Microsoft.VisualStudio.ProjectSystem.ProjectInitializationStatusService'
12/18/2024 18:13:12 Eastern Standard Time : Information : Loading service module assembly '/Users/coycrowder/.vscode/extensions/ms-dotnettools.csdevkit-1.14.14-darwin-x64/components/CPS/platforms/darwin-x64/node_modules/@microsoft/visualstudio-projectsystem-server.darwin-x64/Microsoft.VisualStudio.ProjectSystem.Server.Implementation.dll' from '/Users/coycrowder/.vscode/extensions/ms-dotnettools.csdevkit-1.14.14-darwin-x64/components/CPS/platforms/darwin-x64/node_modules/@microsoft/visualstudio-projectsystem-server.darwin-x64'
12/18/2024 18:13:12 Eastern Standard Time : Information : Starting service module 'Microsoft.VisualStudio.ProjectSystem.ProjectInitializationStatusService'. Class: Microsoft.VisualStudio.ProjectSystem.Server.ProjectInitializationStatusServiceFactory, Supported Version: 
12/18/2024 18:13:12 Eastern Standard Time : Information : Started service 'Microsoft.VisualStudio.ProjectSystem.ProjectInitializationStatusService'. Pipe name: /Users/coycrowder/.ServiceHub/a821d36165/6a225ac735, Supported Version: 
12/18/2024 18:13:12 Eastern Standard Time : Information : hubHostClr write: Content-Length: 87

{"jsonrpc":"2.0","id":6,"result":"/Users/coycrowder/.ServiceHub/a821d36165/6a225ac735"}
12/18/2024 18:13:13 Eastern Standard Time : Information : A new client connected to CLR service module 'Microsoft.VisualStudio.ProjectSystem.ProjectInitializationStatusService'
12/18/2024 18:13:13 Eastern Standard Time : Information : A new client connected to CLR service module 'Microsoft.VisualStudio.LaunchConfigurationService'
12/18/2024 18:13:13 Eastern Standard Time : Information : A new client connected to CLR service module 'Microsoft.VisualStudio.ProjectSystem.Query.Remoting.QueryExecutionService'
12/18/2024 18:13:13 Eastern Standard Time : Information : A new client connected to CLR service module 'Microsoft.VisualStudio.ProjectSystem.ProjectTreeProvider'
12/18/2024 18:13:13 Eastern Standard Time : Information : hubHostClr write: Content-Length: 124

{"jsonrpc":"2.0","method":"HostServicesStartedAsync","params":["dotnet.projectSystem$C94B8CFE-E3FD-4BAF-A941-2866DBB566FE"]}
12/18/2024 18:13:13 Eastern Standard Time : Information : Found FactoryVersion=Version2 for service : Microsoft.VisualStudio.LaunchConfigurationService.
12/18/2024 18:13:13 Eastern Standard Time : Information : Service 'Microsoft.VisualStudio.ProjectSystem.Server.LaunchConfigurationServiceFactory' implements IServiceHubServiceFactory. Creating factory instance and caching it.
12/18/2024 18:13:13 Eastern Standard Time : Information : Found FactoryVersion=Version2 for service : Microsoft.VisualStudio.ProjectSystem.ProjectInitializationStatusService.
12/18/2024 18:13:13 Eastern Standard Time : Information : Service 'Microsoft.VisualStudio.ProjectSystem.Server.ProjectInitializationStatusServiceFactory' implements IServiceHubServiceFactory. Creating factory instance and caching it.
12/18/2024 18:13:13 Eastern Standard Time : Information : Found FactoryVersion=Version2 for service : Microsoft.VisualStudio.ProjectSystem.ProjectTreeProvider.
12/18/2024 18:13:13 Eastern Standard Time : Information : Service 'Microsoft.VisualStudio.ProjectSystem.Server.ProjectTreeProviderFactory' implements IServiceHubServiceFactory. Creating factory instance and caching it.
12/18/2024 18:13:13 Eastern Standard Time : Information : Found FactoryVersion=Version2 for service : Microsoft.VisualStudio.ProjectSystem.Query.Remoting.QueryExecutionService.
12/18/2024 18:13:13 Eastern Standard Time : Information : Service 'Microsoft.VisualStudio.ProjectSystem.Server.QueryExecutionServiceFactory' implements IServiceHubServiceFactory. Creating factory instance and caching it.
12/18/2024 18:13:13 Eastern Standard Time : Information : Creating service Microsoft.VisualStudio.ProjectSystem.Server.LaunchConfigurationServiceFactory from factory with FactoryVersion=Version2 and ClientRequestedVersion=.
12/18/2024 18:13:13 Eastern Standard Time : Information : Creating service Microsoft.VisualStudio.ProjectSystem.Server.ProjectInitializationStatusServiceFactory from factory with FactoryVersion=Version2 and ClientRequestedVersion=0.1.
12/18/2024 18:13:13 Eastern Standard Time : Information : Creating service Microsoft.VisualStudio.ProjectSystem.Server.ProjectTreeProviderFactory from factory with FactoryVersion=Version2 and ClientRequestedVersion=0.1.
12/18/2024 18:13:13 Eastern Standard Time : Information : Creating service Microsoft.VisualStudio.ProjectSystem.Server.QueryExecutionServiceFactory from factory with FactoryVersion=Version2 and ClientRequestedVersion=0.3.
12/18/2024 18:13:13 Eastern Standard Time : Information : Setting up RPC connection for service 'Microsoft.VisualStudio.ProjectSystem.Server.ProjectTreeProviderFactory' from factory
12/18/2024 18:13:13 Eastern Standard Time : Information : Setting up RPC connection for service 'Microsoft.VisualStudio.ProjectSystem.Server.QueryExecutionServiceFactory' from factory
12/18/2024 18:13:13 Eastern Standard Time : Information : Setting up RPC connection for service 'Microsoft.VisualStudio.ProjectSystem.Server.ProjectInitializationStatusServiceFactory' from factory
12/18/2024 18:13:13 Eastern Standard Time : Information : Setting up RPC connection for service 'Microsoft.VisualStudio.ProjectSystem.Server.LaunchConfigurationServiceFactory' from factory
12/18/2024 18:13:13 Eastern Standard Time : Information : hubHostClr read: Content-Length: 1040

{"jsonrpc":"2.0","id":7,"method":"StartServiceAsync","params":[{"name":"Microsoft.VisualStudio.ProjectSystem.CompositionService","host":"dotnet.projectSystem","hostId":"C94B8CFE-E3FD-4BAF-A941-2866DBB566FE","serviceBaseDirectory":"/Users/coycrowder/.vscode/extensions/ms-dotnettools.csdevkit-1.14.14-darwin-x64/components/CPS/platforms/darwin-x64/node_modules/@microsoft/visualstudio-projectsystem-server.darwin-x64","entryPoint":{"assemblyPath":"/Users/coycrowder/.vscode/extensions/ms-dotnettools.csdevkit-1.14.14-darwin-x64/components/CPS/platforms/darwin-x64/node_modules/@microsoft/visualstudio-projectsystem-server.darwin-x64/Microsoft.VisualStudio.ProjectSystem.Server.Implementation.dll","fullClassName":"Microsoft.VisualStudio.ProjectSystem.Server.CompositionServiceFactory"}},{"ActivationArguments":{"__servicehub__ServiceHubRemoteServiceBrokerPipeName":"/Users/coycrowder/.ServiceHub/a821d36165/1500044b2f","__servicehub__RequestedServiceVersion":"0.1"},"ClientCredentials":{},"ClientCulture":"en-US","ClientUICulture":"en-US"}]}
12/18/2024 18:13:13 Eastern Standard Time : Information : CLR host received start request for service 'Microsoft.VisualStudio.ProjectSystem.CompositionService'
12/18/2024 18:13:13 Eastern Standard Time : Information : Loading service module assembly '/Users/coycrowder/.vscode/extensions/ms-dotnettools.csdevkit-1.14.14-darwin-x64/components/CPS/platforms/darwin-x64/node_modules/@microsoft/visualstudio-projectsystem-server.darwin-x64/Microsoft.VisualStudio.ProjectSystem.Server.Implementation.dll' from '/Users/coycrowder/.vscode/extensions/ms-dotnettools.csdevkit-1.14.14-darwin-x64/components/CPS/platforms/darwin-x64/node_modules/@microsoft/visualstudio-projectsystem-server.darwin-x64'
12/18/2024 18:13:13 Eastern Standard Time : Information : Starting service module 'Microsoft.VisualStudio.ProjectSystem.CompositionService'. Class: Microsoft.VisualStudio.ProjectSystem.Server.CompositionServiceFactory, Supported Version: 
12/18/2024 18:13:13 Eastern Standard Time : Information : Started service 'Microsoft.VisualStudio.ProjectSystem.CompositionService'. Pipe name: /Users/coycrowder/.ServiceHub/a821d36165/2032df21cc, Supported Version: 
12/18/2024 18:13:13 Eastern Standard Time : Information : hubHostClr write: Content-Length: 87

{"jsonrpc":"2.0","id":7,"result":"/Users/coycrowder/.ServiceHub/a821d36165/2032df21cc"}
12/18/2024 18:13:13 Eastern Standard Time : Information : A new client connected to CLR service module 'Microsoft.VisualStudio.ProjectSystem.CompositionService'
12/18/2024 18:13:13 Eastern Standard Time : Information : Found FactoryVersion=Version2 for service : Microsoft.VisualStudio.ProjectSystem.CompositionService.
12/18/2024 18:13:13 Eastern Standard Time : Information : Service 'Microsoft.VisualStudio.ProjectSystem.Server.CompositionServiceFactory' implements IServiceHubServiceFactory. Creating factory instance and caching it.
12/18/2024 18:13:13 Eastern Standard Time : Information : Creating service Microsoft.VisualStudio.ProjectSystem.Server.CompositionServiceFactory from factory with FactoryVersion=Version2 and ClientRequestedVersion=0.1.
12/18/2024 18:13:13 Eastern Standard Time : Information : Setting up RPC connection for service 'Microsoft.VisualStudio.ProjectSystem.Server.CompositionServiceFactory' from factory
12/18/2024 18:13:13 Eastern Standard Time : Information : Completed RPC connection setup for service 'Microsoft.VisualStudio.ProjectSystem.Server.CompositionServiceFactory' from factory
12/18/2024 18:13:13 Eastern Standard Time : Information : Completed RPC connection setup for service 'Microsoft.VisualStudio.ProjectSystem.Server.ProjectInitializationStatusServiceFactory' from factory
12/18/2024 18:13:13 Eastern Standard Time : Information : Completed RPC connection setup for service 'Microsoft.VisualStudio.ProjectSystem.Server.LaunchConfigurationServiceFactory' from factory
12/18/2024 18:13:14 Eastern Standard Time : Information : Completed RPC connection setup for service 'Microsoft.VisualStudio.ProjectSystem.Server.ProjectTreeProviderFactory' from factory
12/18/2024 18:13:14 Eastern Standard Time : Information : Checking if 'Microsoft.VisualStudio.ProjectSystem.Server.CompositionServiceFactory' implements Microsoft.VisualStudio.Threading.IAsyncDisposable.
12/18/2024 18:13:14 Eastern Standard Time : Information : Checking if 'Microsoft.VisualStudio.ProjectSystem.Server.CompositionServiceFactory' implements System.IAsyncDisposable.
12/18/2024 18:13:14 Eastern Standard Time : Information : Checking if 'Microsoft.VisualStudio.ProjectSystem.Server.CompositionServiceFactory' implements System.IDisposable.
12/18/2024 18:13:14 Eastern Standard Time : Information : Completed RPC connection setup for service 'Microsoft.VisualStudio.ProjectSystem.Server.QueryExecutionServiceFactory' from factory
12/18/2024 18:13:14 Eastern Standard Time : Information : hubHostClr read: Content-Length: 1061

{"jsonrpc":"2.0","id":8,"method":"StartServiceAsync","params":[{"name":"Microsoft.VisualStudio.ProjectSystem.Query.Remoting.QueryExecutionService","host":"dotnet.projectSystem","hostId":"C94B8CFE-E3FD-4BAF-A941-2866DBB566FE","serviceBaseDirectory":"/Users/coycrowder/.vscode/extensions/ms-dotnettools.csdevkit-1.14.14-darwin-x64/components/CPS/platforms/darwin-x64/node_modules/@microsoft/visualstudio-projectsystem-server.darwin-x64","entryPoint":{"assemblyPath":"/Users/coycrowder/.vscode/extensions/ms-dotnettools.csdevkit-1.14.14-darwin-x64/components/CPS/platforms/darwin-x64/node_modules/@microsoft/visualstudio-projectsystem-server.darwin-x64/Microsoft.VisualStudio.ProjectSystem.Server.Implementation.dll","fullClassName":"Microsoft.VisualStudio.ProjectSystem.Server.QueryExecutionServiceFactory"}},{"ActivationArguments":{"__servicehub__ServiceHubRemoteServiceBrokerPipeName":"/Users/coycrowder/.ServiceHub/a821d36165/d1a0d4c0be","__servicehub__RequestedServiceVersion":"0.3"},"ClientCredentials":{},"ClientCulture":"en-US","ClientUICulture":"en-US"}]}
12/18/2024 18:13:14 Eastern Standard Time : Information : CLR host received start request for service 'Microsoft.VisualStudio.ProjectSystem.Query.Remoting.QueryExecutionService'
12/18/2024 18:13:14 Eastern Standard Time : Information : Loading service module assembly '/Users/coycrowder/.vscode/extensions/ms-dotnettools.csdevkit-1.14.14-darwin-x64/components/CPS/platforms/darwin-x64/node_modules/@microsoft/visualstudio-projectsystem-server.darwin-x64/Microsoft.VisualStudio.ProjectSystem.Server.Implementation.dll' from '/Users/coycrowder/.vscode/extensions/ms-dotnettools.csdevkit-1.14.14-darwin-x64/components/CPS/platforms/darwin-x64/node_modules/@microsoft/visualstudio-projectsystem-server.darwin-x64'
12/18/2024 18:13:14 Eastern Standard Time : Information : Starting service module 'Microsoft.VisualStudio.ProjectSystem.Query.Remoting.QueryExecutionService'. Class: Microsoft.VisualStudio.ProjectSystem.Server.QueryExecutionServiceFactory, Supported Version: 
12/18/2024 18:13:14 Eastern Standard Time : Information : Started service 'Microsoft.VisualStudio.ProjectSystem.Query.Remoting.QueryExecutionService'. Pipe name: /Users/coycrowder/.ServiceHub/a821d36165/64e2f1dd6f, Supported Version: 
12/18/2024 18:13:14 Eastern Standard Time : Information : hubHostClr write: Content-Length: 87

{"jsonrpc":"2.0","id":8,"result":"/Users/coycrowder/.ServiceHub/a821d36165/64e2f1dd6f"}
12/18/2024 18:13:14 Eastern Standard Time : Information : A new client connected to CLR service module 'Microsoft.VisualStudio.ProjectSystem.Query.Remoting.QueryExecutionService'
12/18/2024 18:13:14 Eastern Standard Time : Information : Found IServiceHubServiceFactory in cache. Creating instance from the factory.
12/18/2024 18:13:14 Eastern Standard Time : Information : Creating service Microsoft.VisualStudio.ProjectSystem.Server.QueryExecutionServiceFactory from factory with FactoryVersion=Version2 and ClientRequestedVersion=0.3.
12/18/2024 18:13:14 Eastern Standard Time : Information : Setting up RPC connection for service 'Microsoft.VisualStudio.ProjectSystem.Server.QueryExecutionServiceFactory' from factory
12/18/2024 18:13:14 Eastern Standard Time : Information : Completed RPC connection setup for service 'Microsoft.VisualStudio.ProjectSystem.Server.QueryExecutionServiceFactory' from factory
12/18/2024 18:13:14 Eastern Standard Time : Information : hubHostClr read: Content-Length: 1041

{"jsonrpc":"2.0","id":9,"method":"StartServiceAsync","params":[{"name":"Microsoft.VisualStudio.CpsProjectIconSourceService","host":"dotnet.projectSystem","hostId":"C94B8CFE-E3FD-4BAF-A941-2866DBB566FE","serviceBaseDirectory":"/Users/coycrowder/.vscode/extensions/ms-dotnettools.csdevkit-1.14.14-darwin-x64/components/CPS/platforms/darwin-x64/node_modules/@microsoft/visualstudio-projectsystem-server.darwin-x64","entryPoint":{"assemblyPath":"/Users/coycrowder/.vscode/extensions/ms-dotnettools.csdevkit-1.14.14-darwin-x64/components/CPS/platforms/darwin-x64/node_modules/@microsoft/visualstudio-projectsystem-server.darwin-x64/Microsoft.VisualStudio.ProjectSystem.Server.Implementation.dll","fullClassName":"Microsoft.VisualStudio.ProjectSystem.Server.ProjectIconSourceServiceFactory"}},{"ActivationArguments":{"__servicehub__ServiceHubRemoteServiceBrokerPipeName":"/Users/coycrowder/.ServiceHub/a821d36165/0569b31fe7","__servicehub__RequestedServiceVersion":"0.1"},"ClientCredentials":{},"ClientCulture":"en-US","ClientUICulture":"en-US"}]}
12/18/2024 18:13:14 Eastern Standard Time : Information : CLR host received start request for service 'Microsoft.VisualStudio.CpsProjectIconSourceService'
12/18/2024 18:13:14 Eastern Standard Time : Information : Loading service module assembly '/Users/coycrowder/.vscode/extensions/ms-dotnettools.csdevkit-1.14.14-darwin-x64/components/CPS/platforms/darwin-x64/node_modules/@microsoft/visualstudio-projectsystem-server.darwin-x64/Microsoft.VisualStudio.ProjectSystem.Server.Implementation.dll' from '/Users/coycrowder/.vscode/extensions/ms-dotnettools.csdevkit-1.14.14-darwin-x64/components/CPS/platforms/darwin-x64/node_modules/@microsoft/visualstudio-projectsystem-server.darwin-x64'
12/18/2024 18:13:14 Eastern Standard Time : Information : Starting service module 'Microsoft.VisualStudio.CpsProjectIconSourceService'. Class: Microsoft.VisualStudio.ProjectSystem.Server.ProjectIconSourceServiceFactory, Supported Version: 
12/18/2024 18:13:14 Eastern Standard Time : Information : Started service 'Microsoft.VisualStudio.CpsProjectIconSourceService'. Pipe name: /Users/coycrowder/.ServiceHub/a821d36165/cd9c6818ee, Supported Version: 
12/18/2024 18:13:14 Eastern Standard Time : Information : hubHostClr write: Content-Length: 87

{"jsonrpc":"2.0","id":9,"result":"/Users/coycrowder/.ServiceHub/a821d36165/cd9c6818ee"}
12/18/2024 18:13:14 Eastern Standard Time : Information : A new client connected to CLR service module 'Microsoft.VisualStudio.CpsProjectIconSourceService'
12/18/2024 18:13:14 Eastern Standard Time : Information : Found FactoryVersion=Version2 for service : Microsoft.VisualStudio.CpsProjectIconSourceService.
12/18/2024 18:13:14 Eastern Standard Time : Information : Service 'Microsoft.VisualStudio.ProjectSystem.Server.ProjectIconSourceServiceFactory' implements IServiceHubServiceFactory. Creating factory instance and caching it.
12/18/2024 18:13:14 Eastern Standard Time : Information : Creating service Microsoft.VisualStudio.ProjectSystem.Server.ProjectIconSourceServiceFactory from factory with FactoryVersion=Version2 and ClientRequestedVersion=0.1.
12/18/2024 18:13:14 Eastern Standard Time : Information : Setting up RPC connection for service 'Microsoft.VisualStudio.ProjectSystem.Server.ProjectIconSourceServiceFactory' from factory
12/18/2024 18:13:14 Eastern Standard Time : Information : Completed RPC connection setup for service 'Microsoft.VisualStudio.ProjectSystem.Server.ProjectIconSourceServiceFactory' from factory
12/18/2024 18:13:17 Eastern Standard Time : Information : hubHostClr read: Content-Length: 1073

{"jsonrpc":"2.0","id":10,"method":"StartServiceAsync","params":[{"name":"Microsoft.VisualStudio.ProjectSystem.ProjectInitializationStatusService","host":"dotnet.projectSystem","hostId":"C94B8CFE-E3FD-4BAF-A941-2866DBB566FE","serviceBaseDirectory":"/Users/coycrowder/.vscode/extensions/ms-dotnettools.csdevkit-1.14.14-darwin-x64/components/CPS/platforms/darwin-x64/node_modules/@microsoft/visualstudio-projectsystem-server.darwin-x64","entryPoint":{"assemblyPath":"/Users/coycrowder/.vscode/extensions/ms-dotnettools.csdevkit-1.14.14-darwin-x64/components/CPS/platforms/darwin-x64/node_modules/@microsoft/visualstudio-projectsystem-server.darwin-x64/Microsoft.VisualStudio.ProjectSystem.Server.Implementation.dll","fullClassName":"Microsoft.VisualStudio.ProjectSystem.Server.ProjectInitializationStatusServiceFactory"}},{"ActivationArguments":{"__servicehub__ServiceHubRemoteServiceBrokerPipeName":"/Users/coycrowder/.ServiceHub/a821d36165/bf2576c5b0","__servicehub__RequestedServiceVersion":"0.1"},"ClientCredentials":{},"ClientCulture":"en-US","ClientUICulture":"en-US"}]}
12/18/2024 18:13:17 Eastern Standard Time : Information : CLR host received start request for service 'Microsoft.VisualStudio.ProjectSystem.ProjectInitializationStatusService'
12/18/2024 18:13:17 Eastern Standard Time : Information : Loading service module assembly '/Users/coycrowder/.vscode/extensions/ms-dotnettools.csdevkit-1.14.14-darwin-x64/components/CPS/platforms/darwin-x64/node_modules/@microsoft/visualstudio-projectsystem-server.darwin-x64/Microsoft.VisualStudio.ProjectSystem.Server.Implementation.dll' from '/Users/coycrowder/.vscode/extensions/ms-dotnettools.csdevkit-1.14.14-darwin-x64/components/CPS/platforms/darwin-x64/node_modules/@microsoft/visualstudio-projectsystem-server.darwin-x64'
12/18/2024 18:13:17 Eastern Standard Time : Information : Starting service module 'Microsoft.VisualStudio.ProjectSystem.ProjectInitializationStatusService'. Class: Microsoft.VisualStudio.ProjectSystem.Server.ProjectInitializationStatusServiceFactory, Supported Version: 
12/18/2024 18:13:17 Eastern Standard Time : Information : Started service 'Microsoft.VisualStudio.ProjectSystem.ProjectInitializationStatusService'. Pipe name: /Users/coycrowder/.ServiceHub/a821d36165/07da5d6234, Supported Version: 
12/18/2024 18:13:17 Eastern Standard Time : Information : hubHostClr write: Content-Length: 88

{"jsonrpc":"2.0","id":10,"result":"/Users/coycrowder/.ServiceHub/a821d36165/07da5d6234"}
12/18/2024 18:13:17 Eastern Standard Time : Information : A new client connected to CLR service module 'Microsoft.VisualStudio.ProjectSystem.ProjectInitializationStatusService'
12/18/2024 18:13:17 Eastern Standard Time : Information : Found IServiceHubServiceFactory in cache. Creating instance from the factory.
12/18/2024 18:13:17 Eastern Standard Time : Information : Creating service Microsoft.VisualStudio.ProjectSystem.Server.ProjectInitializationStatusServiceFactory from factory with FactoryVersion=Version2 and ClientRequestedVersion=0.1.
12/18/2024 18:13:17 Eastern Standard Time : Information : Setting up RPC connection for service 'Microsoft.VisualStudio.ProjectSystem.Server.ProjectInitializationStatusServiceFactory' from factory
12/18/2024 18:13:17 Eastern Standard Time : Information : Completed RPC connection setup for service 'Microsoft.VisualStudio.ProjectSystem.Server.ProjectInitializationStatusServiceFactory' from factory
12/18/2024 18:48:04 Eastern Standard Time : Information : hubHostClr read: Content-Length: 997

{"jsonrpc":"2.0","id":11,"method":"StartServiceAsync","params":[{"name":"Microsoft.VisualStudio.LaunchConfigurationService","host":"dotnet.projectSystem","hostId":"C94B8CFE-E3FD-4BAF-A941-2866DBB566FE","serviceBaseDirectory":"/Users/coycrowder/.vscode/extensions/ms-dotnettools.csdevkit-1.14.14-darwin-x64/components/CPS/platforms/darwin-x64/node_modules/@microsoft/visualstudio-projectsystem-server.darwin-x64","entryPoint":{"assemblyPath":"/Users/coycrowder/.vscode/extensions/ms-dotnettools.csdevkit-1.14.14-darwin-x64/components/CPS/platforms/darwin-x64/node_modules/@microsoft/visualstudio-projectsystem-server.darwin-x64/Microsoft.VisualStudio.ProjectSystem.Server.Implementation.dll","fullClassName":"Microsoft.VisualStudio.ProjectSystem.Server.LaunchConfigurationServiceFactory"}},{"ActivationArguments":{"__servicehub__ServiceHubRemoteServiceBrokerPipeName":"/Users/coycrowder/.ServiceHub/a821d36165/a24c852ac7"},"ClientCredentials":{},"ClientCulture":"en-US","ClientUICulture":"en-US"}]}
12/18/2024 18:48:04 Eastern Standard Time : Information : CLR host received start request for service 'Microsoft.VisualStudio.LaunchConfigurationService'
12/18/2024 18:48:04 Eastern Standard Time : Information : Loading service module assembly '/Users/coycrowder/.vscode/extensions/ms-dotnettools.csdevkit-1.14.14-darwin-x64/components/CPS/platforms/darwin-x64/node_modules/@microsoft/visualstudio-projectsystem-server.darwin-x64/Microsoft.VisualStudio.ProjectSystem.Server.Implementation.dll' from '/Users/coycrowder/.vscode/extensions/ms-dotnettools.csdevkit-1.14.14-darwin-x64/components/CPS/platforms/darwin-x64/node_modules/@microsoft/visualstudio-projectsystem-server.darwin-x64'
12/18/2024 18:48:04 Eastern Standard Time : Information : Starting service module 'Microsoft.VisualStudio.LaunchConfigurationService'. Class: Microsoft.VisualStudio.ProjectSystem.Server.LaunchConfigurationServiceFactory, Supported Version: 
12/18/2024 18:48:04 Eastern Standard Time : Information : Checking if 'Microsoft.VisualStudio.ProjectSystem.Server.ProjectTreeProviderFactory' implements Microsoft.VisualStudio.Threading.IAsyncDisposable.
12/18/2024 18:48:04 Eastern Standard Time : Information : Started service 'Microsoft.VisualStudio.LaunchConfigurationService'. Pipe name: /Users/coycrowder/.ServiceHub/a821d36165/bf98027f05, Supported Version: 
12/18/2024 18:48:04 Eastern Standard Time : Information : hubHostClr write: Content-Length: 88

{"jsonrpc":"2.0","id":11,"result":"/Users/coycrowder/.ServiceHub/a821d36165/bf98027f05"}
12/18/2024 18:48:04 Eastern Standard Time : Information : Checking if 'Microsoft.VisualStudio.ProjectSystem.Server.ProjectTreeProviderFactory' implements System.IAsyncDisposable.
12/18/2024 18:48:04 Eastern Standard Time : Information : Checking if 'Microsoft.VisualStudio.ProjectSystem.Server.ProjectInitializationStatusServiceFactory' implements Microsoft.VisualStudio.Threading.IAsyncDisposable.
12/18/2024 18:48:04 Eastern Standard Time : Information : Checking if 'Microsoft.VisualStudio.ProjectSystem.Server.ProjectTreeProviderFactory' implements System.IDisposable.
12/18/2024 18:48:04 Eastern Standard Time : Information : Checking if 'Microsoft.VisualStudio.ProjectSystem.Server.ProjectInitializationStatusServiceFactory' implements System.IAsyncDisposable.
12/18/2024 18:48:04 Eastern Standard Time : Information : Checking if 'Microsoft.VisualStudio.ProjectSystem.Server.ProjectInitializationStatusServiceFactory' implements System.IDisposable.
12/18/2024 18:48:04 Eastern Standard Time : Information : Checking if 'Microsoft.VisualStudio.ProjectSystem.Server.LaunchConfigurationServiceFactory' implements Microsoft.VisualStudio.Threading.IAsyncDisposable.
12/18/2024 18:48:04 Eastern Standard Time : Information : Checking if 'Microsoft.VisualStudio.ProjectSystem.Server.LaunchConfigurationServiceFactory' implements System.IAsyncDisposable.
12/18/2024 18:48:04 Eastern Standard Time : Information : Checking if 'Microsoft.VisualStudio.ProjectSystem.Server.LaunchConfigurationServiceFactory' implements System.IDisposable.
12/18/2024 18:48:04 Eastern Standard Time : Information : hubHostClr read: Content-Length: 58

{"jsonrpc":"2.0","id":12,"method":"ExitAsync","params":[]}
12/18/2024 18:48:04 Eastern Standard Time : Information : Exit command received. Exiting CLR host
12/18/2024 18:48:04 Eastern Standard Time : Information : hubHostClr write: Content-Length: 39

{"jsonrpc":"2.0","id":12,"result":null}
12/18/2024 18:48:04 Eastern Standard Time : Information : hubHostClr JSON RPC has been disposed
12/18/2024 18:48:04 Eastern Standard Time : Information : hubHostClr read: end of stream
12/18/2024 18:48:04 Eastern Standard Time : Information : Checking if 'Microsoft.VisualStudio.ProjectSystem.Server.QueryExecutionServiceFactory' implements Microsoft.VisualStudio.Threading.IAsyncDisposable.
12/18/2024 18:48:04 Eastern Standard Time : Information : Checking if 'Microsoft.VisualStudio.ProjectSystem.Server.QueryExecutionServiceFactory' implements System.IAsyncDisposable.
12/18/2024 18:48:04 Eastern Standard Time : Information : Checking if 'Microsoft.VisualStudio.ProjectSystem.Server.QueryExecutionServiceFactory' implements System.IDisposable.
12/18/2024 18:48:04 Eastern Standard Time : Information : Checking if 'Microsoft.VisualStudio.ProjectSystem.Server.ProjectIconSourceServiceFactory' implements Microsoft.VisualStudio.Threading.IAsyncDisposable.
12/18/2024 18:48:04 Eastern Standard Time : Information : Checking if 'Microsoft.VisualStudio.ProjectSystem.Server.ProjectIconSourceServiceFactory' implements System.IAsyncDisposable.
12/18/2024 18:48:04 Eastern Standard Time : Information : Checking if 'Microsoft.VisualStudio.ProjectSystem.Server.ProjectIconSourceServiceFactory' implements System.IDisposable.
12/18/2024 18:48:04 Eastern Standard Time : Information : Checking if 'Microsoft.VisualStudio.ProjectSystem.Server.QueryExecutionServiceFactory' implements Microsoft.VisualStudio.Threading.IAsyncDisposable.
12/18/2024 18:48:04 Eastern Standard Time : Information : Checking if 'Microsoft.VisualStudio.ProjectSystem.Server.QueryExecutionServiceFactory' implements System.IAsyncDisposable.
12/18/2024 18:48:04 Eastern Standard Time : Information : Checking if 'Microsoft.VisualStudio.ProjectSystem.Server.QueryExecutionServiceFactory' implements System.IDisposable.
