12/05/2024 21:11:25 Central Standard Time : Information : Local timezone is (UTC-06:00) Central Time (Chicago)
12/05/2024 21:11:25 Central Standard Time : Information : Added local RPC method "getPipe" -> Microsoft.VisualStudio.Utilities.ServiceBroker.GlobalBrokeredServiceContainer+View.GetPipeAsync(ServiceMoniker, ServiceActivationOptions, CancellationToken) (Microsoft.VisualStudio.Utilities.ServiceBroker.GlobalBrokeredServiceContainer+View)
12/05/2024 21:11:25 Central Standard Time : Information : Added local RPC method "getProxy" -> Microsoft.VisualStudio.Utilities.ServiceBroker.GlobalBrokeredServiceContainer+View.GetProxyAsync(ServiceRpcDescriptor, ServiceActivationOptions, CancellationToken) (Microsoft.VisualStudio.Utilities.ServiceBroker.GlobalBrokeredServiceContainer+View)
12/05/2024 21:11:25 Central Standard Time : Information : Added local RPC method "handshake" -> Microsoft.VisualStudio.Utilities.ServiceBroker.GlobalBrokeredServiceContainer+View.HandshakeAsync(ServiceBrokerClientMetadata, CancellationToken) (Microsoft.VisualStudio.Utilities.ServiceBroker.GlobalBrokeredServiceContainer+View)
12/05/2024 21:11:25 Central Standard Time : Information : Added local RPC method "requestServiceChannel" -> Microsoft.VisualStudio.Utilities.ServiceBroker.GlobalBrokeredServiceContainer+View.RequestServiceChannelAsync(ServiceMoniker, ServiceActivationOptions, CancellationToken) (Microsoft.VisualStudio.Utilities.ServiceBroker.GlobalBrokeredServiceContainer+View)
12/05/2024 21:11:25 Central Standard Time : Information : Added local RPC method "cancelServiceRequest" -> Microsoft.VisualStudio.Utilities.ServiceBroker.GlobalBrokeredServiceContainer+View.CancelServiceRequestAsync(Guid) (Microsoft.VisualStudio.Utilities.ServiceBroker.GlobalBrokeredServiceContainer+View)
12/05/2024 21:11:25 Central Standard Time : Information : Added local RPC method "getPipe" -> Microsoft.VisualStudio.Utilities.ServiceBroker.GlobalBrokeredServiceContainer+View.GetPipeAsync(ServiceMoniker, ServiceActivationOptions, CancellationToken) (Microsoft.VisualStudio.Utilities.ServiceBroker.GlobalBrokeredServiceContainer+View)
12/05/2024 21:11:25 Central Standard Time : Information : Added local RPC method "getProxy" -> Microsoft.VisualStudio.Utilities.ServiceBroker.GlobalBrokeredServiceContainer+View.GetProxyAsync(ServiceRpcDescriptor, ServiceActivationOptions, CancellationToken) (Microsoft.VisualStudio.Utilities.ServiceBroker.GlobalBrokeredServiceContainer+View)
12/05/2024 21:11:25 Central Standard Time : Information : Added local RPC method "handshake" -> Microsoft.VisualStudio.Utilities.ServiceBroker.GlobalBrokeredServiceContainer+View.HandshakeAsync(ServiceBrokerClientMetadata, CancellationToken) (Microsoft.VisualStudio.Utilities.ServiceBroker.GlobalBrokeredServiceContainer+View)
12/05/2024 21:11:25 Central Standard Time : Information : Added local RPC method "requestServiceChannel" -> Microsoft.VisualStudio.Utilities.ServiceBroker.GlobalBrokeredServiceContainer+View.RequestServiceChannelAsync(ServiceMoniker, ServiceActivationOptions, CancellationToken) (Microsoft.VisualStudio.Utilities.ServiceBroker.GlobalBrokeredServiceContainer+View)
12/05/2024 21:11:25 Central Standard Time : Information : Added local RPC method "cancelServiceRequest" -> Microsoft.VisualStudio.Utilities.ServiceBroker.GlobalBrokeredServiceContainer+View.CancelServiceRequestAsync(Guid) (Microsoft.VisualStudio.Utilities.ServiceBroker.GlobalBrokeredServiceContainer+View)
12/05/2024 21:11:25 Central Standard Time: Information : 2 :Listening for events from Microsoft.VisualStudio.Utilities.ServiceBroker.GlobalBrokeredServiceContainer+View.AvailabilityChanged to raise notification.
12/05/2024 21:11:25 Central Standard Time: Information : 3 :Listening started.
12/05/2024 21:11:25 Central Standard Time: Information : 7 :{"id":2,"method":"handshake"}
12/05/2024 21:11:25 Central Standard Time: Information : 6 :Received request "2" for method "handshake".
12/05/2024 21:11:25 Central Standard Time: Information : 9 :Invoking Microsoft.VisualStudio.Utilities.ServiceBroker.GlobalBrokeredServiceContainer+View.HandshakeAsync(ServiceBrokerClientMetadata, CancellationToken)
12/05/2024 21:11:25 Central Standard Time : Start : handshake
12/05/2024 21:11:25 Central Standard Time : Stop : handshake
12/05/2024 21:11:25 Central Standard Time: Information : 8 :{"id":2}
12/05/2024 21:11:25 Central Standard Time: Information : 7 :{"id":3,"method":"requestServiceChannel"}
12/05/2024 21:11:25 Central Standard Time: Information : 6 :Received request "3" for method "requestServiceChannel".
12/05/2024 21:11:25 Central Standard Time: Information : 9 :Invoking Microsoft.VisualStudio.Utilities.ServiceBroker.GlobalBrokeredServiceContainer+View.RequestServiceChannelAsync(ServiceMoniker, ServiceActivationOptions, CancellationToken)
12/05/2024 21:11:25 Central Standard Time : Start : requestServiceChannel
12/05/2024 21:11:25 Central Standard Time : Stop : requestServiceChannel
12/05/2024 21:11:25 Central Standard Time: Information : 8 :{"id":3}
12/05/2024 21:11:25 Central Standard Time: Information : 7 :{"id":4,"method":"requestServiceChannel"}
12/05/2024 21:11:25 Central Standard Time: Information : 6 :Received request "4" for method "requestServiceChannel".
12/05/2024 21:11:25 Central Standard Time: Information : 9 :Invoking Microsoft.VisualStudio.Utilities.ServiceBroker.GlobalBrokeredServiceContainer+View.RequestServiceChannelAsync(ServiceMoniker, ServiceActivationOptions, CancellationToken)
12/05/2024 21:11:25 Central Standard Time : Start : requestServiceChannel
12/05/2024 21:11:25 Central Standard Time : Stop : requestServiceChannel
12/05/2024 21:11:25 Central Standard Time: Information : 8 :{"id":4}
12/05/2024 21:11:25 Central Standard Time: Information : 7 :{"id":5,"method":"requestServiceChannel"}
12/05/2024 21:11:25 Central Standard Time: Information : 6 :Received request "5" for method "requestServiceChannel".
12/05/2024 21:11:25 Central Standard Time: Information : 9 :Invoking Microsoft.VisualStudio.Utilities.ServiceBroker.GlobalBrokeredServiceContainer+View.RequestServiceChannelAsync(ServiceMoniker, ServiceActivationOptions, CancellationToken)
12/05/2024 21:11:25 Central Standard Time : Start : requestServiceChannel
12/05/2024 21:11:25 Central Standard Time : Stop : requestServiceChannel
12/05/2024 21:11:25 Central Standard Time: Information : 8 :{"id":5}
12/05/2024 21:11:29 Central Standard Time: Information : 7 :{"id":6,"method":"requestServiceChannel"}
12/05/2024 21:11:29 Central Standard Time: Information : 6 :Received request "6" for method "requestServiceChannel".
12/05/2024 21:11:29 Central Standard Time: Information : 9 :Invoking Microsoft.VisualStudio.Utilities.ServiceBroker.GlobalBrokeredServiceContainer+View.RequestServiceChannelAsync(ServiceMoniker, ServiceActivationOptions, CancellationToken)
12/05/2024 21:11:29 Central Standard Time : Start : requestServiceChannel
12/05/2024 21:11:29 Central Standard Time : Stop : requestServiceChannel
12/05/2024 21:11:29 Central Standard Time: Information : 8 :{"id":6}
12/05/2024 21:11:29 Central Standard Time: Information : 7 :{"id":7,"method":"requestServiceChannel"}
12/05/2024 21:11:29 Central Standard Time: Information : 6 :Received request "7" for method "requestServiceChannel".
12/05/2024 21:11:29 Central Standard Time: Information : 9 :Invoking Microsoft.VisualStudio.Utilities.ServiceBroker.GlobalBrokeredServiceContainer+View.RequestServiceChannelAsync(ServiceMoniker, ServiceActivationOptions, CancellationToken)
12/05/2024 21:11:29 Central Standard Time : Start : requestServiceChannel
12/05/2024 21:11:29 Central Standard Time : Stop : requestServiceChannel
12/05/2024 21:11:29 Central Standard Time: Information : 8 :{"id":7}
12/05/2024 21:11:30 Central Standard Time: Information : 7 :{"id":8,"method":"requestServiceChannel"}
12/05/2024 21:11:30 Central Standard Time: Information : 6 :Received request "8" for method "requestServiceChannel".
12/05/2024 21:11:30 Central Standard Time: Information : 9 :Invoking Microsoft.VisualStudio.Utilities.ServiceBroker.GlobalBrokeredServiceContainer+View.RequestServiceChannelAsync(ServiceMoniker, ServiceActivationOptions, CancellationToken)
12/05/2024 21:11:30 Central Standard Time : Transfer : Transfer, relatedActivityId=d4d7d066-8c5e-47a9-b761-80de4cdc9d8d
12/05/2024 21:11:30 Central Standard Time : Start : requestServiceChannel
12/05/2024 21:11:30 Central Standard Time : Stop : requestServiceChannel
12/05/2024 21:11:30 Central Standard Time : Transfer : Transfer, relatedActivityId=48093a95-87fd-4f96-a1ba-70db155aa44c
12/05/2024 21:11:30 Central Standard Time: Information : 8 :{"id":8}
12/05/2024 21:11:41 Central Standard Time: Information : 7 :{"id":9,"method":"requestServiceChannel"}
12/05/2024 21:11:41 Central Standard Time: Information : 6 :Received request "9" for method "requestServiceChannel".
12/05/2024 21:11:41 Central Standard Time: Information : 9 :Invoking Microsoft.VisualStudio.Utilities.ServiceBroker.GlobalBrokeredServiceContainer+View.RequestServiceChannelAsync(ServiceMoniker, ServiceActivationOptions, CancellationToken)
12/05/2024 21:11:41 Central Standard Time : Start : requestServiceChannel
12/05/2024 21:11:41 Central Standard Time : Stop : requestServiceChannel
12/05/2024 21:11:41 Central Standard Time: Information : 8 :{"id":9}
12/05/2024 21:11:41 Central Standard Time: Information : 7 :{"id":10,"method":"requestServiceChannel"}
12/05/2024 21:11:41 Central Standard Time: Information : 6 :Received request "10" for method "requestServiceChannel".
12/05/2024 21:11:41 Central Standard Time: Information : 9 :Invoking Microsoft.VisualStudio.Utilities.ServiceBroker.GlobalBrokeredServiceContainer+View.RequestServiceChannelAsync(ServiceMoniker, ServiceActivationOptions, CancellationToken)
12/05/2024 21:11:41 Central Standard Time : Start : requestServiceChannel
12/05/2024 21:11:41 Central Standard Time : Stop : requestServiceChannel
12/05/2024 21:11:41 Central Standard Time: Information : 8 :{"id":10}
12/05/2024 21:11:41 Central Standard Time: Information : 7 :{"id":11,"method":"requestServiceChannel"}
12/05/2024 21:11:41 Central Standard Time: Information : 6 :Received request "11" for method "requestServiceChannel".
12/05/2024 21:11:41 Central Standard Time: Information : 9 :Invoking Microsoft.VisualStudio.Utilities.ServiceBroker.GlobalBrokeredServiceContainer+View.RequestServiceChannelAsync(ServiceMoniker, ServiceActivationOptions, CancellationToken)
12/05/2024 21:11:41 Central Standard Time : Start : requestServiceChannel
12/05/2024 21:11:41 Central Standard Time : Stop : requestServiceChannel
12/05/2024 21:11:41 Central Standard Time: Information : 8 :{"id":11}
12/05/2024 21:11:55 Central Standard Time: Information : 7 :{"id":12,"method":"requestServiceChannel"}
12/05/2024 21:11:55 Central Standard Time: Information : 6 :Received request "12" for method "requestServiceChannel".
12/05/2024 21:11:55 Central Standard Time: Information : 9 :Invoking Microsoft.VisualStudio.Utilities.ServiceBroker.GlobalBrokeredServiceContainer+View.RequestServiceChannelAsync(ServiceMoniker, ServiceActivationOptions, CancellationToken)
12/05/2024 21:11:55 Central Standard Time : Start : requestServiceChannel
12/05/2024 21:11:55 Central Standard Time : Stop : requestServiceChannel
12/05/2024 21:11:55 Central Standard Time: Information : 8 :{"id":12}
12/05/2024 21:11:57 Central Standard Time: Information : 7 :{"id":13,"method":"requestServiceChannel"}
12/05/2024 21:11:57 Central Standard Time: Information : 6 :Received request "13" for method "requestServiceChannel".
12/05/2024 21:11:57 Central Standard Time: Information : 9 :Invoking Microsoft.VisualStudio.Utilities.ServiceBroker.GlobalBrokeredServiceContainer+View.RequestServiceChannelAsync(ServiceMoniker, ServiceActivationOptions, CancellationToken)
12/05/2024 21:11:57 Central Standard Time : Start : requestServiceChannel
12/05/2024 21:11:57 Central Standard Time : Stop : requestServiceChannel
12/05/2024 21:11:57 Central Standard Time: Information : 8 :{"id":13}
12/06/2024 12:05:35 Central Standard Time: Information : 8 :{"id":null,"method":"availabilityChanged"}
12/06/2024 12:09:37 Central Standard Time: Information : 7 :{"id":14,"method":"requestServiceChannel"}
12/06/2024 12:09:37 Central Standard Time: Information : 6 :Received request "14" for method "requestServiceChannel".
12/06/2024 12:09:37 Central Standard Time: Information : 9 :Invoking Microsoft.VisualStudio.Utilities.ServiceBroker.GlobalBrokeredServiceContainer+View.RequestServiceChannelAsync(ServiceMoniker, ServiceActivationOptions, CancellationToken)
12/06/2024 12:09:37 Central Standard Time : Start : requestServiceChannel
12/06/2024 12:09:37 Central Standard Time : Stop : requestServiceChannel
12/06/2024 12:09:37 Central Standard Time: Information : 8 :{"id":14}
