11/24/2024 23:15:05 Eastern Standard Time : Information : Local timezone is (UTC-05:00) Eastern Time (New York)
11/24/2024 23:15:05 Eastern Standard Time : Information : Added local RPC method "getPipe" -> Microsoft.VisualStudio.Utilities.ServiceBroker.GlobalBrokeredServiceContainer+View.GetPipeAsync(ServiceMoniker, ServiceActivationOptions, CancellationToken) (Microsoft.VisualStudio.Utilities.ServiceBroker.GlobalBrokeredServiceContainer+View)
11/24/2024 23:15:05 Eastern Standard Time : Information : Added local RPC method "getProxy" -> Microsoft.VisualStudio.Utilities.ServiceBroker.GlobalBrokeredServiceContainer+View.GetProxyAsync(ServiceRpcDescriptor, ServiceActivationOptions, CancellationToken) (Microsoft.VisualStudio.Utilities.ServiceBroker.GlobalBrokeredServiceContainer+View)
11/24/2024 23:15:05 Eastern Standard Time : Information : Added local RPC method "handshake" -> Microsoft.VisualStudio.Utilities.ServiceBroker.GlobalBrokeredServiceContainer+View.HandshakeAsync(ServiceBrokerClientMetadata, CancellationToken) (Microsoft.VisualStudio.Utilities.ServiceBroker.GlobalBrokeredServiceContainer+View)
11/24/2024 23:15:05 Eastern Standard Time : Information : Added local RPC method "requestServiceChannel" -> Microsoft.VisualStudio.Utilities.ServiceBroker.GlobalBrokeredServiceContainer+View.RequestServiceChannelAsync(ServiceMoniker, ServiceActivationOptions, CancellationToken) (Microsoft.VisualStudio.Utilities.ServiceBroker.GlobalBrokeredServiceContainer+View)
11/24/2024 23:15:05 Eastern Standard Time : Information : Added local RPC method "cancelServiceRequest" -> Microsoft.VisualStudio.Utilities.ServiceBroker.GlobalBrokeredServiceContainer+View.CancelServiceRequestAsync(Guid) (Microsoft.VisualStudio.Utilities.ServiceBroker.GlobalBrokeredServiceContainer+View)
11/24/2024 23:15:05 Eastern Standard Time : Information : Added local RPC method "getPipe" -> Microsoft.VisualStudio.Utilities.ServiceBroker.GlobalBrokeredServiceContainer+View.GetPipeAsync(ServiceMoniker, ServiceActivationOptions, CancellationToken) (Microsoft.VisualStudio.Utilities.ServiceBroker.GlobalBrokeredServiceContainer+View)
11/24/2024 23:15:05 Eastern Standard Time : Information : Added local RPC method "getProxy" -> Microsoft.VisualStudio.Utilities.ServiceBroker.GlobalBrokeredServiceContainer+View.GetProxyAsync(ServiceRpcDescriptor, ServiceActivationOptions, CancellationToken) (Microsoft.VisualStudio.Utilities.ServiceBroker.GlobalBrokeredServiceContainer+View)
11/24/2024 23:15:05 Eastern Standard Time : Information : Added local RPC method "handshake" -> Microsoft.VisualStudio.Utilities.ServiceBroker.GlobalBrokeredServiceContainer+View.HandshakeAsync(ServiceBrokerClientMetadata, CancellationToken) (Microsoft.VisualStudio.Utilities.ServiceBroker.GlobalBrokeredServiceContainer+View)
11/24/2024 23:15:05 Eastern Standard Time : Information : Added local RPC method "requestServiceChannel" -> Microsoft.VisualStudio.Utilities.ServiceBroker.GlobalBrokeredServiceContainer+View.RequestServiceChannelAsync(ServiceMoniker, ServiceActivationOptions, CancellationToken) (Microsoft.VisualStudio.Utilities.ServiceBroker.GlobalBrokeredServiceContainer+View)
11/24/2024 23:15:05 Eastern Standard Time : Information : Added local RPC method "cancelServiceRequest" -> Microsoft.VisualStudio.Utilities.ServiceBroker.GlobalBrokeredServiceContainer+View.CancelServiceRequestAsync(Guid) (Microsoft.VisualStudio.Utilities.ServiceBroker.GlobalBrokeredServiceContainer+View)
11/24/2024 23:15:05 Eastern Standard Time: Information : 2 :Listening for events from Microsoft.VisualStudio.Utilities.ServiceBroker.GlobalBrokeredServiceContainer+View.AvailabilityChanged to raise notification.
11/24/2024 23:15:05 Eastern Standard Time: Information : 3 :Listening started.
11/24/2024 23:15:05 Eastern Standard Time: Information : 7 :{"id":2,"method":"handshake"}
11/24/2024 23:15:05 Eastern Standard Time: Information : 6 :Received request "2" for method "handshake".
11/24/2024 23:15:05 Eastern Standard Time: Information : 9 :Invoking Microsoft.VisualStudio.Utilities.ServiceBroker.GlobalBrokeredServiceContainer+View.HandshakeAsync(ServiceBrokerClientMetadata, CancellationToken)
11/24/2024 23:15:05 Eastern Standard Time : Start : handshake
11/24/2024 23:15:05 Eastern Standard Time : Stop : handshake
11/24/2024 23:15:05 Eastern Standard Time: Information : 8 :{"id":2}
11/24/2024 23:15:05 Eastern Standard Time: Information : 7 :{"id":3,"method":"requestServiceChannel"}
11/24/2024 23:15:05 Eastern Standard Time: Information : 6 :Received request "3" for method "requestServiceChannel".
11/24/2024 23:15:05 Eastern Standard Time: Information : 9 :Invoking Microsoft.VisualStudio.Utilities.ServiceBroker.GlobalBrokeredServiceContainer+View.RequestServiceChannelAsync(ServiceMoniker, ServiceActivationOptions, CancellationToken)
11/24/2024 23:15:05 Eastern Standard Time : Start : requestServiceChannel
11/24/2024 23:15:05 Eastern Standard Time : Stop : requestServiceChannel
11/24/2024 23:15:05 Eastern Standard Time: Information : 8 :{"id":3}
11/24/2024 23:15:05 Eastern Standard Time: Information : 7 :{"id":4,"method":"requestServiceChannel"}
11/24/2024 23:15:05 Eastern Standard Time: Information : 6 :Received request "4" for method "requestServiceChannel".
11/24/2024 23:15:05 Eastern Standard Time: Information : 9 :Invoking Microsoft.VisualStudio.Utilities.ServiceBroker.GlobalBrokeredServiceContainer+View.RequestServiceChannelAsync(ServiceMoniker, ServiceActivationOptions, CancellationToken)
11/24/2024 23:15:05 Eastern Standard Time : Transfer : Transfer, relatedActivityId=5cd50dd8-0673-4e3c-b5f3-1148d04a4803
11/24/2024 23:15:05 Eastern Standard Time : Start : requestServiceChannel
11/24/2024 23:15:05 Eastern Standard Time : Stop : requestServiceChannel
11/24/2024 23:15:05 Eastern Standard Time : Transfer : Transfer, relatedActivityId=a54259d9-4e55-4742-8b21-00882bcdf6e0
11/24/2024 23:15:05 Eastern Standard Time: Information : 8 :{"id":4}
11/24/2024 23:15:05 Eastern Standard Time: Information : 7 :{"id":5,"method":"requestServiceChannel"}
11/24/2024 23:15:05 Eastern Standard Time: Information : 6 :Received request "5" for method "requestServiceChannel".
11/24/2024 23:15:05 Eastern Standard Time: Information : 9 :Invoking Microsoft.VisualStudio.Utilities.ServiceBroker.GlobalBrokeredServiceContainer+View.RequestServiceChannelAsync(ServiceMoniker, ServiceActivationOptions, CancellationToken)
11/24/2024 23:15:05 Eastern Standard Time : Transfer : Transfer, relatedActivityId=27bf20f1-c443-4e8b-ae5d-a19e81b00790
11/24/2024 23:15:05 Eastern Standard Time : Start : requestServiceChannel
11/24/2024 23:15:05 Eastern Standard Time : Stop : requestServiceChannel
11/24/2024 23:15:05 Eastern Standard Time : Transfer : Transfer, relatedActivityId=a54259d9-4e55-4742-8b21-00882bcdf6e0
11/24/2024 23:15:05 Eastern Standard Time: Information : 8 :{"id":5}
