11/24/2024 23:01:23 Eastern Standard Time : Information : Local timezone is (UTC-05:00) Eastern Time (New York)
11/24/2024 23:01:23 Eastern Standard Time : Information : Added local RPC method "getPipe" -> Microsoft.VisualStudio.Utilities.ServiceBroker.GlobalBrokeredServiceContainer+View.GetPipeAsync(ServiceMoniker, ServiceActivationOptions, CancellationToken) (Microsoft.VisualStudio.Utilities.ServiceBroker.GlobalBrokeredServiceContainer+View)
11/24/2024 23:01:23 Eastern Standard Time : Information : Added local RPC method "getProxy" -> Microsoft.VisualStudio.Utilities.ServiceBroker.GlobalBrokeredServiceContainer+View.GetProxyAsync(ServiceRpcDescriptor, ServiceActivationOptions, CancellationToken) (Microsoft.VisualStudio.Utilities.ServiceBroker.GlobalBrokeredServiceContainer+View)
11/24/2024 23:01:23 Eastern Standard Time : Information : Added local RPC method "handshake" -> Microsoft.VisualStudio.Utilities.ServiceBroker.GlobalBrokeredServiceContainer+View.HandshakeAsync(ServiceBrokerClientMetadata, CancellationToken) (Microsoft.VisualStudio.Utilities.ServiceBroker.GlobalBrokeredServiceContainer+View)
11/24/2024 23:01:23 Eastern Standard Time : Information : Added local RPC method "requestServiceChannel" -> Microsoft.VisualStudio.Utilities.ServiceBroker.GlobalBrokeredServiceContainer+View.RequestServiceChannelAsync(ServiceMoniker, ServiceActivationOptions, CancellationToken) (Microsoft.VisualStudio.Utilities.ServiceBroker.GlobalBrokeredServiceContainer+View)
11/24/2024 23:01:23 Eastern Standard Time : Information : Added local RPC method "cancelServiceRequest" -> Microsoft.VisualStudio.Utilities.ServiceBroker.GlobalBrokeredServiceContainer+View.CancelServiceRequestAsync(Guid) (Microsoft.VisualStudio.Utilities.ServiceBroker.GlobalBrokeredServiceContainer+View)
11/24/2024 23:01:23 Eastern Standard Time : Information : Added local RPC method "getPipe" -> Microsoft.VisualStudio.Utilities.ServiceBroker.GlobalBrokeredServiceContainer+View.GetPipeAsync(ServiceMoniker, ServiceActivationOptions, CancellationToken) (Microsoft.VisualStudio.Utilities.ServiceBroker.GlobalBrokeredServiceContainer+View)
11/24/2024 23:01:23 Eastern Standard Time : Information : Added local RPC method "getProxy" -> Microsoft.VisualStudio.Utilities.ServiceBroker.GlobalBrokeredServiceContainer+View.GetProxyAsync(ServiceRpcDescriptor, ServiceActivationOptions, CancellationToken) (Microsoft.VisualStudio.Utilities.ServiceBroker.GlobalBrokeredServiceContainer+View)
11/24/2024 23:01:23 Eastern Standard Time : Information : Added local RPC method "handshake" -> Microsoft.VisualStudio.Utilities.ServiceBroker.GlobalBrokeredServiceContainer+View.HandshakeAsync(ServiceBrokerClientMetadata, CancellationToken) (Microsoft.VisualStudio.Utilities.ServiceBroker.GlobalBrokeredServiceContainer+View)
11/24/2024 23:01:23 Eastern Standard Time : Information : Added local RPC method "requestServiceChannel" -> Microsoft.VisualStudio.Utilities.ServiceBroker.GlobalBrokeredServiceContainer+View.RequestServiceChannelAsync(ServiceMoniker, ServiceActivationOptions, CancellationToken) (Microsoft.VisualStudio.Utilities.ServiceBroker.GlobalBrokeredServiceContainer+View)
11/24/2024 23:01:23 Eastern Standard Time : Information : Added local RPC method "cancelServiceRequest" -> Microsoft.VisualStudio.Utilities.ServiceBroker.GlobalBrokeredServiceContainer+View.CancelServiceRequestAsync(Guid) (Microsoft.VisualStudio.Utilities.ServiceBroker.GlobalBrokeredServiceContainer+View)
11/24/2024 23:01:23 Eastern Standard Time: Information : 2 :Listening for events from Microsoft.VisualStudio.Utilities.ServiceBroker.GlobalBrokeredServiceContainer+View.AvailabilityChanged to raise notification.
11/24/2024 23:01:23 Eastern Standard Time: Information : 3 :Listening started.
11/24/2024 23:01:23 Eastern Standard Time: Information : 7 :{"id":2,"method":"handshake"}
11/24/2024 23:01:23 Eastern Standard Time: Information : 6 :Received request "2" for method "handshake".
11/24/2024 23:01:23 Eastern Standard Time: Information : 9 :Invoking Microsoft.VisualStudio.Utilities.ServiceBroker.GlobalBrokeredServiceContainer+View.HandshakeAsync(ServiceBrokerClientMetadata, CancellationToken)
11/24/2024 23:01:23 Eastern Standard Time : Start : handshake
11/24/2024 23:01:23 Eastern Standard Time : Stop : handshake
11/24/2024 23:01:23 Eastern Standard Time: Information : 8 :{"id":2}
11/24/2024 23:01:23 Eastern Standard Time: Information : 7 :{"id":3,"method":"requestServiceChannel"}
11/24/2024 23:01:23 Eastern Standard Time: Information : 6 :Received request "3" for method "requestServiceChannel".
11/24/2024 23:01:23 Eastern Standard Time: Information : 9 :Invoking Microsoft.VisualStudio.Utilities.ServiceBroker.GlobalBrokeredServiceContainer+View.RequestServiceChannelAsync(ServiceMoniker, ServiceActivationOptions, CancellationToken)
11/24/2024 23:01:23 Eastern Standard Time : Start : requestServiceChannel
11/24/2024 23:01:23 Eastern Standard Time : Stop : requestServiceChannel
11/24/2024 23:01:23 Eastern Standard Time: Information : 8 :{"id":3}
11/24/2024 23:01:23 Eastern Standard Time: Information : 7 :{"id":4,"method":"requestServiceChannel"}
11/24/2024 23:01:23 Eastern Standard Time: Information : 6 :Received request "4" for method "requestServiceChannel".
11/24/2024 23:01:23 Eastern Standard Time: Information : 9 :Invoking Microsoft.VisualStudio.Utilities.ServiceBroker.GlobalBrokeredServiceContainer+View.RequestServiceChannelAsync(ServiceMoniker, ServiceActivationOptions, CancellationToken)
11/24/2024 23:01:23 Eastern Standard Time : Start : requestServiceChannel
11/24/2024 23:01:23 Eastern Standard Time: Information : 7 :{"id":5,"method":"requestServiceChannel"}
11/24/2024 23:01:23 Eastern Standard Time: Information : 6 :Received request "5" for method "requestServiceChannel".
11/24/2024 23:01:23 Eastern Standard Time: Information : 9 :Invoking Microsoft.VisualStudio.Utilities.ServiceBroker.GlobalBrokeredServiceContainer+View.RequestServiceChannelAsync(ServiceMoniker, ServiceActivationOptions, CancellationToken)
11/24/2024 23:01:23 Eastern Standard Time : Start : requestServiceChannel
11/24/2024 23:01:23 Eastern Standard Time : Stop : requestServiceChannel
11/24/2024 23:01:23 Eastern Standard Time: Information : 8 :{"id":4}
11/24/2024 23:01:23 Eastern Standard Time : Stop : requestServiceChannel
11/24/2024 23:01:23 Eastern Standard Time: Information : 8 :{"id":5}
11/24/2024 23:01:24 Eastern Standard Time: Information : 7 :{"id":6,"method":"requestServiceChannel"}
11/24/2024 23:01:24 Eastern Standard Time: Information : 6 :Received request "6" for method "requestServiceChannel".
11/24/2024 23:01:24 Eastern Standard Time: Information : 9 :Invoking Microsoft.VisualStudio.Utilities.ServiceBroker.GlobalBrokeredServiceContainer+View.RequestServiceChannelAsync(ServiceMoniker, ServiceActivationOptions, CancellationToken)
11/24/2024 23:01:24 Eastern Standard Time : Start : requestServiceChannel
11/24/2024 23:01:24 Eastern Standard Time : Stop : requestServiceChannel
11/24/2024 23:01:24 Eastern Standard Time: Information : 8 :{"id":6}
11/24/2024 23:01:24 Eastern Standard Time: Information : 7 :{"id":7,"method":"requestServiceChannel"}
11/24/2024 23:01:24 Eastern Standard Time: Information : 6 :Received request "7" for method "requestServiceChannel".
11/24/2024 23:01:24 Eastern Standard Time: Information : 9 :Invoking Microsoft.VisualStudio.Utilities.ServiceBroker.GlobalBrokeredServiceContainer+View.RequestServiceChannelAsync(ServiceMoniker, ServiceActivationOptions, CancellationToken)
11/24/2024 23:01:24 Eastern Standard Time : Start : requestServiceChannel
11/24/2024 23:01:24 Eastern Standard Time : Stop : requestServiceChannel
11/24/2024 23:01:24 Eastern Standard Time: Information : 8 :{"id":7}
11/24/2024 23:01:24 Eastern Standard Time: Information : 7 :{"id":8,"method":"requestServiceChannel"}
11/24/2024 23:01:24 Eastern Standard Time: Information : 6 :Received request "8" for method "requestServiceChannel".
11/24/2024 23:01:24 Eastern Standard Time: Information : 9 :Invoking Microsoft.VisualStudio.Utilities.ServiceBroker.GlobalBrokeredServiceContainer+View.RequestServiceChannelAsync(ServiceMoniker, ServiceActivationOptions, CancellationToken)
11/24/2024 23:01:24 Eastern Standard Time : Transfer : Transfer, relatedActivityId=4b577502-1ee8-403b-aad6-313768392f87
11/24/2024 23:01:24 Eastern Standard Time : Start : requestServiceChannel
11/24/2024 23:01:24 Eastern Standard Time : Stop : requestServiceChannel
11/24/2024 23:01:24 Eastern Standard Time : Transfer : Transfer, relatedActivityId=1c974ed4-d669-4f51-8fc7-d25ba8b3df0d
11/24/2024 23:01:24 Eastern Standard Time: Information : 8 :{"id":8}
11/24/2024 23:01:26 Eastern Standard Time: Information : 7 :{"id":9,"method":"requestServiceChannel"}
11/24/2024 23:01:26 Eastern Standard Time: Information : 6 :Received request "9" for method "requestServiceChannel".
11/24/2024 23:01:26 Eastern Standard Time: Information : 9 :Invoking Microsoft.VisualStudio.Utilities.ServiceBroker.GlobalBrokeredServiceContainer+View.RequestServiceChannelAsync(ServiceMoniker, ServiceActivationOptions, CancellationToken)
11/24/2024 23:01:26 Eastern Standard Time : Start : requestServiceChannel
11/24/2024 23:01:26 Eastern Standard Time : Stop : requestServiceChannel
11/24/2024 23:01:26 Eastern Standard Time: Information : 8 :{"id":9}
11/24/2024 23:01:26 Eastern Standard Time: Information : 7 :{"id":10,"method":"requestServiceChannel"}
11/24/2024 23:01:26 Eastern Standard Time: Information : 6 :Received request "10" for method "requestServiceChannel".
11/24/2024 23:01:26 Eastern Standard Time: Information : 9 :Invoking Microsoft.VisualStudio.Utilities.ServiceBroker.GlobalBrokeredServiceContainer+View.RequestServiceChannelAsync(ServiceMoniker, ServiceActivationOptions, CancellationToken)
11/24/2024 23:01:26 Eastern Standard Time : Start : requestServiceChannel
11/24/2024 23:01:26 Eastern Standard Time: Information : 7 :{"id":11,"method":"requestServiceChannel"}
11/24/2024 23:01:26 Eastern Standard Time: Information : 6 :Received request "11" for method "requestServiceChannel".
11/24/2024 23:01:26 Eastern Standard Time: Information : 9 :Invoking Microsoft.VisualStudio.Utilities.ServiceBroker.GlobalBrokeredServiceContainer+View.RequestServiceChannelAsync(ServiceMoniker, ServiceActivationOptions, CancellationToken)
11/24/2024 23:01:26 Eastern Standard Time : Start : requestServiceChannel
11/24/2024 23:01:26 Eastern Standard Time : Stop : requestServiceChannel
11/24/2024 23:01:26 Eastern Standard Time: Information : 8 :{"id":11}
11/24/2024 23:01:26 Eastern Standard Time : Stop : requestServiceChannel
11/24/2024 23:01:26 Eastern Standard Time: Information : 8 :{"id":10}
11/24/2024 23:01:29 Eastern Standard Time: Information : 7 :{"id":12,"method":"requestServiceChannel"}
11/24/2024 23:01:29 Eastern Standard Time: Information : 6 :Received request "12" for method "requestServiceChannel".
11/24/2024 23:01:29 Eastern Standard Time: Information : 9 :Invoking Microsoft.VisualStudio.Utilities.ServiceBroker.GlobalBrokeredServiceContainer+View.RequestServiceChannelAsync(ServiceMoniker, ServiceActivationOptions, CancellationToken)
11/24/2024 23:01:29 Eastern Standard Time : Start : requestServiceChannel
11/24/2024 23:01:29 Eastern Standard Time : Stop : requestServiceChannel
11/24/2024 23:01:29 Eastern Standard Time: Information : 8 :{"id":12}
11/24/2024 23:01:29 Eastern Standard Time: Information : 7 :{"id":13,"method":"requestServiceChannel"}
11/24/2024 23:01:29 Eastern Standard Time: Information : 6 :Received request "13" for method "requestServiceChannel".
11/24/2024 23:01:29 Eastern Standard Time: Information : 9 :Invoking Microsoft.VisualStudio.Utilities.ServiceBroker.GlobalBrokeredServiceContainer+View.RequestServiceChannelAsync(ServiceMoniker, ServiceActivationOptions, CancellationToken)
11/24/2024 23:01:29 Eastern Standard Time : Start : requestServiceChannel
11/24/2024 23:01:29 Eastern Standard Time : Stop : requestServiceChannel
11/24/2024 23:01:29 Eastern Standard Time: Information : 8 :{"id":13}
