02/19/2025 22:07:52 Central Standard Time : Information : Local timezone is (UTC-06:00) Central Time (Chicago)
02/19/2025 22:07:53 Central Standard Time : Information : VsHubClient-hubController write: Content-Length: 108

{"jsonrpc":"2.0","id":2,"method":"UpdateClientInfoAsync","params":[{"clientName":"VsHubClient","pid":7915}]}
02/19/2025 22:07:54 Central Standard Time : Information : VsHubClient-hubController read: Content-Length: 440

{"jsonrpc":"2.0","id":2,"result":{"ClientWatchServerName":"net.pipe://7943152DFB","ControllerConfig":{"Executable":"/Users/coycrowder/.vscode/extensions/ms-dotnettools.csdevkit-1.16.6-darwin-x64/components/vs-green-server/platforms/darwin-x64/node_modules/@microsoft/servicehub-controller-net60.darwin-x64/Microsoft.ServiceHub.Controller","Args":["2bdb5debe2"],"PipeName":"2bdb5debe2"},"HostsConfig":{"RootDir":".","AppConfigFallback":""}}}
02/19/2025 22:07:54 Central Standard Time : Information : Connected to Hub Controller's client watch 'net.pipe://7943152DFB
02/19/2025 22:07:54 Central Standard Time : Information : VsHubClient-hubController write: Content-Length: 108

{"jsonrpc":"2.0","id":2,"method":"UpdateClientInfoAsync","params":[{"clientName":"VsHubClient","pid":7915}]}
02/19/2025 22:07:54 Central Standard Time : Information : VsHubClient-hubController read: Content-Length: 440

{"jsonrpc":"2.0","id":2,"result":{"ClientWatchServerName":"net.pipe://7943152DFB","ControllerConfig":{"Executable":"/Users/coycrowder/.vscode/extensions/ms-dotnettools.csdevkit-1.16.6-darwin-x64/components/vs-green-server/platforms/darwin-x64/node_modules/@microsoft/servicehub-controller-net60.darwin-x64/Microsoft.ServiceHub.Controller","Args":["2bdb5debe2"],"PipeName":"2bdb5debe2"},"HostsConfig":{"RootDir":".","AppConfigFallback":""}}}
02/19/2025 22:07:54 Central Standard Time : Information : VsHubClient-hubController write: Content-Length: 16304


02/19/2025 22:07:54 Central Standard Time : Information : VsHubClient-hubController write: {"jsonrpc":"2.0","id":3,"method":"RegisterServicesAsync","params":[{"Microsoft.VisualStudio.CpsProjectIconSourceService":{"host":"dotnet.projectSystem","hostId":"C94B8CFE-E3FD-4BAF-A941-2866DBB566FE","serviceBaseDirectory":"/Users/coycrowder/.vscode/extensions/ms-dotnettools.csdevkit-1.16.6-darwin-x64/components/CPS/platforms/darwin-x64/node_modules/@microsoft/visualstudio-projectsystem-server.darwin-x64","entryPoint":{"assemblyPath":"/Users/coycrowder/.vscode/extensions/ms-dotnettools.csdevkit-1.16.6-darwin-x64/components/CPS/platforms/darwin-x64/node_modules/@microsoft/visualstudio-projectsystem-server.darwin-x64/Microsoft.VisualStudio.ProjectSystem.Server.Implementation.dll","fullClassName":"Microsoft.VisualStudio.ProjectSystem.Server.ProjectIconSourceServiceFactory"}},"Microsoft.VisualStudio.LaunchConfigurationService":{"host":"dotnet.projectSystem","hostId":"C94B8CFE-E3FD-4BAF-A941-2866DBB566FE","serviceBaseDirectory":"/Users/coycrowder/.vscode/extensions/ms-dotnettools.csdevkit-1.16.6-darwin-x64/components/CPS/platforms/darwin-x64/node_modules/@microsoft/visualstudio-projectsystem-server.darwin-x64","entryPoint":{"assemblyPath":"/Users/coycrowder/.vscode/extensions/ms-dotnettools.csdevkit-1.16.6-darwin-x64/components/CPS/platforms/darwin-x64/node_modules/@microsoft/visualstudio-projectsystem-server.darwin-x64/Microsoft.VisualStudio.ProjectSystem.Server.Implementation.dll","fullClassName":"Microsoft.VisualStudio.ProjectSystem.Server.LaunchConfigurationServiceFactory"}},"Microsoft.VisualStudio.ProjectSystem.CompositionService":{"host":"dotnet.projectSystem","hostId":"C94B8CFE-E3FD-4BAF-A941-2866DBB566FE","serviceBaseDirectory":"/Users/coycrowder/.vscode/extensions/ms-dotnettools.csdevkit-1.16.6-darwin-x64/components/CPS/platforms/darwin-x64/node_modules/@microsoft/visualstudio-projectsystem-server.darwin-x64","entryPoint":{"assemblyPath":"/Users/coycrowder/.vscode/extensions/ms-dotnettools.csdevkit-1.16.6-darwin-x64/components/CPS/platforms/darwin-x64/node_modules/@microsoft/visualstudio-projectsystem-server.darwin-x64/Microsoft.VisualStudio.ProjectSystem.Server.Implementation.dll","fullClassName":"Microsoft.VisualStudio.ProjectSystem.Server.CompositionServiceFactory"}},"Microsoft.VisualStudio.ProjectSystem.ProjectInitializationStatusService":{"host":"dotnet.projectSystem","hostId":"C94B8CFE-E3FD-4BAF-A941-2866DBB566FE","serviceBaseDirectory":"/Users/coycrowder/.vscode/extensions/ms-dotnettools.csdevkit-1.16.6-darwin-x64/components/CPS/platforms/darwin-x64/node_modules/@microsoft/visualstudio-projectsystem-server.darwin-x64","entryPoint":{"assemblyPath":"/Users/coycrowder/.vscode/extensions/ms-dotnettools.csdevkit-1.16.6-darwin-x64/components/CPS/platforms/darwin-x64/node_modules/@microsoft/visualstudio-projectsystem-server.darwin-x64/Microsoft.VisualStudio.ProjectSystem.Server.Implementation.dll","fullClassName":"Microsoft.VisualStudio.ProjectSystem.Server.ProjectInitializationStatusServiceFactory"}},"Microsoft.VisualStudio.ProjectSystem.ProjectTreeProvider":{"host":"dotnet.projectSystem","hostId":"C94B8CFE-E3FD-4BAF-A941-2866DBB566FE","serviceBaseDirectory":"/Users/coycrowder/.vscode/extensions/ms-dotnettools.csdevkit-1.16.6-darwin-x64/components/CPS/platforms/darwin-x64/node_modules/@microsoft/visualstudio-projectsystem-server.darwin-x64","entryPoint":{"assemblyPath":"/Users/coycrowder/.vscode/extensions/ms-dotnettools.csdevkit-1.16.6-darwin-x64/components/CPS/platforms/darwin-x64/node_modules/@microsoft/visualstudio-projectsystem-server.darwin-x64/Microsoft.VisualStudio.ProjectSystem.Server.Implementation.dll","fullClassName":"Microsoft.VisualStudio.ProjectSystem.Server.ProjectTreeProviderFactory"}},"Microsoft.VisualStudio.ProjectSystem.Query.Remoting.QueryExecutionService":{"host":"dotnet.projectSystem","hostId":"C94B8CFE-E3FD-4BAF-A941-2866DBB566FE","serviceBaseDirectory":"/Users/coycrowder/.vscode/extensions/ms-dotnettools.csdevkit-1.16.6-darwin-x64/components/CPS/platforms/darwin-x64/node_modules/@microsoft/visualstudio-projectsystem-server.darwin-x64","entryPoint":{"assemblyPath":"/Users/coycrowder/.vscode/extensions/ms-dotnettools.csdevkit-1.16.6-darwin-x64/components/CPS/platforms/darwin-x64/node_modules/@microsoft/visualstudio-projectsystem-server.darwin-x64/Microsoft.VisualStudio.ProjectSystem.Server.Implementation.dll","fullClassName":"Microsoft.VisualStudio.ProjectSystem.Server.QueryExecutionServiceFactory"}},"Microsoft.VisualStudio.Debugger.AspireSessionSynchronizeService":{"host":"dotnet","hostId":"C94B8CFE-E3FD-4BAF-A941-2866DBB566FE","serviceBaseDirectory":"/Users/coycrowder/.vscode/extensions/ms-dotnettools.csdevkit-1.16.6-darwin-x64/components/VSDebugCore/platforms/darwin-x64/node_modules/@microsoft/visualstudio-debugger-devkit.darwin-x64","entryPoint":{"assemblyPath":"/Users/coycrowder/.vscode/extensions/ms-dotnettools.csdevkit-1.16.6-darwin-x64/components/VSDebugCore/platforms/darwin-x64/node_modules/@microsoft/visualstudio-debugger-devkit.darwin-x64/Microsoft.VisualStudio.Debugger.DevKit.dll","fullClassName":"Microsoft.VisualStudio.Debugger.AspireSessionSynchronizeService+Factory"}},"Microsoft.VisualStudio.Debugger.GenericHotReloadAgentManagerService":{"host":"dotnet","hostId":"C94B8CFE-E3FD-4BAF-A941-2866DBB566FE","serviceBaseDirectory":"/Users/coycrowder/.vscode/extensions/ms-dotnettools.csdevkit-1.16.6-darwin-x64/components/VSDebugCore/platforms/darwin-x64/node_modules/@microsoft/visualstudio-debugger-devkit.darwin-x64","entryPoint":{"assemblyPath":"/Users/coycrowder/.vscode/extensions/ms-dotnettools.csdevkit-1.16.6-darwin-x64/components/VSDebugCore/platforms/darwin-x64/node_modules/@microsoft/visualstudio-debugger-devkit.darwin-x64/Microsoft.VisualStudio.Debugger.DevKit.dll","fullClassName":"Microsoft.VisualStudio.Debugger.GenericHotReloadAgentManagerService+Factory"}},"Microsoft.VisualStudio.Debugger.HotReloadClientService":{"host":"dotnet","hostId":"C94B8CFE-E3FD-4BAF-A941-2866DBB566FE","serviceBaseDirectory":"/Users/coycrowder/.vscode/extensions/ms-dotnettools.csdevkit-1.16.6-darwin-x64/components/VSDebugCore/platforms/darwin-x64/node_modules/@microsoft/visualstudio-debugger-devkit.darwin-x64","entryPoint":{"assemblyPath":"/Users/coycrowder/.vscode/extensions/ms-dotnettools.csdevkit-1.16.6-darwin-x64/components/VSDebugCore/platforms/darwin-x64/node_modules/@microsoft/visualstudio-debugger-devkit.darwin-x64/Microsoft.VisualStudio.Debugger.DevKit.dll","fullClassName":"Microsoft.VisualStudio.Debugger.HotReloadClientService+Factory"}},"Microsoft.VisualStudio.Debugger.HotReloadSessionNotificationService":{"host":"dotnet","hostId":"C94B8CFE-E3FD-4BAF-A941-2866DBB566FE","serviceBaseDirectory":"/Users/coycrowder/.vscode/extensions/ms-dotnettools.csdevkit-1.16.6-darwin-x64/components/VSDebugCore/platforms/darwin-x64/node_modules/@microsoft/visualstudio-debugger-devkit.darwin-x64","entryPoint":{"assemblyPath":"/Users/coycrowder/.vscode/extensions/ms-dotnettools.csdevkit-1.16.6-darwin-x64/components/VSDebugCore/platforms/darwin-x64/node_modules/@microsoft/visualstudio-debugger-devkit.darwin-x64/Microsoft.VisualStudio.Debugger.DevKit.dll","fullClassName":"Microsoft.VisualStudio.Debugger.HotReloadSessionNotificationService+Factory"}},"Microsoft.VisualStudio.Debugger.ManagedEditAndContinueCsDevKitEngineService2":{"host":"dotnet","hostId":"C94B8CFE-E3FD-4BAF-A941-2866DBB566FE","serviceBaseDirectory":"/Users/coycrowder/.vscode/extensions/ms-dotnettools.csdevkit-1.16.6-darwin-x64/components/VSDebugCore/platforms/darwin-x64/node_modules/@microsoft/visualstudio-debugger-devkit.darwin-x64","entryPoint":{"assemblyPath":"/Users/coycrowder/.vscode/extensions/ms-dotnettools.csdevkit-1.16.6-darwin-x64/components/VSDebugCore/platforms/darwin-x64/node_modules/@microsoft/visualstudio-debugger-devkit.darwin-x64/Microsoft.VisualStudio.Debugger.DevKit.dll","fullClassName":"Microsoft.VisualStudio.Debugger.ManagedEditAndContinueCsDevKitEngineService+Factory"}},"Microsoft.VisualStudio.Debugger.ManagedEditAndContinueRemoteDebuggerService2":{"host":"dotnet","hostId":"C94B8CFE-E3FD-4BAF-A941-2866DBB566FE","serviceBaseDirectory":"/Users/coycrowder/.vscode/extensions/ms-dotnettools.csdevkit-1.16.6-darwin-x64/components/VSDebugCore/platforms/darwin-x64/node_modules/@microsoft/visualstudio-debugger-devkit.darwin-x64","entryPoint":{"assemblyPath":"/Users/coycrowder/.vscode/extensions/ms-dotnettools.csdevkit-1.16.6-darwin-x64/components/VSDebugCore/platforms/darwin-x64/node_modules/@microsoft/visualstudio-debugger-devkit.darwin-x64/Microsoft.VisualStudio.Debugger.DevKit.dll","fullClassName":"Microsoft.VisualStudio.Debugger.ManagedEditAndContinueRemoteDebuggerService+Factory"}},"Microsoft.VisualStudio.Debugger.ManagedHotReloadAgentManagerService":{"host":"dotnet","hostId":"C94B8CFE-E3FD-4BAF-A941-2866DBB566FE","serviceBaseDirectory":"/Users/coycrowder/.vscode/extensions/ms-dotnettools.csdevkit-1.16.6-darwin-x64/components/VSDebugCore/platforms/darwin-x64/node_modules/@microsoft/visualstudio-debugger-devkit.darwin-x64","entryPoint":{"assemblyPath":"/Users/coycrowder/.vscode/extensions/ms-dotnettools.csdevkit-1.16.6-darwin-x64/components/VSDebugCore/platforms/darwin-x64/node_modules/@microsoft/visualstudio-debugger-devkit.darwin-x64/Microsoft.VisualStudio.Debugger.DevKit.dll","fullClassName":"Microsoft.VisualStudio.Debugger.ManagedHotReloadAgentManagerService+Factory"}},"Microsoft.VisualStudio.Debugger.ManagedHotReloadService":{"host":"dotnet","hostId":"C94B8CFE-E3FD-4BAF-A941-2866DBB566FE","serviceBaseDirectory":"/Users/coycrowder/.vscode/extensions/ms-dotnettools.csdevkit-1.16.6-darwin-x64/components/VSDebugCore/platforms/darwin-x64/node_modules/@microsoft/visualstudio-debugger-devkit.darwin-x64","entryPoint":{"assemblyPath":"/Users/coycrowder/.vscode/extensions/ms-dotnettools.csdevkit-1.16.6-darwin-x64/components/VSDebugCore/platforms/darwin-x64/node_modules/@microsoft/visualstudio-debugger-devkit.darwin-x64/Microsoft.VisualStudio.Debugger.DevKit.dll","fullClassName":"Microsoft.VisualStudio.Debugger.ManagedHotReloadService+Factory"}},"Microsoft.VisualStudio.Debugger.SourceLinkService":{"host":"dotnet","hostId":"C94B8CFE-E3FD-4BAF-A941-2866DBB566FE","serviceBaseDirectory":"/Users/coycrowder/.vscode/extensions/ms-dotnettools.csdevkit-1.16.6-darwin-x64/components/VSDebugCore/platforms/darwin-x64/node_modules/@microsoft/visualstudio-debugger-devkit.darwin-x64","entryPoint":{"assemblyPath":"/Users/coycrowder/.vscode/extensions/ms-dotnettools.csdevkit-1.16.6-darwin-x64/components/VSDebugCore/platforms/darwin-x64/node_modules/@microsoft/visualstudio-debugger-devkit.darwin-x64/Microsoft.VisualStudio.Debugger.DevKit.dll","fullClassName":"Microsoft.VisualStudio.Debugger.SourceLinkService+Factory"}},"Microsoft.VisualStudio.Debugger.SymbolLocatorService":{"host":"dotnet","hostId":"C94B8CFE-E3FD-4BAF-A941-2866DBB566FE","serviceBaseDirectory":"/Users/coycrowder/.vscode/extensions/ms-dotnettools.csdevkit-1.16.6-darwin-x64/components/VSDebugCore/platforms/darwin-x64/node_modules/@microsoft/visualstudio-debugger-devkit.darwin-x64","entryPoint":{"assemblyPath":"/Users/coycrowder/.vscode/extensions/ms-dotnettools.csdevkit-1.16.6-darwin-x64/components/VSDebugCore/platforms/darwin-x64/node_modules/@microsoft/visualstudio-debugger-devkit.darwin-x64/Microsoft.VisualStudio.Debugger.DevKit.dll","fullClassName":"Microsoft.VisualStudio.Debugger.BrokeredServices.SymbolLocator.SymbolLocatorService+Factory"}},"Microsoft.VisualStudio.TestWindow.VSCode.ProjectSystemProvider.Service":{"host":"dotnet","hostId":"C94B8CFE-E3FD-4BAF-A941-2866DBB566FE","serviceBaseDirectory":"/Users/coycrowder/.vscode/extensions/ms-dotnettools.csdevkit-1.16.6-darwin-x64/components/VSUnitTesting/platforms/darwin-x64/node_modules/@microsoft/visualstudio-testwindow-vscode-service.darwin-x64","entryPoint":{"assemblyPath":"/Users/coycrowder/.vscode/extensions/ms-dotnettools.csdevkit-1.16.6-darwin-x64/components/VSUnitTesting/platforms/darwin-x64/node_modules/@microsoft/visualstudio-testwindow-vscode-service.darwin-x64/Microsoft.VisualStudio.TestWindow.VSCode.Service.dll","fullClassName":"Microsoft.VisualStudio.TestWindow.VSCode.ProjectSystemProvider.Service.ProjectSystemProviderServiceFactory"}},"Microsoft.VisualStudio.TestWindow.VSCode.Service":{"host":"dotnet","hostId":"C94B8CFE-E3FD-4BAF-A941-2866DBB566FE","serviceBaseDirectory":"/Users/coycrowder/.vscode/extensions/ms-dotnettools.csdevkit-1.16.6-darwin-x64/components/VSUnitTesting/platforms/darwin-x64/node_modules/@microsoft/visualstudio-testwindow-vscode-service.darwin-x64","entryPoint":{"assemblyPath":"/Users/coycrowder/.vscode/extensions/ms-dotnettools.csdevkit-1.16.6-darwin-x64/components/VSUnitTesting/platforms/darwin-x64/node_modules/@microsoft/visualstudio-testwindow-vscode-service.darwin-x64/Microsoft.VisualStudio.TestWindow.VSCode.Service.dll","fullClassName":"Microsoft.VisualStudio.TestWindow.VSCode.Service.TestWindowVSCodeServiceFactory"}},"Microsoft.VisualStudio.AspireServer":{"host":"dotnet.aspireServer","hostId":"C94B8CFE-E3FD-4BAF-A941-2866DBB566FE","serviceBaseDirectory":"/Users/coycrowder/.vscode/extensions/ms-dotnettools.csdevkit-1.16.6-darwin-x64/components/WebTools/node_modules/@microsoft/vscode.webtools/Services","entryPoint":{"assemblyPath":"/Users/coycrowder/.vscode/extensions/ms-dotnettools.csdevkit-1.16.6-darwin-x64/components/WebTools/node_modules/@microsoft/vscode.webtools/Services/Microsoft.WebTools.AspireServer.dll","fullClassName":"Microsoft.WebTools.AspireServer.ServiceFactory"}},"Microsoft.VisualStudio.Debugger.AspireService":{"host":"dotnet.projectSystem","hostId":"C94B8CFE-E3FD-4BAF-A941-2866DBB566FE","serviceBaseDirectory":"/Users/coycrowder/.vscode/extensions/ms-dotnettools.csdevkit-1.16.6-darwin-x64/components/WebTools/node_modules/@microsoft/vscode.webtools/Services","entryPoint":{"assemblyPath":"/Users/coycrowder/.vscode/extensions/ms-dotnettools.csdevkit-1.16.6-darwin-x64/components/WebTools/node_modules/@microsoft/vscode.webtools/Services/Microsoft.WebTools.Aspire.VSCode.Services.dll","fullClassName":"Microsoft.WebTools.Aspire.VSCode.Services.ServiceFactory"},"friendServices":["Microsoft.VisualStudio.ProjectSystem.CompositionService"]},"Microsoft.VisualStudio.ProjectSystem.DebugTargetFrameworkService":{"host":"dotnet.projectSystem","hostId":"C94B8CFE-E3FD-4BAF-A941-2866DBB566FE","serviceBaseDirectory":"/Users/coycrowder/.vscode/extensions/ms-dotnettools.csdevkit-1.16.6-darwin-x64/components/dotnet-project-system-vscode/node_modules/@microsoft/vscode.projectsystem.managed/Services","entryPoint":{"assemblyPath":"/Users/coycrowder/.vscode/extensions/ms-dotnettools.csdevkit-1.16.6-darwin-x64/components/dotnet-project-system-vscode/node_modules/@microsoft/vscode.projectsystem.managed/Services/Microsoft.ProjectSystem.Managed.VSCode.Services.dll","fullClassName":"Microsoft.VisualStudio.ProjectSystem.Services.DebugTargetFrameworkServiceFactory"},"friendServices":["Microsoft.VisualStudio.ProjectSystem.CompositionService"]},"Microsoft.VisualStudio.ProjectQueryTestService":{"host":"dotnet","hostId":"C94B8CFE-E3FD-4BAF-A941-2866DBB566FE","serviceBaseDirectory":"/Users/coycrowder/.vscode/extensions/ms-dotnettools.csdevkit-1.16.6-darwin-x64/components/vs-green-server/platforms/darwin-x64/node_modules/@microsoft/visualstudio-server-samples-sayhello.darwin-x64","entryPoint":{"assemblyPath":"/Users/coycrowder/.vscode/extensions/ms-dotnettools.csdevkit-1.16.6-darwin-x64/components/vs-green-server/platforms/darwin-x64/node_modules/@microsoft/visualstudio-server-samples-sayhello.darwin-x64/Microsoft.VisualStudio.Samples.SayHello.dll","fullClassName":"Microsoft.VisualStudio.Samples.SayHello.ProjectQueryTestServiceFactory"}},"helloServiceHubDotNetHost":{"host":"dotnet","hostId":"C94B8CFE-E3FD-4BAF-A941-2866DBB566FE","serviceBaseDirectory":"/Users/coycrowder/.vscode/extensions/ms-dotnettools.csdevkit-1.16.6-darwin-x64/components/vs-green-server/platforms/darwin-x64/node_modules/@microsoft/visualstudio-server-samples-sayhello.darwin-x64","entryPoint":{"assemblyPath":"/Users/coycrowder/.vscode/extensions/ms-dotnettools.csdevkit-1.16.6-darwin-x64/components/vs-green-server/platforms/darwin-x64/node_modules/@microsoft/visualstudio-server-samples-sayhello.darwin-x64/Microsoft.VisualStudio.Samples.SayHello.dll","fullClassName":"Microsoft.VisualStudio.Samples.SayHello.HelloWorldFactory"}}}]}
02/19/2025 22:07:54 Central Standard Time : Information : VsHubClient-hubController read: Content-Length: 38

{"jsonrpc":"2.0","id":3,"result":null}
02/19/2025 22:07:55 Central Standard Time : Information : VsHubClient-hubController write: Content-Length: 370

{"jsonrpc":"2.0","id":3,"method":"requestServiceChannel","params":[{"Name":"Microsoft.VisualStudio.Debugger.HotReloadSessionNotificationService","Version":"0.1"},{"ActivationArguments":{"__servicehub__ServiceHubRemoteServiceBrokerPipeName":"/Users/coycrowder/.ServiceHub/2bdb5debe2/daec1727d8"},"ClientCredentials":{},"ClientCulture":"en-US","ClientUICulture":"en-US"}]}
02/19/2025 22:07:55 Central Standard Time : Information : VsHubClient-hubController write: Content-Length: 359

{"jsonrpc":"2.0","id":4,"method":"requestServiceChannel","params":[{"Name":"Microsoft.VisualStudio.ProjectSystem.ProjectTreeProvider","Version":"0.1"},{"ActivationArguments":{"__servicehub__ServiceHubRemoteServiceBrokerPipeName":"/Users/coycrowder/.ServiceHub/2bdb5debe2/c5b191b37c"},"ClientCredentials":{},"ClientCulture":"en-US","ClientUICulture":"en-US"}]}
02/19/2025 22:07:55 Central Standard Time : Information : VsHubClient-hubController write: Content-Length: 351

{"jsonrpc":"2.0","id":5,"method":"requestServiceChannel","params":[{"Name":"Microsoft.VisualStudio.TestWindow.VSCode.Service","Version":"0.1"},{"ActivationArguments":{"__servicehub__ServiceHubRemoteServiceBrokerPipeName":"/Users/coycrowder/.ServiceHub/2bdb5debe2/e8299f0df7"},"ClientCredentials":{},"ClientCulture":"en-US","ClientUICulture":"en-US"}]}Content-Length: 336

{"jsonrpc":"2.0","id":6,"method":"requestServiceChannel","params":[{"Name":"Microsoft.VisualStudio.LaunchConfigurationService"},{"ActivationArguments":{"__servicehub__ServiceHubRemoteServiceBrokerPipeName":"/Users/coycrowder/.ServiceHub/2bdb5debe2/9dfaab6356"},"ClientCredentials":{},"ClientCulture":"en-US","ClientUICulture":"en-US"}]}
02/19/2025 22:07:55 Central Standard Time : Information : VsHubClient-hubController write: Content-Length: 374

{"jsonrpc":"2.0","id":7,"method":"requestServiceChannel","params":[{"Name":"Microsoft.VisualStudio.ProjectSystem.ProjectInitializationStatusService","Version":"0.1"},{"ActivationArguments":{"__servicehub__ServiceHubRemoteServiceBrokerPipeName":"/Users/coycrowder/.ServiceHub/2bdb5debe2/e37e91fafc"},"ClientCredentials":{},"ClientCulture":"en-US","ClientUICulture":"en-US"}]}
02/19/2025 22:07:56 Central Standard Time : Information : VsHubClient-hubController read: Content-Length: 167

{"jsonrpc":"2.0","id":3,"result":{"RequestId":"596567e4-32e2-46ac-a1d8-1f08de65541c","PipeName":"/Users/coycrowder/.ServiceHub/2bdb5debe2/53367e46aa","IsEmpty":false}}
02/19/2025 22:07:56 Central Standard Time : Information : VsHubClient-hubController read: Content-Length: 167

{"jsonrpc":"2.0","id":5,"result":{"RequestId":"3d63273e-8073-4ff5-a670-024017eac9a5","PipeName":"/Users/coycrowder/.ServiceHub/2bdb5debe2/a8ce630b6e","IsEmpty":false}}
02/19/2025 22:07:56 Central Standard Time : Information : Disposing ServiceBroker server '/Users/coycrowder/.ServiceHub/2bdb5debe2/daec1727d8'.
02/19/2025 22:07:56 Central Standard Time : Information : Disposing ServiceBroker server '/Users/coycrowder/.ServiceHub/2bdb5debe2/e8299f0df7'.
02/19/2025 22:07:57 Central Standard Time : Information : Microsoft.VisualStudio.Debugger.HotReloadSessionNotificationService-RemoteServiceBrokerServer read: Content-Length: 193

{"jsonrpc":"2.0","id":2,"method":"handshake","params":[{"supportedConnections":"IpcPipe","localServiceHost":{"operatingSystem":2,"processArchitecture":1,"runtime":2,"runtimeVersion":"8.0.8"}}]}
02/19/2025 22:07:57 Central Standard Time : Information : Microsoft.VisualStudio.TestWindow.VSCode.Service-RemoteServiceBrokerServer read: Content-Length: 193

{"jsonrpc":"2.0","id":2,"method":"handshake","params":[{"supportedConnections":"IpcPipe","localServiceHost":{"operatingSystem":2,"processArchitecture":1,"runtime":2,"runtimeVersion":"8.0.8"}}]}
02/19/2025 22:07:57 Central Standard Time : Information : Microsoft.VisualStudio.TestWindow.VSCode.Service-RemoteServiceBrokerServer write: Content-Length: 38

{"jsonrpc":"2.0","id":2,"result":null}
02/19/2025 22:07:57 Central Standard Time : Information : Microsoft.VisualStudio.Debugger.HotReloadSessionNotificationService-RemoteServiceBrokerServer write: Content-Length: 38

{"jsonrpc":"2.0","id":2,"result":null}
02/19/2025 22:07:57 Central Standard Time : Information : Microsoft.VisualStudio.Debugger.HotReloadSessionNotificationService-RemoteServiceBrokerServer read: Content-Length: 183

{"jsonrpc":"2.0","id":3,"method":"requestServiceChannel","params":[{"name":"Microsoft.ServiceHub.Framework.AuthorizationService"},{"clientCulture":"en-US","clientUICulture":"en-US"}]}
02/19/2025 22:07:57 Central Standard Time : Information : Microsoft.VisualStudio.TestWindow.VSCode.Service-RemoteServiceBrokerServer read: Content-Length: 183

{"jsonrpc":"2.0","id":3,"method":"requestServiceChannel","params":[{"name":"Microsoft.ServiceHub.Framework.AuthorizationService"},{"clientCulture":"en-US","clientUICulture":"en-US"}]}
02/19/2025 22:07:57 Central Standard Time : Information : Microsoft.VisualStudio.Debugger.HotReloadSessionNotificationService-RemoteServiceBrokerServer write: Content-Length: 181

{"jsonrpc":"2.0","id":3,"result":{"requestId":"60e011b9-44b1-41d0-9198-26e74cf7aec7","pipeName":"/var/folders/84/68dsmswn3m95t759t37vwxmr0000gn/T/19576231881f4acba882f4f6e36514da"}}
02/19/2025 22:07:57 Central Standard Time : Information : Microsoft.VisualStudio.TestWindow.VSCode.Service-RemoteServiceBrokerServer write: Content-Length: 181

{"jsonrpc":"2.0","id":3,"result":{"requestId":"4f2b7ae1-f292-44be-9984-7451b3339821","pipeName":"/var/folders/84/68dsmswn3m95t759t37vwxmr0000gn/T/888369fd14664f93b3bb0f7a116686c8"}}
02/19/2025 22:07:57 Central Standard Time : Information : VsHubClient-hubController read: Content-Length: 167

{"jsonrpc":"2.0","id":7,"result":{"RequestId":"80017890-9083-416b-8ea7-7235c3df326c","PipeName":"/Users/coycrowder/.ServiceHub/2bdb5debe2/c5e5391c1d","IsEmpty":false}}
02/19/2025 22:07:57 Central Standard Time : Information : VsHubClient-hubController read: Content-Length: 167

{"jsonrpc":"2.0","id":6,"result":{"RequestId":"32fe19eb-2e25-4cd7-a568-6655569a4aa8","PipeName":"/Users/coycrowder/.ServiceHub/2bdb5debe2/556828ed3e","IsEmpty":false}}Content-Length: 167

{"jsonrpc":"2.0","id":4,"result":{"RequestId":"7245ae48-0523-4fa3-b9cf-0ad38ff7630a","PipeName":"/Users/coycrowder/.ServiceHub/2bdb5debe2/2bccc34104","IsEmpty":false}}
02/19/2025 22:07:57 Central Standard Time : Information : Disposing ServiceBroker server '/Users/coycrowder/.ServiceHub/2bdb5debe2/c5b191b37c'.
02/19/2025 22:07:57 Central Standard Time : Information : Disposing ServiceBroker server '/Users/coycrowder/.ServiceHub/2bdb5debe2/e37e91fafc'.
02/19/2025 22:07:57 Central Standard Time : Information : Disposing ServiceBroker server '/Users/coycrowder/.ServiceHub/2bdb5debe2/9dfaab6356'.
02/19/2025 22:07:57 Central Standard Time : Information : VsHubClient-hubController write: Content-Length: 373

{"jsonrpc":"2.0","id":8,"method":"requestServiceChannel","params":[{"Name":"Microsoft.VisualStudio.TestWindow.VSCode.ProjectSystemProvider.Service","Version":"0.1"},{"ActivationArguments":{"__servicehub__ServiceHubRemoteServiceBrokerPipeName":"/Users/coycrowder/.ServiceHub/2bdb5debe2/a3ce388837"},"ClientCredentials":{},"ClientCulture":"en-US","ClientUICulture":"en-US"}]}
02/19/2025 22:07:57 Central Standard Time : Information : VsHubClient-hubController read: Content-Length: 167

{"jsonrpc":"2.0","id":8,"result":{"RequestId":"c21fa227-a004-4cf7-9f3e-b80b039b9d76","PipeName":"/Users/coycrowder/.ServiceHub/2bdb5debe2/f4c8e32678","IsEmpty":false}}
02/19/2025 22:07:57 Central Standard Time : Information : Disposing ServiceBroker server '/Users/coycrowder/.ServiceHub/2bdb5debe2/a3ce388837'.
02/19/2025 22:07:57 Central Standard Time : Information : Microsoft.VisualStudio.TestWindow.VSCode.ProjectSystemProvider.Service-RemoteServiceBrokerServer read: Content-Length: 193

{"jsonrpc":"2.0","id":2,"method":"handshake","params":[{"supportedConnections":"IpcPipe","localServiceHost":{"operatingSystem":2,"processArchitecture":1,"runtime":2,"runtimeVersion":"8.0.8"}}]}
02/19/2025 22:07:57 Central Standard Time : Information : Microsoft.VisualStudio.TestWindow.VSCode.ProjectSystemProvider.Service-RemoteServiceBrokerServer write: Content-Length: 38

{"jsonrpc":"2.0","id":2,"result":null}
02/19/2025 22:07:57 Central Standard Time : Information : Microsoft.VisualStudio.TestWindow.VSCode.ProjectSystemProvider.Service-RemoteServiceBrokerServer read: Content-Length: 183

{"jsonrpc":"2.0","id":3,"method":"requestServiceChannel","params":[{"name":"Microsoft.ServiceHub.Framework.AuthorizationService"},{"clientCulture":"en-US","clientUICulture":"en-US"}]}
02/19/2025 22:07:58 Central Standard Time : Information : Microsoft.VisualStudio.TestWindow.VSCode.ProjectSystemProvider.Service-RemoteServiceBrokerServer write: Content-Length: 181

{"jsonrpc":"2.0","id":3,"result":{"requestId":"20396d27-1c73-4662-ab70-d0c1b50f9881","pipeName":"/var/folders/84/68dsmswn3m95t759t37vwxmr0000gn/T/99f4f402c464411b8512250fd521d8ca"}}
02/19/2025 22:07:58 Central Standard Time : Information : Microsoft.VisualStudio.TestWindow.VSCode.ProjectSystemProvider.Service-RemoteServiceBrokerServer read: Content-Length: 293

{"jsonrpc":"2.0","id":4,"method":"requestServiceChannel","params":[{"name":"Microsoft.VisualStudio.ProjectSystem.Query.Remoting.QueryExecutionService","version":"0.3"},{"clientCulture":"en-US","clientUICulture":"en-US"}],"traceparent":"00-dd5ee6e300240245a0af9bfc9c578b11-5c572f72067fa342-00"}
02/19/2025 22:07:58 Central Standard Time : Information : VsHubClient-hubController write: Content-Length: 376

{"jsonrpc":"2.0","id":9,"method":"requestServiceChannel","params":[{"Name":"Microsoft.VisualStudio.ProjectSystem.Query.Remoting.QueryExecutionService","Version":"0.3"},{"ActivationArguments":{"__servicehub__ServiceHubRemoteServiceBrokerPipeName":"/Users/coycrowder/.ServiceHub/2bdb5debe2/e18f6a3cea"},"ClientCredentials":{},"ClientCulture":"en-US","ClientUICulture":"en-US"}]}
02/19/2025 22:07:58 Central Standard Time : Information : VsHubClient-hubController read: Content-Length: 167

{"jsonrpc":"2.0","id":9,"result":{"RequestId":"4aaf1bda-f3b1-4c07-bfd8-ba2911b7dd29","PipeName":"/Users/coycrowder/.ServiceHub/2bdb5debe2/1b6105a515","IsEmpty":false}}
02/19/2025 22:07:58 Central Standard Time : Information : Microsoft.VisualStudio.TestWindow.VSCode.ProjectSystemProvider.Service-RemoteServiceBrokerServer write: Content-Length: 151

{"jsonrpc":"2.0","id":4,"result":{"requestId":"4aaf1bda-f3b1-4c07-bfd8-ba2911b7dd29","pipeName":"/Users/coycrowder/.ServiceHub/2bdb5debe2/1b6105a515"}}
02/19/2025 22:07:58 Central Standard Time : Information : Disposing ServiceBroker server '/Users/coycrowder/.ServiceHub/2bdb5debe2/e18f6a3cea'.
02/19/2025 22:07:58 Central Standard Time : Information : Microsoft.VisualStudio.ProjectSystem.ProjectInitializationStatusService-RemoteServiceBrokerServer read: Content-Length: 193

{"jsonrpc":"2.0","id":2,"method":"handshake","params":[{"supportedConnections":"IpcPipe","localServiceHost":{"operatingSystem":2,"processArchitecture":1,"runtime":2,"runtimeVersion":"9.0.2"}}]}
02/19/2025 22:07:58 Central Standard Time : Information : Microsoft.VisualStudio.LaunchConfigurationService-RemoteServiceBrokerServer read: Content-Length: 193

{"jsonrpc":"2.0","id":2,"method":"handshake","params":[{"supportedConnections":"IpcPipe","localServiceHost":{"operatingSystem":2,"processArchitecture":1,"runtime":2,"runtimeVersion":"9.0.2"}}]}
02/19/2025 22:07:58 Central Standard Time : Information : Microsoft.VisualStudio.ProjectSystem.ProjectTreeProvider-RemoteServiceBrokerServer read: Content-Length: 193

{"jsonrpc":"2.0","id":2,"method":"handshake","params":[{"supportedConnections":"IpcPipe","localServiceHost":{"operatingSystem":2,"processArchitecture":1,"runtime":2,"runtimeVersion":"9.0.2"}}]}
02/19/2025 22:07:58 Central Standard Time : Information : Microsoft.VisualStudio.ProjectSystem.Query.Remoting.QueryExecutionService-RemoteServiceBrokerServer read: Content-Length: 193

{"jsonrpc":"2.0","id":2,"method":"handshake","params":[{"supportedConnections":"IpcPipe","localServiceHost":{"operatingSystem":2,"processArchitecture":1,"runtime":2,"runtimeVersion":"9.0.2"}}]}
02/19/2025 22:07:58 Central Standard Time : Information : Microsoft.VisualStudio.ProjectSystem.Query.Remoting.QueryExecutionService-RemoteServiceBrokerServer write: Content-Length: 38

{"jsonrpc":"2.0","id":2,"result":null}
02/19/2025 22:07:58 Central Standard Time : Information : Microsoft.VisualStudio.ProjectSystem.ProjectTreeProvider-RemoteServiceBrokerServer write: Content-Length: 38

{"jsonrpc":"2.0","id":2,"result":null}
02/19/2025 22:07:58 Central Standard Time : Information : Microsoft.VisualStudio.ProjectSystem.ProjectInitializationStatusService-RemoteServiceBrokerServer write: Content-Length: 38

{"jsonrpc":"2.0","id":2,"result":null}
02/19/2025 22:07:58 Central Standard Time : Information : Microsoft.VisualStudio.LaunchConfigurationService-RemoteServiceBrokerServer write: Content-Length: 38

{"jsonrpc":"2.0","id":2,"result":null}
02/19/2025 22:07:58 Central Standard Time : Information : Microsoft.VisualStudio.ProjectSystem.ProjectInitializationStatusService-RemoteServiceBrokerServer read: Content-Length: 183

{"jsonrpc":"2.0","id":3,"method":"requestServiceChannel","params":[{"name":"Microsoft.ServiceHub.Framework.AuthorizationService"},{"clientCulture":"en-US","clientUICulture":"en-US"}]}
02/19/2025 22:07:58 Central Standard Time : Information : Microsoft.VisualStudio.ProjectSystem.Query.Remoting.QueryExecutionService-RemoteServiceBrokerServer read: Content-Length: 183

{"jsonrpc":"2.0","id":3,"method":"requestServiceChannel","params":[{"name":"Microsoft.ServiceHub.Framework.AuthorizationService"},{"clientCulture":"en-US","clientUICulture":"en-US"}]}
02/19/2025 22:07:58 Central Standard Time : Information : Microsoft.VisualStudio.LaunchConfigurationService-RemoteServiceBrokerServer read: Content-Length: 183

{"jsonrpc":"2.0","id":3,"method":"requestServiceChannel","params":[{"name":"Microsoft.ServiceHub.Framework.AuthorizationService"},{"clientCulture":"en-US","clientUICulture":"en-US"}]}
02/19/2025 22:07:58 Central Standard Time : Information : Microsoft.VisualStudio.ProjectSystem.ProjectTreeProvider-RemoteServiceBrokerServer read: Content-Length: 183

{"jsonrpc":"2.0","id":3,"method":"requestServiceChannel","params":[{"name":"Microsoft.ServiceHub.Framework.AuthorizationService"},{"clientCulture":"en-US","clientUICulture":"en-US"}]}
02/19/2025 22:07:58 Central Standard Time : Information : Microsoft.VisualStudio.ProjectSystem.ProjectTreeProvider-RemoteServiceBrokerServer write: Content-Length: 181

{"jsonrpc":"2.0","id":3,"result":{"requestId":"97dbdd4a-2cec-4e69-9c6e-f4705fa79f54","pipeName":"/var/folders/84/68dsmswn3m95t759t37vwxmr0000gn/T/fcc0cbfa6f114fdea8cf6ca358c9107b"}}
02/19/2025 22:07:58 Central Standard Time : Information : Microsoft.VisualStudio.ProjectSystem.Query.Remoting.QueryExecutionService-RemoteServiceBrokerServer write: Content-Length: 181

{"jsonrpc":"2.0","id":3,"result":{"requestId":"663cd528-bbc1-463e-b086-d14446bc8b32","pipeName":"/var/folders/84/68dsmswn3m95t759t37vwxmr0000gn/T/8d57cfac1915454cb84e964b3f75ac4d"}}
02/19/2025 22:07:58 Central Standard Time : Information : Microsoft.VisualStudio.LaunchConfigurationService-RemoteServiceBrokerServer write: Content-Length: 181

{"jsonrpc":"2.0","id":3,"result":{"requestId":"1abe1979-8cbe-41f3-b931-3e0858570db3","pipeName":"/var/folders/84/68dsmswn3m95t759t37vwxmr0000gn/T/c3c27b24c16042319fc5c80959df7ef1"}}
02/19/2025 22:07:58 Central Standard Time : Information : Microsoft.VisualStudio.ProjectSystem.ProjectInitializationStatusService-RemoteServiceBrokerServer write: Content-Length: 181

{"jsonrpc":"2.0","id":3,"result":{"requestId":"c4529294-0b9f-444d-95db-92a0ed3cec32","pipeName":"/var/folders/84/68dsmswn3m95t759t37vwxmr0000gn/T/d93bb32b48144e63b98cf0ab0c65016b"}}
02/19/2025 22:07:58 Central Standard Time : Information : Microsoft.VisualStudio.ProjectSystem.ProjectInitializationStatusService-RemoteServiceBrokerServer read: Content-Length: 203

{"jsonrpc":"2.0","id":4,"method":"requestServiceChannel","params":[{"name":"Microsoft.VisualStudio.ProjectSystem.CompositionService","version":"0.1"},{"clientCulture":"en-US","clientUICulture":"en-US"}]}
02/19/2025 22:07:58 Central Standard Time : Information : VsHubClient-hubController write: Content-Length: 359

{"jsonrpc":"2.0","id":10,"method":"requestServiceChannel","params":[{"Name":"Microsoft.VisualStudio.ProjectSystem.CompositionService","Version":"0.1"},{"ActivationArguments":{"__servicehub__ServiceHubRemoteServiceBrokerPipeName":"/Users/coycrowder/.ServiceHub/2bdb5debe2/147bac0eb4"},"ClientCredentials":{},"ClientCulture":"en-US","ClientUICulture":"en-US"}]}
02/19/2025 22:07:58 Central Standard Time : Information : VsHubClient-hubController read: Content-Length: 168

{"jsonrpc":"2.0","id":10,"result":{"RequestId":"ac5810aa-090d-46a1-ae45-2ebef8bd6965","PipeName":"/Users/coycrowder/.ServiceHub/2bdb5debe2/c96ffcee36","IsEmpty":false}}
02/19/2025 22:07:58 Central Standard Time : Information : Microsoft.VisualStudio.ProjectSystem.ProjectInitializationStatusService-RemoteServiceBrokerServer write: Content-Length: 151

{"jsonrpc":"2.0","id":4,"result":{"requestId":"ac5810aa-090d-46a1-ae45-2ebef8bd6965","pipeName":"/Users/coycrowder/.ServiceHub/2bdb5debe2/c96ffcee36"}}
02/19/2025 22:07:58 Central Standard Time : Information : Disposing ServiceBroker server '/Users/coycrowder/.ServiceHub/2bdb5debe2/147bac0eb4'.
02/19/2025 22:07:58 Central Standard Time : Information : Microsoft.VisualStudio.ProjectSystem.CompositionService-RemoteServiceBrokerServer read: Content-Length: 193

{"jsonrpc":"2.0","id":2,"method":"handshake","params":[{"supportedConnections":"IpcPipe","localServiceHost":{"operatingSystem":2,"processArchitecture":1,"runtime":2,"runtimeVersion":"9.0.2"}}]}
02/19/2025 22:07:58 Central Standard Time : Information : Microsoft.VisualStudio.ProjectSystem.CompositionService-RemoteServiceBrokerServer write: Content-Length: 38

{"jsonrpc":"2.0","id":2,"result":null}
02/19/2025 22:07:58 Central Standard Time : Information : Microsoft.VisualStudio.ProjectSystem.CompositionService-RemoteServiceBrokerServer read: Content-Length: 183

{"jsonrpc":"2.0","id":3,"method":"requestServiceChannel","params":[{"name":"Microsoft.ServiceHub.Framework.AuthorizationService"},{"clientCulture":"en-US","clientUICulture":"en-US"}]}
02/19/2025 22:07:58 Central Standard Time : Information : Microsoft.VisualStudio.ProjectSystem.CompositionService-RemoteServiceBrokerServer write: Content-Length: 181

{"jsonrpc":"2.0","id":3,"result":{"requestId":"8f59d6b6-ebef-4e1d-a8db-d648e2f8a612","pipeName":"/var/folders/84/68dsmswn3m95t759t37vwxmr0000gn/T/b3c8989a74284326862f3d242da9deed"}}
02/19/2025 22:07:58 Central Standard Time : Information : Microsoft.VisualStudio.ProjectSystem.CompositionService-RemoteServiceBrokerServer read: Content-Length: 197

{"jsonrpc":"2.0","id":4,"method":"requestServiceChannel","params":[{"name":"Microsoft.VisualStudio.NoDelay.EnvironmentService","version":"0.1"},{"clientCulture":"en-US","clientUICulture":"en-US"}]}
02/19/2025 22:07:58 Central Standard Time : Information : Microsoft.VisualStudio.ProjectSystem.CompositionService-RemoteServiceBrokerServer read: Content-Length: 194

{"jsonrpc":"2.0","id":5,"method":"requestServiceChannel","params":[{"name":"Microsoft.VisualStudio.ComponentExportsService","version":"0.1"},{"clientCulture":"en-US","clientUICulture":"en-US"}]}
02/19/2025 22:07:58 Central Standard Time : Information : Microsoft.VisualStudio.ProjectSystem.CompositionService-RemoteServiceBrokerServer write: Content-Length: 181

{"jsonrpc":"2.0","id":4,"result":{"requestId":"2d887b3e-c709-44a7-846b-4615e85c340d","pipeName":"/var/folders/84/68dsmswn3m95t759t37vwxmr0000gn/T/658ece4e487f4a169de2396edf4aec56"}}
02/19/2025 22:07:58 Central Standard Time : Information : Microsoft.VisualStudio.ProjectSystem.CompositionService-RemoteServiceBrokerServer write: Content-Length: 181

{"jsonrpc":"2.0","id":5,"result":{"requestId":"6cc88be0-1429-45db-bf92-4af2206678e6","pipeName":"/var/folders/84/68dsmswn3m95t759t37vwxmr0000gn/T/8a55c35fc6ca4182a652e7b92f6b30d6"}}
02/19/2025 22:07:59 Central Standard Time : Information : Microsoft.VisualStudio.ProjectSystem.CompositionService-RemoteServiceBrokerServer read: Content-Length: 204

{"jsonrpc":"2.0","id":6,"method":"requestServiceChannel","params":[{"name":"Microsoft.VisualStudio.ActiveDocumentsInformationService","version":"0.1"},{"clientCulture":"en-US","clientUICulture":"en-US"}]}
02/19/2025 22:07:59 Central Standard Time : Information : Microsoft.VisualStudio.ProjectSystem.CompositionService-RemoteServiceBrokerServer read: Content-Length: 242

{"jsonrpc":"2.0","id":7,"method":"requestServiceChannel","params":[{"name":"Microsoft.VisualStudio.NuGetSolutionRestoreService","version":"0.1"},{"activationArguments":{"needEvents":"True"},"clientCulture":"en-US","clientUICulture":"en-US"}]}
02/19/2025 22:07:59 Central Standard Time : Information : Microsoft.VisualStudio.ProjectSystem.CompositionService-RemoteServiceBrokerServer write: Content-Length: 181

{"jsonrpc":"2.0","id":6,"result":{"requestId":"c94bb29e-c455-4843-b7d4-509d1c51d6e0","pipeName":"/var/folders/84/68dsmswn3m95t759t37vwxmr0000gn/T/d08fd240f52b4bbc829fb34c5d5cfa2e"}}
02/19/2025 22:07:59 Central Standard Time : Information : Microsoft.VisualStudio.ProjectSystem.CompositionService-RemoteServiceBrokerServer write: Content-Length: 181

{"jsonrpc":"2.0","id":7,"result":{"requestId":"8f52d90e-96c2-4185-bfe4-81dfd71cfb50","pipeName":"/var/folders/84/68dsmswn3m95t759t37vwxmr0000gn/T/cd7a1a2cea484230ad7d9d5ea2ec6a53"}}
02/19/2025 22:07:59 Central Standard Time : Information : Microsoft.VisualStudio.ProjectSystem.CompositionService-RemoteServiceBrokerServer read: Content-Length: 270

{"jsonrpc":"2.0","id":8,"method":"requestServiceChannel","params":[{"name":"Microsoft.VisualStudio.CpsProjectIconSourceService","version":"0.1"},{"clientCulture":"en-US","clientUICulture":"en-US"}],"traceparent":"00-7b5f4f6f22643f4fa816bf6f0ec5b646-233cf9091e731e4c-00"}
02/19/2025 22:07:59 Central Standard Time : Information : VsHubClient-hubController write: Content-Length: 354

{"jsonrpc":"2.0","id":11,"method":"requestServiceChannel","params":[{"Name":"Microsoft.VisualStudio.CpsProjectIconSourceService","Version":"0.1"},{"ActivationArguments":{"__servicehub__ServiceHubRemoteServiceBrokerPipeName":"/Users/coycrowder/.ServiceHub/2bdb5debe2/7d99f6b1fb"},"ClientCredentials":{},"ClientCulture":"en-US","ClientUICulture":"en-US"}]}
02/19/2025 22:08:00 Central Standard Time : Information : VsHubClient-hubController read: Content-Length: 168

{"jsonrpc":"2.0","id":11,"result":{"RequestId":"5cd31401-36ad-42e7-979a-a29de899b9bd","PipeName":"/Users/coycrowder/.ServiceHub/2bdb5debe2/6321cc7e35","IsEmpty":false}}
02/19/2025 22:08:00 Central Standard Time : Information : Microsoft.VisualStudio.ProjectSystem.CompositionService-RemoteServiceBrokerServer write: Content-Length: 151

{"jsonrpc":"2.0","id":8,"result":{"requestId":"5cd31401-36ad-42e7-979a-a29de899b9bd","pipeName":"/Users/coycrowder/.ServiceHub/2bdb5debe2/6321cc7e35"}}
02/19/2025 22:08:00 Central Standard Time : Information : Disposing ServiceBroker server '/Users/coycrowder/.ServiceHub/2bdb5debe2/7d99f6b1fb'.
02/19/2025 22:08:00 Central Standard Time : Information : Microsoft.VisualStudio.CpsProjectIconSourceService-RemoteServiceBrokerServer read: Content-Length: 193

{"jsonrpc":"2.0","id":2,"method":"handshake","params":[{"supportedConnections":"IpcPipe","localServiceHost":{"operatingSystem":2,"processArchitecture":1,"runtime":2,"runtimeVersion":"9.0.2"}}]}
02/19/2025 22:08:00 Central Standard Time : Information : Microsoft.VisualStudio.CpsProjectIconSourceService-RemoteServiceBrokerServer write: Content-Length: 38

{"jsonrpc":"2.0","id":2,"result":null}
02/19/2025 22:08:00 Central Standard Time : Information : Microsoft.VisualStudio.CpsProjectIconSourceService-RemoteServiceBrokerServer read: Content-Length: 183

{"jsonrpc":"2.0","id":3,"method":"requestServiceChannel","params":[{"name":"Microsoft.ServiceHub.Framework.AuthorizationService"},{"clientCulture":"en-US","clientUICulture":"en-US"}]}
02/19/2025 22:08:00 Central Standard Time : Information : Microsoft.VisualStudio.CpsProjectIconSourceService-RemoteServiceBrokerServer write: Content-Length: 181

{"jsonrpc":"2.0","id":3,"result":{"requestId":"2be42a2f-694b-47bb-b1f6-0b0f7981a254","pipeName":"/var/folders/84/68dsmswn3m95t759t37vwxmr0000gn/T/92ae86fe282947dd8acba32c889a8852"}}
02/19/2025 22:08:02 Central Standard Time : Information : Microsoft.VisualStudio.ProjectSystem.CompositionService-RemoteServiceBrokerServer read: Content-Length: 197

{"jsonrpc":"2.0","id":9,"method":"requestServiceChannel","params":[{"name":"Microsoft.VisualStudio.NoDelay.EnvironmentService","version":"0.1"},{"clientCulture":"en-US","clientUICulture":"en-US"}]}
02/19/2025 22:08:02 Central Standard Time : Information : Microsoft.VisualStudio.ProjectSystem.CompositionService-RemoteServiceBrokerServer write: Content-Length: 181

{"jsonrpc":"2.0","id":9,"result":{"requestId":"2c5044ef-1b91-48dc-9013-461431f0c6c4","pipeName":"/var/folders/84/68dsmswn3m95t759t37vwxmr0000gn/T/de5025ad253e4e9a94ebee3b1da0da95"}}
02/19/2025 22:08:02 Central Standard Time : Information : Microsoft.VisualStudio.ProjectSystem.CompositionService-RemoteServiceBrokerServer read: Content-Length: 203

{"jsonrpc":"2.0","id":10,"method":"requestServiceChannel","params":[{"name":"Microsoft.VisualStudio.LanguageServices.WorkspaceProjectFactoryService"},{"clientCulture":"en-US","clientUICulture":"en-US"}]}
02/19/2025 22:08:02 Central Standard Time : Information : VsHubClient-hubController write: Content-Length: 375

{"jsonrpc":"2.0","id":12,"method":"requestServiceChannel","params":[{"Name":"Microsoft.VisualStudio.ProjectSystem.ProjectInitializationStatusService","Version":"0.1"},{"ActivationArguments":{"__servicehub__ServiceHubRemoteServiceBrokerPipeName":"/Users/coycrowder/.ServiceHub/2bdb5debe2/9c1f90e2cd"},"ClientCredentials":{},"ClientCulture":"en-US","ClientUICulture":"en-US"}]}
02/19/2025 22:08:02 Central Standard Time : Information : VsHubClient-hubController read: Content-Length: 168

{"jsonrpc":"2.0","id":12,"result":{"RequestId":"1325797d-7207-4440-bc7d-2d041390812b","PipeName":"/Users/coycrowder/.ServiceHub/2bdb5debe2/f241028d18","IsEmpty":false}}
02/19/2025 22:08:02 Central Standard Time : Information : Disposing ServiceBroker server '/Users/coycrowder/.ServiceHub/2bdb5debe2/9c1f90e2cd'.
02/19/2025 22:08:02 Central Standard Time : Information : Microsoft.VisualStudio.ProjectSystem.ProjectInitializationStatusService-RemoteServiceBrokerServer read: Content-Length: 193

{"jsonrpc":"2.0","id":2,"method":"handshake","params":[{"supportedConnections":"IpcPipe","localServiceHost":{"operatingSystem":2,"processArchitecture":1,"runtime":2,"runtimeVersion":"9.0.2"}}]}
02/19/2025 22:08:02 Central Standard Time : Information : Microsoft.VisualStudio.ProjectSystem.ProjectInitializationStatusService-RemoteServiceBrokerServer write: Content-Length: 38

{"jsonrpc":"2.0","id":2,"result":null}
02/19/2025 22:08:02 Central Standard Time : Information : Microsoft.VisualStudio.ProjectSystem.ProjectInitializationStatusService-RemoteServiceBrokerServer read: Content-Length: 183

{"jsonrpc":"2.0","id":3,"method":"requestServiceChannel","params":[{"name":"Microsoft.ServiceHub.Framework.AuthorizationService"},{"clientCulture":"en-US","clientUICulture":"en-US"}]}
02/19/2025 22:08:02 Central Standard Time : Information : Microsoft.VisualStudio.ProjectSystem.ProjectInitializationStatusService-RemoteServiceBrokerServer write: Content-Length: 181

{"jsonrpc":"2.0","id":3,"result":{"requestId":"0196056f-0c22-4a78-b2cb-dbf8668ab508","pipeName":"/var/folders/84/68dsmswn3m95t759t37vwxmr0000gn/T/851f8c7618514226acea770204576f7c"}}
02/19/2025 22:08:02 Central Standard Time : Information : Microsoft.VisualStudio.ProjectSystem.CompositionService-RemoteServiceBrokerServer read: Content-Length: 185

{"jsonrpc":"2.0","id":11,"method":"requestServiceChannel","params":[{"name":"Microsoft.VisualStudio.OptionService","version":"0.1"},{"clientCulture":"en-US","clientUICulture":"en-US"}]}
02/19/2025 22:08:02 Central Standard Time : Information : Microsoft.VisualStudio.ProjectSystem.CompositionService-RemoteServiceBrokerServer write: Content-Length: 182

{"jsonrpc":"2.0","id":11,"result":{"requestId":"9bc365ab-fb2f-4cd3-baad-38bd53d28817","pipeName":"/var/folders/84/68dsmswn3m95t759t37vwxmr0000gn/T/59d18532a04b462fa1ca502717a9fdcd"}}
02/19/2025 22:08:02 Central Standard Time : Information : Microsoft.VisualStudio.ProjectSystem.CompositionService-RemoteServiceBrokerServer write: Content-Length: 182

{"jsonrpc":"2.0","id":10,"result":{"requestId":"f7ba9fa9-c508-4826-8ba0-fded53d97d60","pipeName":"/var/folders/84/68dsmswn3m95t759t37vwxmr0000gn/T/c6e1c7f00dab450099a420bc17ea641f"}}
02/19/2025 22:08:05 Central Standard Time : Information : Microsoft.VisualStudio.ProjectSystem.CompositionService-RemoteServiceBrokerServer read: Content-Length: 199

{"jsonrpc":"2.0","id":12,"method":"requestServiceChannel","params":[{"name":"Microsoft.VisualStudio.NuGetSolutionRestoreService","version":"0.1"},{"clientCulture":"en-US","clientUICulture":"en-US"}]}
02/19/2025 22:08:05 Central Standard Time : Information : Microsoft.VisualStudio.ProjectSystem.CompositionService-RemoteServiceBrokerServer write: Content-Length: 182

{"jsonrpc":"2.0","id":12,"result":{"requestId":"c0d3784a-d1e0-4e17-8fb0-63b52e483ae4","pipeName":"/var/folders/84/68dsmswn3m95t759t37vwxmr0000gn/T/663ab1b66c1e430db30b28a5286f9b11"}}
02/19/2025 22:08:05 Central Standard Time : Information : Microsoft.VisualStudio.ProjectSystem.CompositionService-RemoteServiceBrokerServer read: Content-Length: 250

{"jsonrpc":"2.0","id":13,"method":"requestServiceChannel","params":[{"name":"Microsoft.VisualStudio.LogOutputChannelService","version":"0.1"},{"activationArguments":{"outputChannelName":"Projects"},"clientCulture":"en-US","clientUICulture":"en-US"}]}
02/19/2025 22:08:05 Central Standard Time : Information : Microsoft.VisualStudio.ProjectSystem.CompositionService-RemoteServiceBrokerServer write: Content-Length: 182

{"jsonrpc":"2.0","id":13,"result":{"requestId":"812e8c01-b6fa-4af2-a445-53f4d9f85122","pipeName":"/var/folders/84/68dsmswn3m95t759t37vwxmr0000gn/T/77602b944f2040aeb49e8f8774cf8599"}}
02/19/2025 22:08:05 Central Standard Time : Information : VsHubClient-hubController write: Content-Length: 377

{"jsonrpc":"2.0","id":13,"method":"requestServiceChannel","params":[{"Name":"Microsoft.VisualStudio.ProjectSystem.Query.Remoting.QueryExecutionService","Version":"0.3"},{"ActivationArguments":{"__servicehub__ServiceHubRemoteServiceBrokerPipeName":"/Users/coycrowder/.ServiceHub/2bdb5debe2/2f27e7f41d"},"ClientCredentials":{},"ClientCulture":"en-US","ClientUICulture":"en-US"}]}
02/19/2025 22:08:05 Central Standard Time : Information : VsHubClient-hubController read: Content-Length: 168

{"jsonrpc":"2.0","id":13,"result":{"RequestId":"cfc52565-28b3-4b6c-933b-769e2fa709d8","PipeName":"/Users/coycrowder/.ServiceHub/2bdb5debe2/7d8386ae8b","IsEmpty":false}}
02/19/2025 22:08:05 Central Standard Time : Information : Disposing ServiceBroker server '/Users/coycrowder/.ServiceHub/2bdb5debe2/2f27e7f41d'.
02/19/2025 22:08:05 Central Standard Time : Information : Microsoft.VisualStudio.ProjectSystem.Query.Remoting.QueryExecutionService-RemoteServiceBrokerServer read: Content-Length: 193

{"jsonrpc":"2.0","id":2,"method":"handshake","params":[{"supportedConnections":"IpcPipe","localServiceHost":{"operatingSystem":2,"processArchitecture":1,"runtime":2,"runtimeVersion":"9.0.2"}}]}
02/19/2025 22:08:05 Central Standard Time : Information : Microsoft.VisualStudio.ProjectSystem.Query.Remoting.QueryExecutionService-RemoteServiceBrokerServer write: Content-Length: 38

{"jsonrpc":"2.0","id":2,"result":null}
02/19/2025 22:08:05 Central Standard Time : Information : Microsoft.VisualStudio.ProjectSystem.Query.Remoting.QueryExecutionService-RemoteServiceBrokerServer read: Content-Length: 183

{"jsonrpc":"2.0","id":3,"method":"requestServiceChannel","params":[{"name":"Microsoft.ServiceHub.Framework.AuthorizationService"},{"clientCulture":"en-US","clientUICulture":"en-US"}]}
02/19/2025 22:08:05 Central Standard Time : Information : Microsoft.VisualStudio.ProjectSystem.Query.Remoting.QueryExecutionService-RemoteServiceBrokerServer write: Content-Length: 181

{"jsonrpc":"2.0","id":3,"result":{"requestId":"0b9ff65b-125a-4a9a-adef-b21689b861f2","pipeName":"/var/folders/84/68dsmswn3m95t759t37vwxmr0000gn/T/d838f1101f2c420c8e341163f1321783"}}
02/19/2025 22:08:23 Central Standard Time : Information : VsHubClient-hubController write: Content-Length: 337

{"jsonrpc":"2.0","id":14,"method":"requestServiceChannel","params":[{"Name":"Microsoft.VisualStudio.LaunchConfigurationService"},{"ActivationArguments":{"__servicehub__ServiceHubRemoteServiceBrokerPipeName":"/Users/coycrowder/.ServiceHub/2bdb5debe2/bb641e97ab"},"ClientCredentials":{},"ClientCulture":"en-US","ClientUICulture":"en-US"}]}
02/19/2025 22:08:23 Central Standard Time : Information : VsHubClient-hubController JSON RPC has been disposed
02/19/2025 22:08:23 Central Standard Time : Information : Task 'RequestServiceChannelAsync-Microsoft.VisualStudio.LaunchConfigurationService' failed after iteration 1
02/19/2025 22:08:23 Central Standard Time : Information : VsHubClient-hubController read: end of stream
02/19/2025 22:08:23 Central Standard Time : Error : System.ObjectDisposedException: The CancellationTokenSource has been disposed. HResult='-2146232798' 
   at System.Threading.CancellationTokenSource.get_Token()
   at Microsoft.ServiceHub.Client.HubClient.GetLocationServiceWithRetriesAsync()
   at System.Lazy`1.ViaFactory(LazyThreadSafetyMode mode)
   at System.Lazy`1.ExecutionAndPublication(LazyHelper executionAndPublication, Boolean useDefaultConstructor)
   at System.Lazy`1.CreateValue()
   at Microsoft.ServiceHub.Client.HubClient.RemoteServiceBrokerWrapper.<>c__DisplayClass9_0.<<RequestServiceChannelAsync>b__0>d.MoveNext()
--- End of stack trace from previous location ---
   at Microsoft.ServiceHub.Utility.Shared.ServiceHubRetry.ExecuteAsync[TReturnType](Func`1 actionToExecute, TraceSource logger, ServiceHubRetryConfiguration`1 serviceHubRetryConfiguration, CancellationToken cancellationToken)
02/19/2025 22:08:23 Central Standard Time : Information : Microsoft.VisualStudio.ProjectSystem.Query.Remoting.QueryExecutionService-RemoteServiceBrokerServer read: end of stream
02/19/2025 22:08:23 Central Standard Time : Information : Disposing ServiceBroker server '/Users/coycrowder/.ServiceHub/2bdb5debe2/bb641e97ab'.
02/19/2025 22:08:23 Central Standard Time : Information : Microsoft.VisualStudio.TestWindow.VSCode.Service-RemoteServiceBrokerServer read: end of stream
