11/14/2024 21:35:39 Central Standard Time : Information : Local timezone is (UTC-06:00) Central Time (Chicago)
11/14/2024 21:35:39 Central Standard Time : Information : Started controller with command line /Users/coycrowder/.vscode/extensions/ms-dotnettools.csdevkit-1.13.9-darwin-x64/components/vs-green-server/platforms/darwin-x64/node_modules/@microsoft/servicehub-controller-net60.darwin-x64/Microsoft.ServiceHub.Controller 81a1a1f98f /ControllerCooldownTimeout:30000 /TelemetrySession:{"TelemetryLevel":"all","IsOptedIn":false,"HostName":"Default","AppInsightsInstrumentationKey":null,"AsimovInstrumentationKey":null,"CollectorApiKey":"0c6ae279ed8443289764825290e4f9e2-1a736e7c-1324-4338-be46-fc2a58ae4d14-7255","AppId":1010,"UserId":"3d76fee3-fa9c-4203-8cf8-72c0143d8ff5","Id":"8aa70519-2b3b-4d2a-910c-1d5b31f8be221731641719159","ProcessStartTime":133761153336888462,"SkuName":null,"VSExeVersion":null,"BucketFiltersToEnableWatsonForFaults":[],"BucketFiltersToAddDumpsToFaults":[]}
11/14/2024 21:35:39 Central Standard Time : Information : Acquiring single controller instance mutex with name '859096914-ServiceHubControllerSingleInstanceMutex'
11/14/2024 21:35:39 Central Standard Time : Information : Acquired single controller instance mutex with name '859096914-ServiceHubControllerSingleInstanceMutex'
11/14/2024 21:35:41 Central Standard Time : Information : Controller cooldown timeout is set to 30000ms
11/14/2024 21:35:41 Central Standard Time : Information : Client connected to controller
11/14/2024 21:35:42 Central Standard Time : Information : Client connected to controller
11/14/2024 21:35:42 Central Standard Time : Information : Client connected to controller
11/14/2024 21:35:42 Central Standard Time : Information : Starting server 'hubController' at 'net.pipe://81a1a1f98f' (at '/Users/coycrowder/.ServiceHub/81a1a1f98f/81a1a1f98f').
11/14/2024 21:35:42 Central Standard Time : Information : Successfully started server on pipe 81a1a1f98f
11/14/2024 21:35:42 Central Standard Time : Information : Triggered controller shutdown timer process.
11/14/2024 21:35:42 Central Standard Time : Information : Microsoft.ServiceHub.Controller.HubController read: end of stream
11/14/2024 21:35:42 Central Standard Time : Information : Microsoft.ServiceHub.Controller.HubController read: end of stream
11/14/2024 21:35:42 Central Standard Time : Information : Microsoft.ServiceHub.Controller.HubController read: Content-Length: 108

{"jsonrpc":"2.0","id":2,"method":"UpdateClientInfoAsync","params":[{"clientName":"VsHubClient","pid":1036}]}
11/14/2024 21:35:42 Central Standard Time : Information : JsonRpc disconnected due to RemotePartyTerminated. Reached end of stream.
11/14/2024 21:35:42 Central Standard Time : Information : JsonRpc disconnected due to RemotePartyTerminated. Reached end of stream.
11/14/2024 21:35:42 Central Standard Time : Information : Starting server 'clientWatch' at 'net.pipe://1154D81779' (at '/Users/coycrowder/.ServiceHub/81a1a1f98f/1154D81779').
11/14/2024 21:35:42 Central Standard Time : Information : Microsoft.ServiceHub.Controller.HubController write: Content-Length: 440

{"jsonrpc":"2.0","id":2,"result":{"ClientWatchServerName":"net.pipe://1154D81779","ControllerConfig":{"Executable":"/Users/coycrowder/.vscode/extensions/ms-dotnettools.csdevkit-1.13.9-darwin-x64/components/vs-green-server/platforms/darwin-x64/node_modules/@microsoft/servicehub-controller-net60.darwin-x64/Microsoft.ServiceHub.Controller","Args":["81a1a1f98f"],"PipeName":"81a1a1f98f"},"HostsConfig":{"RootDir":".","AppConfigFallback":""}}}
11/14/2024 21:35:42 Central Standard Time : Information : External client connect to client watch
11/14/2024 21:35:42 Central Standard Time : Information : Microsoft.ServiceHub.Controller.HubController read: end of stream
11/14/2024 21:35:42 Central Standard Time : Information : JsonRpc disconnected due to RemotePartyTerminated. Reached end of stream.
11/14/2024 21:35:42 Central Standard Time : Information : External client disconnected from client watch.
11/14/2024 21:35:42 Central Standard Time : Information : Starting fast shutdown
11/14/2024 21:35:42 Central Standard Time : Information : Stopping the location service server.
11/14/2024 21:35:42 Central Standard Time : Information : Exiting hub controller.
11/14/2024 21:35:42 Central Standard Time : Information : Releasing single controller instance mutex.
11/14/2024 21:35:42 Central Standard Time : Information : All hosts have exited.
11/14/2024 21:35:42 Central Standard Time : Information : Controller terminating with exit code '0'.
