12/10/2024 23:49:41 Central Standard Time : Information : Local timezone is (UTC-06:00) Central Time (Chicago)
12/10/2024 23:49:41 Central Standard Time : Information : Added local RPC method "getPipe" -> Microsoft.VisualStudio.Utilities.ServiceBroker.GlobalBrokeredServiceContainer+View.GetPipeAsync(ServiceMoniker, ServiceActivationOptions, CancellationToken) (Microsoft.VisualStudio.Utilities.ServiceBroker.GlobalBrokeredServiceContainer+View)
12/10/2024 23:49:41 Central Standard Time : Information : Added local RPC method "getProxy" -> Microsoft.VisualStudio.Utilities.ServiceBroker.GlobalBrokeredServiceContainer+View.GetProxyAsync(ServiceRpcDescriptor, ServiceActivationOptions, CancellationToken) (Microsoft.VisualStudio.Utilities.ServiceBroker.GlobalBrokeredServiceContainer+View)
12/10/2024 23:49:41 Central Standard Time : Information : Added local RPC method "handshake" -> Microsoft.VisualStudio.Utilities.ServiceBroker.GlobalBrokeredServiceContainer+View.HandshakeAsync(ServiceBrokerClientMetadata, CancellationToken) (Microsoft.VisualStudio.Utilities.ServiceBroker.GlobalBrokeredServiceContainer+View)
12/10/2024 23:49:41 Central Standard Time : Information : Added local RPC method "requestServiceChannel" -> Microsoft.VisualStudio.Utilities.ServiceBroker.GlobalBrokeredServiceContainer+View.RequestServiceChannelAsync(ServiceMoniker, ServiceActivationOptions, CancellationToken) (Microsoft.VisualStudio.Utilities.ServiceBroker.GlobalBrokeredServiceContainer+View)
12/10/2024 23:49:41 Central Standard Time : Information : Added local RPC method "cancelServiceRequest" -> Microsoft.VisualStudio.Utilities.ServiceBroker.GlobalBrokeredServiceContainer+View.CancelServiceRequestAsync(Guid) (Microsoft.VisualStudio.Utilities.ServiceBroker.GlobalBrokeredServiceContainer+View)
12/10/2024 23:49:41 Central Standard Time : Information : Added local RPC method "getPipe" -> Microsoft.VisualStudio.Utilities.ServiceBroker.GlobalBrokeredServiceContainer+View.GetPipeAsync(ServiceMoniker, ServiceActivationOptions, CancellationToken) (Microsoft.VisualStudio.Utilities.ServiceBroker.GlobalBrokeredServiceContainer+View)
12/10/2024 23:49:41 Central Standard Time : Information : Added local RPC method "getProxy" -> Microsoft.VisualStudio.Utilities.ServiceBroker.GlobalBrokeredServiceContainer+View.GetProxyAsync(ServiceRpcDescriptor, ServiceActivationOptions, CancellationToken) (Microsoft.VisualStudio.Utilities.ServiceBroker.GlobalBrokeredServiceContainer+View)
12/10/2024 23:49:41 Central Standard Time : Information : Added local RPC method "handshake" -> Microsoft.VisualStudio.Utilities.ServiceBroker.GlobalBrokeredServiceContainer+View.HandshakeAsync(ServiceBrokerClientMetadata, CancellationToken) (Microsoft.VisualStudio.Utilities.ServiceBroker.GlobalBrokeredServiceContainer+View)
12/10/2024 23:49:41 Central Standard Time : Information : Added local RPC method "requestServiceChannel" -> Microsoft.VisualStudio.Utilities.ServiceBroker.GlobalBrokeredServiceContainer+View.RequestServiceChannelAsync(ServiceMoniker, ServiceActivationOptions, CancellationToken) (Microsoft.VisualStudio.Utilities.ServiceBroker.GlobalBrokeredServiceContainer+View)
12/10/2024 23:49:41 Central Standard Time : Information : Added local RPC method "cancelServiceRequest" -> Microsoft.VisualStudio.Utilities.ServiceBroker.GlobalBrokeredServiceContainer+View.CancelServiceRequestAsync(Guid) (Microsoft.VisualStudio.Utilities.ServiceBroker.GlobalBrokeredServiceContainer+View)
12/10/2024 23:49:41 Central Standard Time: Information : 2 :Listening for events from Microsoft.VisualStudio.Utilities.ServiceBroker.GlobalBrokeredServiceContainer+View.AvailabilityChanged to raise notification.
12/10/2024 23:49:41 Central Standard Time: Information : 3 :Listening started.
12/10/2024 23:49:42 Central Standard Time: Information : 7 :{"id":2,"method":"handshake"}
12/10/2024 23:49:42 Central Standard Time: Information : 6 :Received request "2" for method "handshake".
12/10/2024 23:49:42 Central Standard Time: Information : 9 :Invoking Microsoft.VisualStudio.Utilities.ServiceBroker.GlobalBrokeredServiceContainer+View.HandshakeAsync(ServiceBrokerClientMetadata, CancellationToken)
12/10/2024 23:49:42 Central Standard Time : Start : handshake
12/10/2024 23:49:42 Central Standard Time : Stop : handshake
12/10/2024 23:49:42 Central Standard Time: Information : 8 :{"id":2}
12/10/2024 23:49:42 Central Standard Time: Information : 7 :{"id":3,"method":"requestServiceChannel"}
12/10/2024 23:49:42 Central Standard Time: Information : 6 :Received request "3" for method "requestServiceChannel".
12/10/2024 23:49:42 Central Standard Time: Information : 9 :Invoking Microsoft.VisualStudio.Utilities.ServiceBroker.GlobalBrokeredServiceContainer+View.RequestServiceChannelAsync(ServiceMoniker, ServiceActivationOptions, CancellationToken)
12/10/2024 23:49:42 Central Standard Time : Start : requestServiceChannel
12/10/2024 23:49:42 Central Standard Time : Stop : requestServiceChannel
12/10/2024 23:49:42 Central Standard Time: Information : 8 :{"id":3}
12/10/2024 23:49:42 Central Standard Time: Information : 7 :{"id":5,"method":"requestServiceChannel"}
12/10/2024 23:49:42 Central Standard Time: Information : 6 :Received request "5" for method "requestServiceChannel".
12/10/2024 23:49:42 Central Standard Time: Information : 9 :Invoking Microsoft.VisualStudio.Utilities.ServiceBroker.GlobalBrokeredServiceContainer+View.RequestServiceChannelAsync(ServiceMoniker, ServiceActivationOptions, CancellationToken)
12/10/2024 23:49:42 Central Standard Time : Start : requestServiceChannel
12/10/2024 23:49:42 Central Standard Time: Information : 7 :{"id":4,"method":"requestServiceChannel"}
12/10/2024 23:49:42 Central Standard Time: Information : 6 :Received request "4" for method "requestServiceChannel".
12/10/2024 23:49:42 Central Standard Time: Information : 9 :Invoking Microsoft.VisualStudio.Utilities.ServiceBroker.GlobalBrokeredServiceContainer+View.RequestServiceChannelAsync(ServiceMoniker, ServiceActivationOptions, CancellationToken)
12/10/2024 23:49:42 Central Standard Time : Start : requestServiceChannel
12/10/2024 23:49:42 Central Standard Time : Stop : requestServiceChannel
12/10/2024 23:49:42 Central Standard Time: Information : 8 :{"id":5}
12/10/2024 23:49:42 Central Standard Time : Stop : requestServiceChannel
12/10/2024 23:49:42 Central Standard Time: Information : 8 :{"id":4}
12/10/2024 23:49:42 Central Standard Time: Information : 7 :{"id":6,"method":"requestServiceChannel"}
12/10/2024 23:49:42 Central Standard Time: Information : 6 :Received request "6" for method "requestServiceChannel".
12/10/2024 23:49:42 Central Standard Time: Information : 9 :Invoking Microsoft.VisualStudio.Utilities.ServiceBroker.GlobalBrokeredServiceContainer+View.RequestServiceChannelAsync(ServiceMoniker, ServiceActivationOptions, CancellationToken)
12/10/2024 23:49:42 Central Standard Time : Start : requestServiceChannel
12/10/2024 23:49:42 Central Standard Time : Stop : requestServiceChannel
12/10/2024 23:49:42 Central Standard Time: Information : 8 :{"id":6}
12/10/2024 23:49:42 Central Standard Time: Information : 7 :{"id":7,"method":"requestServiceChannel"}
12/10/2024 23:49:42 Central Standard Time: Information : 6 :Received request "7" for method "requestServiceChannel".
12/10/2024 23:49:42 Central Standard Time: Information : 9 :Invoking Microsoft.VisualStudio.Utilities.ServiceBroker.GlobalBrokeredServiceContainer+View.RequestServiceChannelAsync(ServiceMoniker, ServiceActivationOptions, CancellationToken)
12/10/2024 23:49:42 Central Standard Time : Start : requestServiceChannel
12/10/2024 23:49:42 Central Standard Time : Stop : requestServiceChannel
12/10/2024 23:49:42 Central Standard Time: Information : 8 :{"id":7}
12/10/2024 23:49:42 Central Standard Time: Information : 7 :{"id":8,"method":"requestServiceChannel"}
12/10/2024 23:49:42 Central Standard Time: Information : 6 :Received request "8" for method "requestServiceChannel".
12/10/2024 23:49:42 Central Standard Time: Information : 9 :Invoking Microsoft.VisualStudio.Utilities.ServiceBroker.GlobalBrokeredServiceContainer+View.RequestServiceChannelAsync(ServiceMoniker, ServiceActivationOptions, CancellationToken)
12/10/2024 23:49:42 Central Standard Time : Transfer : Transfer, relatedActivityId=96f3935f-bd26-405d-801f-896f6af8aa48
12/10/2024 23:49:42 Central Standard Time : Start : requestServiceChannel
12/10/2024 23:49:42 Central Standard Time : Stop : requestServiceChannel
12/10/2024 23:49:42 Central Standard Time : Transfer : Transfer, relatedActivityId=709511aa-572c-4ebc-b6b8-adb38e9163d6
12/10/2024 23:49:42 Central Standard Time: Information : 8 :{"id":8}
12/10/2024 23:49:45 Central Standard Time: Information : 7 :{"id":9,"method":"requestServiceChannel"}
12/10/2024 23:49:45 Central Standard Time: Information : 6 :Received request "9" for method "requestServiceChannel".
12/10/2024 23:49:45 Central Standard Time: Information : 9 :Invoking Microsoft.VisualStudio.Utilities.ServiceBroker.GlobalBrokeredServiceContainer+View.RequestServiceChannelAsync(ServiceMoniker, ServiceActivationOptions, CancellationToken)
12/10/2024 23:49:45 Central Standard Time : Start : requestServiceChannel
12/10/2024 23:49:45 Central Standard Time : Stop : requestServiceChannel
12/10/2024 23:49:45 Central Standard Time: Information : 8 :{"id":9}
12/10/2024 23:49:45 Central Standard Time: Information : 7 :{"id":10,"method":"requestServiceChannel"}
12/10/2024 23:49:45 Central Standard Time: Information : 6 :Received request "10" for method "requestServiceChannel".
12/10/2024 23:49:45 Central Standard Time: Information : 9 :Invoking Microsoft.VisualStudio.Utilities.ServiceBroker.GlobalBrokeredServiceContainer+View.RequestServiceChannelAsync(ServiceMoniker, ServiceActivationOptions, CancellationToken)
12/10/2024 23:49:45 Central Standard Time : Start : requestServiceChannel
12/10/2024 23:49:45 Central Standard Time : Stop : requestServiceChannel
12/10/2024 23:49:45 Central Standard Time: Information : 8 :{"id":10}
12/10/2024 23:49:45 Central Standard Time: Information : 7 :{"id":11,"method":"requestServiceChannel"}
12/10/2024 23:49:45 Central Standard Time: Information : 6 :Received request "11" for method "requestServiceChannel".
12/10/2024 23:49:45 Central Standard Time: Information : 9 :Invoking Microsoft.VisualStudio.Utilities.ServiceBroker.GlobalBrokeredServiceContainer+View.RequestServiceChannelAsync(ServiceMoniker, ServiceActivationOptions, CancellationToken)
12/10/2024 23:49:45 Central Standard Time : Start : requestServiceChannel
12/10/2024 23:49:45 Central Standard Time : Stop : requestServiceChannel
12/10/2024 23:49:45 Central Standard Time: Information : 8 :{"id":11}
12/10/2024 23:49:47 Central Standard Time: Information : 7 :{"id":12,"method":"requestServiceChannel"}
12/10/2024 23:49:47 Central Standard Time: Information : 6 :Received request "12" for method "requestServiceChannel".
12/10/2024 23:49:47 Central Standard Time: Information : 9 :Invoking Microsoft.VisualStudio.Utilities.ServiceBroker.GlobalBrokeredServiceContainer+View.RequestServiceChannelAsync(ServiceMoniker, ServiceActivationOptions, CancellationToken)
12/10/2024 23:49:47 Central Standard Time : Start : requestServiceChannel
12/10/2024 23:49:47 Central Standard Time : Stop : requestServiceChannel
12/10/2024 23:49:47 Central Standard Time: Information : 8 :{"id":12}
