09/24/2024 17:42:14 Central Standard Time : Information : Local timezone is (UTC-06:00) Central Time (Chicago)
09/24/2024 17:42:16 Central Standard Time : Information : VsHubClient-hubController write: Content-Length: 109

{"jsonrpc":"2.0","id":2,"method":"UpdateClientInfoAsync","params":[{"clientName":"VsHubClient","pid":82761}]}
09/24/2024 17:42:16 Central Standard Time : Information : VsHubClient-hubController read: Content-Length: 441

{"jsonrpc":"2.0","id":2,"result":{"ClientWatchServerName":"net.pipe://82777CAE47","ControllerConfig":{"Executable":"/Users/coycrowder/.vscode/extensions/ms-dotnettools.csdevkit-1.10.18-darwin-x64/components/vs-green-server/platforms/darwin-x64/node_modules/@microsoft/servicehub-controller-net60.darwin-x64/Microsoft.ServiceHub.Controller","Args":["ff963c80f9"],"PipeName":"ff963c80f9"},"HostsConfig":{"RootDir":".","AppConfigFallback":""}}}
09/24/2024 17:42:16 Central Standard Time : Information : Connected to Hub Controller's client watch 'net.pipe://82777CAE47
09/24/2024 17:42:16 Central Standard Time : Information : VsHubClient-hubController write: Content-Length: 109

{"jsonrpc":"2.0","id":2,"method":"UpdateClientInfoAsync","params":[{"clientName":"VsHubClient","pid":82761}]}
09/24/2024 17:42:16 Central Standard Time : Information : VsHubClient-hubController read: Content-Length: 441

{"jsonrpc":"2.0","id":2,"result":{"ClientWatchServerName":"net.pipe://82777CAE47","ControllerConfig":{"Executable":"/Users/coycrowder/.vscode/extensions/ms-dotnettools.csdevkit-1.10.18-darwin-x64/components/vs-green-server/platforms/darwin-x64/node_modules/@microsoft/servicehub-controller-net60.darwin-x64/Microsoft.ServiceHub.Controller","Args":["ff963c80f9"],"PipeName":"ff963c80f9"},"HostsConfig":{"RootDir":".","AppConfigFallback":""}}}
09/24/2024 17:42:16 Central Standard Time : Information : VsHubClient-hubController write: Content-Length: 793

{"jsonrpc":"2.0","id":3,"method":"RegisterServiceAsync","params":[{"Name":"Microsoft.VisualStudio.CpsProjectIconSourceService"},{"host":"dotnet.projectSystem","hostId":"C94B8CFE-E3FD-4BAF-A941-2866DBB566FE","serviceBaseDirectory":"/Users/coycrowder/.vscode/extensions/ms-dotnettools.csdevkit-1.10.18-darwin-x64/components/CPS/platforms/darwin-x64/node_modules/@microsoft/visualstudio-projectsystem-server.darwin-x64","entryPoint":{"assemblyPath":"/Users/coycrowder/.vscode/extensions/ms-dotnettools.csdevkit-1.10.18-darwin-x64/components/CPS/platforms/darwin-x64/node_modules/@microsoft/visualstudio-projectsystem-server.darwin-x64/Microsoft.VisualStudio.ProjectSystem.Server.Implementation.dll","fullClassName":"Microsoft.VisualStudio.ProjectSystem.Server.ProjectIconSourceServiceFactory"}}]}
09/24/2024 17:42:16 Central Standard Time : Information : VsHubClient-hubController read: Content-Length: 38

{"jsonrpc":"2.0","id":3,"result":null}
09/24/2024 17:42:16 Central Standard Time : Information : VsHubClient-hubController write: Content-Length: 109

{"jsonrpc":"2.0","id":2,"method":"UpdateClientInfoAsync","params":[{"clientName":"VsHubClient","pid":82761}]}
09/24/2024 17:42:16 Central Standard Time : Information : VsHubClient-hubController read: Content-Length: 441

{"jsonrpc":"2.0","id":2,"result":{"ClientWatchServerName":"net.pipe://82777CAE47","ControllerConfig":{"Executable":"/Users/coycrowder/.vscode/extensions/ms-dotnettools.csdevkit-1.10.18-darwin-x64/components/vs-green-server/platforms/darwin-x64/node_modules/@microsoft/servicehub-controller-net60.darwin-x64/Microsoft.ServiceHub.Controller","Args":["ff963c80f9"],"PipeName":"ff963c80f9"},"HostsConfig":{"RootDir":".","AppConfigFallback":""}}}
09/24/2024 17:42:16 Central Standard Time : Information : VsHubClient-hubController write: Content-Length: 794

{"jsonrpc":"2.0","id":3,"method":"RegisterServiceAsync","params":[{"Name":"Microsoft.VisualStudio.LaunchConfigurationService"},{"host":"dotnet.projectSystem","hostId":"C94B8CFE-E3FD-4BAF-A941-2866DBB566FE","serviceBaseDirectory":"/Users/coycrowder/.vscode/extensions/ms-dotnettools.csdevkit-1.10.18-darwin-x64/components/CPS/platforms/darwin-x64/node_modules/@microsoft/visualstudio-projectsystem-server.darwin-x64","entryPoint":{"assemblyPath":"/Users/coycrowder/.vscode/extensions/ms-dotnettools.csdevkit-1.10.18-darwin-x64/components/CPS/platforms/darwin-x64/node_modules/@microsoft/visualstudio-projectsystem-server.darwin-x64/Microsoft.VisualStudio.ProjectSystem.Server.Implementation.dll","fullClassName":"Microsoft.VisualStudio.ProjectSystem.Server.LaunchConfigurationServiceFactory"}}]}
09/24/2024 17:42:16 Central Standard Time : Information : VsHubClient-hubController read: Content-Length: 38

{"jsonrpc":"2.0","id":3,"result":null}
09/24/2024 17:42:16 Central Standard Time : Information : VsHubClient-hubController write: Content-Length: 109

{"jsonrpc":"2.0","id":2,"method":"UpdateClientInfoAsync","params":[{"clientName":"VsHubClient","pid":82761}]}
09/24/2024 17:42:16 Central Standard Time : Information : VsHubClient-hubController read: Content-Length: 441

{"jsonrpc":"2.0","id":2,"result":{"ClientWatchServerName":"net.pipe://82777CAE47","ControllerConfig":{"Executable":"/Users/coycrowder/.vscode/extensions/ms-dotnettools.csdevkit-1.10.18-darwin-x64/components/vs-green-server/platforms/darwin-x64/node_modules/@microsoft/servicehub-controller-net60.darwin-x64/Microsoft.ServiceHub.Controller","Args":["ff963c80f9"],"PipeName":"ff963c80f9"},"HostsConfig":{"RootDir":".","AppConfigFallback":""}}}
09/24/2024 17:42:16 Central Standard Time : Information : VsHubClient-hubController write: Content-Length: 792

{"jsonrpc":"2.0","id":3,"method":"RegisterServiceAsync","params":[{"Name":"Microsoft.VisualStudio.ProjectSystem.CompositionService"},{"host":"dotnet.projectSystem","hostId":"C94B8CFE-E3FD-4BAF-A941-2866DBB566FE","serviceBaseDirectory":"/Users/coycrowder/.vscode/extensions/ms-dotnettools.csdevkit-1.10.18-darwin-x64/components/CPS/platforms/darwin-x64/node_modules/@microsoft/visualstudio-projectsystem-server.darwin-x64","entryPoint":{"assemblyPath":"/Users/coycrowder/.vscode/extensions/ms-dotnettools.csdevkit-1.10.18-darwin-x64/components/CPS/platforms/darwin-x64/node_modules/@microsoft/visualstudio-projectsystem-server.darwin-x64/Microsoft.VisualStudio.ProjectSystem.Server.Implementation.dll","fullClassName":"Microsoft.VisualStudio.ProjectSystem.Server.CompositionServiceFactory"}}]}
09/24/2024 17:42:16 Central Standard Time : Information : VsHubClient-hubController read: Content-Length: 38

{"jsonrpc":"2.0","id":3,"result":null}
09/24/2024 17:42:16 Central Standard Time : Information : VsHubClient-hubController write: Content-Length: 109

{"jsonrpc":"2.0","id":2,"method":"UpdateClientInfoAsync","params":[{"clientName":"VsHubClient","pid":82761}]}
09/24/2024 17:42:16 Central Standard Time : Information : VsHubClient-hubController read: Content-Length: 441

{"jsonrpc":"2.0","id":2,"result":{"ClientWatchServerName":"net.pipe://82777CAE47","ControllerConfig":{"Executable":"/Users/coycrowder/.vscode/extensions/ms-dotnettools.csdevkit-1.10.18-darwin-x64/components/vs-green-server/platforms/darwin-x64/node_modules/@microsoft/servicehub-controller-net60.darwin-x64/Microsoft.ServiceHub.Controller","Args":["ff963c80f9"],"PipeName":"ff963c80f9"},"HostsConfig":{"RootDir":".","AppConfigFallback":""}}}
09/24/2024 17:42:16 Central Standard Time : Information : VsHubClient-hubController write: Content-Length: 824

{"jsonrpc":"2.0","id":3,"method":"RegisterServiceAsync","params":[{"Name":"Microsoft.VisualStudio.ProjectSystem.ProjectInitializationStatusService"},{"host":"dotnet.projectSystem","hostId":"C94B8CFE-E3FD-4BAF-A941-2866DBB566FE","serviceBaseDirectory":"/Users/coycrowder/.vscode/extensions/ms-dotnettools.csdevkit-1.10.18-darwin-x64/components/CPS/platforms/darwin-x64/node_modules/@microsoft/visualstudio-projectsystem-server.darwin-x64","entryPoint":{"assemblyPath":"/Users/coycrowder/.vscode/extensions/ms-dotnettools.csdevkit-1.10.18-darwin-x64/components/CPS/platforms/darwin-x64/node_modules/@microsoft/visualstudio-projectsystem-server.darwin-x64/Microsoft.VisualStudio.ProjectSystem.Server.Implementation.dll","fullClassName":"Microsoft.VisualStudio.ProjectSystem.Server.ProjectInitializationStatusServiceFactory"}}]}
09/24/2024 17:42:16 Central Standard Time : Information : VsHubClient-hubController read: Content-Length: 38

{"jsonrpc":"2.0","id":3,"result":null}
09/24/2024 17:42:16 Central Standard Time : Information : VsHubClient-hubController write: Content-Length: 109

{"jsonrpc":"2.0","id":2,"method":"UpdateClientInfoAsync","params":[{"clientName":"VsHubClient","pid":82761}]}
09/24/2024 17:42:16 Central Standard Time : Information : VsHubClient-hubController read: Content-Length: 441

{"jsonrpc":"2.0","id":2,"result":{"ClientWatchServerName":"net.pipe://82777CAE47","ControllerConfig":{"Executable":"/Users/coycrowder/.vscode/extensions/ms-dotnettools.csdevkit-1.10.18-darwin-x64/components/vs-green-server/platforms/darwin-x64/node_modules/@microsoft/servicehub-controller-net60.darwin-x64/Microsoft.ServiceHub.Controller","Args":["ff963c80f9"],"PipeName":"ff963c80f9"},"HostsConfig":{"RootDir":".","AppConfigFallback":""}}}
09/24/2024 17:42:16 Central Standard Time : Information : VsHubClient-hubController write: Content-Length: 794

{"jsonrpc":"2.0","id":3,"method":"RegisterServiceAsync","params":[{"Name":"Microsoft.VisualStudio.ProjectSystem.ProjectTreeProvider"},{"host":"dotnet.projectSystem","hostId":"C94B8CFE-E3FD-4BAF-A941-2866DBB566FE","serviceBaseDirectory":"/Users/coycrowder/.vscode/extensions/ms-dotnettools.csdevkit-1.10.18-darwin-x64/components/CPS/platforms/darwin-x64/node_modules/@microsoft/visualstudio-projectsystem-server.darwin-x64","entryPoint":{"assemblyPath":"/Users/coycrowder/.vscode/extensions/ms-dotnettools.csdevkit-1.10.18-darwin-x64/components/CPS/platforms/darwin-x64/node_modules/@microsoft/visualstudio-projectsystem-server.darwin-x64/Microsoft.VisualStudio.ProjectSystem.Server.Implementation.dll","fullClassName":"Microsoft.VisualStudio.ProjectSystem.Server.ProjectTreeProviderFactory"}}]}
09/24/2024 17:42:17 Central Standard Time : Information : VsHubClient-hubController read: Content-Length: 38

{"jsonrpc":"2.0","id":3,"result":null}
09/24/2024 17:42:17 Central Standard Time : Information : VsHubClient-hubController write: Content-Length: 109

{"jsonrpc":"2.0","id":2,"method":"UpdateClientInfoAsync","params":[{"clientName":"VsHubClient","pid":82761}]}
09/24/2024 17:42:17 Central Standard Time : Information : VsHubClient-hubController read: Content-Length: 441

{"jsonrpc":"2.0","id":2,"result":{"ClientWatchServerName":"net.pipe://82777CAE47","ControllerConfig":{"Executable":"/Users/coycrowder/.vscode/extensions/ms-dotnettools.csdevkit-1.10.18-darwin-x64/components/vs-green-server/platforms/darwin-x64/node_modules/@microsoft/servicehub-controller-net60.darwin-x64/Microsoft.ServiceHub.Controller","Args":["ff963c80f9"],"PipeName":"ff963c80f9"},"HostsConfig":{"RootDir":".","AppConfigFallback":""}}}
09/24/2024 17:42:17 Central Standard Time : Information : VsHubClient-hubController write: Content-Length: 813

{"jsonrpc":"2.0","id":3,"method":"RegisterServiceAsync","params":[{"Name":"Microsoft.VisualStudio.ProjectSystem.Query.Remoting.QueryExecutionService"},{"host":"dotnet.projectSystem","hostId":"C94B8CFE-E3FD-4BAF-A941-2866DBB566FE","serviceBaseDirectory":"/Users/coycrowder/.vscode/extensions/ms-dotnettools.csdevkit-1.10.18-darwin-x64/components/CPS/platforms/darwin-x64/node_modules/@microsoft/visualstudio-projectsystem-server.darwin-x64","entryPoint":{"assemblyPath":"/Users/coycrowder/.vscode/extensions/ms-dotnettools.csdevkit-1.10.18-darwin-x64/components/CPS/platforms/darwin-x64/node_modules/@microsoft/visualstudio-projectsystem-server.darwin-x64/Microsoft.VisualStudio.ProjectSystem.Server.Implementation.dll","fullClassName":"Microsoft.VisualStudio.ProjectSystem.Server.QueryExecutionServiceFactory"}}]}
09/24/2024 17:42:17 Central Standard Time : Information : VsHubClient-hubController read: Content-Length: 38

{"jsonrpc":"2.0","id":3,"result":null}
09/24/2024 17:42:17 Central Standard Time : Information : VsHubClient-hubController write: Content-Length: 109

{"jsonrpc":"2.0","id":2,"method":"UpdateClientInfoAsync","params":[{"clientName":"VsHubClient","pid":82761}]}
09/24/2024 17:42:17 Central Standard Time : Information : VsHubClient-hubController read: Content-Length: 441

{"jsonrpc":"2.0","id":2,"result":{"ClientWatchServerName":"net.pipe://82777CAE47","ControllerConfig":{"Executable":"/Users/coycrowder/.vscode/extensions/ms-dotnettools.csdevkit-1.10.18-darwin-x64/components/vs-green-server/platforms/darwin-x64/node_modules/@microsoft/servicehub-controller-net60.darwin-x64/Microsoft.ServiceHub.Controller","Args":["ff963c80f9"],"PipeName":"ff963c80f9"},"HostsConfig":{"RootDir":".","AppConfigFallback":""}}}
09/24/2024 17:42:17 Central Standard Time : Information : VsHubClient-hubController write: Content-Length: 774

{"jsonrpc":"2.0","id":3,"method":"RegisterServiceAsync","params":[{"Name":"Microsoft.VisualStudio.Debugger.AspireSessionSynchronizeService"},{"host":"dotnet","hostId":"C94B8CFE-E3FD-4BAF-A941-2866DBB566FE","serviceBaseDirectory":"/Users/coycrowder/.vscode/extensions/ms-dotnettools.csdevkit-1.10.18-darwin-x64/components/VSDebugCore/platforms/darwin-x64/node_modules/@microsoft/visualstudio-debugger-devkit.darwin-x64","entryPoint":{"assemblyPath":"/Users/coycrowder/.vscode/extensions/ms-dotnettools.csdevkit-1.10.18-darwin-x64/components/VSDebugCore/platforms/darwin-x64/node_modules/@microsoft/visualstudio-debugger-devkit.darwin-x64/Microsoft.VisualStudio.Debugger.DevKit.dll","fullClassName":"Microsoft.VisualStudio.Debugger.AspireSessionSynchronizeService+Factory"}}]}
09/24/2024 17:42:17 Central Standard Time : Information : VsHubClient-hubController read: Content-Length: 38

{"jsonrpc":"2.0","id":3,"result":null}
09/24/2024 17:42:17 Central Standard Time : Information : VsHubClient-hubController write: Content-Length: 109

{"jsonrpc":"2.0","id":2,"method":"UpdateClientInfoAsync","params":[{"clientName":"VsHubClient","pid":82761}]}
09/24/2024 17:42:17 Central Standard Time : Information : VsHubClient-hubController read: Content-Length: 441

{"jsonrpc":"2.0","id":2,"result":{"ClientWatchServerName":"net.pipe://82777CAE47","ControllerConfig":{"Executable":"/Users/coycrowder/.vscode/extensions/ms-dotnettools.csdevkit-1.10.18-darwin-x64/components/vs-green-server/platforms/darwin-x64/node_modules/@microsoft/servicehub-controller-net60.darwin-x64/Microsoft.ServiceHub.Controller","Args":["ff963c80f9"],"PipeName":"ff963c80f9"},"HostsConfig":{"RootDir":".","AppConfigFallback":""}}}
09/24/2024 17:42:17 Central Standard Time : Information : VsHubClient-hubController write: Content-Length: 782

{"jsonrpc":"2.0","id":3,"method":"RegisterServiceAsync","params":[{"Name":"Microsoft.VisualStudio.Debugger.GenericHotReloadAgentManagerService"},{"host":"dotnet","hostId":"C94B8CFE-E3FD-4BAF-A941-2866DBB566FE","serviceBaseDirectory":"/Users/coycrowder/.vscode/extensions/ms-dotnettools.csdevkit-1.10.18-darwin-x64/components/VSDebugCore/platforms/darwin-x64/node_modules/@microsoft/visualstudio-debugger-devkit.darwin-x64","entryPoint":{"assemblyPath":"/Users/coycrowder/.vscode/extensions/ms-dotnettools.csdevkit-1.10.18-darwin-x64/components/VSDebugCore/platforms/darwin-x64/node_modules/@microsoft/visualstudio-debugger-devkit.darwin-x64/Microsoft.VisualStudio.Debugger.DevKit.dll","fullClassName":"Microsoft.VisualStudio.Debugger.GenericHotReloadAgentManagerService+Factory"}}]}
09/24/2024 17:42:17 Central Standard Time : Information : VsHubClient-hubController read: Content-Length: 38

{"jsonrpc":"2.0","id":3,"result":null}
09/24/2024 17:42:17 Central Standard Time : Information : VsHubClient-hubController write: Content-Length: 109

{"jsonrpc":"2.0","id":2,"method":"UpdateClientInfoAsync","params":[{"clientName":"VsHubClient","pid":82761}]}
09/24/2024 17:42:17 Central Standard Time : Information : VsHubClient-hubController read: Content-Length: 441

{"jsonrpc":"2.0","id":2,"result":{"ClientWatchServerName":"net.pipe://82777CAE47","ControllerConfig":{"Executable":"/Users/coycrowder/.vscode/extensions/ms-dotnettools.csdevkit-1.10.18-darwin-x64/components/vs-green-server/platforms/darwin-x64/node_modules/@microsoft/servicehub-controller-net60.darwin-x64/Microsoft.ServiceHub.Controller","Args":["ff963c80f9"],"PipeName":"ff963c80f9"},"HostsConfig":{"RootDir":".","AppConfigFallback":""}}}
09/24/2024 17:42:17 Central Standard Time : Information : VsHubClient-hubController write: Content-Length: 756

{"jsonrpc":"2.0","id":3,"method":"RegisterServiceAsync","params":[{"Name":"Microsoft.VisualStudio.Debugger.HotReloadClientService"},{"host":"dotnet","hostId":"C94B8CFE-E3FD-4BAF-A941-2866DBB566FE","serviceBaseDirectory":"/Users/coycrowder/.vscode/extensions/ms-dotnettools.csdevkit-1.10.18-darwin-x64/components/VSDebugCore/platforms/darwin-x64/node_modules/@microsoft/visualstudio-debugger-devkit.darwin-x64","entryPoint":{"assemblyPath":"/Users/coycrowder/.vscode/extensions/ms-dotnettools.csdevkit-1.10.18-darwin-x64/components/VSDebugCore/platforms/darwin-x64/node_modules/@microsoft/visualstudio-debugger-devkit.darwin-x64/Microsoft.VisualStudio.Debugger.DevKit.dll","fullClassName":"Microsoft.VisualStudio.Debugger.HotReloadClientService+Factory"}}]}
09/24/2024 17:42:17 Central Standard Time : Information : VsHubClient-hubController read: Content-Length: 38

{"jsonrpc":"2.0","id":3,"result":null}
09/24/2024 17:42:17 Central Standard Time : Information : VsHubClient-hubController write: Content-Length: 109

{"jsonrpc":"2.0","id":2,"method":"UpdateClientInfoAsync","params":[{"clientName":"VsHubClient","pid":82761}]}
09/24/2024 17:42:17 Central Standard Time : Information : VsHubClient-hubController read: Content-Length: 441

{"jsonrpc":"2.0","id":2,"result":{"ClientWatchServerName":"net.pipe://82777CAE47","ControllerConfig":{"Executable":"/Users/coycrowder/.vscode/extensions/ms-dotnettools.csdevkit-1.10.18-darwin-x64/components/vs-green-server/platforms/darwin-x64/node_modules/@microsoft/servicehub-controller-net60.darwin-x64/Microsoft.ServiceHub.Controller","Args":["ff963c80f9"],"PipeName":"ff963c80f9"},"HostsConfig":{"RootDir":".","AppConfigFallback":""}}}
09/24/2024 17:42:17 Central Standard Time : Information : VsHubClient-hubController write: Content-Length: 782

{"jsonrpc":"2.0","id":3,"method":"RegisterServiceAsync","params":[{"Name":"Microsoft.VisualStudio.Debugger.HotReloadSessionNotificationService"},{"host":"dotnet","hostId":"C94B8CFE-E3FD-4BAF-A941-2866DBB566FE","serviceBaseDirectory":"/Users/coycrowder/.vscode/extensions/ms-dotnettools.csdevkit-1.10.18-darwin-x64/components/VSDebugCore/platforms/darwin-x64/node_modules/@microsoft/visualstudio-debugger-devkit.darwin-x64","entryPoint":{"assemblyPath":"/Users/coycrowder/.vscode/extensions/ms-dotnettools.csdevkit-1.10.18-darwin-x64/components/VSDebugCore/platforms/darwin-x64/node_modules/@microsoft/visualstudio-debugger-devkit.darwin-x64/Microsoft.VisualStudio.Debugger.DevKit.dll","fullClassName":"Microsoft.VisualStudio.Debugger.HotReloadSessionNotificationService+Factory"}}]}
09/24/2024 17:42:17 Central Standard Time : Information : VsHubClient-hubController read: Content-Length: 38

{"jsonrpc":"2.0","id":3,"result":null}
09/24/2024 17:42:17 Central Standard Time : Information : VsHubClient-hubController write: Content-Length: 109

{"jsonrpc":"2.0","id":2,"method":"UpdateClientInfoAsync","params":[{"clientName":"VsHubClient","pid":82761}]}
09/24/2024 17:42:17 Central Standard Time : Information : VsHubClient-hubController read: Content-Length: 441

{"jsonrpc":"2.0","id":2,"result":{"ClientWatchServerName":"net.pipe://82777CAE47","ControllerConfig":{"Executable":"/Users/coycrowder/.vscode/extensions/ms-dotnettools.csdevkit-1.10.18-darwin-x64/components/vs-green-server/platforms/darwin-x64/node_modules/@microsoft/servicehub-controller-net60.darwin-x64/Microsoft.ServiceHub.Controller","Args":["ff963c80f9"],"PipeName":"ff963c80f9"},"HostsConfig":{"RootDir":".","AppConfigFallback":""}}}
09/24/2024 17:42:17 Central Standard Time : Information : VsHubClient-hubController write: Content-Length: 799

{"jsonrpc":"2.0","id":3,"method":"RegisterServiceAsync","params":[{"Name":"Microsoft.VisualStudio.Debugger.ManagedEditAndContinueCsDevKitEngineService2"},{"host":"dotnet","hostId":"C94B8CFE-E3FD-4BAF-A941-2866DBB566FE","serviceBaseDirectory":"/Users/coycrowder/.vscode/extensions/ms-dotnettools.csdevkit-1.10.18-darwin-x64/components/VSDebugCore/platforms/darwin-x64/node_modules/@microsoft/visualstudio-debugger-devkit.darwin-x64","entryPoint":{"assemblyPath":"/Users/coycrowder/.vscode/extensions/ms-dotnettools.csdevkit-1.10.18-darwin-x64/components/VSDebugCore/platforms/darwin-x64/node_modules/@microsoft/visualstudio-debugger-devkit.darwin-x64/Microsoft.VisualStudio.Debugger.DevKit.dll","fullClassName":"Microsoft.VisualStudio.Debugger.ManagedEditAndContinueCsDevKitEngineService+Factory"}}]}
09/24/2024 17:42:17 Central Standard Time : Information : VsHubClient-hubController read: Content-Length: 38

{"jsonrpc":"2.0","id":3,"result":null}
09/24/2024 17:42:17 Central Standard Time : Information : VsHubClient-hubController write: Content-Length: 109

{"jsonrpc":"2.0","id":2,"method":"UpdateClientInfoAsync","params":[{"clientName":"VsHubClient","pid":82761}]}
09/24/2024 17:42:17 Central Standard Time : Information : VsHubClient-hubController read: Content-Length: 441

{"jsonrpc":"2.0","id":2,"result":{"ClientWatchServerName":"net.pipe://82777CAE47","ControllerConfig":{"Executable":"/Users/coycrowder/.vscode/extensions/ms-dotnettools.csdevkit-1.10.18-darwin-x64/components/vs-green-server/platforms/darwin-x64/node_modules/@microsoft/servicehub-controller-net60.darwin-x64/Microsoft.ServiceHub.Controller","Args":["ff963c80f9"],"PipeName":"ff963c80f9"},"HostsConfig":{"RootDir":".","AppConfigFallback":""}}}
09/24/2024 17:42:17 Central Standard Time : Information : VsHubClient-hubController write: Content-Length: 799

{"jsonrpc":"2.0","id":3,"method":"RegisterServiceAsync","params":[{"Name":"Microsoft.VisualStudio.Debugger.ManagedEditAndContinueRemoteDebuggerService2"},{"host":"dotnet","hostId":"C94B8CFE-E3FD-4BAF-A941-2866DBB566FE","serviceBaseDirectory":"/Users/coycrowder/.vscode/extensions/ms-dotnettools.csdevkit-1.10.18-darwin-x64/components/VSDebugCore/platforms/darwin-x64/node_modules/@microsoft/visualstudio-debugger-devkit.darwin-x64","entryPoint":{"assemblyPath":"/Users/coycrowder/.vscode/extensions/ms-dotnettools.csdevkit-1.10.18-darwin-x64/components/VSDebugCore/platforms/darwin-x64/node_modules/@microsoft/visualstudio-debugger-devkit.darwin-x64/Microsoft.VisualStudio.Debugger.DevKit.dll","fullClassName":"Microsoft.VisualStudio.Debugger.ManagedEditAndContinueRemoteDebuggerService+Factory"}}]}
09/24/2024 17:42:17 Central Standard Time : Information : VsHubClient-hubController read: Content-Length: 38

{"jsonrpc":"2.0","id":3,"result":null}
09/24/2024 17:42:17 Central Standard Time : Information : VsHubClient-hubController write: Content-Length: 109

{"jsonrpc":"2.0","id":2,"method":"UpdateClientInfoAsync","params":[{"clientName":"VsHubClient","pid":82761}]}
09/24/2024 17:42:17 Central Standard Time : Information : VsHubClient-hubController read: Content-Length: 441

{"jsonrpc":"2.0","id":2,"result":{"ClientWatchServerName":"net.pipe://82777CAE47","ControllerConfig":{"Executable":"/Users/coycrowder/.vscode/extensions/ms-dotnettools.csdevkit-1.10.18-darwin-x64/components/vs-green-server/platforms/darwin-x64/node_modules/@microsoft/servicehub-controller-net60.darwin-x64/Microsoft.ServiceHub.Controller","Args":["ff963c80f9"],"PipeName":"ff963c80f9"},"HostsConfig":{"RootDir":".","AppConfigFallback":""}}}
09/24/2024 17:42:17 Central Standard Time : Information : VsHubClient-hubController write: Content-Length: 782

{"jsonrpc":"2.0","id":3,"method":"RegisterServiceAsync","params":[{"Name":"Microsoft.VisualStudio.Debugger.ManagedHotReloadAgentManagerService"},{"host":"dotnet","hostId":"C94B8CFE-E3FD-4BAF-A941-2866DBB566FE","serviceBaseDirectory":"/Users/coycrowder/.vscode/extensions/ms-dotnettools.csdevkit-1.10.18-darwin-x64/components/VSDebugCore/platforms/darwin-x64/node_modules/@microsoft/visualstudio-debugger-devkit.darwin-x64","entryPoint":{"assemblyPath":"/Users/coycrowder/.vscode/extensions/ms-dotnettools.csdevkit-1.10.18-darwin-x64/components/VSDebugCore/platforms/darwin-x64/node_modules/@microsoft/visualstudio-debugger-devkit.darwin-x64/Microsoft.VisualStudio.Debugger.DevKit.dll","fullClassName":"Microsoft.VisualStudio.Debugger.ManagedHotReloadAgentManagerService+Factory"}}]}
09/24/2024 17:42:17 Central Standard Time : Information : VsHubClient-hubController read: Content-Length: 38

{"jsonrpc":"2.0","id":3,"result":null}
09/24/2024 17:42:17 Central Standard Time : Information : VsHubClient-hubController write: Content-Length: 109

{"jsonrpc":"2.0","id":2,"method":"UpdateClientInfoAsync","params":[{"clientName":"VsHubClient","pid":82761}]}
09/24/2024 17:42:17 Central Standard Time : Information : VsHubClient-hubController read: Content-Length: 441

{"jsonrpc":"2.0","id":2,"result":{"ClientWatchServerName":"net.pipe://82777CAE47","ControllerConfig":{"Executable":"/Users/coycrowder/.vscode/extensions/ms-dotnettools.csdevkit-1.10.18-darwin-x64/components/vs-green-server/platforms/darwin-x64/node_modules/@microsoft/servicehub-controller-net60.darwin-x64/Microsoft.ServiceHub.Controller","Args":["ff963c80f9"],"PipeName":"ff963c80f9"},"HostsConfig":{"RootDir":".","AppConfigFallback":""}}}
09/24/2024 17:42:17 Central Standard Time : Information : VsHubClient-hubController write: Content-Length: 758

{"jsonrpc":"2.0","id":3,"method":"RegisterServiceAsync","params":[{"Name":"Microsoft.VisualStudio.Debugger.ManagedHotReloadService"},{"host":"dotnet","hostId":"C94B8CFE-E3FD-4BAF-A941-2866DBB566FE","serviceBaseDirectory":"/Users/coycrowder/.vscode/extensions/ms-dotnettools.csdevkit-1.10.18-darwin-x64/components/VSDebugCore/platforms/darwin-x64/node_modules/@microsoft/visualstudio-debugger-devkit.darwin-x64","entryPoint":{"assemblyPath":"/Users/coycrowder/.vscode/extensions/ms-dotnettools.csdevkit-1.10.18-darwin-x64/components/VSDebugCore/platforms/darwin-x64/node_modules/@microsoft/visualstudio-debugger-devkit.darwin-x64/Microsoft.VisualStudio.Debugger.DevKit.dll","fullClassName":"Microsoft.VisualStudio.Debugger.ManagedHotReloadService+Factory"}}]}
09/24/2024 17:42:17 Central Standard Time : Information : VsHubClient-hubController read: Content-Length: 38

{"jsonrpc":"2.0","id":3,"result":null}
09/24/2024 17:42:17 Central Standard Time : Information : VsHubClient-hubController write: Content-Length: 109

{"jsonrpc":"2.0","id":2,"method":"UpdateClientInfoAsync","params":[{"clientName":"VsHubClient","pid":82761}]}
09/24/2024 17:42:17 Central Standard Time : Information : VsHubClient-hubController read: Content-Length: 441

{"jsonrpc":"2.0","id":2,"result":{"ClientWatchServerName":"net.pipe://82777CAE47","ControllerConfig":{"Executable":"/Users/coycrowder/.vscode/extensions/ms-dotnettools.csdevkit-1.10.18-darwin-x64/components/vs-green-server/platforms/darwin-x64/node_modules/@microsoft/servicehub-controller-net60.darwin-x64/Microsoft.ServiceHub.Controller","Args":["ff963c80f9"],"PipeName":"ff963c80f9"},"HostsConfig":{"RootDir":".","AppConfigFallback":""}}}
09/24/2024 17:42:17 Central Standard Time : Information : VsHubClient-hubController write: Content-Length: 746

{"jsonrpc":"2.0","id":3,"method":"RegisterServiceAsync","params":[{"Name":"Microsoft.VisualStudio.Debugger.SourceLinkService"},{"host":"dotnet","hostId":"C94B8CFE-E3FD-4BAF-A941-2866DBB566FE","serviceBaseDirectory":"/Users/coycrowder/.vscode/extensions/ms-dotnettools.csdevkit-1.10.18-darwin-x64/components/VSDebugCore/platforms/darwin-x64/node_modules/@microsoft/visualstudio-debugger-devkit.darwin-x64","entryPoint":{"assemblyPath":"/Users/coycrowder/.vscode/extensions/ms-dotnettools.csdevkit-1.10.18-darwin-x64/components/VSDebugCore/platforms/darwin-x64/node_modules/@microsoft/visualstudio-debugger-devkit.darwin-x64/Microsoft.VisualStudio.Debugger.DevKit.dll","fullClassName":"Microsoft.VisualStudio.Debugger.SourceLinkService+Factory"}}]}
09/24/2024 17:42:17 Central Standard Time : Information : VsHubClient-hubController read: Content-Length: 38

{"jsonrpc":"2.0","id":3,"result":null}
09/24/2024 17:42:17 Central Standard Time : Information : VsHubClient-hubController write: Content-Length: 109

{"jsonrpc":"2.0","id":2,"method":"UpdateClientInfoAsync","params":[{"clientName":"VsHubClient","pid":82761}]}
09/24/2024 17:42:17 Central Standard Time : Information : VsHubClient-hubController read: Content-Length: 441

{"jsonrpc":"2.0","id":2,"result":{"ClientWatchServerName":"net.pipe://82777CAE47","ControllerConfig":{"Executable":"/Users/coycrowder/.vscode/extensions/ms-dotnettools.csdevkit-1.10.18-darwin-x64/components/vs-green-server/platforms/darwin-x64/node_modules/@microsoft/servicehub-controller-net60.darwin-x64/Microsoft.ServiceHub.Controller","Args":["ff963c80f9"],"PipeName":"ff963c80f9"},"HostsConfig":{"RootDir":".","AppConfigFallback":""}}}
09/24/2024 17:42:17 Central Standard Time : Information : VsHubClient-hubController write: Content-Length: 783

{"jsonrpc":"2.0","id":3,"method":"RegisterServiceAsync","params":[{"Name":"Microsoft.VisualStudio.Debugger.SymbolLocatorService"},{"host":"dotnet","hostId":"C94B8CFE-E3FD-4BAF-A941-2866DBB566FE","serviceBaseDirectory":"/Users/coycrowder/.vscode/extensions/ms-dotnettools.csdevkit-1.10.18-darwin-x64/components/VSDebugCore/platforms/darwin-x64/node_modules/@microsoft/visualstudio-debugger-devkit.darwin-x64","entryPoint":{"assemblyPath":"/Users/coycrowder/.vscode/extensions/ms-dotnettools.csdevkit-1.10.18-darwin-x64/components/VSDebugCore/platforms/darwin-x64/node_modules/@microsoft/visualstudio-debugger-devkit.darwin-x64/Microsoft.VisualStudio.Debugger.DevKit.dll","fullClassName":"Microsoft.VisualStudio.Debugger.BrokeredServices.SymbolLocator.SymbolLocatorService+Factory"}}]}
09/24/2024 17:42:17 Central Standard Time : Information : VsHubClient-hubController read: Content-Length: 38

{"jsonrpc":"2.0","id":3,"result":null}
09/24/2024 17:42:17 Central Standard Time : Information : VsHubClient-hubController write: Content-Length: 109

{"jsonrpc":"2.0","id":2,"method":"UpdateClientInfoAsync","params":[{"clientName":"VsHubClient","pid":82761}]}
09/24/2024 17:42:17 Central Standard Time : Information : VsHubClient-hubController read: Content-Length: 441

{"jsonrpc":"2.0","id":2,"result":{"ClientWatchServerName":"net.pipe://82777CAE47","ControllerConfig":{"Executable":"/Users/coycrowder/.vscode/extensions/ms-dotnettools.csdevkit-1.10.18-darwin-x64/components/vs-green-server/platforms/darwin-x64/node_modules/@microsoft/servicehub-controller-net60.darwin-x64/Microsoft.ServiceHub.Controller","Args":["ff963c80f9"],"PipeName":"ff963c80f9"},"HostsConfig":{"RootDir":".","AppConfigFallback":""}}}
09/24/2024 17:42:17 Central Standard Time : Information : VsHubClient-hubController write: Content-Length: 850

{"jsonrpc":"2.0","id":3,"method":"RegisterServiceAsync","params":[{"Name":"Microsoft.VisualStudio.TestWindow.VSCode.ProjectSystemProvider.Service"},{"host":"dotnet","hostId":"C94B8CFE-E3FD-4BAF-A941-2866DBB566FE","serviceBaseDirectory":"/Users/coycrowder/.vscode/extensions/ms-dotnettools.csdevkit-1.10.18-darwin-x64/components/VSUnitTesting/platforms/darwin-x64/node_modules/@microsoft/visualstudio-testwindow-vscode-service.darwin-x64","entryPoint":{"assemblyPath":"/Users/coycrowder/.vscode/extensions/ms-dotnettools.csdevkit-1.10.18-darwin-x64/components/VSUnitTesting/platforms/darwin-x64/node_modules/@microsoft/visualstudio-testwindow-vscode-service.darwin-x64/Microsoft.VisualStudio.TestWindow.VSCode.Service.dll","fullClassName":"Microsoft.VisualStudio.TestWindow.VSCode.ProjectSystemProvider.Service.ProjectSystemProviderServiceFactory"}}]}
09/24/2024 17:42:17 Central Standard Time : Information : VsHubClient-hubController read: Content-Length: 38

{"jsonrpc":"2.0","id":3,"result":null}
09/24/2024 17:42:17 Central Standard Time : Information : VsHubClient-hubController write: Content-Length: 109

{"jsonrpc":"2.0","id":2,"method":"UpdateClientInfoAsync","params":[{"clientName":"VsHubClient","pid":82761}]}
09/24/2024 17:42:17 Central Standard Time : Information : VsHubClient-hubController read: Content-Length: 441

{"jsonrpc":"2.0","id":2,"result":{"ClientWatchServerName":"net.pipe://82777CAE47","ControllerConfig":{"Executable":"/Users/coycrowder/.vscode/extensions/ms-dotnettools.csdevkit-1.10.18-darwin-x64/components/vs-green-server/platforms/darwin-x64/node_modules/@microsoft/servicehub-controller-net60.darwin-x64/Microsoft.ServiceHub.Controller","Args":["ff963c80f9"],"PipeName":"ff963c80f9"},"HostsConfig":{"RootDir":".","AppConfigFallback":""}}}
09/24/2024 17:42:17 Central Standard Time : Information : VsHubClient-hubController write: Content-Length: 801

{"jsonrpc":"2.0","id":3,"method":"RegisterServiceAsync","params":[{"Name":"Microsoft.VisualStudio.TestWindow.VSCode.Service"},{"host":"dotnet","hostId":"C94B8CFE-E3FD-4BAF-A941-2866DBB566FE","serviceBaseDirectory":"/Users/coycrowder/.vscode/extensions/ms-dotnettools.csdevkit-1.10.18-darwin-x64/components/VSUnitTesting/platforms/darwin-x64/node_modules/@microsoft/visualstudio-testwindow-vscode-service.darwin-x64","entryPoint":{"assemblyPath":"/Users/coycrowder/.vscode/extensions/ms-dotnettools.csdevkit-1.10.18-darwin-x64/components/VSUnitTesting/platforms/darwin-x64/node_modules/@microsoft/visualstudio-testwindow-vscode-service.darwin-x64/Microsoft.VisualStudio.TestWindow.VSCode.Service.dll","fullClassName":"Microsoft.VisualStudio.TestWindow.VSCode.Service.TestWindowVSCodeServiceFactory"}}]}
09/24/2024 17:42:17 Central Standard Time : Information : VsHubClient-hubController read: Content-Length: 38

{"jsonrpc":"2.0","id":3,"result":null}
09/24/2024 17:42:17 Central Standard Time : Information : VsHubClient-hubController write: Content-Length: 109

{"jsonrpc":"2.0","id":2,"method":"UpdateClientInfoAsync","params":[{"clientName":"VsHubClient","pid":82761}]}
09/24/2024 17:42:17 Central Standard Time : Information : VsHubClient-hubController read: Content-Length: 441

{"jsonrpc":"2.0","id":2,"result":{"ClientWatchServerName":"net.pipe://82777CAE47","ControllerConfig":{"Executable":"/Users/coycrowder/.vscode/extensions/ms-dotnettools.csdevkit-1.10.18-darwin-x64/components/vs-green-server/platforms/darwin-x64/node_modules/@microsoft/servicehub-controller-net60.darwin-x64/Microsoft.ServiceHub.Controller","Args":["ff963c80f9"],"PipeName":"ff963c80f9"},"HostsConfig":{"RootDir":".","AppConfigFallback":""}}}
09/24/2024 17:42:17 Central Standard Time : Information : VsHubClient-hubController write: Content-Length: 649

{"jsonrpc":"2.0","id":3,"method":"RegisterServiceAsync","params":[{"Name":"Microsoft.VisualStudio.AspireServer"},{"host":"dotnet.aspireServer","hostId":"C94B8CFE-E3FD-4BAF-A941-2866DBB566FE","serviceBaseDirectory":"/Users/coycrowder/.vscode/extensions/ms-dotnettools.csdevkit-1.10.18-darwin-x64/components/WebTools/node_modules/@microsoft/vscode.webtools/Services","entryPoint":{"assemblyPath":"/Users/coycrowder/.vscode/extensions/ms-dotnettools.csdevkit-1.10.18-darwin-x64/components/WebTools/node_modules/@microsoft/vscode.webtools/Services/Microsoft.WebTools.AspireServer.dll","fullClassName":"Microsoft.WebTools.AspireServer.ServiceFactory"}}]}
09/24/2024 17:42:17 Central Standard Time : Information : VsHubClient-hubController read: Content-Length: 38

{"jsonrpc":"2.0","id":3,"result":null}
09/24/2024 17:42:17 Central Standard Time : Information : VsHubClient-hubController write: Content-Length: 109

{"jsonrpc":"2.0","id":2,"method":"UpdateClientInfoAsync","params":[{"clientName":"VsHubClient","pid":82761}]}
09/24/2024 17:42:17 Central Standard Time : Information : VsHubClient-hubController read: Content-Length: 441

{"jsonrpc":"2.0","id":2,"result":{"ClientWatchServerName":"net.pipe://82777CAE47","ControllerConfig":{"Executable":"/Users/coycrowder/.vscode/extensions/ms-dotnettools.csdevkit-1.10.18-darwin-x64/components/vs-green-server/platforms/darwin-x64/node_modules/@microsoft/servicehub-controller-net60.darwin-x64/Microsoft.ServiceHub.Controller","Args":["ff963c80f9"],"PipeName":"ff963c80f9"},"HostsConfig":{"RootDir":".","AppConfigFallback":""}}}
09/24/2024 17:42:17 Central Standard Time : Information : VsHubClient-hubController write: Content-Length: 757

{"jsonrpc":"2.0","id":3,"method":"RegisterServiceAsync","params":[{"Name":"Microsoft.VisualStudio.Debugger.AspireService"},{"host":"dotnet.projectSystem","hostId":"C94B8CFE-E3FD-4BAF-A941-2866DBB566FE","serviceBaseDirectory":"/Users/coycrowder/.vscode/extensions/ms-dotnettools.csdevkit-1.10.18-darwin-x64/components/WebTools/node_modules/@microsoft/vscode.webtools/Services","entryPoint":{"assemblyPath":"/Users/coycrowder/.vscode/extensions/ms-dotnettools.csdevkit-1.10.18-darwin-x64/components/WebTools/node_modules/@microsoft/vscode.webtools/Services/Microsoft.WebTools.Aspire.VSCode.Services.dll","fullClassName":"Microsoft.WebTools.Aspire.VSCode.Services.ServiceFactory"},"friendServices":["Microsoft.VisualStudio.ProjectSystem.CompositionService"]}]}
09/24/2024 17:42:17 Central Standard Time : Information : VsHubClient-hubController read: Content-Length: 38

{"jsonrpc":"2.0","id":3,"result":null}
09/24/2024 17:42:17 Central Standard Time : Information : VsHubClient-hubController write: Content-Length: 370

{"jsonrpc":"2.0","id":3,"method":"requestServiceChannel","params":[{"Name":"Microsoft.VisualStudio.Debugger.HotReloadSessionNotificationService","Version":"0.1"},{"ActivationArguments":{"__servicehub__ServiceHubRemoteServiceBrokerPipeName":"/Users/coycrowder/.ServiceHub/ff963c80f9/d9e19068a7"},"ClientCredentials":{},"ClientCulture":"en-US","ClientUICulture":"en-US"}]}
09/24/2024 17:42:17 Central Standard Time : Information : VsHubClient-hubController write: Content-Length: 109

{"jsonrpc":"2.0","id":2,"method":"UpdateClientInfoAsync","params":[{"clientName":"VsHubClient","pid":82761}]}
09/24/2024 17:42:17 Central Standard Time : Information : VsHubClient-hubController read: Content-Length: 441

{"jsonrpc":"2.0","id":2,"result":{"ClientWatchServerName":"net.pipe://82777CAE47","ControllerConfig":{"Executable":"/Users/coycrowder/.vscode/extensions/ms-dotnettools.csdevkit-1.10.18-darwin-x64/components/vs-green-server/platforms/darwin-x64/node_modules/@microsoft/servicehub-controller-net60.darwin-x64/Microsoft.ServiceHub.Controller","Args":["ff963c80f9"],"PipeName":"ff963c80f9"},"HostsConfig":{"RootDir":".","AppConfigFallback":""}}}
09/24/2024 17:42:17 Central Standard Time : Information : VsHubClient-hubController write: Content-Length: 872

{"jsonrpc":"2.0","id":3,"method":"RegisterServiceAsync","params":[{"Name":"Microsoft.VisualStudio.ProjectSystem.DebugTargetFrameworkService"},{"host":"dotnet.projectSystem","hostId":"C94B8CFE-E3FD-4BAF-A941-2866DBB566FE","serviceBaseDirectory":"/Users/coycrowder/.vscode/extensions/ms-dotnettools.csdevkit-1.10.18-darwin-x64/components/dotnet-project-system-vscode/node_modules/@microsoft/vscode.projectsystem.managed/Services","entryPoint":{"assemblyPath":"/Users/coycrowder/.vscode/extensions/ms-dotnettools.csdevkit-1.10.18-darwin-x64/components/dotnet-project-system-vscode/node_modules/@microsoft/vscode.projectsystem.managed/Services/Microsoft.ProjectSystem.Managed.VSCode.Services.dll","fullClassName":"Microsoft.VisualStudio.ProjectSystem.Services.DebugTargetFrameworkServiceFactory"},"friendServices":["Microsoft.VisualStudio.ProjectSystem.CompositionService"]}]}
09/24/2024 17:42:17 Central Standard Time : Information : VsHubClient-hubController read: Content-Length: 38

{"jsonrpc":"2.0","id":3,"result":null}
09/24/2024 17:42:17 Central Standard Time : Information : VsHubClient-hubController write: Content-Length: 109

{"jsonrpc":"2.0","id":2,"method":"UpdateClientInfoAsync","params":[{"clientName":"VsHubClient","pid":82761}]}
09/24/2024 17:42:17 Central Standard Time : Information : VsHubClient-hubController read: Content-Length: 441

{"jsonrpc":"2.0","id":2,"result":{"ClientWatchServerName":"net.pipe://82777CAE47","ControllerConfig":{"Executable":"/Users/coycrowder/.vscode/extensions/ms-dotnettools.csdevkit-1.10.18-darwin-x64/components/vs-green-server/platforms/darwin-x64/node_modules/@microsoft/servicehub-controller-net60.darwin-x64/Microsoft.ServiceHub.Controller","Args":["ff963c80f9"],"PipeName":"ff963c80f9"},"HostsConfig":{"RootDir":".","AppConfigFallback":""}}}
09/24/2024 17:42:17 Central Standard Time : Information : VsHubClient-hubController write: Content-Length: 690

{"jsonrpc":"2.0","id":3,"method":"RegisterServiceAsync","params":[{"Name":"Microsoft.TemplateEngine.VSCode.TemplateService"},{"host":"dotnet","hostId":"C94B8CFE-E3FD-4BAF-A941-2866DBB566FE","serviceBaseDirectory":"/Users/coycrowder/.vscode/extensions/ms-dotnettools.csdevkit-1.10.18-darwin-x64/components/dotnet-project-system-vscode/node_modules/@microsoft/vscode.templateengine","entryPoint":{"assemblyPath":"/Users/coycrowder/.vscode/extensions/ms-dotnettools.csdevkit-1.10.18-darwin-x64/components/dotnet-project-system-vscode/node_modules/@microsoft/vscode.templateengine/Microsoft.TemplateEngine.VSCode.dll","fullClassName":"Microsoft.TemplateEngine.VSCode.TemplateServiceFactory"}}]}
09/24/2024 17:42:17 Central Standard Time : Information : VsHubClient-hubController read: Content-Length: 38

{"jsonrpc":"2.0","id":3,"result":null}
09/24/2024 17:42:17 Central Standard Time : Information : VsHubClient-hubController write: Content-Length: 109

{"jsonrpc":"2.0","id":2,"method":"UpdateClientInfoAsync","params":[{"clientName":"VsHubClient","pid":82761}]}
09/24/2024 17:42:17 Central Standard Time : Information : VsHubClient-hubController read: Content-Length: 441

{"jsonrpc":"2.0","id":2,"result":{"ClientWatchServerName":"net.pipe://82777CAE47","ControllerConfig":{"Executable":"/Users/coycrowder/.vscode/extensions/ms-dotnettools.csdevkit-1.10.18-darwin-x64/components/vs-green-server/platforms/darwin-x64/node_modules/@microsoft/servicehub-controller-net60.darwin-x64/Microsoft.ServiceHub.Controller","Args":["ff963c80f9"],"PipeName":"ff963c80f9"},"HostsConfig":{"RootDir":".","AppConfigFallback":""}}}
09/24/2024 17:42:18 Central Standard Time : Information : VsHubClient-hubController write: Content-Length: 739

{"jsonrpc":"2.0","id":3,"method":"RegisterServiceAsync","params":[{"Name":"Microsoft.CodeCoverage.VSCode.CollectionService"},{"host":"dotnet","hostId":"C94B8CFE-E3FD-4BAF-A941-2866DBB566FE","serviceBaseDirectory":"/Users/coycrowder/.vscode/extensions/ms-dotnettools.csdevkit-1.10.18-darwin-x64/components/vs-code-coverage/platforms/darwin-x64/node_modules/@microsoft/coverage-services.darwin-x64","entryPoint":{"assemblyPath":"/Users/coycrowder/.vscode/extensions/ms-dotnettools.csdevkit-1.10.18-darwin-x64/components/vs-code-coverage/platforms/darwin-x64/node_modules/@microsoft/coverage-services.darwin-x64/Microsoft.CodeCoverage.VSCode.Services.dll","fullClassName":"Microsoft.VisualStudio.CoverageServices.CollectionServiceFactory"}}]}
09/24/2024 17:42:18 Central Standard Time : Information : VsHubClient-hubController read: Content-Length: 38

{"jsonrpc":"2.0","id":3,"result":null}
09/24/2024 17:42:18 Central Standard Time : Information : VsHubClient-hubController write: Content-Length: 109

{"jsonrpc":"2.0","id":2,"method":"UpdateClientInfoAsync","params":[{"clientName":"VsHubClient","pid":82761}]}
09/24/2024 17:42:18 Central Standard Time : Information : VsHubClient-hubController read: Content-Length: 441

{"jsonrpc":"2.0","id":2,"result":{"ClientWatchServerName":"net.pipe://82777CAE47","ControllerConfig":{"Executable":"/Users/coycrowder/.vscode/extensions/ms-dotnettools.csdevkit-1.10.18-darwin-x64/components/vs-green-server/platforms/darwin-x64/node_modules/@microsoft/servicehub-controller-net60.darwin-x64/Microsoft.ServiceHub.Controller","Args":["ff963c80f9"],"PipeName":"ff963c80f9"},"HostsConfig":{"RootDir":".","AppConfigFallback":""}}}
09/24/2024 17:42:18 Central Standard Time : Information : VsHubClient-hubController write: Content-Length: 731

{"jsonrpc":"2.0","id":3,"method":"RegisterServiceAsync","params":[{"Name":"Microsoft.CodeCoverage.VSCode.ReportService"},{"host":"dotnet","hostId":"C94B8CFE-E3FD-4BAF-A941-2866DBB566FE","serviceBaseDirectory":"/Users/coycrowder/.vscode/extensions/ms-dotnettools.csdevkit-1.10.18-darwin-x64/components/vs-code-coverage/platforms/darwin-x64/node_modules/@microsoft/coverage-services.darwin-x64","entryPoint":{"assemblyPath":"/Users/coycrowder/.vscode/extensions/ms-dotnettools.csdevkit-1.10.18-darwin-x64/components/vs-code-coverage/platforms/darwin-x64/node_modules/@microsoft/coverage-services.darwin-x64/Microsoft.CodeCoverage.VSCode.Services.dll","fullClassName":"Microsoft.VisualStudio.CoverageServices.ReportServiceFactory"}}]}
09/24/2024 17:42:18 Central Standard Time : Information : VsHubClient-hubController read: Content-Length: 38

{"jsonrpc":"2.0","id":3,"result":null}
09/24/2024 17:42:18 Central Standard Time : Information : VsHubClient-hubController write: Content-Length: 109

{"jsonrpc":"2.0","id":2,"method":"UpdateClientInfoAsync","params":[{"clientName":"VsHubClient","pid":82761}]}
09/24/2024 17:42:18 Central Standard Time : Information : VsHubClient-hubController read: Content-Length: 441

{"jsonrpc":"2.0","id":2,"result":{"ClientWatchServerName":"net.pipe://82777CAE47","ControllerConfig":{"Executable":"/Users/coycrowder/.vscode/extensions/ms-dotnettools.csdevkit-1.10.18-darwin-x64/components/vs-green-server/platforms/darwin-x64/node_modules/@microsoft/servicehub-controller-net60.darwin-x64/Microsoft.ServiceHub.Controller","Args":["ff963c80f9"],"PipeName":"ff963c80f9"},"HostsConfig":{"RootDir":".","AppConfigFallback":""}}}
09/24/2024 17:42:18 Central Standard Time : Information : VsHubClient-hubController write: Content-Length: 781

{"jsonrpc":"2.0","id":3,"method":"RegisterServiceAsync","params":[{"Name":"Microsoft.VisualStudio.ProjectQueryTestService"},{"host":"dotnet","hostId":"C94B8CFE-E3FD-4BAF-A941-2866DBB566FE","serviceBaseDirectory":"/Users/coycrowder/.vscode/extensions/ms-dotnettools.csdevkit-1.10.18-darwin-x64/components/vs-green-server/platforms/darwin-x64/node_modules/@microsoft/visualstudio-server-samples-sayhello.darwin-x64","entryPoint":{"assemblyPath":"/Users/coycrowder/.vscode/extensions/ms-dotnettools.csdevkit-1.10.18-darwin-x64/components/vs-green-server/platforms/darwin-x64/node_modules/@microsoft/visualstudio-server-samples-sayhello.darwin-x64/Microsoft.VisualStudio.Samples.SayHello.dll","fullClassName":"Microsoft.VisualStudio.Samples.SayHello.ProjectQueryTestServiceFactory"}}]}
09/24/2024 17:42:18 Central Standard Time : Information : VsHubClient-hubController read: Content-Length: 38

{"jsonrpc":"2.0","id":3,"result":null}
09/24/2024 17:42:18 Central Standard Time : Information : VsHubClient-hubController write: Content-Length: 109

{"jsonrpc":"2.0","id":2,"method":"UpdateClientInfoAsync","params":[{"clientName":"VsHubClient","pid":82761}]}
09/24/2024 17:42:18 Central Standard Time : Information : VsHubClient-hubController read: Content-Length: 441

{"jsonrpc":"2.0","id":2,"result":{"ClientWatchServerName":"net.pipe://82777CAE47","ControllerConfig":{"Executable":"/Users/coycrowder/.vscode/extensions/ms-dotnettools.csdevkit-1.10.18-darwin-x64/components/vs-green-server/platforms/darwin-x64/node_modules/@microsoft/servicehub-controller-net60.darwin-x64/Microsoft.ServiceHub.Controller","Args":["ff963c80f9"],"PipeName":"ff963c80f9"},"HostsConfig":{"RootDir":".","AppConfigFallback":""}}}
09/24/2024 17:42:18 Central Standard Time : Information : VsHubClient-hubController write: Content-Length: 747

{"jsonrpc":"2.0","id":3,"method":"RegisterServiceAsync","params":[{"Name":"helloServiceHubDotNetHost"},{"host":"dotnet","hostId":"C94B8CFE-E3FD-4BAF-A941-2866DBB566FE","serviceBaseDirectory":"/Users/coycrowder/.vscode/extensions/ms-dotnettools.csdevkit-1.10.18-darwin-x64/components/vs-green-server/platforms/darwin-x64/node_modules/@microsoft/visualstudio-server-samples-sayhello.darwin-x64","entryPoint":{"assemblyPath":"/Users/coycrowder/.vscode/extensions/ms-dotnettools.csdevkit-1.10.18-darwin-x64/components/vs-green-server/platforms/darwin-x64/node_modules/@microsoft/visualstudio-server-samples-sayhello.darwin-x64/Microsoft.VisualStudio.Samples.SayHello.dll","fullClassName":"Microsoft.VisualStudio.Samples.SayHello.HelloWorldFactory"}}]}
09/24/2024 17:42:18 Central Standard Time : Information : VsHubClient-hubController read: Content-Length: 38

{"jsonrpc":"2.0","id":3,"result":null}
09/24/2024 17:42:18 Central Standard Time : Information : VsHubClient-hubController write: Content-Length: 359

{"jsonrpc":"2.0","id":4,"method":"requestServiceChannel","params":[{"Name":"Microsoft.VisualStudio.ProjectSystem.ProjectTreeProvider","Version":"0.1"},{"ActivationArguments":{"__servicehub__ServiceHubRemoteServiceBrokerPipeName":"/Users/coycrowder/.ServiceHub/ff963c80f9/4e139c12ce"},"ClientCredentials":{},"ClientCulture":"en-US","ClientUICulture":"en-US"}]}
09/24/2024 17:42:18 Central Standard Time : Information : VsHubClient-hubController write: Content-Length: 346

{"jsonrpc":"2.0","id":5,"method":"requestServiceChannel","params":[{"Name":"Microsoft.CodeCoverage.VSCode.ReportService","Version":"1.0"},{"ActivationArguments":{"__servicehub__ServiceHubRemoteServiceBrokerPipeName":"/Users/coycrowder/.ServiceHub/ff963c80f9/916bd08289"},"ClientCredentials":{},"ClientCulture":"en-US","ClientUICulture":"en-US"}]}
09/24/2024 17:42:18 Central Standard Time : Information : VsHubClient-hubController write: Content-Length: 351

{"jsonrpc":"2.0","id":6,"method":"requestServiceChannel","params":[{"Name":"Microsoft.VisualStudio.TestWindow.VSCode.Service","Version":"0.1"},{"ActivationArguments":{"__servicehub__ServiceHubRemoteServiceBrokerPipeName":"/Users/coycrowder/.ServiceHub/ff963c80f9/8e316a62a9"},"ClientCredentials":{},"ClientCulture":"en-US","ClientUICulture":"en-US"}]}
09/24/2024 17:42:18 Central Standard Time : Information : VsHubClient-hubController write: Content-Length: 336

{"jsonrpc":"2.0","id":7,"method":"requestServiceChannel","params":[{"Name":"Microsoft.VisualStudio.LaunchConfigurationService"},{"ActivationArguments":{"__servicehub__ServiceHubRemoteServiceBrokerPipeName":"/Users/coycrowder/.ServiceHub/ff963c80f9/fdae3f14b3"},"ClientCredentials":{},"ClientCulture":"en-US","ClientUICulture":"en-US"}]}
09/24/2024 17:42:18 Central Standard Time : Information : VsHubClient-hubController write: Content-Length: 374

{"jsonrpc":"2.0","id":8,"method":"requestServiceChannel","params":[{"Name":"Microsoft.VisualStudio.ProjectSystem.ProjectInitializationStatusService","Version":"0.1"},{"ActivationArguments":{"__servicehub__ServiceHubRemoteServiceBrokerPipeName":"/Users/coycrowder/.ServiceHub/ff963c80f9/9760bbdb50"},"ClientCredentials":{},"ClientCulture":"en-US","ClientUICulture":"en-US"}]}
09/24/2024 17:42:18 Central Standard Time : Information : VsHubClient-hubController read: Content-Length: 167

{"jsonrpc":"2.0","id":5,"result":{"RequestId":"643cdaa3-44be-4cd4-8f31-64b9f2c8bdf7","PipeName":"/Users/coycrowder/.ServiceHub/ff963c80f9/ca4af12f10","IsEmpty":false}}
09/24/2024 17:42:18 Central Standard Time : Information : VsHubClient-hubController read: Content-Length: 167

{"jsonrpc":"2.0","id":6,"result":{"RequestId":"8863c4fd-2eb3-459a-a4d2-7d275502303f","PipeName":"/Users/coycrowder/.ServiceHub/ff963c80f9/87a024ccd6","IsEmpty":false}}Content-Length: 167

{"jsonrpc":"2.0","id":3,"result":{"RequestId":"7ed70651-3dbf-4a1b-ae78-46fa47c5d7cd","PipeName":"/Users/coycrowder/.ServiceHub/ff963c80f9/49795de154","IsEmpty":false}}
09/24/2024 17:42:18 Central Standard Time : Information : VsHubClient-hubController write: Content-Length: 350

{"jsonrpc":"2.0","id":9,"method":"requestServiceChannel","params":[{"Name":"Microsoft.CodeCoverage.VSCode.CollectionService","Version":"1.0"},{"ActivationArguments":{"__servicehub__ServiceHubRemoteServiceBrokerPipeName":"/Users/coycrowder/.ServiceHub/ff963c80f9/b156897a88"},"ClientCredentials":{},"ClientCulture":"en-US","ClientUICulture":"en-US"}]}
09/24/2024 17:42:18 Central Standard Time : Information : Disposing ServiceBroker server '/Users/coycrowder/.ServiceHub/ff963c80f9/d9e19068a7'.
09/24/2024 17:42:18 Central Standard Time : Information : VsHubClient-hubController read: Content-Length: 167

{"jsonrpc":"2.0","id":9,"result":{"RequestId":"5fee85e8-bb22-4d15-adf5-0dc1d0516033","PipeName":"/Users/coycrowder/.ServiceHub/ff963c80f9/aa1098af7c","IsEmpty":false}}
09/24/2024 17:42:18 Central Standard Time : Information : Disposing ServiceBroker server '/Users/coycrowder/.ServiceHub/ff963c80f9/916bd08289'.
09/24/2024 17:42:18 Central Standard Time : Information : Disposing ServiceBroker server '/Users/coycrowder/.ServiceHub/ff963c80f9/8e316a62a9'.
09/24/2024 17:42:18 Central Standard Time : Information : Disposing ServiceBroker server '/Users/coycrowder/.ServiceHub/ff963c80f9/b156897a88'.
09/24/2024 17:42:19 Central Standard Time : Information : Microsoft.VisualStudio.Debugger.HotReloadSessionNotificationService-RemoteServiceBrokerServer read: Content-Length: 193

{"jsonrpc":"2.0","id":2,"method":"handshake","params":[{"supportedConnections":"IpcPipe","localServiceHost":{"operatingSystem":2,"processArchitecture":1,"runtime":2,"runtimeVersion":"8.0.8"}}]}
09/24/2024 17:42:19 Central Standard Time : Information : Microsoft.CodeCoverage.VSCode.ReportService-RemoteServiceBrokerServer read: Content-Length: 193

{"jsonrpc":"2.0","id":2,"method":"handshake","params":[{"supportedConnections":"IpcPipe","localServiceHost":{"operatingSystem":2,"processArchitecture":1,"runtime":2,"runtimeVersion":"8.0.8"}}]}
09/24/2024 17:42:19 Central Standard Time : Information : Microsoft.VisualStudio.TestWindow.VSCode.Service-RemoteServiceBrokerServer read: Content-Length: 193

{"jsonrpc":"2.0","id":2,"method":"handshake","params":[{"supportedConnections":"IpcPipe","localServiceHost":{"operatingSystem":2,"processArchitecture":1,"runtime":2,"runtimeVersion":"8.0.8"}}]}
09/24/2024 17:42:19 Central Standard Time : Information : Microsoft.CodeCoverage.VSCode.CollectionService-RemoteServiceBrokerServer read: Content-Length: 193

{"jsonrpc":"2.0","id":2,"method":"handshake","params":[{"supportedConnections":"IpcPipe","localServiceHost":{"operatingSystem":2,"processArchitecture":1,"runtime":2,"runtimeVersion":"8.0.8"}}]}
09/24/2024 17:42:19 Central Standard Time : Information : Microsoft.VisualStudio.Debugger.HotReloadSessionNotificationService-RemoteServiceBrokerServer write: Content-Length: 38

{"jsonrpc":"2.0","id":2,"result":null}
09/24/2024 17:42:19 Central Standard Time : Information : Microsoft.VisualStudio.TestWindow.VSCode.Service-RemoteServiceBrokerServer write: Content-Length: 38

{"jsonrpc":"2.0","id":2,"result":null}
09/24/2024 17:42:19 Central Standard Time : Information : Microsoft.CodeCoverage.VSCode.ReportService-RemoteServiceBrokerServer write: Content-Length: 38

{"jsonrpc":"2.0","id":2,"result":null}
09/24/2024 17:42:19 Central Standard Time : Information : Microsoft.CodeCoverage.VSCode.CollectionService-RemoteServiceBrokerServer write: Content-Length: 38

{"jsonrpc":"2.0","id":2,"result":null}
09/24/2024 17:42:19 Central Standard Time : Information : Microsoft.CodeCoverage.VSCode.ReportService-RemoteServiceBrokerServer read: Content-Length: 183

{"jsonrpc":"2.0","id":3,"method":"requestServiceChannel","params":[{"name":"Microsoft.ServiceHub.Framework.AuthorizationService"},{"clientCulture":"en-US","clientUICulture":"en-US"}]}
09/24/2024 17:42:19 Central Standard Time : Information : Microsoft.VisualStudio.Debugger.HotReloadSessionNotificationService-RemoteServiceBrokerServer read: Content-Length: 183

{"jsonrpc":"2.0","id":3,"method":"requestServiceChannel","params":[{"name":"Microsoft.ServiceHub.Framework.AuthorizationService"},{"clientCulture":"en-US","clientUICulture":"en-US"}]}
09/24/2024 17:42:19 Central Standard Time : Information : Microsoft.VisualStudio.TestWindow.VSCode.Service-RemoteServiceBrokerServer read: Content-Length: 183

{"jsonrpc":"2.0","id":3,"method":"requestServiceChannel","params":[{"name":"Microsoft.ServiceHub.Framework.AuthorizationService"},{"clientCulture":"en-US","clientUICulture":"en-US"}]}
09/24/2024 17:42:19 Central Standard Time : Information : Microsoft.CodeCoverage.VSCode.CollectionService-RemoteServiceBrokerServer read: Content-Length: 183

{"jsonrpc":"2.0","id":3,"method":"requestServiceChannel","params":[{"name":"Microsoft.ServiceHub.Framework.AuthorizationService"},{"clientCulture":"en-US","clientUICulture":"en-US"}]}
09/24/2024 17:42:19 Central Standard Time : Information : Microsoft.VisualStudio.TestWindow.VSCode.Service-RemoteServiceBrokerServer write: Content-Length: 181

{"jsonrpc":"2.0","id":3,"result":{"requestId":"eaa767cc-18ed-4aa0-b154-6eaf6bd92be0","pipeName":"/var/folders/84/68dsmswn3m95t759t37vwxmr0000gn/T/1d4d1a3a7f33497298d9263173ce9723"}}
09/24/2024 17:42:19 Central Standard Time : Information : Microsoft.CodeCoverage.VSCode.CollectionService-RemoteServiceBrokerServer write: Content-Length: 181

{"jsonrpc":"2.0","id":3,"result":{"requestId":"9b5477f5-639d-4adb-a6e4-a93ca826996c","pipeName":"/var/folders/84/68dsmswn3m95t759t37vwxmr0000gn/T/1f9493e57d5b4881abdfe453d1a748fc"}}
09/24/2024 17:42:19 Central Standard Time : Information : Microsoft.CodeCoverage.VSCode.ReportService-RemoteServiceBrokerServer write: Content-Length: 181

{"jsonrpc":"2.0","id":3,"result":{"requestId":"de3aff14-c578-4879-b1d6-c9289593bebf","pipeName":"/var/folders/84/68dsmswn3m95t759t37vwxmr0000gn/T/1afeec6c3d2d4e3fae68486a0c408509"}}
09/24/2024 17:42:19 Central Standard Time : Information : Microsoft.VisualStudio.Debugger.HotReloadSessionNotificationService-RemoteServiceBrokerServer write: Content-Length: 181

{"jsonrpc":"2.0","id":3,"result":{"requestId":"ecd4fdfc-76f5-40a4-8bbb-b779d798cb1a","pipeName":"/var/folders/84/68dsmswn3m95t759t37vwxmr0000gn/T/7a7c77a1e257469a905891e78292ac56"}}
09/24/2024 17:42:19 Central Standard Time : Information : VsHubClient-hubController read: Content-Length: 167

{"jsonrpc":"2.0","id":8,"result":{"RequestId":"35f61a4e-6bcd-463f-8d3c-3a9074b3ddb6","PipeName":"/Users/coycrowder/.ServiceHub/ff963c80f9/df333b8815","IsEmpty":false}}Content-Length: 167

{"jsonrpc":"2.0","id":4,"result":{"RequestId":"356b3b8c-f88b-4f48-8c53-9a23fc733c00","PipeName":"/Users/coycrowder/.ServiceHub/ff963c80f9/c395b4489a","IsEmpty":false}}Content-Length: 167

{"jsonrpc":"2.0","id":7,"result":{"RequestId":"615da3fc-0dca-4dd2-8d41-0cb8ad1a091e","PipeName":"/Users/coycrowder/.ServiceHub/ff963c80f9/eef2820def","IsEmpty":false}}
09/24/2024 17:42:19 Central Standard Time : Information : Disposing ServiceBroker server '/Users/coycrowder/.ServiceHub/ff963c80f9/9760bbdb50'.
09/24/2024 17:42:19 Central Standard Time : Information : Disposing ServiceBroker server '/Users/coycrowder/.ServiceHub/ff963c80f9/4e139c12ce'.
09/24/2024 17:42:19 Central Standard Time : Information : Disposing ServiceBroker server '/Users/coycrowder/.ServiceHub/ff963c80f9/fdae3f14b3'.
09/24/2024 17:42:20 Central Standard Time : Information : VsHubClient-hubController write: Content-Length: 374

{"jsonrpc":"2.0","id":10,"method":"requestServiceChannel","params":[{"Name":"Microsoft.VisualStudio.TestWindow.VSCode.ProjectSystemProvider.Service","Version":"0.1"},{"ActivationArguments":{"__servicehub__ServiceHubRemoteServiceBrokerPipeName":"/Users/coycrowder/.ServiceHub/ff963c80f9/98bd5a0917"},"ClientCredentials":{},"ClientCulture":"en-US","ClientUICulture":"en-US"}]}
09/24/2024 17:42:20 Central Standard Time : Information : VsHubClient-hubController read: Content-Length: 168

{"jsonrpc":"2.0","id":10,"result":{"RequestId":"1d886822-8e30-4374-a2c5-66a58afbd97e","PipeName":"/Users/coycrowder/.ServiceHub/ff963c80f9/9d9d6d9c97","IsEmpty":false}}
09/24/2024 17:42:20 Central Standard Time : Information : Disposing ServiceBroker server '/Users/coycrowder/.ServiceHub/ff963c80f9/98bd5a0917'.
09/24/2024 17:42:20 Central Standard Time : Information : Microsoft.VisualStudio.TestWindow.VSCode.ProjectSystemProvider.Service-RemoteServiceBrokerServer read: Content-Length: 193

{"jsonrpc":"2.0","id":2,"method":"handshake","params":[{"supportedConnections":"IpcPipe","localServiceHost":{"operatingSystem":2,"processArchitecture":1,"runtime":2,"runtimeVersion":"8.0.8"}}]}
09/24/2024 17:42:20 Central Standard Time : Information : Microsoft.VisualStudio.TestWindow.VSCode.ProjectSystemProvider.Service-RemoteServiceBrokerServer write: Content-Length: 38

{"jsonrpc":"2.0","id":2,"result":null}
09/24/2024 17:42:20 Central Standard Time : Information : Microsoft.VisualStudio.TestWindow.VSCode.ProjectSystemProvider.Service-RemoteServiceBrokerServer read: Content-Length: 183

{"jsonrpc":"2.0","id":3,"method":"requestServiceChannel","params":[{"name":"Microsoft.ServiceHub.Framework.AuthorizationService"},{"clientCulture":"en-US","clientUICulture":"en-US"}]}
09/24/2024 17:42:20 Central Standard Time : Information : Microsoft.VisualStudio.TestWindow.VSCode.ProjectSystemProvider.Service-RemoteServiceBrokerServer write: Content-Length: 181

{"jsonrpc":"2.0","id":3,"result":{"requestId":"ef19fbfa-79a8-48b1-a223-8f1b82d93939","pipeName":"/var/folders/84/68dsmswn3m95t759t37vwxmr0000gn/T/4319cde538d0485c8a4a1d3da20541b5"}}
09/24/2024 17:42:20 Central Standard Time : Information : Microsoft.VisualStudio.ProjectSystem.ProjectTreeProvider-RemoteServiceBrokerServer read: Content-Length: 193

{"jsonrpc":"2.0","id":2,"method":"handshake","params":[{"supportedConnections":"IpcPipe","localServiceHost":{"operatingSystem":2,"processArchitecture":1,"runtime":2,"runtimeVersion":"8.0.8"}}]}
09/24/2024 17:42:20 Central Standard Time : Information : Microsoft.VisualStudio.LaunchConfigurationService-RemoteServiceBrokerServer read: Content-Length: 193

{"jsonrpc":"2.0","id":2,"method":"handshake","params":[{"supportedConnections":"IpcPipe","localServiceHost":{"operatingSystem":2,"processArchitecture":1,"runtime":2,"runtimeVersion":"8.0.8"}}]}
09/24/2024 17:42:20 Central Standard Time : Information : Microsoft.VisualStudio.ProjectSystem.ProjectInitializationStatusService-RemoteServiceBrokerServer read: Content-Length: 193

{"jsonrpc":"2.0","id":2,"method":"handshake","params":[{"supportedConnections":"IpcPipe","localServiceHost":{"operatingSystem":2,"processArchitecture":1,"runtime":2,"runtimeVersion":"8.0.8"}}]}
09/24/2024 17:42:20 Central Standard Time : Information : Microsoft.VisualStudio.ProjectSystem.ProjectInitializationStatusService-RemoteServiceBrokerServer write: Content-Length: 38

{"jsonrpc":"2.0","id":2,"result":null}
09/24/2024 17:42:20 Central Standard Time : Information : Microsoft.VisualStudio.LaunchConfigurationService-RemoteServiceBrokerServer write: Content-Length: 38

{"jsonrpc":"2.0","id":2,"result":null}
09/24/2024 17:42:20 Central Standard Time : Information : Microsoft.VisualStudio.ProjectSystem.ProjectTreeProvider-RemoteServiceBrokerServer write: Content-Length: 38

{"jsonrpc":"2.0","id":2,"result":null}
09/24/2024 17:42:20 Central Standard Time : Information : Microsoft.VisualStudio.TestWindow.VSCode.ProjectSystemProvider.Service-RemoteServiceBrokerServer read: Content-Length: 293

{"jsonrpc":"2.0","id":4,"method":"requestServiceChannel","params":[{"name":"Microsoft.VisualStudio.ProjectSystem.Query.Remoting.QueryExecutionService","version":"0.2"},{"clientCulture":"en-US","clientUICulture":"en-US"}],"traceparent":"00-f7c6effd520f2549abb9e0e1340efda8-65b083542d88ce4c-00"}
09/24/2024 17:42:20 Central Standard Time : Information : VsHubClient-hubController write: Content-Length: 377

{"jsonrpc":"2.0","id":11,"method":"requestServiceChannel","params":[{"Name":"Microsoft.VisualStudio.ProjectSystem.Query.Remoting.QueryExecutionService","Version":"0.2"},{"ActivationArguments":{"__servicehub__ServiceHubRemoteServiceBrokerPipeName":"/Users/coycrowder/.ServiceHub/ff963c80f9/f02811bf2f"},"ClientCredentials":{},"ClientCulture":"en-US","ClientUICulture":"en-US"}]}
09/24/2024 17:42:20 Central Standard Time : Information : VsHubClient-hubController read: Content-Length: 168

{"jsonrpc":"2.0","id":11,"result":{"RequestId":"1adc0454-6362-4f6e-af76-c11644e5d58a","PipeName":"/Users/coycrowder/.ServiceHub/ff963c80f9/1507e79b92","IsEmpty":false}}
09/24/2024 17:42:20 Central Standard Time : Information : Microsoft.VisualStudio.TestWindow.VSCode.ProjectSystemProvider.Service-RemoteServiceBrokerServer write: Content-Length: 151

{"jsonrpc":"2.0","id":4,"result":{"requestId":"1adc0454-6362-4f6e-af76-c11644e5d58a","pipeName":"/Users/coycrowder/.ServiceHub/ff963c80f9/1507e79b92"}}
09/24/2024 17:42:20 Central Standard Time : Information : Disposing ServiceBroker server '/Users/coycrowder/.ServiceHub/ff963c80f9/f02811bf2f'.
09/24/2024 17:42:20 Central Standard Time : Information : Microsoft.VisualStudio.ProjectSystem.Query.Remoting.QueryExecutionService-RemoteServiceBrokerServer read: Content-Length: 193

{"jsonrpc":"2.0","id":2,"method":"handshake","params":[{"supportedConnections":"IpcPipe","localServiceHost":{"operatingSystem":2,"processArchitecture":1,"runtime":2,"runtimeVersion":"8.0.8"}}]}
09/24/2024 17:42:20 Central Standard Time : Information : Microsoft.VisualStudio.ProjectSystem.Query.Remoting.QueryExecutionService-RemoteServiceBrokerServer write: Content-Length: 38

{"jsonrpc":"2.0","id":2,"result":null}
09/24/2024 17:42:20 Central Standard Time : Information : Microsoft.VisualStudio.LaunchConfigurationService-RemoteServiceBrokerServer read: Content-Length: 183

{"jsonrpc":"2.0","id":3,"method":"requestServiceChannel","params":[{"name":"Microsoft.ServiceHub.Framework.AuthorizationService"},{"clientCulture":"en-US","clientUICulture":"en-US"}]}
09/24/2024 17:42:20 Central Standard Time : Information : Microsoft.VisualStudio.ProjectSystem.ProjectInitializationStatusService-RemoteServiceBrokerServer read: Content-Length: 183

{"jsonrpc":"2.0","id":3,"method":"requestServiceChannel","params":[{"name":"Microsoft.ServiceHub.Framework.AuthorizationService"},{"clientCulture":"en-US","clientUICulture":"en-US"}]}
09/24/2024 17:42:20 Central Standard Time : Information : Microsoft.VisualStudio.ProjectSystem.Query.Remoting.QueryExecutionService-RemoteServiceBrokerServer read: Content-Length: 183

{"jsonrpc":"2.0","id":3,"method":"requestServiceChannel","params":[{"name":"Microsoft.ServiceHub.Framework.AuthorizationService"},{"clientCulture":"en-US","clientUICulture":"en-US"}]}
09/24/2024 17:42:20 Central Standard Time : Information : Microsoft.VisualStudio.ProjectSystem.ProjectTreeProvider-RemoteServiceBrokerServer read: Content-Length: 183

{"jsonrpc":"2.0","id":3,"method":"requestServiceChannel","params":[{"name":"Microsoft.ServiceHub.Framework.AuthorizationService"},{"clientCulture":"en-US","clientUICulture":"en-US"}]}
09/24/2024 17:42:20 Central Standard Time : Information : Microsoft.VisualStudio.ProjectSystem.ProjectInitializationStatusService-RemoteServiceBrokerServer write: Content-Length: 181

{"jsonrpc":"2.0","id":3,"result":{"requestId":"3f963981-78fc-4e50-92e0-1fb7865f2f2d","pipeName":"/var/folders/84/68dsmswn3m95t759t37vwxmr0000gn/T/38a6eeea6b9f4c5a82dfc0982bc04039"}}
09/24/2024 17:42:20 Central Standard Time : Information : Microsoft.VisualStudio.ProjectSystem.Query.Remoting.QueryExecutionService-RemoteServiceBrokerServer write: Content-Length: 181

{"jsonrpc":"2.0","id":3,"result":{"requestId":"87960bd6-0625-4104-ba4b-850e270fe820","pipeName":"/var/folders/84/68dsmswn3m95t759t37vwxmr0000gn/T/cca89b91b2bd4499ba0b51dd1fdc0fa0"}}
09/24/2024 17:42:20 Central Standard Time : Information : Microsoft.VisualStudio.LaunchConfigurationService-RemoteServiceBrokerServer write: Content-Length: 181

{"jsonrpc":"2.0","id":3,"result":{"requestId":"2ccabd97-8723-43d5-8b14-ae0ab5ec793b","pipeName":"/var/folders/84/68dsmswn3m95t759t37vwxmr0000gn/T/2b4bfa9ee638457195da5e8862d0e47b"}}
09/24/2024 17:42:20 Central Standard Time : Information : Microsoft.VisualStudio.ProjectSystem.ProjectTreeProvider-RemoteServiceBrokerServer write: Content-Length: 181

{"jsonrpc":"2.0","id":3,"result":{"requestId":"eff7ab32-7b6d-464f-a750-9945b1b13cf8","pipeName":"/var/folders/84/68dsmswn3m95t759t37vwxmr0000gn/T/e2e46a193b244302a07410c78fd77a59"}}
09/24/2024 17:42:20 Central Standard Time : Information : Microsoft.VisualStudio.ProjectSystem.Query.Remoting.QueryExecutionService-RemoteServiceBrokerServer read: Content-Length: 203

{"jsonrpc":"2.0","id":4,"method":"requestServiceChannel","params":[{"name":"Microsoft.VisualStudio.ProjectSystem.CompositionService","version":"0.1"},{"clientCulture":"en-US","clientUICulture":"en-US"}]}
09/24/2024 17:42:20 Central Standard Time : Information : VsHubClient-hubController write: Content-Length: 359

{"jsonrpc":"2.0","id":12,"method":"requestServiceChannel","params":[{"Name":"Microsoft.VisualStudio.ProjectSystem.CompositionService","Version":"0.1"},{"ActivationArguments":{"__servicehub__ServiceHubRemoteServiceBrokerPipeName":"/Users/coycrowder/.ServiceHub/ff963c80f9/23dc9a651b"},"ClientCredentials":{},"ClientCulture":"en-US","ClientUICulture":"en-US"}]}
09/24/2024 17:42:20 Central Standard Time : Information : VsHubClient-hubController read: Content-Length: 168

{"jsonrpc":"2.0","id":12,"result":{"RequestId":"9e7cbef7-9d99-46b2-a355-c51456a7cddf","PipeName":"/Users/coycrowder/.ServiceHub/ff963c80f9/d27b2fea92","IsEmpty":false}}
09/24/2024 17:42:20 Central Standard Time : Information : Microsoft.VisualStudio.ProjectSystem.Query.Remoting.QueryExecutionService-RemoteServiceBrokerServer write: Content-Length: 151

{"jsonrpc":"2.0","id":4,"result":{"requestId":"9e7cbef7-9d99-46b2-a355-c51456a7cddf","pipeName":"/Users/coycrowder/.ServiceHub/ff963c80f9/d27b2fea92"}}
09/24/2024 17:42:20 Central Standard Time : Information : Disposing ServiceBroker server '/Users/coycrowder/.ServiceHub/ff963c80f9/23dc9a651b'.
09/24/2024 17:42:20 Central Standard Time : Information : Microsoft.VisualStudio.ProjectSystem.CompositionService-RemoteServiceBrokerServer read: Content-Length: 193

{"jsonrpc":"2.0","id":2,"method":"handshake","params":[{"supportedConnections":"IpcPipe","localServiceHost":{"operatingSystem":2,"processArchitecture":1,"runtime":2,"runtimeVersion":"8.0.8"}}]}
09/24/2024 17:42:20 Central Standard Time : Information : Microsoft.VisualStudio.ProjectSystem.CompositionService-RemoteServiceBrokerServer write: Content-Length: 38

{"jsonrpc":"2.0","id":2,"result":null}
09/24/2024 17:42:20 Central Standard Time : Information : Microsoft.VisualStudio.ProjectSystem.CompositionService-RemoteServiceBrokerServer read: Content-Length: 183

{"jsonrpc":"2.0","id":3,"method":"requestServiceChannel","params":[{"name":"Microsoft.ServiceHub.Framework.AuthorizationService"},{"clientCulture":"en-US","clientUICulture":"en-US"}]}
09/24/2024 17:42:20 Central Standard Time : Information : Microsoft.VisualStudio.ProjectSystem.CompositionService-RemoteServiceBrokerServer write: Content-Length: 181

{"jsonrpc":"2.0","id":3,"result":{"requestId":"821b7692-d1f8-48e7-a9e3-2bf309a64624","pipeName":"/var/folders/84/68dsmswn3m95t759t37vwxmr0000gn/T/9364679e543546739b5ace67486ec00a"}}
09/24/2024 17:42:20 Central Standard Time : Information : Microsoft.VisualStudio.ProjectSystem.CompositionService-RemoteServiceBrokerServer read: Content-Length: 194

{"jsonrpc":"2.0","id":4,"method":"requestServiceChannel","params":[{"name":"Microsoft.VisualStudio.ComponentExportsService","version":"0.1"},{"clientCulture":"en-US","clientUICulture":"en-US"}]}
09/24/2024 17:42:20 Central Standard Time : Information : Microsoft.VisualStudio.ProjectSystem.CompositionService-RemoteServiceBrokerServer read: Content-Length: 197

{"jsonrpc":"2.0","id":5,"method":"requestServiceChannel","params":[{"name":"Microsoft.VisualStudio.NoDelay.EnvironmentService","version":"0.1"},{"clientCulture":"en-US","clientUICulture":"en-US"}]}
09/24/2024 17:42:20 Central Standard Time : Information : Microsoft.VisualStudio.ProjectSystem.CompositionService-RemoteServiceBrokerServer write: Content-Length: 181

{"jsonrpc":"2.0","id":4,"result":{"requestId":"10545be1-2715-4a4d-b86c-9acb475c7d9d","pipeName":"/var/folders/84/68dsmswn3m95t759t37vwxmr0000gn/T/2408f25bd0ff4acd809f558ee4c21729"}}
09/24/2024 17:42:20 Central Standard Time : Information : Microsoft.VisualStudio.ProjectSystem.CompositionService-RemoteServiceBrokerServer write: Content-Length: 181

{"jsonrpc":"2.0","id":5,"result":{"requestId":"fae912ac-982e-4759-aaa7-bf3f1b339eb5","pipeName":"/var/folders/84/68dsmswn3m95t759t37vwxmr0000gn/T/38a13a953de248da8472aef542719bc0"}}
09/24/2024 17:42:21 Central Standard Time : Information : Microsoft.VisualStudio.ProjectSystem.CompositionService-RemoteServiceBrokerServer read: Content-Length: 242

{"jsonrpc":"2.0","id":6,"method":"requestServiceChannel","params":[{"name":"Microsoft.VisualStudio.NuGetSolutionRestoreService","version":"0.1"},{"activationArguments":{"needEvents":"True"},"clientCulture":"en-US","clientUICulture":"en-US"}]}Content-Length: 204

{"jsonrpc":"2.0","id":7,"method":"requestServiceChannel","params":[{"name":"Microsoft.VisualStudio.ActiveDocumentsInformationService","version":"0.1"},{"clientCulture":"en-US","clientUICulture":"en-US"}]}
09/24/2024 17:42:21 Central Standard Time : Information : Microsoft.VisualStudio.ProjectSystem.CompositionService-RemoteServiceBrokerServer write: Content-Length: 181

{"jsonrpc":"2.0","id":6,"result":{"requestId":"1abb07c6-05c0-4544-927e-600d13eb37da","pipeName":"/var/folders/84/68dsmswn3m95t759t37vwxmr0000gn/T/d8a4a27271744a6b987abe4c63a8bd0c"}}Content-Length: 181

{"jsonrpc":"2.0","id":7,"result":{"requestId":"46e681e7-af4b-4350-9fd5-a3a44ecfd59f","pipeName":"/var/folders/84/68dsmswn3m95t759t37vwxmr0000gn/T/dc20d3139f494a8db42413b462149ffa"}}
09/24/2024 17:42:21 Central Standard Time : Information : Microsoft.VisualStudio.ProjectSystem.CompositionService-RemoteServiceBrokerServer read: Content-Length: 270

{"jsonrpc":"2.0","id":8,"method":"requestServiceChannel","params":[{"name":"Microsoft.VisualStudio.CpsProjectIconSourceService","version":"0.1"},{"clientCulture":"en-US","clientUICulture":"en-US"}],"traceparent":"00-3893077bf1ea2845929053cf718377e0-3623377c78855947-00"}
09/24/2024 17:42:21 Central Standard Time : Information : VsHubClient-hubController write: Content-Length: 354

{"jsonrpc":"2.0","id":13,"method":"requestServiceChannel","params":[{"Name":"Microsoft.VisualStudio.CpsProjectIconSourceService","Version":"0.1"},{"ActivationArguments":{"__servicehub__ServiceHubRemoteServiceBrokerPipeName":"/Users/coycrowder/.ServiceHub/ff963c80f9/994f3e08bb"},"ClientCredentials":{},"ClientCulture":"en-US","ClientUICulture":"en-US"}]}
09/24/2024 17:42:21 Central Standard Time : Information : VsHubClient-hubController read: Content-Length: 168

{"jsonrpc":"2.0","id":13,"result":{"RequestId":"44a433a9-1f93-46c9-82e3-af8b7108351a","PipeName":"/Users/coycrowder/.ServiceHub/ff963c80f9/9410158ad7","IsEmpty":false}}
09/24/2024 17:42:21 Central Standard Time : Information : Microsoft.VisualStudio.ProjectSystem.CompositionService-RemoteServiceBrokerServer write: Content-Length: 151

{"jsonrpc":"2.0","id":8,"result":{"requestId":"44a433a9-1f93-46c9-82e3-af8b7108351a","pipeName":"/Users/coycrowder/.ServiceHub/ff963c80f9/9410158ad7"}}
09/24/2024 17:42:21 Central Standard Time : Information : Disposing ServiceBroker server '/Users/coycrowder/.ServiceHub/ff963c80f9/994f3e08bb'.
09/24/2024 17:42:21 Central Standard Time : Information : Microsoft.VisualStudio.CpsProjectIconSourceService-RemoteServiceBrokerServer read: Content-Length: 193

{"jsonrpc":"2.0","id":2,"method":"handshake","params":[{"supportedConnections":"IpcPipe","localServiceHost":{"operatingSystem":2,"processArchitecture":1,"runtime":2,"runtimeVersion":"8.0.8"}}]}
09/24/2024 17:42:21 Central Standard Time : Information : Microsoft.VisualStudio.CpsProjectIconSourceService-RemoteServiceBrokerServer write: Content-Length: 38

{"jsonrpc":"2.0","id":2,"result":null}
09/24/2024 17:42:21 Central Standard Time : Information : Microsoft.VisualStudio.CpsProjectIconSourceService-RemoteServiceBrokerServer read: Content-Length: 183

{"jsonrpc":"2.0","id":3,"method":"requestServiceChannel","params":[{"name":"Microsoft.ServiceHub.Framework.AuthorizationService"},{"clientCulture":"en-US","clientUICulture":"en-US"}]}
09/24/2024 17:42:21 Central Standard Time : Information : Microsoft.VisualStudio.CpsProjectIconSourceService-RemoteServiceBrokerServer write: Content-Length: 181

{"jsonrpc":"2.0","id":3,"result":{"requestId":"82cfa121-3772-431f-b58c-d3b36d2faf80","pipeName":"/var/folders/84/68dsmswn3m95t759t37vwxmr0000gn/T/9334426b40054cd08e1600fe0e230f7a"}}
09/24/2024 17:42:23 Central Standard Time : Information : Microsoft.VisualStudio.ProjectSystem.CompositionService-RemoteServiceBrokerServer read: Content-Length: 197

{"jsonrpc":"2.0","id":9,"method":"requestServiceChannel","params":[{"name":"Microsoft.VisualStudio.NoDelay.EnvironmentService","version":"0.1"},{"clientCulture":"en-US","clientUICulture":"en-US"}]}
09/24/2024 17:42:23 Central Standard Time : Information : Microsoft.VisualStudio.ProjectSystem.CompositionService-RemoteServiceBrokerServer write: Content-Length: 181

{"jsonrpc":"2.0","id":9,"result":{"requestId":"bd53258a-3736-4f88-b773-62cb923f3a34","pipeName":"/var/folders/84/68dsmswn3m95t759t37vwxmr0000gn/T/10de9665325d43f99715874784309911"}}
09/24/2024 17:42:23 Central Standard Time : Information : Microsoft.VisualStudio.ProjectSystem.CompositionService-RemoteServiceBrokerServer read: Content-Length: 203

{"jsonrpc":"2.0","id":10,"method":"requestServiceChannel","params":[{"name":"Microsoft.VisualStudio.LanguageServices.WorkspaceProjectFactoryService"},{"clientCulture":"en-US","clientUICulture":"en-US"}]}
09/24/2024 17:42:23 Central Standard Time : Information : VsHubClient-hubController write: Content-Length: 375

{"jsonrpc":"2.0","id":14,"method":"requestServiceChannel","params":[{"Name":"Microsoft.VisualStudio.ProjectSystem.ProjectInitializationStatusService","Version":"0.1"},{"ActivationArguments":{"__servicehub__ServiceHubRemoteServiceBrokerPipeName":"/Users/coycrowder/.ServiceHub/ff963c80f9/da8c2dd807"},"ClientCredentials":{},"ClientCulture":"en-US","ClientUICulture":"en-US"}]}
09/24/2024 17:42:23 Central Standard Time : Information : VsHubClient-hubController read: Content-Length: 168

{"jsonrpc":"2.0","id":14,"result":{"RequestId":"d6eee18c-104a-48d0-bda4-35d5d3d40812","PipeName":"/Users/coycrowder/.ServiceHub/ff963c80f9/0d9eaa77e0","IsEmpty":false}}
09/24/2024 17:42:23 Central Standard Time : Information : Disposing ServiceBroker server '/Users/coycrowder/.ServiceHub/ff963c80f9/da8c2dd807'.
09/24/2024 17:42:23 Central Standard Time : Information : Microsoft.VisualStudio.ProjectSystem.ProjectInitializationStatusService-RemoteServiceBrokerServer read: Content-Length: 193

{"jsonrpc":"2.0","id":2,"method":"handshake","params":[{"supportedConnections":"IpcPipe","localServiceHost":{"operatingSystem":2,"processArchitecture":1,"runtime":2,"runtimeVersion":"8.0.8"}}]}
09/24/2024 17:42:23 Central Standard Time : Information : Microsoft.VisualStudio.ProjectSystem.ProjectInitializationStatusService-RemoteServiceBrokerServer write: Content-Length: 38

{"jsonrpc":"2.0","id":2,"result":null}
09/24/2024 17:42:23 Central Standard Time : Information : Microsoft.VisualStudio.ProjectSystem.CompositionService-RemoteServiceBrokerServer read: Content-Length: 185

{"jsonrpc":"2.0","id":11,"method":"requestServiceChannel","params":[{"name":"Microsoft.VisualStudio.OptionService","version":"0.1"},{"clientCulture":"en-US","clientUICulture":"en-US"}]}
09/24/2024 17:42:23 Central Standard Time : Information : Microsoft.VisualStudio.ProjectSystem.ProjectInitializationStatusService-RemoteServiceBrokerServer read: Content-Length: 183

{"jsonrpc":"2.0","id":3,"method":"requestServiceChannel","params":[{"name":"Microsoft.ServiceHub.Framework.AuthorizationService"},{"clientCulture":"en-US","clientUICulture":"en-US"}]}
09/24/2024 17:42:23 Central Standard Time : Information : Microsoft.VisualStudio.ProjectSystem.CompositionService-RemoteServiceBrokerServer write: Content-Length: 182

{"jsonrpc":"2.0","id":11,"result":{"requestId":"268b684b-37fd-477f-bba2-ce7f8ce1b006","pipeName":"/var/folders/84/68dsmswn3m95t759t37vwxmr0000gn/T/bcd09e9e9cf74957ac1982bb50d057e9"}}
09/24/2024 17:42:23 Central Standard Time : Information : Microsoft.VisualStudio.ProjectSystem.ProjectInitializationStatusService-RemoteServiceBrokerServer write: Content-Length: 181

{"jsonrpc":"2.0","id":3,"result":{"requestId":"4537693d-f476-4af5-b152-2530c8cdfbb3","pipeName":"/var/folders/84/68dsmswn3m95t759t37vwxmr0000gn/T/a3dfe7f101a04bb5be944f69d882cb71"}}
09/24/2024 17:42:23 Central Standard Time : Information : Microsoft.VisualStudio.ProjectSystem.CompositionService-RemoteServiceBrokerServer write: Content-Length: 182

{"jsonrpc":"2.0","id":10,"result":{"requestId":"a97380f7-f117-4294-9de1-723e1cc64542","pipeName":"/var/folders/84/68dsmswn3m95t759t37vwxmr0000gn/T/266eb7ae6d1048588d1420325e32671f"}}
09/24/2024 17:42:25 Central Standard Time : Information : Microsoft.VisualStudio.ProjectSystem.CompositionService-RemoteServiceBrokerServer read: Content-Length: 199

{"jsonrpc":"2.0","id":12,"method":"requestServiceChannel","params":[{"name":"Microsoft.VisualStudio.NuGetSolutionRestoreService","version":"0.1"},{"clientCulture":"en-US","clientUICulture":"en-US"}]}
09/24/2024 17:42:25 Central Standard Time : Information : Microsoft.VisualStudio.ProjectSystem.CompositionService-RemoteServiceBrokerServer write: Content-Length: 182

{"jsonrpc":"2.0","id":12,"result":{"requestId":"34c6ebe7-1a8e-4005-8092-92b9990287e5","pipeName":"/var/folders/84/68dsmswn3m95t759t37vwxmr0000gn/T/81f7aa89fa0248c2bac176fc8db47392"}}
09/24/2024 17:42:26 Central Standard Time : Information : Microsoft.VisualStudio.ProjectSystem.CompositionService-RemoteServiceBrokerServer read: Content-Length: 250

{"jsonrpc":"2.0","id":13,"method":"requestServiceChannel","params":[{"name":"Microsoft.VisualStudio.LogOutputChannelService","version":"0.1"},{"activationArguments":{"outputChannelName":"Projects"},"clientCulture":"en-US","clientUICulture":"en-US"}]}
09/24/2024 17:42:26 Central Standard Time : Information : Microsoft.VisualStudio.ProjectSystem.CompositionService-RemoteServiceBrokerServer write: Content-Length: 182

{"jsonrpc":"2.0","id":13,"result":{"requestId":"dd460acb-76c5-4a62-b998-c4aa88dbbdb4","pipeName":"/var/folders/84/68dsmswn3m95t759t37vwxmr0000gn/T/3eb9088bcb5d44e3a6dce4b57f23a5ae"}}
09/24/2024 17:42:26 Central Standard Time : Information : VsHubClient-hubController write: Content-Length: 377

{"jsonrpc":"2.0","id":15,"method":"requestServiceChannel","params":[{"Name":"Microsoft.VisualStudio.ProjectSystem.Query.Remoting.QueryExecutionService","Version":"0.3"},{"ActivationArguments":{"__servicehub__ServiceHubRemoteServiceBrokerPipeName":"/Users/coycrowder/.ServiceHub/ff963c80f9/c5bdf70b60"},"ClientCredentials":{},"ClientCulture":"en-US","ClientUICulture":"en-US"}]}
09/24/2024 17:42:26 Central Standard Time : Information : VsHubClient-hubController read: Content-Length: 168

{"jsonrpc":"2.0","id":15,"result":{"RequestId":"ad1667b1-c420-491f-8961-5cb050c7a7fb","PipeName":"/Users/coycrowder/.ServiceHub/ff963c80f9/d62e24623f","IsEmpty":false}}
09/24/2024 17:42:26 Central Standard Time : Information : Disposing ServiceBroker server '/Users/coycrowder/.ServiceHub/ff963c80f9/c5bdf70b60'.
09/24/2024 17:42:26 Central Standard Time : Information : Microsoft.VisualStudio.ProjectSystem.Query.Remoting.QueryExecutionService-RemoteServiceBrokerServer read: Content-Length: 193

{"jsonrpc":"2.0","id":2,"method":"handshake","params":[{"supportedConnections":"IpcPipe","localServiceHost":{"operatingSystem":2,"processArchitecture":1,"runtime":2,"runtimeVersion":"8.0.8"}}]}
09/24/2024 17:42:26 Central Standard Time : Information : Microsoft.VisualStudio.ProjectSystem.Query.Remoting.QueryExecutionService-RemoteServiceBrokerServer write: Content-Length: 38

{"jsonrpc":"2.0","id":2,"result":null}
09/24/2024 17:42:26 Central Standard Time : Information : Microsoft.VisualStudio.ProjectSystem.Query.Remoting.QueryExecutionService-RemoteServiceBrokerServer read: Content-Length: 183

{"jsonrpc":"2.0","id":3,"method":"requestServiceChannel","params":[{"name":"Microsoft.ServiceHub.Framework.AuthorizationService"},{"clientCulture":"en-US","clientUICulture":"en-US"}]}
09/24/2024 17:42:26 Central Standard Time : Information : Microsoft.VisualStudio.ProjectSystem.Query.Remoting.QueryExecutionService-RemoteServiceBrokerServer write: Content-Length: 181

{"jsonrpc":"2.0","id":3,"result":{"requestId":"74231227-0bba-44ca-9cc1-7e6100eb098f","pipeName":"/var/folders/84/68dsmswn3m95t759t37vwxmr0000gn/T/d6771713e34a41828b7b2313c1c06bfb"}}
09/24/2024 17:52:55 Central Standard Time : Information : VsHubClient-hubController JSON RPC has been disposed
09/24/2024 17:52:55 Central Standard Time : Information : VsHubClient-hubController read: end of stream
09/24/2024 17:52:55 Central Standard Time : Information : Microsoft.VisualStudio.ProjectSystem.Query.Remoting.QueryExecutionService-RemoteServiceBrokerServer read: end of stream
09/24/2024 17:52:55 Central Standard Time : Information : Microsoft.VisualStudio.TestWindow.VSCode.Service-RemoteServiceBrokerServer read: end of stream
