11/15/2024 00:17:28 Central Standard Time : Information : Local timezone is (UTC-06:00) Central Time (Chicago)
11/15/2024 00:17:28 Central Standard Time : Information : Added local RPC method "getPipe" -> Microsoft.VisualStudio.Utilities.ServiceBroker.GlobalBrokeredServiceContainer+View.GetPipeAsync(ServiceMoniker, ServiceActivationOptions, CancellationToken) (Microsoft.VisualStudio.Utilities.ServiceBroker.GlobalBrokeredServiceContainer+View)
11/15/2024 00:17:28 Central Standard Time : Information : Added local RPC method "getProxy" -> Microsoft.VisualStudio.Utilities.ServiceBroker.GlobalBrokeredServiceContainer+View.GetProxyAsync(ServiceRpcDescriptor, ServiceActivationOptions, CancellationToken) (Microsoft.VisualStudio.Utilities.ServiceBroker.GlobalBrokeredServiceContainer+View)
11/15/2024 00:17:28 Central Standard Time : Information : Added local RPC method "handshake" -> Microsoft.VisualStudio.Utilities.ServiceBroker.GlobalBrokeredServiceContainer+View.HandshakeAsync(ServiceBrokerClientMetadata, CancellationToken) (Microsoft.VisualStudio.Utilities.ServiceBroker.GlobalBrokeredServiceContainer+View)
11/15/2024 00:17:28 Central Standard Time : Information : Added local RPC method "requestServiceChannel" -> Microsoft.VisualStudio.Utilities.ServiceBroker.GlobalBrokeredServiceContainer+View.RequestServiceChannelAsync(ServiceMoniker, ServiceActivationOptions, CancellationToken) (Microsoft.VisualStudio.Utilities.ServiceBroker.GlobalBrokeredServiceContainer+View)
11/15/2024 00:17:28 Central Standard Time : Information : Added local RPC method "cancelServiceRequest" -> Microsoft.VisualStudio.Utilities.ServiceBroker.GlobalBrokeredServiceContainer+View.CancelServiceRequestAsync(Guid) (Microsoft.VisualStudio.Utilities.ServiceBroker.GlobalBrokeredServiceContainer+View)
11/15/2024 00:17:28 Central Standard Time : Information : Added local RPC method "getPipe" -> Microsoft.VisualStudio.Utilities.ServiceBroker.GlobalBrokeredServiceContainer+View.GetPipeAsync(ServiceMoniker, ServiceActivationOptions, CancellationToken) (Microsoft.VisualStudio.Utilities.ServiceBroker.GlobalBrokeredServiceContainer+View)
11/15/2024 00:17:28 Central Standard Time : Information : Added local RPC method "getProxy" -> Microsoft.VisualStudio.Utilities.ServiceBroker.GlobalBrokeredServiceContainer+View.GetProxyAsync(ServiceRpcDescriptor, ServiceActivationOptions, CancellationToken) (Microsoft.VisualStudio.Utilities.ServiceBroker.GlobalBrokeredServiceContainer+View)
11/15/2024 00:17:28 Central Standard Time : Information : Added local RPC method "handshake" -> Microsoft.VisualStudio.Utilities.ServiceBroker.GlobalBrokeredServiceContainer+View.HandshakeAsync(ServiceBrokerClientMetadata, CancellationToken) (Microsoft.VisualStudio.Utilities.ServiceBroker.GlobalBrokeredServiceContainer+View)
11/15/2024 00:17:28 Central Standard Time : Information : Added local RPC method "requestServiceChannel" -> Microsoft.VisualStudio.Utilities.ServiceBroker.GlobalBrokeredServiceContainer+View.RequestServiceChannelAsync(ServiceMoniker, ServiceActivationOptions, CancellationToken) (Microsoft.VisualStudio.Utilities.ServiceBroker.GlobalBrokeredServiceContainer+View)
11/15/2024 00:17:28 Central Standard Time : Information : Added local RPC method "cancelServiceRequest" -> Microsoft.VisualStudio.Utilities.ServiceBroker.GlobalBrokeredServiceContainer+View.CancelServiceRequestAsync(Guid) (Microsoft.VisualStudio.Utilities.ServiceBroker.GlobalBrokeredServiceContainer+View)
11/15/2024 00:17:28 Central Standard Time: Information : 2 :Listening for events from Microsoft.VisualStudio.Utilities.ServiceBroker.GlobalBrokeredServiceContainer+View.AvailabilityChanged to raise notification.
11/15/2024 00:17:28 Central Standard Time: Information : 3 :Listening started.
11/15/2024 00:17:28 Central Standard Time: Information : 7 :{"id":2,"method":"handshake"}
11/15/2024 00:17:28 Central Standard Time: Information : 6 :Received request "2" for method "handshake".
11/15/2024 00:17:28 Central Standard Time: Information : 9 :Invoking Microsoft.VisualStudio.Utilities.ServiceBroker.GlobalBrokeredServiceContainer+View.HandshakeAsync(ServiceBrokerClientMetadata, CancellationToken)
11/15/2024 00:17:28 Central Standard Time : Start : handshake
11/15/2024 00:17:28 Central Standard Time : Stop : handshake
11/15/2024 00:17:28 Central Standard Time: Information : 8 :{"id":2}
11/15/2024 00:17:28 Central Standard Time: Information : 7 :{"id":3,"method":"requestServiceChannel"}
11/15/2024 00:17:28 Central Standard Time: Information : 6 :Received request "3" for method "requestServiceChannel".
11/15/2024 00:17:28 Central Standard Time: Information : 9 :Invoking Microsoft.VisualStudio.Utilities.ServiceBroker.GlobalBrokeredServiceContainer+View.RequestServiceChannelAsync(ServiceMoniker, ServiceActivationOptions, CancellationToken)
11/15/2024 00:17:28 Central Standard Time : Start : requestServiceChannel
11/15/2024 00:17:28 Central Standard Time : Stop : requestServiceChannel
11/15/2024 00:17:28 Central Standard Time: Information : 8 :{"id":3}
11/15/2024 00:17:28 Central Standard Time: Information : 7 :{"id":4,"method":"requestServiceChannel"}
11/15/2024 00:17:28 Central Standard Time: Information : 6 :Received request "4" for method "requestServiceChannel".
11/15/2024 00:17:28 Central Standard Time: Information : 9 :Invoking Microsoft.VisualStudio.Utilities.ServiceBroker.GlobalBrokeredServiceContainer+View.RequestServiceChannelAsync(ServiceMoniker, ServiceActivationOptions, CancellationToken)
11/15/2024 00:17:28 Central Standard Time : Start : requestServiceChannel
11/15/2024 00:17:28 Central Standard Time: Information : 7 :{"id":5,"method":"requestServiceChannel"}
11/15/2024 00:17:28 Central Standard Time: Information : 6 :Received request "5" for method "requestServiceChannel".
11/15/2024 00:17:28 Central Standard Time: Information : 9 :Invoking Microsoft.VisualStudio.Utilities.ServiceBroker.GlobalBrokeredServiceContainer+View.RequestServiceChannelAsync(ServiceMoniker, ServiceActivationOptions, CancellationToken)
11/15/2024 00:17:28 Central Standard Time : Start : requestServiceChannel
11/15/2024 00:17:28 Central Standard Time : Stop : requestServiceChannel
11/15/2024 00:17:28 Central Standard Time: Information : 8 :{"id":4}
11/15/2024 00:17:28 Central Standard Time : Stop : requestServiceChannel
11/15/2024 00:17:28 Central Standard Time: Information : 8 :{"id":5}
11/15/2024 00:17:29 Central Standard Time: Information : 7 :{"id":6,"method":"requestServiceChannel"}
11/15/2024 00:17:29 Central Standard Time: Information : 6 :Received request "6" for method "requestServiceChannel".
11/15/2024 00:17:29 Central Standard Time: Information : 9 :Invoking Microsoft.VisualStudio.Utilities.ServiceBroker.GlobalBrokeredServiceContainer+View.RequestServiceChannelAsync(ServiceMoniker, ServiceActivationOptions, CancellationToken)
11/15/2024 00:17:29 Central Standard Time : Start : requestServiceChannel
11/15/2024 00:17:29 Central Standard Time: Information : 7 :{"id":7,"method":"requestServiceChannel"}
11/15/2024 00:17:29 Central Standard Time: Information : 6 :Received request "7" for method "requestServiceChannel".
11/15/2024 00:17:29 Central Standard Time: Information : 9 :Invoking Microsoft.VisualStudio.Utilities.ServiceBroker.GlobalBrokeredServiceContainer+View.RequestServiceChannelAsync(ServiceMoniker, ServiceActivationOptions, CancellationToken)
11/15/2024 00:17:29 Central Standard Time : Start : requestServiceChannel
11/15/2024 00:17:29 Central Standard Time : Stop : requestServiceChannel
11/15/2024 00:17:29 Central Standard Time: Information : 8 :{"id":6}
11/15/2024 00:17:29 Central Standard Time : Stop : requestServiceChannel
11/15/2024 00:17:29 Central Standard Time: Information : 8 :{"id":7}
11/15/2024 00:17:29 Central Standard Time: Information : 7 :{"id":8,"method":"requestServiceChannel"}
11/15/2024 00:17:29 Central Standard Time: Information : 6 :Received request "8" for method "requestServiceChannel".
11/15/2024 00:17:29 Central Standard Time: Information : 9 :Invoking Microsoft.VisualStudio.Utilities.ServiceBroker.GlobalBrokeredServiceContainer+View.RequestServiceChannelAsync(ServiceMoniker, ServiceActivationOptions, CancellationToken)
11/15/2024 00:17:29 Central Standard Time : Transfer : Transfer, relatedActivityId=fd2348cc-ec6e-4a61-84b5-7d5918bf9c8e
11/15/2024 00:17:29 Central Standard Time : Start : requestServiceChannel
11/15/2024 00:17:29 Central Standard Time : Stop : requestServiceChannel
11/15/2024 00:17:29 Central Standard Time : Transfer : Transfer, relatedActivityId=8f5c60e9-cd4e-40ac-9cb6-2bcd3554b752
11/15/2024 00:17:29 Central Standard Time: Information : 8 :{"id":8}
11/15/2024 00:17:31 Central Standard Time: Information : 7 :{"id":9,"method":"requestServiceChannel"}
11/15/2024 00:17:31 Central Standard Time: Information : 6 :Received request "9" for method "requestServiceChannel".
11/15/2024 00:17:31 Central Standard Time: Information : 9 :Invoking Microsoft.VisualStudio.Utilities.ServiceBroker.GlobalBrokeredServiceContainer+View.RequestServiceChannelAsync(ServiceMoniker, ServiceActivationOptions, CancellationToken)
11/15/2024 00:17:31 Central Standard Time : Start : requestServiceChannel
11/15/2024 00:17:31 Central Standard Time : Stop : requestServiceChannel
11/15/2024 00:17:31 Central Standard Time: Information : 8 :{"id":9}
11/15/2024 00:17:31 Central Standard Time: Information : 7 :{"id":10,"method":"requestServiceChannel"}
11/15/2024 00:17:31 Central Standard Time: Information : 6 :Received request "10" for method "requestServiceChannel".
11/15/2024 00:17:31 Central Standard Time: Information : 9 :Invoking Microsoft.VisualStudio.Utilities.ServiceBroker.GlobalBrokeredServiceContainer+View.RequestServiceChannelAsync(ServiceMoniker, ServiceActivationOptions, CancellationToken)
11/15/2024 00:17:31 Central Standard Time : Start : requestServiceChannel
11/15/2024 00:17:31 Central Standard Time: Information : 7 :{"id":11,"method":"requestServiceChannel"}
11/15/2024 00:17:31 Central Standard Time: Information : 6 :Received request "11" for method "requestServiceChannel".
11/15/2024 00:17:31 Central Standard Time: Information : 9 :Invoking Microsoft.VisualStudio.Utilities.ServiceBroker.GlobalBrokeredServiceContainer+View.RequestServiceChannelAsync(ServiceMoniker, ServiceActivationOptions, CancellationToken)
11/15/2024 00:17:31 Central Standard Time : Start : requestServiceChannel
11/15/2024 00:17:31 Central Standard Time : Stop : requestServiceChannel
11/15/2024 00:17:31 Central Standard Time: Information : 8 :{"id":11}
11/15/2024 00:17:31 Central Standard Time : Stop : requestServiceChannel
11/15/2024 00:17:31 Central Standard Time: Information : 8 :{"id":10}
11/15/2024 00:17:33 Central Standard Time: Information : 7 :{"id":12,"method":"requestServiceChannel"}
11/15/2024 00:17:33 Central Standard Time: Information : 6 :Received request "12" for method "requestServiceChannel".
11/15/2024 00:17:33 Central Standard Time: Information : 9 :Invoking Microsoft.VisualStudio.Utilities.ServiceBroker.GlobalBrokeredServiceContainer+View.RequestServiceChannelAsync(ServiceMoniker, ServiceActivationOptions, CancellationToken)
11/15/2024 00:17:33 Central Standard Time : Start : requestServiceChannel
11/15/2024 00:17:33 Central Standard Time : Stop : requestServiceChannel
11/15/2024 00:17:33 Central Standard Time: Information : 8 :{"id":12}
11/15/2024 00:17:33 Central Standard Time: Information : 7 :{"id":13,"method":"requestServiceChannel"}
11/15/2024 00:17:33 Central Standard Time: Information : 6 :Received request "13" for method "requestServiceChannel".
11/15/2024 00:17:33 Central Standard Time: Information : 9 :Invoking Microsoft.VisualStudio.Utilities.ServiceBroker.GlobalBrokeredServiceContainer+View.RequestServiceChannelAsync(ServiceMoniker, ServiceActivationOptions, CancellationToken)
11/15/2024 00:17:33 Central Standard Time : Start : requestServiceChannel
11/15/2024 00:17:33 Central Standard Time : Stop : requestServiceChannel
11/15/2024 00:17:33 Central Standard Time: Information : 8 :{"id":13}
