10/31/2024 17:46:24 Eastern Standard Time : Information : Local timezone is (UTC-05:00) Eastern Time (New York)
10/31/2024 17:46:24 Eastern Standard Time : Information : Added local RPC method "getPipe" -> Microsoft.VisualStudio.Utilities.ServiceBroker.GlobalBrokeredServiceContainer+View.GetPipeAsync(ServiceMoniker, ServiceActivationOptions, CancellationToken) (Microsoft.VisualStudio.Utilities.ServiceBroker.GlobalBrokeredServiceContainer+View)
10/31/2024 17:46:24 Eastern Standard Time : Information : Added local RPC method "getProxy" -> Microsoft.VisualStudio.Utilities.ServiceBroker.GlobalBrokeredServiceContainer+View.GetProxyAsync(ServiceRpcDescriptor, ServiceActivationOptions, CancellationToken) (Microsoft.VisualStudio.Utilities.ServiceBroker.GlobalBrokeredServiceContainer+View)
10/31/2024 17:46:24 Eastern Standard Time : Information : Added local RPC method "handshake" -> Microsoft.VisualStudio.Utilities.ServiceBroker.GlobalBrokeredServiceContainer+View.HandshakeAsync(ServiceBrokerClientMetadata, CancellationToken) (Microsoft.VisualStudio.Utilities.ServiceBroker.GlobalBrokeredServiceContainer+View)
10/31/2024 17:46:24 Eastern Standard Time : Information : Added local RPC method "requestServiceChannel" -> Microsoft.VisualStudio.Utilities.ServiceBroker.GlobalBrokeredServiceContainer+View.RequestServiceChannelAsync(ServiceMoniker, ServiceActivationOptions, CancellationToken) (Microsoft.VisualStudio.Utilities.ServiceBroker.GlobalBrokeredServiceContainer+View)
10/31/2024 17:46:24 Eastern Standard Time : Information : Added local RPC method "cancelServiceRequest" -> Microsoft.VisualStudio.Utilities.ServiceBroker.GlobalBrokeredServiceContainer+View.CancelServiceRequestAsync(Guid) (Microsoft.VisualStudio.Utilities.ServiceBroker.GlobalBrokeredServiceContainer+View)
10/31/2024 17:46:24 Eastern Standard Time : Information : Added local RPC method "getPipe" -> Microsoft.VisualStudio.Utilities.ServiceBroker.GlobalBrokeredServiceContainer+View.GetPipeAsync(ServiceMoniker, ServiceActivationOptions, CancellationToken) (Microsoft.VisualStudio.Utilities.ServiceBroker.GlobalBrokeredServiceContainer+View)
10/31/2024 17:46:24 Eastern Standard Time : Information : Added local RPC method "getProxy" -> Microsoft.VisualStudio.Utilities.ServiceBroker.GlobalBrokeredServiceContainer+View.GetProxyAsync(ServiceRpcDescriptor, ServiceActivationOptions, CancellationToken) (Microsoft.VisualStudio.Utilities.ServiceBroker.GlobalBrokeredServiceContainer+View)
10/31/2024 17:46:24 Eastern Standard Time : Information : Added local RPC method "handshake" -> Microsoft.VisualStudio.Utilities.ServiceBroker.GlobalBrokeredServiceContainer+View.HandshakeAsync(ServiceBrokerClientMetadata, CancellationToken) (Microsoft.VisualStudio.Utilities.ServiceBroker.GlobalBrokeredServiceContainer+View)
10/31/2024 17:46:24 Eastern Standard Time : Information : Added local RPC method "requestServiceChannel" -> Microsoft.VisualStudio.Utilities.ServiceBroker.GlobalBrokeredServiceContainer+View.RequestServiceChannelAsync(ServiceMoniker, ServiceActivationOptions, CancellationToken) (Microsoft.VisualStudio.Utilities.ServiceBroker.GlobalBrokeredServiceContainer+View)
10/31/2024 17:46:24 Eastern Standard Time : Information : Added local RPC method "cancelServiceRequest" -> Microsoft.VisualStudio.Utilities.ServiceBroker.GlobalBrokeredServiceContainer+View.CancelServiceRequestAsync(Guid) (Microsoft.VisualStudio.Utilities.ServiceBroker.GlobalBrokeredServiceContainer+View)
10/31/2024 17:46:24 Eastern Standard Time: Information : 2 :Listening for events from Microsoft.VisualStudio.Utilities.ServiceBroker.GlobalBrokeredServiceContainer+View.AvailabilityChanged to raise notification.
10/31/2024 17:46:24 Eastern Standard Time: Information : 3 :Listening started.
10/31/2024 17:46:24 Eastern Standard Time: Information : 7 :{"id":2,"method":"handshake"}
10/31/2024 17:46:24 Eastern Standard Time: Information : 6 :Received request "2" for method "handshake".
10/31/2024 17:46:24 Eastern Standard Time: Information : 9 :Invoking Microsoft.VisualStudio.Utilities.ServiceBroker.GlobalBrokeredServiceContainer+View.HandshakeAsync(ServiceBrokerClientMetadata, CancellationToken)
10/31/2024 17:46:24 Eastern Standard Time : Start : handshake
10/31/2024 17:46:24 Eastern Standard Time : Stop : handshake
10/31/2024 17:46:24 Eastern Standard Time: Information : 8 :{"id":2}
10/31/2024 17:46:24 Eastern Standard Time: Information : 7 :{"id":3,"method":"requestServiceChannel"}
10/31/2024 17:46:24 Eastern Standard Time: Information : 6 :Received request "3" for method "requestServiceChannel".
10/31/2024 17:46:24 Eastern Standard Time: Information : 9 :Invoking Microsoft.VisualStudio.Utilities.ServiceBroker.GlobalBrokeredServiceContainer+View.RequestServiceChannelAsync(ServiceMoniker, ServiceActivationOptions, CancellationToken)
10/31/2024 17:46:24 Eastern Standard Time : Start : requestServiceChannel
10/31/2024 17:46:24 Eastern Standard Time : Stop : requestServiceChannel
10/31/2024 17:46:24 Eastern Standard Time: Information : 8 :{"id":3}
10/31/2024 17:46:24 Eastern Standard Time: Information : 7 :{"id":4,"method":"requestServiceChannel"}
10/31/2024 17:46:24 Eastern Standard Time: Information : 6 :Received request "4" for method "requestServiceChannel".
10/31/2024 17:46:24 Eastern Standard Time: Information : 9 :Invoking Microsoft.VisualStudio.Utilities.ServiceBroker.GlobalBrokeredServiceContainer+View.RequestServiceChannelAsync(ServiceMoniker, ServiceActivationOptions, CancellationToken)
10/31/2024 17:46:24 Eastern Standard Time : Transfer : Transfer, relatedActivityId=da29a252-f731-4213-b47c-155669c7f88d
10/31/2024 17:46:24 Eastern Standard Time : Start : requestServiceChannel
10/31/2024 17:46:24 Eastern Standard Time : Stop : requestServiceChannel
10/31/2024 17:46:24 Eastern Standard Time : Transfer : Transfer, relatedActivityId=962896e0-9b2d-458f-955f-3168bcc97c86
10/31/2024 17:46:24 Eastern Standard Time: Information : 8 :{"id":4}
10/31/2024 17:46:24 Eastern Standard Time: Information : 7 :{"id":5,"method":"requestServiceChannel"}
10/31/2024 17:46:24 Eastern Standard Time: Information : 6 :Received request "5" for method "requestServiceChannel".
10/31/2024 17:46:24 Eastern Standard Time: Information : 9 :Invoking Microsoft.VisualStudio.Utilities.ServiceBroker.GlobalBrokeredServiceContainer+View.RequestServiceChannelAsync(ServiceMoniker, ServiceActivationOptions, CancellationToken)
10/31/2024 17:46:24 Eastern Standard Time : Transfer : Transfer, relatedActivityId=79521c84-e345-429a-aaee-0cb2bb31979d
10/31/2024 17:46:24 Eastern Standard Time : Start : requestServiceChannel
10/31/2024 17:46:24 Eastern Standard Time : Stop : requestServiceChannel
10/31/2024 17:46:24 Eastern Standard Time : Transfer : Transfer, relatedActivityId=962896e0-9b2d-458f-955f-3168bcc97c86
10/31/2024 17:46:24 Eastern Standard Time: Information : 8 :{"id":5}
