02/23/2025 15:02:25 Central Standard Time : Information : Local timezone is (UTC-06:00) Central Time (Chicago)
02/23/2025 15:02:25 Central Standard Time : Information : Added local RPC method "getPipe" -> Microsoft.VisualStudio.Utilities.ServiceBroker.GlobalBrokeredServiceContainer+View.GetPipeAsync(ServiceMoniker, ServiceActivationOptions, CancellationToken) (Microsoft.VisualStudio.Utilities.ServiceBroker.GlobalBrokeredServiceContainer+View)
02/23/2025 15:02:25 Central Standard Time : Information : Added local RPC method "getProxy" -> Microsoft.VisualStudio.Utilities.ServiceBroker.GlobalBrokeredServiceContainer+View.GetProxyAsync(ServiceRpcDescriptor, ServiceActivationOptions, CancellationToken) (Microsoft.VisualStudio.Utilities.ServiceBroker.GlobalBrokeredServiceContainer+View)
02/23/2025 15:02:25 Central Standard Time : Information : Added local RPC method "handshake" -> Microsoft.VisualStudio.Utilities.ServiceBroker.GlobalBrokeredServiceContainer+View.HandshakeAsync(ServiceBrokerClientMetadata, CancellationToken) (Microsoft.VisualStudio.Utilities.ServiceBroker.GlobalBrokeredServiceContainer+View)
02/23/2025 15:02:25 Central Standard Time : Information : Added local RPC method "requestServiceChannel" -> Microsoft.VisualStudio.Utilities.ServiceBroker.GlobalBrokeredServiceContainer+View.RequestServiceChannelAsync(ServiceMoniker, ServiceActivationOptions, CancellationToken) (Microsoft.VisualStudio.Utilities.ServiceBroker.GlobalBrokeredServiceContainer+View)
02/23/2025 15:02:25 Central Standard Time : Information : Added local RPC method "cancelServiceRequest" -> Microsoft.VisualStudio.Utilities.ServiceBroker.GlobalBrokeredServiceContainer+View.CancelServiceRequestAsync(Guid) (Microsoft.VisualStudio.Utilities.ServiceBroker.GlobalBrokeredServiceContainer+View)
02/23/2025 15:02:25 Central Standard Time : Information : Added local RPC method "getPipe" -> Microsoft.VisualStudio.Utilities.ServiceBroker.GlobalBrokeredServiceContainer+View.GetPipeAsync(ServiceMoniker, ServiceActivationOptions, CancellationToken) (Microsoft.VisualStudio.Utilities.ServiceBroker.GlobalBrokeredServiceContainer+View)
02/23/2025 15:02:25 Central Standard Time : Information : Added local RPC method "getProxy" -> Microsoft.VisualStudio.Utilities.ServiceBroker.GlobalBrokeredServiceContainer+View.GetProxyAsync(ServiceRpcDescriptor, ServiceActivationOptions, CancellationToken) (Microsoft.VisualStudio.Utilities.ServiceBroker.GlobalBrokeredServiceContainer+View)
02/23/2025 15:02:25 Central Standard Time : Information : Added local RPC method "handshake" -> Microsoft.VisualStudio.Utilities.ServiceBroker.GlobalBrokeredServiceContainer+View.HandshakeAsync(ServiceBrokerClientMetadata, CancellationToken) (Microsoft.VisualStudio.Utilities.ServiceBroker.GlobalBrokeredServiceContainer+View)
02/23/2025 15:02:25 Central Standard Time : Information : Added local RPC method "requestServiceChannel" -> Microsoft.VisualStudio.Utilities.ServiceBroker.GlobalBrokeredServiceContainer+View.RequestServiceChannelAsync(ServiceMoniker, ServiceActivationOptions, CancellationToken) (Microsoft.VisualStudio.Utilities.ServiceBroker.GlobalBrokeredServiceContainer+View)
02/23/2025 15:02:25 Central Standard Time : Information : Added local RPC method "cancelServiceRequest" -> Microsoft.VisualStudio.Utilities.ServiceBroker.GlobalBrokeredServiceContainer+View.CancelServiceRequestAsync(Guid) (Microsoft.VisualStudio.Utilities.ServiceBroker.GlobalBrokeredServiceContainer+View)
02/23/2025 15:02:25 Central Standard Time: Information : 2 :Listening for events from Microsoft.VisualStudio.Utilities.ServiceBroker.GlobalBrokeredServiceContainer+View.AvailabilityChanged to raise notification.
02/23/2025 15:02:25 Central Standard Time: Information : 3 :Listening started.
02/23/2025 15:02:25 Central Standard Time: Information : 7 :{"id":2,"method":"handshake"}
02/23/2025 15:02:25 Central Standard Time: Information : 6 :Received request "2" for method "handshake".
02/23/2025 15:02:25 Central Standard Time: Information : 9 :Invoking Microsoft.VisualStudio.Utilities.ServiceBroker.GlobalBrokeredServiceContainer+View.HandshakeAsync(ServiceBrokerClientMetadata, CancellationToken)
02/23/2025 15:02:25 Central Standard Time : Start : handshake
02/23/2025 15:02:25 Central Standard Time : Stop : handshake
02/23/2025 15:02:25 Central Standard Time: Information : 8 :{"id":2}
02/23/2025 15:02:25 Central Standard Time: Information : 7 :{"id":3,"method":"requestServiceChannel"}
02/23/2025 15:02:25 Central Standard Time: Information : 6 :Received request "3" for method "requestServiceChannel".
02/23/2025 15:02:25 Central Standard Time: Information : 9 :Invoking Microsoft.VisualStudio.Utilities.ServiceBroker.GlobalBrokeredServiceContainer+View.RequestServiceChannelAsync(ServiceMoniker, ServiceActivationOptions, CancellationToken)
02/23/2025 15:02:25 Central Standard Time : Start : requestServiceChannel
02/23/2025 15:02:25 Central Standard Time : Stop : requestServiceChannel
02/23/2025 15:02:25 Central Standard Time: Information : 8 :{"id":3}
02/23/2025 15:02:25 Central Standard Time: Information : 7 :{"id":4,"method":"requestServiceChannel"}
02/23/2025 15:02:25 Central Standard Time: Information : 6 :Received request "4" for method "requestServiceChannel".
02/23/2025 15:02:25 Central Standard Time: Information : 9 :Invoking Microsoft.VisualStudio.Utilities.ServiceBroker.GlobalBrokeredServiceContainer+View.RequestServiceChannelAsync(ServiceMoniker, ServiceActivationOptions, CancellationToken)
02/23/2025 15:02:25 Central Standard Time : Start : requestServiceChannel
02/23/2025 15:02:25 Central Standard Time : Stop : requestServiceChannel
02/23/2025 15:02:25 Central Standard Time: Information : 8 :{"id":4}
02/23/2025 15:02:25 Central Standard Time: Information : 7 :{"id":5,"method":"requestServiceChannel"}
02/23/2025 15:02:25 Central Standard Time: Information : 6 :Received request "5" for method "requestServiceChannel".
02/23/2025 15:02:25 Central Standard Time: Information : 9 :Invoking Microsoft.VisualStudio.Utilities.ServiceBroker.GlobalBrokeredServiceContainer+View.RequestServiceChannelAsync(ServiceMoniker, ServiceActivationOptions, CancellationToken)
02/23/2025 15:02:25 Central Standard Time : Start : requestServiceChannel
02/23/2025 15:02:25 Central Standard Time : Stop : requestServiceChannel
02/23/2025 15:02:25 Central Standard Time: Information : 8 :{"id":5}
02/23/2025 15:02:26 Central Standard Time: Information : 7 :{"id":6,"method":"requestServiceChannel"}
02/23/2025 15:02:26 Central Standard Time: Information : 6 :Received request "6" for method "requestServiceChannel".
02/23/2025 15:02:26 Central Standard Time: Information : 9 :Invoking Microsoft.VisualStudio.Utilities.ServiceBroker.GlobalBrokeredServiceContainer+View.RequestServiceChannelAsync(ServiceMoniker, ServiceActivationOptions, CancellationToken)
02/23/2025 15:02:26 Central Standard Time : Start : requestServiceChannel
02/23/2025 15:02:26 Central Standard Time: Information : 7 :{"id":7,"method":"requestServiceChannel"}
02/23/2025 15:02:26 Central Standard Time: Information : 6 :Received request "7" for method "requestServiceChannel".
02/23/2025 15:02:26 Central Standard Time: Information : 9 :Invoking Microsoft.VisualStudio.Utilities.ServiceBroker.GlobalBrokeredServiceContainer+View.RequestServiceChannelAsync(ServiceMoniker, ServiceActivationOptions, CancellationToken)
02/23/2025 15:02:26 Central Standard Time : Start : requestServiceChannel
02/23/2025 15:02:26 Central Standard Time : Stop : requestServiceChannel
02/23/2025 15:02:26 Central Standard Time: Information : 8 :{"id":6}
02/23/2025 15:02:26 Central Standard Time : Stop : requestServiceChannel
02/23/2025 15:02:26 Central Standard Time: Information : 8 :{"id":7}
02/23/2025 15:02:26 Central Standard Time: Information : 7 :{"id":8,"method":"requestServiceChannel"}
02/23/2025 15:02:26 Central Standard Time: Information : 6 :Received request "8" for method "requestServiceChannel".
02/23/2025 15:02:26 Central Standard Time: Information : 9 :Invoking Microsoft.VisualStudio.Utilities.ServiceBroker.GlobalBrokeredServiceContainer+View.RequestServiceChannelAsync(ServiceMoniker, ServiceActivationOptions, CancellationToken)
02/23/2025 15:02:26 Central Standard Time : Transfer : Transfer, relatedActivityId=6ee52c89-e79e-4064-8e14-c03fc7b4d559
02/23/2025 15:02:26 Central Standard Time : Start : requestServiceChannel
02/23/2025 15:02:26 Central Standard Time : Stop : requestServiceChannel
02/23/2025 15:02:26 Central Standard Time : Transfer : Transfer, relatedActivityId=78f69aac-8740-404c-b400-dc56bdfbb079
02/23/2025 15:02:26 Central Standard Time: Information : 8 :{"id":8}
02/23/2025 15:02:29 Central Standard Time: Information : 7 :{"id":9,"method":"requestServiceChannel"}
02/23/2025 15:02:29 Central Standard Time: Information : 6 :Received request "9" for method "requestServiceChannel".
02/23/2025 15:02:29 Central Standard Time: Information : 9 :Invoking Microsoft.VisualStudio.Utilities.ServiceBroker.GlobalBrokeredServiceContainer+View.RequestServiceChannelAsync(ServiceMoniker, ServiceActivationOptions, CancellationToken)
02/23/2025 15:02:29 Central Standard Time : Start : requestServiceChannel
02/23/2025 15:02:29 Central Standard Time : Stop : requestServiceChannel
02/23/2025 15:02:29 Central Standard Time: Information : 8 :{"id":9}
02/23/2025 15:02:29 Central Standard Time: Information : 7 :{"id":10,"method":"requestServiceChannel"}
02/23/2025 15:02:29 Central Standard Time: Information : 6 :Received request "10" for method "requestServiceChannel".
02/23/2025 15:02:29 Central Standard Time: Information : 9 :Invoking Microsoft.VisualStudio.Utilities.ServiceBroker.GlobalBrokeredServiceContainer+View.RequestServiceChannelAsync(ServiceMoniker, ServiceActivationOptions, CancellationToken)
02/23/2025 15:02:29 Central Standard Time : Start : requestServiceChannel
02/23/2025 15:02:29 Central Standard Time: Information : 7 :{"id":11,"method":"requestServiceChannel"}
02/23/2025 15:02:29 Central Standard Time: Information : 6 :Received request "11" for method "requestServiceChannel".
02/23/2025 15:02:29 Central Standard Time: Information : 9 :Invoking Microsoft.VisualStudio.Utilities.ServiceBroker.GlobalBrokeredServiceContainer+View.RequestServiceChannelAsync(ServiceMoniker, ServiceActivationOptions, CancellationToken)
02/23/2025 15:02:29 Central Standard Time : Start : requestServiceChannel
02/23/2025 15:02:29 Central Standard Time : Stop : requestServiceChannel
02/23/2025 15:02:29 Central Standard Time: Information : 8 :{"id":11}
02/23/2025 15:02:29 Central Standard Time : Stop : requestServiceChannel
02/23/2025 15:02:29 Central Standard Time: Information : 8 :{"id":10}
02/23/2025 15:02:33 Central Standard Time: Information : 7 :{"id":12,"method":"requestServiceChannel"}
02/23/2025 15:02:33 Central Standard Time: Information : 6 :Received request "12" for method "requestServiceChannel".
02/23/2025 15:02:33 Central Standard Time: Information : 9 :Invoking Microsoft.VisualStudio.Utilities.ServiceBroker.GlobalBrokeredServiceContainer+View.RequestServiceChannelAsync(ServiceMoniker, ServiceActivationOptions, CancellationToken)
02/23/2025 15:02:33 Central Standard Time : Start : requestServiceChannel
02/23/2025 15:02:33 Central Standard Time : Stop : requestServiceChannel
02/23/2025 15:02:33 Central Standard Time: Information : 8 :{"id":12}
02/23/2025 15:02:34 Central Standard Time: Information : 7 :{"id":13,"method":"requestServiceChannel"}
02/23/2025 15:02:34 Central Standard Time: Information : 6 :Received request "13" for method "requestServiceChannel".
02/23/2025 15:02:34 Central Standard Time: Information : 9 :Invoking Microsoft.VisualStudio.Utilities.ServiceBroker.GlobalBrokeredServiceContainer+View.RequestServiceChannelAsync(ServiceMoniker, ServiceActivationOptions, CancellationToken)
02/23/2025 15:02:34 Central Standard Time : Start : requestServiceChannel
02/23/2025 15:02:34 Central Standard Time : Stop : requestServiceChannel
02/23/2025 15:02:34 Central Standard Time: Information : 8 :{"id":13}
