02/20/2025 23:56:32 Central Standard Time : Information : Local timezone is (UTC-06:00) Central Time (Chicago)
02/20/2025 23:56:32 Central Standard Time : Information : Added local RPC method "getPipe" -> Microsoft.VisualStudio.Utilities.ServiceBroker.GlobalBrokeredServiceContainer+View.GetPipeAsync(ServiceMoniker, ServiceActivationOptions, CancellationToken) (Microsoft.VisualStudio.Utilities.ServiceBroker.GlobalBrokeredServiceContainer+View)
02/20/2025 23:56:32 Central Standard Time : Information : Added local RPC method "getProxy" -> Microsoft.VisualStudio.Utilities.ServiceBroker.GlobalBrokeredServiceContainer+View.GetProxyAsync(ServiceRpcDescriptor, ServiceActivationOptions, CancellationToken) (Microsoft.VisualStudio.Utilities.ServiceBroker.GlobalBrokeredServiceContainer+View)
02/20/2025 23:56:32 Central Standard Time : Information : Added local RPC method "handshake" -> Microsoft.VisualStudio.Utilities.ServiceBroker.GlobalBrokeredServiceContainer+View.HandshakeAsync(ServiceBrokerClientMetadata, CancellationToken) (Microsoft.VisualStudio.Utilities.ServiceBroker.GlobalBrokeredServiceContainer+View)
02/20/2025 23:56:32 Central Standard Time : Information : Added local RPC method "requestServiceChannel" -> Microsoft.VisualStudio.Utilities.ServiceBroker.GlobalBrokeredServiceContainer+View.RequestServiceChannelAsync(ServiceMoniker, ServiceActivationOptions, CancellationToken) (Microsoft.VisualStudio.Utilities.ServiceBroker.GlobalBrokeredServiceContainer+View)
02/20/2025 23:56:32 Central Standard Time : Information : Added local RPC method "cancelServiceRequest" -> Microsoft.VisualStudio.Utilities.ServiceBroker.GlobalBrokeredServiceContainer+View.CancelServiceRequestAsync(Guid) (Microsoft.VisualStudio.Utilities.ServiceBroker.GlobalBrokeredServiceContainer+View)
02/20/2025 23:56:32 Central Standard Time : Information : Added local RPC method "getPipe" -> Microsoft.VisualStudio.Utilities.ServiceBroker.GlobalBrokeredServiceContainer+View.GetPipeAsync(ServiceMoniker, ServiceActivationOptions, CancellationToken) (Microsoft.VisualStudio.Utilities.ServiceBroker.GlobalBrokeredServiceContainer+View)
02/20/2025 23:56:32 Central Standard Time : Information : Added local RPC method "getProxy" -> Microsoft.VisualStudio.Utilities.ServiceBroker.GlobalBrokeredServiceContainer+View.GetProxyAsync(ServiceRpcDescriptor, ServiceActivationOptions, CancellationToken) (Microsoft.VisualStudio.Utilities.ServiceBroker.GlobalBrokeredServiceContainer+View)
02/20/2025 23:56:32 Central Standard Time : Information : Added local RPC method "handshake" -> Microsoft.VisualStudio.Utilities.ServiceBroker.GlobalBrokeredServiceContainer+View.HandshakeAsync(ServiceBrokerClientMetadata, CancellationToken) (Microsoft.VisualStudio.Utilities.ServiceBroker.GlobalBrokeredServiceContainer+View)
02/20/2025 23:56:32 Central Standard Time : Information : Added local RPC method "requestServiceChannel" -> Microsoft.VisualStudio.Utilities.ServiceBroker.GlobalBrokeredServiceContainer+View.RequestServiceChannelAsync(ServiceMoniker, ServiceActivationOptions, CancellationToken) (Microsoft.VisualStudio.Utilities.ServiceBroker.GlobalBrokeredServiceContainer+View)
02/20/2025 23:56:32 Central Standard Time : Information : Added local RPC method "cancelServiceRequest" -> Microsoft.VisualStudio.Utilities.ServiceBroker.GlobalBrokeredServiceContainer+View.CancelServiceRequestAsync(Guid) (Microsoft.VisualStudio.Utilities.ServiceBroker.GlobalBrokeredServiceContainer+View)
02/20/2025 23:56:32 Central Standard Time: Information : 2 :Listening for events from Microsoft.VisualStudio.Utilities.ServiceBroker.GlobalBrokeredServiceContainer+View.AvailabilityChanged to raise notification.
02/20/2025 23:56:32 Central Standard Time: Information : 3 :Listening started.
02/20/2025 23:56:32 Central Standard Time: Information : 7 :{"id":2,"method":"handshake"}
02/20/2025 23:56:32 Central Standard Time: Information : 6 :Received request "2" for method "handshake".
02/20/2025 23:56:32 Central Standard Time: Information : 9 :Invoking Microsoft.VisualStudio.Utilities.ServiceBroker.GlobalBrokeredServiceContainer+View.HandshakeAsync(ServiceBrokerClientMetadata, CancellationToken)
02/20/2025 23:56:32 Central Standard Time : Start : handshake
02/20/2025 23:56:32 Central Standard Time : Stop : handshake
02/20/2025 23:56:32 Central Standard Time: Information : 8 :{"id":2}
02/20/2025 23:56:32 Central Standard Time: Information : 7 :{"id":3,"method":"requestServiceChannel"}
02/20/2025 23:56:32 Central Standard Time: Information : 6 :Received request "3" for method "requestServiceChannel".
02/20/2025 23:56:32 Central Standard Time: Information : 9 :Invoking Microsoft.VisualStudio.Utilities.ServiceBroker.GlobalBrokeredServiceContainer+View.RequestServiceChannelAsync(ServiceMoniker, ServiceActivationOptions, CancellationToken)
02/20/2025 23:56:32 Central Standard Time : Start : requestServiceChannel
02/20/2025 23:56:32 Central Standard Time : Stop : requestServiceChannel
02/20/2025 23:56:32 Central Standard Time: Information : 8 :{"id":3}
02/20/2025 23:56:32 Central Standard Time: Information : 7 :{"id":4,"method":"requestServiceChannel"}
02/20/2025 23:56:32 Central Standard Time: Information : 6 :Received request "4" for method "requestServiceChannel".
02/20/2025 23:56:32 Central Standard Time: Information : 9 :Invoking Microsoft.VisualStudio.Utilities.ServiceBroker.GlobalBrokeredServiceContainer+View.RequestServiceChannelAsync(ServiceMoniker, ServiceActivationOptions, CancellationToken)
02/20/2025 23:56:32 Central Standard Time : Start : requestServiceChannel
02/20/2025 23:56:32 Central Standard Time : Stop : requestServiceChannel
02/20/2025 23:56:32 Central Standard Time: Information : 8 :{"id":4}
02/20/2025 23:56:32 Central Standard Time: Information : 7 :{"id":5,"method":"requestServiceChannel"}
02/20/2025 23:56:32 Central Standard Time: Information : 6 :Received request "5" for method "requestServiceChannel".
02/20/2025 23:56:32 Central Standard Time: Information : 9 :Invoking Microsoft.VisualStudio.Utilities.ServiceBroker.GlobalBrokeredServiceContainer+View.RequestServiceChannelAsync(ServiceMoniker, ServiceActivationOptions, CancellationToken)
02/20/2025 23:56:32 Central Standard Time : Start : requestServiceChannel
02/20/2025 23:56:32 Central Standard Time : Stop : requestServiceChannel
02/20/2025 23:56:32 Central Standard Time: Information : 8 :{"id":5}
02/20/2025 23:56:33 Central Standard Time: Information : 7 :{"id":6,"method":"requestServiceChannel"}
02/20/2025 23:56:33 Central Standard Time: Information : 6 :Received request "6" for method "requestServiceChannel".
02/20/2025 23:56:33 Central Standard Time: Information : 9 :Invoking Microsoft.VisualStudio.Utilities.ServiceBroker.GlobalBrokeredServiceContainer+View.RequestServiceChannelAsync(ServiceMoniker, ServiceActivationOptions, CancellationToken)
02/20/2025 23:56:33 Central Standard Time : Start : requestServiceChannel
02/20/2025 23:56:33 Central Standard Time: Information : 7 :{"id":7,"method":"requestServiceChannel"}
02/20/2025 23:56:33 Central Standard Time: Information : 6 :Received request "7" for method "requestServiceChannel".
02/20/2025 23:56:33 Central Standard Time : Stop : requestServiceChannel
02/20/2025 23:56:33 Central Standard Time: Information : 8 :{"id":6}
02/20/2025 23:56:33 Central Standard Time: Information : 9 :Invoking Microsoft.VisualStudio.Utilities.ServiceBroker.GlobalBrokeredServiceContainer+View.RequestServiceChannelAsync(ServiceMoniker, ServiceActivationOptions, CancellationToken)
02/20/2025 23:56:33 Central Standard Time : Start : requestServiceChannel
02/20/2025 23:56:33 Central Standard Time : Stop : requestServiceChannel
02/20/2025 23:56:33 Central Standard Time: Information : 8 :{"id":7}
02/20/2025 23:56:33 Central Standard Time: Information : 7 :{"id":8,"method":"requestServiceChannel"}
02/20/2025 23:56:33 Central Standard Time: Information : 6 :Received request "8" for method "requestServiceChannel".
02/20/2025 23:56:33 Central Standard Time: Information : 9 :Invoking Microsoft.VisualStudio.Utilities.ServiceBroker.GlobalBrokeredServiceContainer+View.RequestServiceChannelAsync(ServiceMoniker, ServiceActivationOptions, CancellationToken)
02/20/2025 23:56:33 Central Standard Time : Transfer : Transfer, relatedActivityId=3e219e46-ef63-438f-ac48-5fe350ae27f0
02/20/2025 23:56:33 Central Standard Time : Start : requestServiceChannel
02/20/2025 23:56:33 Central Standard Time : Stop : requestServiceChannel
02/20/2025 23:56:33 Central Standard Time : Transfer : Transfer, relatedActivityId=cb71faac-30ce-4770-88cf-f42afed020f3
02/20/2025 23:56:33 Central Standard Time: Information : 8 :{"id":8}
02/20/2025 23:56:35 Central Standard Time: Information : 7 :{"id":9,"method":"requestServiceChannel"}
02/20/2025 23:56:35 Central Standard Time: Information : 6 :Received request "9" for method "requestServiceChannel".
02/20/2025 23:56:35 Central Standard Time: Information : 9 :Invoking Microsoft.VisualStudio.Utilities.ServiceBroker.GlobalBrokeredServiceContainer+View.RequestServiceChannelAsync(ServiceMoniker, ServiceActivationOptions, CancellationToken)
02/20/2025 23:56:35 Central Standard Time : Start : requestServiceChannel
02/20/2025 23:56:35 Central Standard Time : Stop : requestServiceChannel
02/20/2025 23:56:35 Central Standard Time: Information : 8 :{"id":9}
02/20/2025 23:56:35 Central Standard Time: Information : 7 :{"id":10,"method":"requestServiceChannel"}
02/20/2025 23:56:35 Central Standard Time: Information : 6 :Received request "10" for method "requestServiceChannel".
02/20/2025 23:56:35 Central Standard Time: Information : 9 :Invoking Microsoft.VisualStudio.Utilities.ServiceBroker.GlobalBrokeredServiceContainer+View.RequestServiceChannelAsync(ServiceMoniker, ServiceActivationOptions, CancellationToken)
02/20/2025 23:56:35 Central Standard Time : Start : requestServiceChannel
02/20/2025 23:56:35 Central Standard Time: Information : 7 :{"id":11,"method":"requestServiceChannel"}
02/20/2025 23:56:35 Central Standard Time: Information : 6 :Received request "11" for method "requestServiceChannel".
02/20/2025 23:56:35 Central Standard Time: Information : 9 :Invoking Microsoft.VisualStudio.Utilities.ServiceBroker.GlobalBrokeredServiceContainer+View.RequestServiceChannelAsync(ServiceMoniker, ServiceActivationOptions, CancellationToken)
02/20/2025 23:56:35 Central Standard Time : Start : requestServiceChannel
02/20/2025 23:56:35 Central Standard Time : Stop : requestServiceChannel
02/20/2025 23:56:35 Central Standard Time: Information : 8 :{"id":11}
02/20/2025 23:56:35 Central Standard Time : Stop : requestServiceChannel
02/20/2025 23:56:35 Central Standard Time: Information : 8 :{"id":10}
