11/16/2024 15:14:39 Central Standard Time : Information : Local timezone is (UTC-06:00) Central Time (Chicago)
11/16/2024 15:14:39 Central Standard Time : Information : Added local RPC method "getPipe" -> Microsoft.VisualStudio.Utilities.ServiceBroker.GlobalBrokeredServiceContainer+View.GetPipeAsync(ServiceMoniker, ServiceActivationOptions, CancellationToken) (Microsoft.VisualStudio.Utilities.ServiceBroker.GlobalBrokeredServiceContainer+View)
11/16/2024 15:14:39 Central Standard Time : Information : Added local RPC method "getProxy" -> Microsoft.VisualStudio.Utilities.ServiceBroker.GlobalBrokeredServiceContainer+View.GetProxyAsync(ServiceRpcDescriptor, ServiceActivationOptions, CancellationToken) (Microsoft.VisualStudio.Utilities.ServiceBroker.GlobalBrokeredServiceContainer+View)
11/16/2024 15:14:39 Central Standard Time : Information : Added local RPC method "handshake" -> Microsoft.VisualStudio.Utilities.ServiceBroker.GlobalBrokeredServiceContainer+View.HandshakeAsync(ServiceBrokerClientMetadata, CancellationToken) (Microsoft.VisualStudio.Utilities.ServiceBroker.GlobalBrokeredServiceContainer+View)
11/16/2024 15:14:39 Central Standard Time : Information : Added local RPC method "requestServiceChannel" -> Microsoft.VisualStudio.Utilities.ServiceBroker.GlobalBrokeredServiceContainer+View.RequestServiceChannelAsync(ServiceMoniker, ServiceActivationOptions, CancellationToken) (Microsoft.VisualStudio.Utilities.ServiceBroker.GlobalBrokeredServiceContainer+View)
11/16/2024 15:14:39 Central Standard Time : Information : Added local RPC method "cancelServiceRequest" -> Microsoft.VisualStudio.Utilities.ServiceBroker.GlobalBrokeredServiceContainer+View.CancelServiceRequestAsync(Guid) (Microsoft.VisualStudio.Utilities.ServiceBroker.GlobalBrokeredServiceContainer+View)
11/16/2024 15:14:39 Central Standard Time : Information : Added local RPC method "getPipe" -> Microsoft.VisualStudio.Utilities.ServiceBroker.GlobalBrokeredServiceContainer+View.GetPipeAsync(ServiceMoniker, ServiceActivationOptions, CancellationToken) (Microsoft.VisualStudio.Utilities.ServiceBroker.GlobalBrokeredServiceContainer+View)
11/16/2024 15:14:39 Central Standard Time : Information : Added local RPC method "getProxy" -> Microsoft.VisualStudio.Utilities.ServiceBroker.GlobalBrokeredServiceContainer+View.GetProxyAsync(ServiceRpcDescriptor, ServiceActivationOptions, CancellationToken) (Microsoft.VisualStudio.Utilities.ServiceBroker.GlobalBrokeredServiceContainer+View)
11/16/2024 15:14:39 Central Standard Time : Information : Added local RPC method "handshake" -> Microsoft.VisualStudio.Utilities.ServiceBroker.GlobalBrokeredServiceContainer+View.HandshakeAsync(ServiceBrokerClientMetadata, CancellationToken) (Microsoft.VisualStudio.Utilities.ServiceBroker.GlobalBrokeredServiceContainer+View)
11/16/2024 15:14:39 Central Standard Time : Information : Added local RPC method "requestServiceChannel" -> Microsoft.VisualStudio.Utilities.ServiceBroker.GlobalBrokeredServiceContainer+View.RequestServiceChannelAsync(ServiceMoniker, ServiceActivationOptions, CancellationToken) (Microsoft.VisualStudio.Utilities.ServiceBroker.GlobalBrokeredServiceContainer+View)
11/16/2024 15:14:39 Central Standard Time : Information : Added local RPC method "cancelServiceRequest" -> Microsoft.VisualStudio.Utilities.ServiceBroker.GlobalBrokeredServiceContainer+View.CancelServiceRequestAsync(Guid) (Microsoft.VisualStudio.Utilities.ServiceBroker.GlobalBrokeredServiceContainer+View)
11/16/2024 15:14:39 Central Standard Time: Information : 2 :Listening for events from Microsoft.VisualStudio.Utilities.ServiceBroker.GlobalBrokeredServiceContainer+View.AvailabilityChanged to raise notification.
11/16/2024 15:14:39 Central Standard Time: Information : 3 :Listening started.
11/16/2024 15:14:39 Central Standard Time: Information : 7 :{"id":2,"method":"handshake"}
11/16/2024 15:14:39 Central Standard Time: Information : 6 :Received request "2" for method "handshake".
11/16/2024 15:14:39 Central Standard Time: Information : 9 :Invoking Microsoft.VisualStudio.Utilities.ServiceBroker.GlobalBrokeredServiceContainer+View.HandshakeAsync(ServiceBrokerClientMetadata, CancellationToken)
11/16/2024 15:14:39 Central Standard Time : Start : handshake
11/16/2024 15:14:39 Central Standard Time : Stop : handshake
11/16/2024 15:14:39 Central Standard Time: Information : 8 :{"id":2}
11/16/2024 15:14:39 Central Standard Time: Information : 7 :{"id":3,"method":"requestServiceChannel"}
11/16/2024 15:14:39 Central Standard Time: Information : 6 :Received request "3" for method "requestServiceChannel".
11/16/2024 15:14:39 Central Standard Time: Information : 9 :Invoking Microsoft.VisualStudio.Utilities.ServiceBroker.GlobalBrokeredServiceContainer+View.RequestServiceChannelAsync(ServiceMoniker, ServiceActivationOptions, CancellationToken)
11/16/2024 15:14:39 Central Standard Time : Start : requestServiceChannel
11/16/2024 15:14:39 Central Standard Time : Stop : requestServiceChannel
11/16/2024 15:14:39 Central Standard Time: Information : 8 :{"id":3}
11/16/2024 15:14:39 Central Standard Time: Information : 7 :{"id":4,"method":"requestServiceChannel"}
11/16/2024 15:14:39 Central Standard Time: Information : 6 :Received request "4" for method "requestServiceChannel".
11/16/2024 15:14:39 Central Standard Time: Information : 9 :Invoking Microsoft.VisualStudio.Utilities.ServiceBroker.GlobalBrokeredServiceContainer+View.RequestServiceChannelAsync(ServiceMoniker, ServiceActivationOptions, CancellationToken)
11/16/2024 15:14:39 Central Standard Time : Transfer : Transfer, relatedActivityId=817ad322-b7e3-4125-ac2d-a0b19b391fbf
11/16/2024 15:14:39 Central Standard Time : Start : requestServiceChannel
11/16/2024 15:14:39 Central Standard Time : Stop : requestServiceChannel
11/16/2024 15:14:39 Central Standard Time : Transfer : Transfer, relatedActivityId=09c06366-9062-4d62-989e-de8cb35f1d83
11/16/2024 15:14:39 Central Standard Time: Information : 8 :{"id":4}
11/16/2024 15:14:39 Central Standard Time: Information : 7 :{"id":5,"method":"requestServiceChannel"}
11/16/2024 15:14:39 Central Standard Time: Information : 6 :Received request "5" for method "requestServiceChannel".
11/16/2024 15:14:39 Central Standard Time: Information : 9 :Invoking Microsoft.VisualStudio.Utilities.ServiceBroker.GlobalBrokeredServiceContainer+View.RequestServiceChannelAsync(ServiceMoniker, ServiceActivationOptions, CancellationToken)
11/16/2024 15:14:39 Central Standard Time : Transfer : Transfer, relatedActivityId=dbfdfb18-c495-4613-9ceb-8ab31f17d714
11/16/2024 15:14:39 Central Standard Time : Start : requestServiceChannel
11/16/2024 15:14:39 Central Standard Time : Stop : requestServiceChannel
11/16/2024 15:14:39 Central Standard Time : Transfer : Transfer, relatedActivityId=09c06366-9062-4d62-989e-de8cb35f1d83
11/16/2024 15:14:39 Central Standard Time: Information : 8 :{"id":5}
