10/11/2024 12:58:36 Central Standard Time : Information : Local timezone is (UTC-06:00) Central Time (Chicago)
10/11/2024 12:58:36 Central Standard Time : Information : Added local RPC method "getPipe" -> Microsoft.VisualStudio.Utilities.ServiceBroker.GlobalBrokeredServiceContainer+View.GetPipeAsync(ServiceMoniker, ServiceActivationOptions, CancellationToken) (Microsoft.VisualStudio.Utilities.ServiceBroker.GlobalBrokeredServiceContainer+View)
10/11/2024 12:58:36 Central Standard Time : Information : Added local RPC method "getProxy" -> Microsoft.VisualStudio.Utilities.ServiceBroker.GlobalBrokeredServiceContainer+View.GetProxyAsync(ServiceRpcDescriptor, ServiceActivationOptions, CancellationToken) (Microsoft.VisualStudio.Utilities.ServiceBroker.GlobalBrokeredServiceContainer+View)
10/11/2024 12:58:36 Central Standard Time : Information : Added local RPC method "handshake" -> Microsoft.VisualStudio.Utilities.ServiceBroker.GlobalBrokeredServiceContainer+View.HandshakeAsync(ServiceBrokerClientMetadata, CancellationToken) (Microsoft.VisualStudio.Utilities.ServiceBroker.GlobalBrokeredServiceContainer+View)
10/11/2024 12:58:36 Central Standard Time : Information : Added local RPC method "requestServiceChannel" -> Microsoft.VisualStudio.Utilities.ServiceBroker.GlobalBrokeredServiceContainer+View.RequestServiceChannelAsync(ServiceMoniker, ServiceActivationOptions, CancellationToken) (Microsoft.VisualStudio.Utilities.ServiceBroker.GlobalBrokeredServiceContainer+View)
10/11/2024 12:58:36 Central Standard Time : Information : Added local RPC method "cancelServiceRequest" -> Microsoft.VisualStudio.Utilities.ServiceBroker.GlobalBrokeredServiceContainer+View.CancelServiceRequestAsync(Guid) (Microsoft.VisualStudio.Utilities.ServiceBroker.GlobalBrokeredServiceContainer+View)
10/11/2024 12:58:36 Central Standard Time : Information : Added local RPC method "getPipe" -> Microsoft.VisualStudio.Utilities.ServiceBroker.GlobalBrokeredServiceContainer+View.GetPipeAsync(ServiceMoniker, ServiceActivationOptions, CancellationToken) (Microsoft.VisualStudio.Utilities.ServiceBroker.GlobalBrokeredServiceContainer+View)
10/11/2024 12:58:36 Central Standard Time : Information : Added local RPC method "getProxy" -> Microsoft.VisualStudio.Utilities.ServiceBroker.GlobalBrokeredServiceContainer+View.GetProxyAsync(ServiceRpcDescriptor, ServiceActivationOptions, CancellationToken) (Microsoft.VisualStudio.Utilities.ServiceBroker.GlobalBrokeredServiceContainer+View)
10/11/2024 12:58:36 Central Standard Time : Information : Added local RPC method "handshake" -> Microsoft.VisualStudio.Utilities.ServiceBroker.GlobalBrokeredServiceContainer+View.HandshakeAsync(ServiceBrokerClientMetadata, CancellationToken) (Microsoft.VisualStudio.Utilities.ServiceBroker.GlobalBrokeredServiceContainer+View)
10/11/2024 12:58:36 Central Standard Time : Information : Added local RPC method "requestServiceChannel" -> Microsoft.VisualStudio.Utilities.ServiceBroker.GlobalBrokeredServiceContainer+View.RequestServiceChannelAsync(ServiceMoniker, ServiceActivationOptions, CancellationToken) (Microsoft.VisualStudio.Utilities.ServiceBroker.GlobalBrokeredServiceContainer+View)
10/11/2024 12:58:36 Central Standard Time : Information : Added local RPC method "cancelServiceRequest" -> Microsoft.VisualStudio.Utilities.ServiceBroker.GlobalBrokeredServiceContainer+View.CancelServiceRequestAsync(Guid) (Microsoft.VisualStudio.Utilities.ServiceBroker.GlobalBrokeredServiceContainer+View)
10/11/2024 12:58:36 Central Standard Time: Information : 2 :Listening for events from Microsoft.VisualStudio.Utilities.ServiceBroker.GlobalBrokeredServiceContainer+View.AvailabilityChanged to raise notification.
10/11/2024 12:58:36 Central Standard Time: Information : 3 :Listening started.
10/11/2024 12:58:36 Central Standard Time: Information : 7 :{"id":2,"method":"handshake"}
10/11/2024 12:58:36 Central Standard Time: Information : 6 :Received request "2" for method "handshake".
10/11/2024 12:58:36 Central Standard Time: Information : 9 :Invoking Microsoft.VisualStudio.Utilities.ServiceBroker.GlobalBrokeredServiceContainer+View.HandshakeAsync(ServiceBrokerClientMetadata, CancellationToken)
10/11/2024 12:58:36 Central Standard Time : Start : handshake
10/11/2024 12:58:36 Central Standard Time : Stop : handshake
10/11/2024 12:58:36 Central Standard Time: Information : 8 :{"id":2}
10/11/2024 12:58:36 Central Standard Time: Information : 7 :{"id":3,"method":"requestServiceChannel"}
10/11/2024 12:58:36 Central Standard Time: Information : 6 :Received request "3" for method "requestServiceChannel".
10/11/2024 12:58:36 Central Standard Time: Information : 9 :Invoking Microsoft.VisualStudio.Utilities.ServiceBroker.GlobalBrokeredServiceContainer+View.RequestServiceChannelAsync(ServiceMoniker, ServiceActivationOptions, CancellationToken)
10/11/2024 12:58:36 Central Standard Time : Start : requestServiceChannel
10/11/2024 12:58:36 Central Standard Time : Stop : requestServiceChannel
10/11/2024 12:58:36 Central Standard Time: Information : 8 :{"id":3}
10/11/2024 12:58:36 Central Standard Time: Information : 7 :{"id":4,"method":"requestServiceChannel"}
10/11/2024 12:58:36 Central Standard Time: Information : 6 :Received request "4" for method "requestServiceChannel".
10/11/2024 12:58:36 Central Standard Time: Information : 9 :Invoking Microsoft.VisualStudio.Utilities.ServiceBroker.GlobalBrokeredServiceContainer+View.RequestServiceChannelAsync(ServiceMoniker, ServiceActivationOptions, CancellationToken)
10/11/2024 12:58:36 Central Standard Time : Start : requestServiceChannel
10/11/2024 12:58:36 Central Standard Time: Information : 7 :{"id":5,"method":"requestServiceChannel"}
10/11/2024 12:58:36 Central Standard Time: Information : 6 :Received request "5" for method "requestServiceChannel".
10/11/2024 12:58:36 Central Standard Time: Information : 9 :Invoking Microsoft.VisualStudio.Utilities.ServiceBroker.GlobalBrokeredServiceContainer+View.RequestServiceChannelAsync(ServiceMoniker, ServiceActivationOptions, CancellationToken)
10/11/2024 12:58:36 Central Standard Time : Start : requestServiceChannel
10/11/2024 12:58:36 Central Standard Time : Stop : requestServiceChannel
10/11/2024 12:58:36 Central Standard Time: Information : 8 :{"id":4}
10/11/2024 12:58:36 Central Standard Time : Stop : requestServiceChannel
10/11/2024 12:58:36 Central Standard Time: Information : 8 :{"id":5}
10/11/2024 12:58:37 Central Standard Time: Information : 7 :{"id":6,"method":"requestServiceChannel"}
10/11/2024 12:58:37 Central Standard Time: Information : 6 :Received request "6" for method "requestServiceChannel".
10/11/2024 12:58:37 Central Standard Time: Information : 9 :Invoking Microsoft.VisualStudio.Utilities.ServiceBroker.GlobalBrokeredServiceContainer+View.RequestServiceChannelAsync(ServiceMoniker, ServiceActivationOptions, CancellationToken)
10/11/2024 12:58:37 Central Standard Time : Start : requestServiceChannel
10/11/2024 12:58:37 Central Standard Time: Information : 7 :{"id":7,"method":"requestServiceChannel"}
10/11/2024 12:58:37 Central Standard Time: Information : 6 :Received request "7" for method "requestServiceChannel".
10/11/2024 12:58:37 Central Standard Time : Stop : requestServiceChannel
10/11/2024 12:58:37 Central Standard Time: Information : 9 :Invoking Microsoft.VisualStudio.Utilities.ServiceBroker.GlobalBrokeredServiceContainer+View.RequestServiceChannelAsync(ServiceMoniker, ServiceActivationOptions, CancellationToken)
10/11/2024 12:58:37 Central Standard Time: Information : 8 :{"id":6}
10/11/2024 12:58:37 Central Standard Time : Start : requestServiceChannel
10/11/2024 12:58:37 Central Standard Time : Stop : requestServiceChannel
10/11/2024 12:58:37 Central Standard Time: Information : 8 :{"id":7}
10/11/2024 12:58:37 Central Standard Time: Information : 7 :{"id":8,"method":"requestServiceChannel"}
10/11/2024 12:58:37 Central Standard Time: Information : 6 :Received request "8" for method "requestServiceChannel".
10/11/2024 12:58:37 Central Standard Time: Information : 9 :Invoking Microsoft.VisualStudio.Utilities.ServiceBroker.GlobalBrokeredServiceContainer+View.RequestServiceChannelAsync(ServiceMoniker, ServiceActivationOptions, CancellationToken)
10/11/2024 12:58:37 Central Standard Time : Transfer : Transfer, relatedActivityId=adb9f984-6b69-42a9-a27f-6a5ea4a3e7c1
10/11/2024 12:58:37 Central Standard Time : Start : requestServiceChannel
10/11/2024 12:58:37 Central Standard Time : Stop : requestServiceChannel
10/11/2024 12:58:37 Central Standard Time : Transfer : Transfer, relatedActivityId=1076df91-e8af-4ba8-8a6b-4b1ff9534087
10/11/2024 12:58:37 Central Standard Time: Information : 8 :{"id":8}
10/11/2024 12:58:38 Central Standard Time: Information : 7 :{"id":9,"method":"requestServiceChannel"}
10/11/2024 12:58:38 Central Standard Time: Information : 6 :Received request "9" for method "requestServiceChannel".
10/11/2024 12:58:38 Central Standard Time: Information : 9 :Invoking Microsoft.VisualStudio.Utilities.ServiceBroker.GlobalBrokeredServiceContainer+View.RequestServiceChannelAsync(ServiceMoniker, ServiceActivationOptions, CancellationToken)
10/11/2024 12:58:38 Central Standard Time : Start : requestServiceChannel
10/11/2024 12:58:38 Central Standard Time : Stop : requestServiceChannel
10/11/2024 12:58:38 Central Standard Time: Information : 8 :{"id":9}
10/11/2024 12:58:38 Central Standard Time: Information : 7 :{"id":10,"method":"requestServiceChannel"}
10/11/2024 12:58:38 Central Standard Time: Information : 6 :Received request "10" for method "requestServiceChannel".
10/11/2024 12:58:38 Central Standard Time: Information : 9 :Invoking Microsoft.VisualStudio.Utilities.ServiceBroker.GlobalBrokeredServiceContainer+View.RequestServiceChannelAsync(ServiceMoniker, ServiceActivationOptions, CancellationToken)
10/11/2024 12:58:38 Central Standard Time : Start : requestServiceChannel
10/11/2024 12:58:39 Central Standard Time: Information : 7 :{"id":11,"method":"requestServiceChannel"}
10/11/2024 12:58:39 Central Standard Time: Information : 6 :Received request "11" for method "requestServiceChannel".
10/11/2024 12:58:39 Central Standard Time: Information : 9 :Invoking Microsoft.VisualStudio.Utilities.ServiceBroker.GlobalBrokeredServiceContainer+View.RequestServiceChannelAsync(ServiceMoniker, ServiceActivationOptions, CancellationToken)
10/11/2024 12:58:39 Central Standard Time : Start : requestServiceChannel
10/11/2024 12:58:39 Central Standard Time : Stop : requestServiceChannel
10/11/2024 12:58:39 Central Standard Time: Information : 8 :{"id":11}
10/11/2024 12:58:39 Central Standard Time : Stop : requestServiceChannel
10/11/2024 12:58:39 Central Standard Time: Information : 8 :{"id":10}
10/11/2024 12:58:40 Central Standard Time: Information : 7 :{"id":12,"method":"requestServiceChannel"}
10/11/2024 12:58:40 Central Standard Time: Information : 6 :Received request "12" for method "requestServiceChannel".
10/11/2024 12:58:40 Central Standard Time: Information : 9 :Invoking Microsoft.VisualStudio.Utilities.ServiceBroker.GlobalBrokeredServiceContainer+View.RequestServiceChannelAsync(ServiceMoniker, ServiceActivationOptions, CancellationToken)
10/11/2024 12:58:40 Central Standard Time : Start : requestServiceChannel
10/11/2024 12:58:40 Central Standard Time : Stop : requestServiceChannel
10/11/2024 12:58:40 Central Standard Time: Information : 8 :{"id":12}
10/11/2024 12:58:41 Central Standard Time: Information : 7 :{"id":13,"method":"requestServiceChannel"}
10/11/2024 12:58:41 Central Standard Time: Information : 6 :Received request "13" for method "requestServiceChannel".
10/11/2024 12:58:41 Central Standard Time: Information : 9 :Invoking Microsoft.VisualStudio.Utilities.ServiceBroker.GlobalBrokeredServiceContainer+View.RequestServiceChannelAsync(ServiceMoniker, ServiceActivationOptions, CancellationToken)
10/11/2024 12:58:41 Central Standard Time : Start : requestServiceChannel
10/11/2024 12:58:41 Central Standard Time : Stop : requestServiceChannel
10/11/2024 12:58:41 Central Standard Time: Information : 8 :{"id":13}
