10/26/2024 14:04:52 Central Standard Time : Information : Local timezone is (UTC-06:00) Central Time (Chicago)
10/26/2024 14:04:53 Central Standard Time : Information : Service Hub .NET service module host started. Host id: dotnet$C94B8CFE-E3FD-4BAF-A941-2866DBB566FE. Controller pipe: net.pipe://67634FD406. PID: 67658
10/26/2024 14:04:53 Central Standard Time : Information : hubHostClr read: Content-Length: 111

{"jsonrpc":"2.0","id":2,"method":"initializeHost","params":[{"HostsRootDirectory":".","AppConfigFallback":""}]}
10/26/2024 14:04:53 Central Standard Time : Information : hubHostClr write: Content-Length: 79

{"jsonrpc":"2.0","id":2,"result":"dotnet$C94B8CFE-E3FD-4BAF-A941-2866DBB566FE"}
10/26/2024 14:04:53 Central Standard Time : Information : hubHostClr read: Content-Length: 974

{"jsonrpc":"2.0","id":4,"method":"startService","params":[{"name":"Microsoft.CodeCoverage.VSCode.ReportService","host":"dotnet","hostId":"C94B8CFE-E3FD-4BAF-A941-2866DBB566FE","serviceBaseDirectory":"/Users/coycrowder/.vscode/extensions/ms-dotnettools.csdevkit-1.11.14-darwin-x64/components/vs-code-coverage/platforms/darwin-x64/node_modules/@microsoft/coverage-services.darwin-x64","entryPoint":{"assemblyPath":"/Users/coycrowder/.vscode/extensions/ms-dotnettools.csdevkit-1.11.14-darwin-x64/components/vs-code-coverage/platforms/darwin-x64/node_modules/@microsoft/coverage-services.darwin-x64/Microsoft.CodeCoverage.VSCode.Services.dll","fullClassName":"Microsoft.VisualStudio.CoverageServices.ReportServiceFactory"}},{"ActivationArguments":{"__servicehub__ServiceHubRemoteServiceBrokerPipeName":"/Users/coycrowder/.ServiceHub/fea86403a9/7770948944","__servicehub__RequestedServiceVersion":"1.0"},"ClientCredentials":{},"ClientCulture":"en-US","ClientUICulture":"en-US"}]}
10/26/2024 14:04:53 Central Standard Time : Information : hubHostClr read: Content-Length: 1025

{"jsonrpc":"2.0","id":3,"method":"startService","params":[{"name":"Microsoft.VisualStudio.Debugger.HotReloadSessionNotificationService","host":"dotnet","hostId":"C94B8CFE-E3FD-4BAF-A941-2866DBB566FE","serviceBaseDirectory":"/Users/coycrowder/.vscode/extensions/ms-dotnettools.csdevkit-1.11.14-darwin-x64/components/VSDebugCore/platforms/darwin-x64/node_modules/@microsoft/visualstudio-debugger-devkit.darwin-x64","entryPoint":{"assemblyPath":"/Users/coycrowder/.vscode/extensions/ms-dotnettools.csdevkit-1.11.14-darwin-x64/components/VSDebugCore/platforms/darwin-x64/node_modules/@microsoft/visualstudio-debugger-devkit.darwin-x64/Microsoft.VisualStudio.Debugger.DevKit.dll","fullClassName":"Microsoft.VisualStudio.Debugger.HotReloadSessionNotificationService+Factory"}},{"ActivationArguments":{"__servicehub__ServiceHubRemoteServiceBrokerPipeName":"/Users/coycrowder/.ServiceHub/fea86403a9/841ffb3269","__servicehub__RequestedServiceVersion":"0.1"},"ClientCredentials":{},"ClientCulture":"en-US","ClientUICulture":"en-US"}]}Content-Length: 1044

{"jsonrpc":"2.0","id":5,"method":"startService","params":[{"name":"Microsoft.VisualStudio.TestWindow.VSCode.Service","host":"dotnet","hostId":"C94B8CFE-E3FD-4BAF-A941-2866DBB566FE","serviceBaseDirectory":"/Users/coycrowder/.vscode/extensions/ms-dotnettools.csdevkit-1.11.14-darwin-x64/components/VSUnitTesting/platforms/darwin-x64/node_modules/@microsoft/visualstudio-testwindow-vscode-service.darwin-x64","entryPoint":{"assemblyPath":"/Users/coycrowder/.vscode/extensions/ms-dotnettools.csdevkit-1.11.14-darwin-x64/components/VSUnitTesting/platforms/darwin-x64/node_modules/@microsoft/visualstudio-testwindow-vscode-service.darwin-x64/Microsoft.VisualStudio.TestWindow.VSCode.Service.dll","fullClassName":"Microsoft.VisualStudio.TestWindow.VSCode.Service.TestWindowVSCodeServiceFactory"}},{"ActivationArguments":{"__servicehub__ServiceHubRemoteServiceBrokerPipeName":"/Users/coycrowder/.ServiceHub/fea86403a9/45515b50cf","__servicehub__RequestedServiceVersion":"0.1"},"ClientCredentials":{},"ClientCulture":"en-US","ClientUICulture":"en-US"}]}
10/26/2024 14:04:53 Central Standard Time : Information : CLR host received start request for service 'Microsoft.CodeCoverage.VSCode.ReportService'
10/26/2024 14:04:53 Central Standard Time : Information : Loading service module assembly '/Users/coycrowder/.vscode/extensions/ms-dotnettools.csdevkit-1.11.14-darwin-x64/components/vs-code-coverage/platforms/darwin-x64/node_modules/@microsoft/coverage-services.darwin-x64/Microsoft.CodeCoverage.VSCode.Services.dll' from '/Users/coycrowder/.vscode/extensions/ms-dotnettools.csdevkit-1.11.14-darwin-x64/components/vs-code-coverage/platforms/darwin-x64/node_modules/@microsoft/coverage-services.darwin-x64'
10/26/2024 14:04:53 Central Standard Time : Information : Starting service module 'Microsoft.CodeCoverage.VSCode.ReportService'. Class: Microsoft.VisualStudio.CoverageServices.ReportServiceFactory, Supported Version: 
10/26/2024 14:04:53 Central Standard Time : Information : Started service 'Microsoft.CodeCoverage.VSCode.ReportService'. Pipe name: /Users/coycrowder/.ServiceHub/fea86403a9/ca18e12949, Supported Version: 
10/26/2024 14:04:53 Central Standard Time : Information : CLR host received start request for service 'Microsoft.VisualStudio.Debugger.HotReloadSessionNotificationService'
10/26/2024 14:04:53 Central Standard Time : Information : Loading service module assembly '/Users/coycrowder/.vscode/extensions/ms-dotnettools.csdevkit-1.11.14-darwin-x64/components/VSDebugCore/platforms/darwin-x64/node_modules/@microsoft/visualstudio-debugger-devkit.darwin-x64/Microsoft.VisualStudio.Debugger.DevKit.dll' from '/Users/coycrowder/.vscode/extensions/ms-dotnettools.csdevkit-1.11.14-darwin-x64/components/VSDebugCore/platforms/darwin-x64/node_modules/@microsoft/visualstudio-debugger-devkit.darwin-x64'
10/26/2024 14:04:53 Central Standard Time : Information : hubHostClr write: Content-Length: 87

{"jsonrpc":"2.0","id":4,"result":"/Users/coycrowder/.ServiceHub/fea86403a9/ca18e12949"}
10/26/2024 14:04:53 Central Standard Time : Information : Starting service module 'Microsoft.VisualStudio.Debugger.HotReloadSessionNotificationService'. Class: Microsoft.VisualStudio.Debugger.HotReloadSessionNotificationService+Factory, Supported Version: 
10/26/2024 14:04:53 Central Standard Time : Information : Started service 'Microsoft.VisualStudio.Debugger.HotReloadSessionNotificationService'. Pipe name: /Users/coycrowder/.ServiceHub/fea86403a9/c36c2f7db8, Supported Version: 
10/26/2024 14:04:53 Central Standard Time : Information : CLR host received start request for service 'Microsoft.VisualStudio.TestWindow.VSCode.Service'
10/26/2024 14:04:53 Central Standard Time : Information : Loading service module assembly '/Users/coycrowder/.vscode/extensions/ms-dotnettools.csdevkit-1.11.14-darwin-x64/components/VSUnitTesting/platforms/darwin-x64/node_modules/@microsoft/visualstudio-testwindow-vscode-service.darwin-x64/Microsoft.VisualStudio.TestWindow.VSCode.Service.dll' from '/Users/coycrowder/.vscode/extensions/ms-dotnettools.csdevkit-1.11.14-darwin-x64/components/VSUnitTesting/platforms/darwin-x64/node_modules/@microsoft/visualstudio-testwindow-vscode-service.darwin-x64'
10/26/2024 14:04:53 Central Standard Time : Information : hubHostClr write: Content-Length: 87

{"jsonrpc":"2.0","id":3,"result":"/Users/coycrowder/.ServiceHub/fea86403a9/c36c2f7db8"}
10/26/2024 14:04:53 Central Standard Time : Information : Starting service module 'Microsoft.VisualStudio.TestWindow.VSCode.Service'. Class: Microsoft.VisualStudio.TestWindow.VSCode.Service.TestWindowVSCodeServiceFactory, Supported Version: 
10/26/2024 14:04:53 Central Standard Time : Information : Started service 'Microsoft.VisualStudio.TestWindow.VSCode.Service'. Pipe name: /Users/coycrowder/.ServiceHub/fea86403a9/a3528dcab0, Supported Version: 
10/26/2024 14:04:53 Central Standard Time : Information : hubHostClr write: Content-Length: 87

{"jsonrpc":"2.0","id":5,"result":"/Users/coycrowder/.ServiceHub/fea86403a9/a3528dcab0"}
10/26/2024 14:04:53 Central Standard Time : Information : A new client connected to CLR service module 'Microsoft.VisualStudio.Debugger.HotReloadSessionNotificationService'
10/26/2024 14:04:53 Central Standard Time : Information : A new client connected to CLR service module 'Microsoft.VisualStudio.TestWindow.VSCode.Service'
10/26/2024 14:04:53 Central Standard Time : Information : A new client connected to CLR service module 'Microsoft.CodeCoverage.VSCode.ReportService'
10/26/2024 14:04:53 Central Standard Time : Information : Found FactoryVersion=Version2 for service : Microsoft.VisualStudio.TestWindow.VSCode.Service.
10/26/2024 14:04:53 Central Standard Time : Information : Found FactoryVersion=Version2 for service : Microsoft.VisualStudio.Debugger.HotReloadSessionNotificationService.
10/26/2024 14:04:53 Central Standard Time : Information : Service 'Microsoft.VisualStudio.Debugger.HotReloadSessionNotificationService+Factory' implements IServiceHubServiceFactory. Creating factory instance and caching it.
10/26/2024 14:04:53 Central Standard Time : Information : Service 'Microsoft.VisualStudio.TestWindow.VSCode.Service.TestWindowVSCodeServiceFactory' implements IServiceHubServiceFactory. Creating factory instance and caching it.
10/26/2024 14:04:53 Central Standard Time : Information : hubHostClr read: Content-Length: 982

{"jsonrpc":"2.0","id":6,"method":"startService","params":[{"name":"Microsoft.CodeCoverage.VSCode.CollectionService","host":"dotnet","hostId":"C94B8CFE-E3FD-4BAF-A941-2866DBB566FE","serviceBaseDirectory":"/Users/coycrowder/.vscode/extensions/ms-dotnettools.csdevkit-1.11.14-darwin-x64/components/vs-code-coverage/platforms/darwin-x64/node_modules/@microsoft/coverage-services.darwin-x64","entryPoint":{"assemblyPath":"/Users/coycrowder/.vscode/extensions/ms-dotnettools.csdevkit-1.11.14-darwin-x64/components/vs-code-coverage/platforms/darwin-x64/node_modules/@microsoft/coverage-services.darwin-x64/Microsoft.CodeCoverage.VSCode.Services.dll","fullClassName":"Microsoft.VisualStudio.CoverageServices.CollectionServiceFactory"}},{"ActivationArguments":{"__servicehub__ServiceHubRemoteServiceBrokerPipeName":"/Users/coycrowder/.ServiceHub/fea86403a9/ce23b9702b","__servicehub__RequestedServiceVersion":"1.0"},"ClientCredentials":{},"ClientCulture":"en-US","ClientUICulture":"en-US"}]}
10/26/2024 14:04:53 Central Standard Time : Information : Found FactoryVersion=Version2 for service : Microsoft.CodeCoverage.VSCode.ReportService.
10/26/2024 14:04:53 Central Standard Time : Information : Service 'Microsoft.VisualStudio.CoverageServices.ReportServiceFactory' implements IServiceHubServiceFactory. Creating factory instance and caching it.
10/26/2024 14:04:53 Central Standard Time : Information : CLR host received start request for service 'Microsoft.CodeCoverage.VSCode.CollectionService'
10/26/2024 14:04:53 Central Standard Time : Information : hubHostClr write: Content-Length: 105

{"jsonrpc":"2.0","method":"hostServicesStarted","params":["dotnet$C94B8CFE-E3FD-4BAF-A941-2866DBB566FE"]}
10/26/2024 14:04:53 Central Standard Time : Information : Loading service module assembly '/Users/coycrowder/.vscode/extensions/ms-dotnettools.csdevkit-1.11.14-darwin-x64/components/vs-code-coverage/platforms/darwin-x64/node_modules/@microsoft/coverage-services.darwin-x64/Microsoft.CodeCoverage.VSCode.Services.dll' from '/Users/coycrowder/.vscode/extensions/ms-dotnettools.csdevkit-1.11.14-darwin-x64/components/vs-code-coverage/platforms/darwin-x64/node_modules/@microsoft/coverage-services.darwin-x64'
10/26/2024 14:04:53 Central Standard Time : Information : Starting service module 'Microsoft.CodeCoverage.VSCode.CollectionService'. Class: Microsoft.VisualStudio.CoverageServices.CollectionServiceFactory, Supported Version: 
10/26/2024 14:04:53 Central Standard Time : Information : Started service 'Microsoft.CodeCoverage.VSCode.CollectionService'. Pipe name: /Users/coycrowder/.ServiceHub/fea86403a9/4426a5676f, Supported Version: 
10/26/2024 14:04:53 Central Standard Time : Information : hubHostClr write: Content-Length: 87

{"jsonrpc":"2.0","id":6,"result":"/Users/coycrowder/.ServiceHub/fea86403a9/4426a5676f"}
10/26/2024 14:04:53 Central Standard Time : Information : A new client connected to CLR service module 'Microsoft.CodeCoverage.VSCode.CollectionService'
10/26/2024 14:04:53 Central Standard Time : Information : Found FactoryVersion=Version2 for service : Microsoft.CodeCoverage.VSCode.CollectionService.
10/26/2024 14:04:53 Central Standard Time : Information : Service 'Microsoft.VisualStudio.CoverageServices.CollectionServiceFactory' implements IServiceHubServiceFactory. Creating factory instance and caching it.
10/26/2024 14:04:53 Central Standard Time : Information : Creating service Microsoft.VisualStudio.TestWindow.VSCode.Service.TestWindowVSCodeServiceFactory from factory with FactoryVersion=Version2 and ClientRequestedVersion=0.1.
10/26/2024 14:04:53 Central Standard Time : Information : Creating service Microsoft.VisualStudio.CoverageServices.CollectionServiceFactory from factory with FactoryVersion=Version2 and ClientRequestedVersion=1.0.
10/26/2024 14:04:53 Central Standard Time : Information : Creating service Microsoft.VisualStudio.CoverageServices.ReportServiceFactory from factory with FactoryVersion=Version2 and ClientRequestedVersion=1.0.
10/26/2024 14:04:53 Central Standard Time : Information : Creating service Microsoft.VisualStudio.Debugger.HotReloadSessionNotificationService+Factory from factory with FactoryVersion=Version2 and ClientRequestedVersion=0.1.
10/26/2024 14:04:53 Central Standard Time : Information : Setting up RPC connection for service 'Microsoft.VisualStudio.TestWindow.VSCode.Service.TestWindowVSCodeServiceFactory' from factory
10/26/2024 14:04:53 Central Standard Time : Information : Setting up RPC connection for service 'Microsoft.VisualStudio.CoverageServices.ReportServiceFactory' from factory
10/26/2024 14:04:53 Central Standard Time : Information : Setting up RPC connection for service 'Microsoft.VisualStudio.CoverageServices.CollectionServiceFactory' from factory
10/26/2024 14:04:53 Central Standard Time : Information : Setting up RPC connection for service 'Microsoft.VisualStudio.Debugger.HotReloadSessionNotificationService+Factory' from factory
10/26/2024 14:04:54 Central Standard Time : Information : Completed RPC connection setup for service 'Microsoft.VisualStudio.CoverageServices.ReportServiceFactory' from factory
10/26/2024 14:04:54 Central Standard Time : Information : Completed RPC connection setup for service 'Microsoft.VisualStudio.CoverageServices.CollectionServiceFactory' from factory
10/26/2024 14:04:54 Central Standard Time : Information : Completed RPC connection setup for service 'Microsoft.VisualStudio.TestWindow.VSCode.Service.TestWindowVSCodeServiceFactory' from factory
10/26/2024 14:04:54 Central Standard Time : Information : Completed RPC connection setup for service 'Microsoft.VisualStudio.Debugger.HotReloadSessionNotificationService+Factory' from factory
10/26/2024 14:04:54 Central Standard Time : Information : hubHostClr read: Content-Length: 1093

{"jsonrpc":"2.0","id":7,"method":"startService","params":[{"name":"Microsoft.VisualStudio.TestWindow.VSCode.ProjectSystemProvider.Service","host":"dotnet","hostId":"C94B8CFE-E3FD-4BAF-A941-2866DBB566FE","serviceBaseDirectory":"/Users/coycrowder/.vscode/extensions/ms-dotnettools.csdevkit-1.11.14-darwin-x64/components/VSUnitTesting/platforms/darwin-x64/node_modules/@microsoft/visualstudio-testwindow-vscode-service.darwin-x64","entryPoint":{"assemblyPath":"/Users/coycrowder/.vscode/extensions/ms-dotnettools.csdevkit-1.11.14-darwin-x64/components/VSUnitTesting/platforms/darwin-x64/node_modules/@microsoft/visualstudio-testwindow-vscode-service.darwin-x64/Microsoft.VisualStudio.TestWindow.VSCode.Service.dll","fullClassName":"Microsoft.VisualStudio.TestWindow.VSCode.ProjectSystemProvider.Service.ProjectSystemProviderServiceFactory"}},{"ActivationArguments":{"__servicehub__ServiceHubRemoteServiceBrokerPipeName":"/Users/coycrowder/.ServiceHub/fea86403a9/0bc0798b2c","__servicehub__RequestedServiceVersion":"0.1"},"ClientCredentials":{},"ClientCulture":"en-US","ClientUICulture":"en-US"}]}
10/26/2024 14:04:54 Central Standard Time : Information : CLR host received start request for service 'Microsoft.VisualStudio.TestWindow.VSCode.ProjectSystemProvider.Service'
10/26/2024 14:04:54 Central Standard Time : Information : Loading service module assembly '/Users/coycrowder/.vscode/extensions/ms-dotnettools.csdevkit-1.11.14-darwin-x64/components/VSUnitTesting/platforms/darwin-x64/node_modules/@microsoft/visualstudio-testwindow-vscode-service.darwin-x64/Microsoft.VisualStudio.TestWindow.VSCode.Service.dll' from '/Users/coycrowder/.vscode/extensions/ms-dotnettools.csdevkit-1.11.14-darwin-x64/components/VSUnitTesting/platforms/darwin-x64/node_modules/@microsoft/visualstudio-testwindow-vscode-service.darwin-x64'
10/26/2024 14:04:54 Central Standard Time : Information : Starting service module 'Microsoft.VisualStudio.TestWindow.VSCode.ProjectSystemProvider.Service'. Class: Microsoft.VisualStudio.TestWindow.VSCode.ProjectSystemProvider.Service.ProjectSystemProviderServiceFactory, Supported Version: 
10/26/2024 14:04:54 Central Standard Time : Information : Started service 'Microsoft.VisualStudio.TestWindow.VSCode.ProjectSystemProvider.Service'. Pipe name: /Users/coycrowder/.ServiceHub/fea86403a9/07f95b0b09, Supported Version: 
10/26/2024 14:04:54 Central Standard Time : Information : hubHostClr write: Content-Length: 87

{"jsonrpc":"2.0","id":7,"result":"/Users/coycrowder/.ServiceHub/fea86403a9/07f95b0b09"}
10/26/2024 14:04:54 Central Standard Time : Information : A new client connected to CLR service module 'Microsoft.VisualStudio.TestWindow.VSCode.ProjectSystemProvider.Service'
10/26/2024 14:04:54 Central Standard Time : Information : Found FactoryVersion=Version2 for service : Microsoft.VisualStudio.TestWindow.VSCode.ProjectSystemProvider.Service.
10/26/2024 14:04:54 Central Standard Time : Information : Service 'Microsoft.VisualStudio.TestWindow.VSCode.ProjectSystemProvider.Service.ProjectSystemProviderServiceFactory' implements IServiceHubServiceFactory. Creating factory instance and caching it.
10/26/2024 14:04:54 Central Standard Time : Information : Creating service Microsoft.VisualStudio.TestWindow.VSCode.ProjectSystemProvider.Service.ProjectSystemProviderServiceFactory from factory with FactoryVersion=Version2 and ClientRequestedVersion=0.1.
10/26/2024 14:04:54 Central Standard Time : Information : Setting up RPC connection for service 'Microsoft.VisualStudio.TestWindow.VSCode.ProjectSystemProvider.Service.ProjectSystemProviderServiceFactory' from factory
10/26/2024 14:04:54 Central Standard Time : Information : Completed RPC connection setup for service 'Microsoft.VisualStudio.TestWindow.VSCode.ProjectSystemProvider.Service.ProjectSystemProviderServiceFactory' from factory
10/26/2024 14:18:32 Central Standard Time : Information : hubHostClr read: Content-Length: 1026

{"jsonrpc":"2.0","id":8,"method":"startService","params":[{"name":"Microsoft.VisualStudio.Debugger.SymbolLocatorService","host":"dotnet","hostId":"C94B8CFE-E3FD-4BAF-A941-2866DBB566FE","serviceBaseDirectory":"/Users/coycrowder/.vscode/extensions/ms-dotnettools.csdevkit-1.11.14-darwin-x64/components/VSDebugCore/platforms/darwin-x64/node_modules/@microsoft/visualstudio-debugger-devkit.darwin-x64","entryPoint":{"assemblyPath":"/Users/coycrowder/.vscode/extensions/ms-dotnettools.csdevkit-1.11.14-darwin-x64/components/VSDebugCore/platforms/darwin-x64/node_modules/@microsoft/visualstudio-debugger-devkit.darwin-x64/Microsoft.VisualStudio.Debugger.DevKit.dll","fullClassName":"Microsoft.VisualStudio.Debugger.BrokeredServices.SymbolLocator.SymbolLocatorService+Factory"}},{"ActivationArguments":{"__servicehub__ServiceHubRemoteServiceBrokerPipeName":"/Users/coycrowder/.ServiceHub/fea86403a9/617e4e4064","__servicehub__RequestedServiceVersion":"0.1"},"ClientCredentials":{},"ClientCulture":"en-US","ClientUICulture":"en-US"}]}
10/26/2024 14:18:32 Central Standard Time : Information : CLR host received start request for service 'Microsoft.VisualStudio.Debugger.SymbolLocatorService'
10/26/2024 14:18:32 Central Standard Time : Information : Loading service module assembly '/Users/coycrowder/.vscode/extensions/ms-dotnettools.csdevkit-1.11.14-darwin-x64/components/VSDebugCore/platforms/darwin-x64/node_modules/@microsoft/visualstudio-debugger-devkit.darwin-x64/Microsoft.VisualStudio.Debugger.DevKit.dll' from '/Users/coycrowder/.vscode/extensions/ms-dotnettools.csdevkit-1.11.14-darwin-x64/components/VSDebugCore/platforms/darwin-x64/node_modules/@microsoft/visualstudio-debugger-devkit.darwin-x64'
10/26/2024 14:18:32 Central Standard Time : Information : Starting service module 'Microsoft.VisualStudio.Debugger.SymbolLocatorService'. Class: Microsoft.VisualStudio.Debugger.BrokeredServices.SymbolLocator.SymbolLocatorService+Factory, Supported Version: 
10/26/2024 14:18:32 Central Standard Time : Information : Started service 'Microsoft.VisualStudio.Debugger.SymbolLocatorService'. Pipe name: /Users/coycrowder/.ServiceHub/fea86403a9/91bf951a77, Supported Version: 
10/26/2024 14:18:32 Central Standard Time : Information : hubHostClr write: Content-Length: 87

{"jsonrpc":"2.0","id":8,"result":"/Users/coycrowder/.ServiceHub/fea86403a9/91bf951a77"}
10/26/2024 14:18:32 Central Standard Time : Information : A new client connected to CLR service module 'Microsoft.VisualStudio.Debugger.SymbolLocatorService'
10/26/2024 14:18:32 Central Standard Time : Information : Found FactoryVersion=Version2 for service : Microsoft.VisualStudio.Debugger.SymbolLocatorService.
10/26/2024 14:18:32 Central Standard Time : Information : Service 'Microsoft.VisualStudio.Debugger.BrokeredServices.SymbolLocator.SymbolLocatorService+Factory' implements IServiceHubServiceFactory. Creating factory instance and caching it.
10/26/2024 14:18:32 Central Standard Time : Information : Creating service Microsoft.VisualStudio.Debugger.BrokeredServices.SymbolLocator.SymbolLocatorService+Factory from factory with FactoryVersion=Version2 and ClientRequestedVersion=0.1.
10/26/2024 14:18:32 Central Standard Time : Information : Setting up RPC connection for service 'Microsoft.VisualStudio.Debugger.BrokeredServices.SymbolLocator.SymbolLocatorService+Factory' from factory
10/26/2024 14:18:32 Central Standard Time : Information : Completed RPC connection setup for service 'Microsoft.VisualStudio.Debugger.BrokeredServices.SymbolLocator.SymbolLocatorService+Factory' from factory
10/26/2024 14:18:32 Central Standard Time : Information : Checking if 'Microsoft.VisualStudio.Debugger.BrokeredServices.SymbolLocator.SymbolLocatorService+Factory' implements Microsoft.VisualStudio.Threading.IAsyncDisposable.
10/26/2024 14:18:32 Central Standard Time : Information : Checking if 'Microsoft.VisualStudio.Debugger.BrokeredServices.SymbolLocator.SymbolLocatorService+Factory' implements System.IAsyncDisposable.
10/26/2024 14:18:32 Central Standard Time : Information : Checking if 'Microsoft.VisualStudio.Debugger.BrokeredServices.SymbolLocator.SymbolLocatorService+Factory' implements System.IDisposable.
10/26/2024 14:18:32 Central Standard Time : Information : hubHostClr read: Content-Length: 989

{"jsonrpc":"2.0","id":9,"method":"startService","params":[{"name":"Microsoft.VisualStudio.Debugger.SourceLinkService","host":"dotnet","hostId":"C94B8CFE-E3FD-4BAF-A941-2866DBB566FE","serviceBaseDirectory":"/Users/coycrowder/.vscode/extensions/ms-dotnettools.csdevkit-1.11.14-darwin-x64/components/VSDebugCore/platforms/darwin-x64/node_modules/@microsoft/visualstudio-debugger-devkit.darwin-x64","entryPoint":{"assemblyPath":"/Users/coycrowder/.vscode/extensions/ms-dotnettools.csdevkit-1.11.14-darwin-x64/components/VSDebugCore/platforms/darwin-x64/node_modules/@microsoft/visualstudio-debugger-devkit.darwin-x64/Microsoft.VisualStudio.Debugger.DevKit.dll","fullClassName":"Microsoft.VisualStudio.Debugger.SourceLinkService+Factory"}},{"ActivationArguments":{"__servicehub__ServiceHubRemoteServiceBrokerPipeName":"/Users/coycrowder/.ServiceHub/fea86403a9/99e1707832","__servicehub__RequestedServiceVersion":"0.1"},"ClientCredentials":{},"ClientCulture":"en-US","ClientUICulture":"en-US"}]}
10/26/2024 14:18:32 Central Standard Time : Information : CLR host received start request for service 'Microsoft.VisualStudio.Debugger.SourceLinkService'
10/26/2024 14:18:32 Central Standard Time : Information : Loading service module assembly '/Users/coycrowder/.vscode/extensions/ms-dotnettools.csdevkit-1.11.14-darwin-x64/components/VSDebugCore/platforms/darwin-x64/node_modules/@microsoft/visualstudio-debugger-devkit.darwin-x64/Microsoft.VisualStudio.Debugger.DevKit.dll' from '/Users/coycrowder/.vscode/extensions/ms-dotnettools.csdevkit-1.11.14-darwin-x64/components/VSDebugCore/platforms/darwin-x64/node_modules/@microsoft/visualstudio-debugger-devkit.darwin-x64'
10/26/2024 14:18:32 Central Standard Time : Information : Starting service module 'Microsoft.VisualStudio.Debugger.SourceLinkService'. Class: Microsoft.VisualStudio.Debugger.SourceLinkService+Factory, Supported Version: 
10/26/2024 14:18:32 Central Standard Time : Information : Started service 'Microsoft.VisualStudio.Debugger.SourceLinkService'. Pipe name: /Users/coycrowder/.ServiceHub/fea86403a9/9969ddf85f, Supported Version: 
10/26/2024 14:18:32 Central Standard Time : Information : hubHostClr write: Content-Length: 87

{"jsonrpc":"2.0","id":9,"result":"/Users/coycrowder/.ServiceHub/fea86403a9/9969ddf85f"}
10/26/2024 14:18:32 Central Standard Time : Information : A new client connected to CLR service module 'Microsoft.VisualStudio.Debugger.SourceLinkService'
10/26/2024 14:18:32 Central Standard Time : Information : Found FactoryVersion=Version2 for service : Microsoft.VisualStudio.Debugger.SourceLinkService.
10/26/2024 14:18:32 Central Standard Time : Information : Service 'Microsoft.VisualStudio.Debugger.SourceLinkService+Factory' implements IServiceHubServiceFactory. Creating factory instance and caching it.
10/26/2024 14:18:32 Central Standard Time : Information : Creating service Microsoft.VisualStudio.Debugger.SourceLinkService+Factory from factory with FactoryVersion=Version2 and ClientRequestedVersion=0.1.
10/26/2024 14:18:32 Central Standard Time : Information : Setting up RPC connection for service 'Microsoft.VisualStudio.Debugger.SourceLinkService+Factory' from factory
10/26/2024 14:18:32 Central Standard Time : Information : Completed RPC connection setup for service 'Microsoft.VisualStudio.Debugger.SourceLinkService+Factory' from factory
10/26/2024 14:18:32 Central Standard Time : Information : Checking if 'Microsoft.VisualStudio.Debugger.SourceLinkService+Factory' implements Microsoft.VisualStudio.Threading.IAsyncDisposable.
10/26/2024 14:18:32 Central Standard Time : Information : Checking if 'Microsoft.VisualStudio.Debugger.SourceLinkService+Factory' implements System.IAsyncDisposable.
10/26/2024 14:18:32 Central Standard Time : Information : Checking if 'Microsoft.VisualStudio.Debugger.SourceLinkService+Factory' implements System.IDisposable.
10/26/2024 14:22:35 Central Standard Time : Information : hubHostClr read: Content-Length: 1027

{"jsonrpc":"2.0","id":10,"method":"startService","params":[{"name":"Microsoft.VisualStudio.Debugger.SymbolLocatorService","host":"dotnet","hostId":"C94B8CFE-E3FD-4BAF-A941-2866DBB566FE","serviceBaseDirectory":"/Users/coycrowder/.vscode/extensions/ms-dotnettools.csdevkit-1.11.14-darwin-x64/components/VSDebugCore/platforms/darwin-x64/node_modules/@microsoft/visualstudio-debugger-devkit.darwin-x64","entryPoint":{"assemblyPath":"/Users/coycrowder/.vscode/extensions/ms-dotnettools.csdevkit-1.11.14-darwin-x64/components/VSDebugCore/platforms/darwin-x64/node_modules/@microsoft/visualstudio-debugger-devkit.darwin-x64/Microsoft.VisualStudio.Debugger.DevKit.dll","fullClassName":"Microsoft.VisualStudio.Debugger.BrokeredServices.SymbolLocator.SymbolLocatorService+Factory"}},{"ActivationArguments":{"__servicehub__ServiceHubRemoteServiceBrokerPipeName":"/Users/coycrowder/.ServiceHub/fea86403a9/c83003ed69","__servicehub__RequestedServiceVersion":"0.1"},"ClientCredentials":{},"ClientCulture":"en-US","ClientUICulture":"en-US"}]}
10/26/2024 14:22:35 Central Standard Time : Information : CLR host received start request for service 'Microsoft.VisualStudio.Debugger.SymbolLocatorService'
10/26/2024 14:22:35 Central Standard Time : Information : Loading service module assembly '/Users/coycrowder/.vscode/extensions/ms-dotnettools.csdevkit-1.11.14-darwin-x64/components/VSDebugCore/platforms/darwin-x64/node_modules/@microsoft/visualstudio-debugger-devkit.darwin-x64/Microsoft.VisualStudio.Debugger.DevKit.dll' from '/Users/coycrowder/.vscode/extensions/ms-dotnettools.csdevkit-1.11.14-darwin-x64/components/VSDebugCore/platforms/darwin-x64/node_modules/@microsoft/visualstudio-debugger-devkit.darwin-x64'
10/26/2024 14:22:35 Central Standard Time : Information : Starting service module 'Microsoft.VisualStudio.Debugger.SymbolLocatorService'. Class: Microsoft.VisualStudio.Debugger.BrokeredServices.SymbolLocator.SymbolLocatorService+Factory, Supported Version: 
10/26/2024 14:22:35 Central Standard Time : Information : Started service 'Microsoft.VisualStudio.Debugger.SymbolLocatorService'. Pipe name: /Users/coycrowder/.ServiceHub/fea86403a9/5eeb9e8b4f, Supported Version: 
10/26/2024 14:22:35 Central Standard Time : Information : hubHostClr write: Content-Length: 88

{"jsonrpc":"2.0","id":10,"result":"/Users/coycrowder/.ServiceHub/fea86403a9/5eeb9e8b4f"}
10/26/2024 14:22:35 Central Standard Time : Information : A new client connected to CLR service module 'Microsoft.VisualStudio.Debugger.SymbolLocatorService'
10/26/2024 14:22:35 Central Standard Time : Information : Found FactoryVersion=Version2 for service : Microsoft.VisualStudio.Debugger.SymbolLocatorService.
10/26/2024 14:22:35 Central Standard Time : Information : Service 'Microsoft.VisualStudio.Debugger.BrokeredServices.SymbolLocator.SymbolLocatorService+Factory' implements IServiceHubServiceFactory. Creating factory instance and caching it.
10/26/2024 14:22:35 Central Standard Time : Information : Creating service Microsoft.VisualStudio.Debugger.BrokeredServices.SymbolLocator.SymbolLocatorService+Factory from factory with FactoryVersion=Version2 and ClientRequestedVersion=0.1.
10/26/2024 14:22:35 Central Standard Time : Information : Setting up RPC connection for service 'Microsoft.VisualStudio.Debugger.BrokeredServices.SymbolLocator.SymbolLocatorService+Factory' from factory
10/26/2024 14:22:35 Central Standard Time : Information : Completed RPC connection setup for service 'Microsoft.VisualStudio.Debugger.BrokeredServices.SymbolLocator.SymbolLocatorService+Factory' from factory
10/26/2024 14:22:35 Central Standard Time : Information : hubHostClr read: Content-Length: 990

{"jsonrpc":"2.0","id":11,"method":"startService","params":[{"name":"Microsoft.VisualStudio.Debugger.SourceLinkService","host":"dotnet","hostId":"C94B8CFE-E3FD-4BAF-A941-2866DBB566FE","serviceBaseDirectory":"/Users/coycrowder/.vscode/extensions/ms-dotnettools.csdevkit-1.11.14-darwin-x64/components/VSDebugCore/platforms/darwin-x64/node_modules/@microsoft/visualstudio-debugger-devkit.darwin-x64","entryPoint":{"assemblyPath":"/Users/coycrowder/.vscode/extensions/ms-dotnettools.csdevkit-1.11.14-darwin-x64/components/VSDebugCore/platforms/darwin-x64/node_modules/@microsoft/visualstudio-debugger-devkit.darwin-x64/Microsoft.VisualStudio.Debugger.DevKit.dll","fullClassName":"Microsoft.VisualStudio.Debugger.SourceLinkService+Factory"}},{"ActivationArguments":{"__servicehub__ServiceHubRemoteServiceBrokerPipeName":"/Users/coycrowder/.ServiceHub/fea86403a9/274a1adb22","__servicehub__RequestedServiceVersion":"0.1"},"ClientCredentials":{},"ClientCulture":"en-US","ClientUICulture":"en-US"}]}
10/26/2024 14:22:35 Central Standard Time : Information : CLR host received start request for service 'Microsoft.VisualStudio.Debugger.SourceLinkService'
10/26/2024 14:22:35 Central Standard Time : Information : Loading service module assembly '/Users/coycrowder/.vscode/extensions/ms-dotnettools.csdevkit-1.11.14-darwin-x64/components/VSDebugCore/platforms/darwin-x64/node_modules/@microsoft/visualstudio-debugger-devkit.darwin-x64/Microsoft.VisualStudio.Debugger.DevKit.dll' from '/Users/coycrowder/.vscode/extensions/ms-dotnettools.csdevkit-1.11.14-darwin-x64/components/VSDebugCore/platforms/darwin-x64/node_modules/@microsoft/visualstudio-debugger-devkit.darwin-x64'
10/26/2024 14:22:35 Central Standard Time : Information : Starting service module 'Microsoft.VisualStudio.Debugger.SourceLinkService'. Class: Microsoft.VisualStudio.Debugger.SourceLinkService+Factory, Supported Version: 
10/26/2024 14:22:35 Central Standard Time : Information : Started service 'Microsoft.VisualStudio.Debugger.SourceLinkService'. Pipe name: /Users/coycrowder/.ServiceHub/fea86403a9/07bd8057df, Supported Version: 
10/26/2024 14:22:35 Central Standard Time : Information : Checking if 'Microsoft.VisualStudio.Debugger.BrokeredServices.SymbolLocator.SymbolLocatorService+Factory' implements Microsoft.VisualStudio.Threading.IAsyncDisposable.
10/26/2024 14:22:35 Central Standard Time : Information : Checking if 'Microsoft.VisualStudio.Debugger.BrokeredServices.SymbolLocator.SymbolLocatorService+Factory' implements System.IAsyncDisposable.
10/26/2024 14:22:35 Central Standard Time : Information : hubHostClr write: Content-Length: 88

{"jsonrpc":"2.0","id":11,"result":"/Users/coycrowder/.ServiceHub/fea86403a9/07bd8057df"}
10/26/2024 14:22:35 Central Standard Time : Information : Checking if 'Microsoft.VisualStudio.Debugger.BrokeredServices.SymbolLocator.SymbolLocatorService+Factory' implements System.IDisposable.
10/26/2024 14:22:35 Central Standard Time : Information : A new client connected to CLR service module 'Microsoft.VisualStudio.Debugger.SourceLinkService'
10/26/2024 14:22:35 Central Standard Time : Information : Found FactoryVersion=Version2 for service : Microsoft.VisualStudio.Debugger.SourceLinkService.
10/26/2024 14:22:35 Central Standard Time : Information : Service 'Microsoft.VisualStudio.Debugger.SourceLinkService+Factory' implements IServiceHubServiceFactory. Creating factory instance and caching it.
10/26/2024 14:22:35 Central Standard Time : Information : Creating service Microsoft.VisualStudio.Debugger.SourceLinkService+Factory from factory with FactoryVersion=Version2 and ClientRequestedVersion=0.1.
10/26/2024 14:22:35 Central Standard Time : Information : Setting up RPC connection for service 'Microsoft.VisualStudio.Debugger.SourceLinkService+Factory' from factory
10/26/2024 14:22:35 Central Standard Time : Information : Completed RPC connection setup for service 'Microsoft.VisualStudio.Debugger.SourceLinkService+Factory' from factory
10/26/2024 14:22:35 Central Standard Time : Information : Checking if 'Microsoft.VisualStudio.Debugger.SourceLinkService+Factory' implements Microsoft.VisualStudio.Threading.IAsyncDisposable.
10/26/2024 14:22:35 Central Standard Time : Information : Checking if 'Microsoft.VisualStudio.Debugger.SourceLinkService+Factory' implements System.IAsyncDisposable.
10/26/2024 14:22:35 Central Standard Time : Information : Checking if 'Microsoft.VisualStudio.Debugger.SourceLinkService+Factory' implements System.IDisposable.
10/26/2024 14:30:51 Central Standard Time : Information : hubHostClr read: Content-Length: 1027

{"jsonrpc":"2.0","id":12,"method":"startService","params":[{"name":"Microsoft.VisualStudio.Debugger.SymbolLocatorService","host":"dotnet","hostId":"C94B8CFE-E3FD-4BAF-A941-2866DBB566FE","serviceBaseDirectory":"/Users/coycrowder/.vscode/extensions/ms-dotnettools.csdevkit-1.11.14-darwin-x64/components/VSDebugCore/platforms/darwin-x64/node_modules/@microsoft/visualstudio-debugger-devkit.darwin-x64","entryPoint":{"assemblyPath":"/Users/coycrowder/.vscode/extensions/ms-dotnettools.csdevkit-1.11.14-darwin-x64/components/VSDebugCore/platforms/darwin-x64/node_modules/@microsoft/visualstudio-debugger-devkit.darwin-x64/Microsoft.VisualStudio.Debugger.DevKit.dll","fullClassName":"Microsoft.VisualStudio.Debugger.BrokeredServices.SymbolLocator.SymbolLocatorService+Factory"}},{"ActivationArguments":{"__servicehub__ServiceHubRemoteServiceBrokerPipeName":"/Users/coycrowder/.ServiceHub/fea86403a9/a7e9171bb1","__servicehub__RequestedServiceVersion":"0.1"},"ClientCredentials":{},"ClientCulture":"en-US","ClientUICulture":"en-US"}]}
10/26/2024 14:30:51 Central Standard Time : Information : CLR host received start request for service 'Microsoft.VisualStudio.Debugger.SymbolLocatorService'
10/26/2024 14:30:51 Central Standard Time : Information : Loading service module assembly '/Users/coycrowder/.vscode/extensions/ms-dotnettools.csdevkit-1.11.14-darwin-x64/components/VSDebugCore/platforms/darwin-x64/node_modules/@microsoft/visualstudio-debugger-devkit.darwin-x64/Microsoft.VisualStudio.Debugger.DevKit.dll' from '/Users/coycrowder/.vscode/extensions/ms-dotnettools.csdevkit-1.11.14-darwin-x64/components/VSDebugCore/platforms/darwin-x64/node_modules/@microsoft/visualstudio-debugger-devkit.darwin-x64'
10/26/2024 14:30:51 Central Standard Time : Information : Starting service module 'Microsoft.VisualStudio.Debugger.SymbolLocatorService'. Class: Microsoft.VisualStudio.Debugger.BrokeredServices.SymbolLocator.SymbolLocatorService+Factory, Supported Version: 
10/26/2024 14:30:51 Central Standard Time : Information : Started service 'Microsoft.VisualStudio.Debugger.SymbolLocatorService'. Pipe name: /Users/coycrowder/.ServiceHub/fea86403a9/e45269769d, Supported Version: 
10/26/2024 14:30:51 Central Standard Time : Information : hubHostClr write: Content-Length: 88

{"jsonrpc":"2.0","id":12,"result":"/Users/coycrowder/.ServiceHub/fea86403a9/e45269769d"}
10/26/2024 14:30:51 Central Standard Time : Information : A new client connected to CLR service module 'Microsoft.VisualStudio.Debugger.SymbolLocatorService'
10/26/2024 14:30:51 Central Standard Time : Information : Found FactoryVersion=Version2 for service : Microsoft.VisualStudio.Debugger.SymbolLocatorService.
10/26/2024 14:30:51 Central Standard Time : Information : Service 'Microsoft.VisualStudio.Debugger.BrokeredServices.SymbolLocator.SymbolLocatorService+Factory' implements IServiceHubServiceFactory. Creating factory instance and caching it.
10/26/2024 14:30:51 Central Standard Time : Information : Creating service Microsoft.VisualStudio.Debugger.BrokeredServices.SymbolLocator.SymbolLocatorService+Factory from factory with FactoryVersion=Version2 and ClientRequestedVersion=0.1.
10/26/2024 14:30:51 Central Standard Time : Information : Setting up RPC connection for service 'Microsoft.VisualStudio.Debugger.BrokeredServices.SymbolLocator.SymbolLocatorService+Factory' from factory
10/26/2024 14:30:51 Central Standard Time : Information : Completed RPC connection setup for service 'Microsoft.VisualStudio.Debugger.BrokeredServices.SymbolLocator.SymbolLocatorService+Factory' from factory
10/26/2024 14:30:51 Central Standard Time : Information : Checking if 'Microsoft.VisualStudio.Debugger.BrokeredServices.SymbolLocator.SymbolLocatorService+Factory' implements Microsoft.VisualStudio.Threading.IAsyncDisposable.
10/26/2024 14:30:51 Central Standard Time : Information : Checking if 'Microsoft.VisualStudio.Debugger.BrokeredServices.SymbolLocator.SymbolLocatorService+Factory' implements System.IAsyncDisposable.
10/26/2024 14:30:51 Central Standard Time : Information : Checking if 'Microsoft.VisualStudio.Debugger.BrokeredServices.SymbolLocator.SymbolLocatorService+Factory' implements System.IDisposable.
10/26/2024 14:30:51 Central Standard Time : Information : hubHostClr read: Content-Length: 990

{"jsonrpc":"2.0","id":13,"method":"startService","params":[{"name":"Microsoft.VisualStudio.Debugger.SourceLinkService","host":"dotnet","hostId":"C94B8CFE-E3FD-4BAF-A941-2866DBB566FE","serviceBaseDirectory":"/Users/coycrowder/.vscode/extensions/ms-dotnettools.csdevkit-1.11.14-darwin-x64/components/VSDebugCore/platforms/darwin-x64/node_modules/@microsoft/visualstudio-debugger-devkit.darwin-x64","entryPoint":{"assemblyPath":"/Users/coycrowder/.vscode/extensions/ms-dotnettools.csdevkit-1.11.14-darwin-x64/components/VSDebugCore/platforms/darwin-x64/node_modules/@microsoft/visualstudio-debugger-devkit.darwin-x64/Microsoft.VisualStudio.Debugger.DevKit.dll","fullClassName":"Microsoft.VisualStudio.Debugger.SourceLinkService+Factory"}},{"ActivationArguments":{"__servicehub__ServiceHubRemoteServiceBrokerPipeName":"/Users/coycrowder/.ServiceHub/fea86403a9/8580e61974","__servicehub__RequestedServiceVersion":"0.1"},"ClientCredentials":{},"ClientCulture":"en-US","ClientUICulture":"en-US"}]}
10/26/2024 14:30:51 Central Standard Time : Information : CLR host received start request for service 'Microsoft.VisualStudio.Debugger.SourceLinkService'
10/26/2024 14:30:51 Central Standard Time : Information : Loading service module assembly '/Users/coycrowder/.vscode/extensions/ms-dotnettools.csdevkit-1.11.14-darwin-x64/components/VSDebugCore/platforms/darwin-x64/node_modules/@microsoft/visualstudio-debugger-devkit.darwin-x64/Microsoft.VisualStudio.Debugger.DevKit.dll' from '/Users/coycrowder/.vscode/extensions/ms-dotnettools.csdevkit-1.11.14-darwin-x64/components/VSDebugCore/platforms/darwin-x64/node_modules/@microsoft/visualstudio-debugger-devkit.darwin-x64'
10/26/2024 14:30:51 Central Standard Time : Information : Starting service module 'Microsoft.VisualStudio.Debugger.SourceLinkService'. Class: Microsoft.VisualStudio.Debugger.SourceLinkService+Factory, Supported Version: 
10/26/2024 14:30:51 Central Standard Time : Information : Started service 'Microsoft.VisualStudio.Debugger.SourceLinkService'. Pipe name: /Users/coycrowder/.ServiceHub/fea86403a9/7da13b7f1b, Supported Version: 
10/26/2024 14:30:51 Central Standard Time : Information : hubHostClr write: Content-Length: 88

{"jsonrpc":"2.0","id":13,"result":"/Users/coycrowder/.ServiceHub/fea86403a9/7da13b7f1b"}
10/26/2024 14:30:51 Central Standard Time : Information : A new client connected to CLR service module 'Microsoft.VisualStudio.Debugger.SourceLinkService'
10/26/2024 14:30:51 Central Standard Time : Information : Found FactoryVersion=Version2 for service : Microsoft.VisualStudio.Debugger.SourceLinkService.
10/26/2024 14:30:51 Central Standard Time : Information : Service 'Microsoft.VisualStudio.Debugger.SourceLinkService+Factory' implements IServiceHubServiceFactory. Creating factory instance and caching it.
10/26/2024 14:30:51 Central Standard Time : Information : Creating service Microsoft.VisualStudio.Debugger.SourceLinkService+Factory from factory with FactoryVersion=Version2 and ClientRequestedVersion=0.1.
10/26/2024 14:30:51 Central Standard Time : Information : Setting up RPC connection for service 'Microsoft.VisualStudio.Debugger.SourceLinkService+Factory' from factory
10/26/2024 14:30:51 Central Standard Time : Information : Completed RPC connection setup for service 'Microsoft.VisualStudio.Debugger.SourceLinkService+Factory' from factory
10/26/2024 14:30:51 Central Standard Time : Information : Checking if 'Microsoft.VisualStudio.Debugger.SourceLinkService+Factory' implements Microsoft.VisualStudio.Threading.IAsyncDisposable.
10/26/2024 14:30:51 Central Standard Time : Information : Checking if 'Microsoft.VisualStudio.Debugger.SourceLinkService+Factory' implements System.IAsyncDisposable.
10/26/2024 14:30:51 Central Standard Time : Information : Checking if 'Microsoft.VisualStudio.Debugger.SourceLinkService+Factory' implements System.IDisposable.
10/26/2024 14:35:12 Central Standard Time : Information : hubHostClr read: Content-Length: 1027

{"jsonrpc":"2.0","id":14,"method":"startService","params":[{"name":"Microsoft.VisualStudio.Debugger.SymbolLocatorService","host":"dotnet","hostId":"C94B8CFE-E3FD-4BAF-A941-2866DBB566FE","serviceBaseDirectory":"/Users/coycrowder/.vscode/extensions/ms-dotnettools.csdevkit-1.11.14-darwin-x64/components/VSDebugCore/platforms/darwin-x64/node_modules/@microsoft/visualstudio-debugger-devkit.darwin-x64","entryPoint":{"assemblyPath":"/Users/coycrowder/.vscode/extensions/ms-dotnettools.csdevkit-1.11.14-darwin-x64/components/VSDebugCore/platforms/darwin-x64/node_modules/@microsoft/visualstudio-debugger-devkit.darwin-x64/Microsoft.VisualStudio.Debugger.DevKit.dll","fullClassName":"Microsoft.VisualStudio.Debugger.BrokeredServices.SymbolLocator.SymbolLocatorService+Factory"}},{"ActivationArguments":{"__servicehub__ServiceHubRemoteServiceBrokerPipeName":"/Users/coycrowder/.ServiceHub/fea86403a9/4b23e0faa7","__servicehub__RequestedServiceVersion":"0.1"},"ClientCredentials":{},"ClientCulture":"en-US","ClientUICulture":"en-US"}]}
10/26/2024 14:35:12 Central Standard Time : Information : CLR host received start request for service 'Microsoft.VisualStudio.Debugger.SymbolLocatorService'
10/26/2024 14:35:12 Central Standard Time : Information : Loading service module assembly '/Users/coycrowder/.vscode/extensions/ms-dotnettools.csdevkit-1.11.14-darwin-x64/components/VSDebugCore/platforms/darwin-x64/node_modules/@microsoft/visualstudio-debugger-devkit.darwin-x64/Microsoft.VisualStudio.Debugger.DevKit.dll' from '/Users/coycrowder/.vscode/extensions/ms-dotnettools.csdevkit-1.11.14-darwin-x64/components/VSDebugCore/platforms/darwin-x64/node_modules/@microsoft/visualstudio-debugger-devkit.darwin-x64'
10/26/2024 14:35:12 Central Standard Time : Information : Starting service module 'Microsoft.VisualStudio.Debugger.SymbolLocatorService'. Class: Microsoft.VisualStudio.Debugger.BrokeredServices.SymbolLocator.SymbolLocatorService+Factory, Supported Version: 
10/26/2024 14:35:12 Central Standard Time : Information : Started service 'Microsoft.VisualStudio.Debugger.SymbolLocatorService'. Pipe name: /Users/coycrowder/.ServiceHub/fea86403a9/a7c63d5a78, Supported Version: 
10/26/2024 14:35:12 Central Standard Time : Information : hubHostClr write: Content-Length: 88

{"jsonrpc":"2.0","id":14,"result":"/Users/coycrowder/.ServiceHub/fea86403a9/a7c63d5a78"}
10/26/2024 14:35:12 Central Standard Time : Information : A new client connected to CLR service module 'Microsoft.VisualStudio.Debugger.SymbolLocatorService'
10/26/2024 14:35:12 Central Standard Time : Information : Found FactoryVersion=Version2 for service : Microsoft.VisualStudio.Debugger.SymbolLocatorService.
10/26/2024 14:35:12 Central Standard Time : Information : Service 'Microsoft.VisualStudio.Debugger.BrokeredServices.SymbolLocator.SymbolLocatorService+Factory' implements IServiceHubServiceFactory. Creating factory instance and caching it.
10/26/2024 14:35:12 Central Standard Time : Information : Creating service Microsoft.VisualStudio.Debugger.BrokeredServices.SymbolLocator.SymbolLocatorService+Factory from factory with FactoryVersion=Version2 and ClientRequestedVersion=0.1.
10/26/2024 14:35:12 Central Standard Time : Information : Setting up RPC connection for service 'Microsoft.VisualStudio.Debugger.BrokeredServices.SymbolLocator.SymbolLocatorService+Factory' from factory
10/26/2024 14:35:12 Central Standard Time : Information : Completed RPC connection setup for service 'Microsoft.VisualStudio.Debugger.BrokeredServices.SymbolLocator.SymbolLocatorService+Factory' from factory
10/26/2024 14:35:12 Central Standard Time : Information : Checking if 'Microsoft.VisualStudio.Debugger.BrokeredServices.SymbolLocator.SymbolLocatorService+Factory' implements Microsoft.VisualStudio.Threading.IAsyncDisposable.
10/26/2024 14:35:12 Central Standard Time : Information : Checking if 'Microsoft.VisualStudio.Debugger.BrokeredServices.SymbolLocator.SymbolLocatorService+Factory' implements System.IAsyncDisposable.
10/26/2024 14:35:12 Central Standard Time : Information : Checking if 'Microsoft.VisualStudio.Debugger.BrokeredServices.SymbolLocator.SymbolLocatorService+Factory' implements System.IDisposable.
10/26/2024 14:35:12 Central Standard Time : Information : hubHostClr read: Content-Length: 990

{"jsonrpc":"2.0","id":15,"method":"startService","params":[{"name":"Microsoft.VisualStudio.Debugger.SourceLinkService","host":"dotnet","hostId":"C94B8CFE-E3FD-4BAF-A941-2866DBB566FE","serviceBaseDirectory":"/Users/coycrowder/.vscode/extensions/ms-dotnettools.csdevkit-1.11.14-darwin-x64/components/VSDebugCore/platforms/darwin-x64/node_modules/@microsoft/visualstudio-debugger-devkit.darwin-x64","entryPoint":{"assemblyPath":"/Users/coycrowder/.vscode/extensions/ms-dotnettools.csdevkit-1.11.14-darwin-x64/components/VSDebugCore/platforms/darwin-x64/node_modules/@microsoft/visualstudio-debugger-devkit.darwin-x64/Microsoft.VisualStudio.Debugger.DevKit.dll","fullClassName":"Microsoft.VisualStudio.Debugger.SourceLinkService+Factory"}},{"ActivationArguments":{"__servicehub__ServiceHubRemoteServiceBrokerPipeName":"/Users/coycrowder/.ServiceHub/fea86403a9/175559b47f","__servicehub__RequestedServiceVersion":"0.1"},"ClientCredentials":{},"ClientCulture":"en-US","ClientUICulture":"en-US"}]}
10/26/2024 14:35:12 Central Standard Time : Information : CLR host received start request for service 'Microsoft.VisualStudio.Debugger.SourceLinkService'
10/26/2024 14:35:12 Central Standard Time : Information : hubHostClr read: Content-Length: 990

{"jsonrpc":"2.0","id":16,"method":"startService","params":[{"name":"Microsoft.VisualStudio.Debugger.SourceLinkService","host":"dotnet","hostId":"C94B8CFE-E3FD-4BAF-A941-2866DBB566FE","serviceBaseDirectory":"/Users/coycrowder/.vscode/extensions/ms-dotnettools.csdevkit-1.11.14-darwin-x64/components/VSDebugCore/platforms/darwin-x64/node_modules/@microsoft/visualstudio-debugger-devkit.darwin-x64","entryPoint":{"assemblyPath":"/Users/coycrowder/.vscode/extensions/ms-dotnettools.csdevkit-1.11.14-darwin-x64/components/VSDebugCore/platforms/darwin-x64/node_modules/@microsoft/visualstudio-debugger-devkit.darwin-x64/Microsoft.VisualStudio.Debugger.DevKit.dll","fullClassName":"Microsoft.VisualStudio.Debugger.SourceLinkService+Factory"}},{"ActivationArguments":{"__servicehub__ServiceHubRemoteServiceBrokerPipeName":"/Users/coycrowder/.ServiceHub/fea86403a9/ddfb94f6ac","__servicehub__RequestedServiceVersion":"0.1"},"ClientCredentials":{},"ClientCulture":"en-US","ClientUICulture":"en-US"}]}
10/26/2024 14:35:12 Central Standard Time : Information : Loading service module assembly '/Users/coycrowder/.vscode/extensions/ms-dotnettools.csdevkit-1.11.14-darwin-x64/components/VSDebugCore/platforms/darwin-x64/node_modules/@microsoft/visualstudio-debugger-devkit.darwin-x64/Microsoft.VisualStudio.Debugger.DevKit.dll' from '/Users/coycrowder/.vscode/extensions/ms-dotnettools.csdevkit-1.11.14-darwin-x64/components/VSDebugCore/platforms/darwin-x64/node_modules/@microsoft/visualstudio-debugger-devkit.darwin-x64'
10/26/2024 14:35:12 Central Standard Time : Information : Starting service module 'Microsoft.VisualStudio.Debugger.SourceLinkService'. Class: Microsoft.VisualStudio.Debugger.SourceLinkService+Factory, Supported Version: 
10/26/2024 14:35:12 Central Standard Time : Information : Started service 'Microsoft.VisualStudio.Debugger.SourceLinkService'. Pipe name: /Users/coycrowder/.ServiceHub/fea86403a9/e10304f922, Supported Version: 
10/26/2024 14:35:12 Central Standard Time : Information : CLR host received start request for service 'Microsoft.VisualStudio.Debugger.SourceLinkService'
10/26/2024 14:35:12 Central Standard Time : Information : hubHostClr write: Content-Length: 88

{"jsonrpc":"2.0","id":15,"result":"/Users/coycrowder/.ServiceHub/fea86403a9/e10304f922"}
10/26/2024 14:35:12 Central Standard Time : Information : Loading service module assembly '/Users/coycrowder/.vscode/extensions/ms-dotnettools.csdevkit-1.11.14-darwin-x64/components/VSDebugCore/platforms/darwin-x64/node_modules/@microsoft/visualstudio-debugger-devkit.darwin-x64/Microsoft.VisualStudio.Debugger.DevKit.dll' from '/Users/coycrowder/.vscode/extensions/ms-dotnettools.csdevkit-1.11.14-darwin-x64/components/VSDebugCore/platforms/darwin-x64/node_modules/@microsoft/visualstudio-debugger-devkit.darwin-x64'
10/26/2024 14:35:12 Central Standard Time : Information : Starting service module 'Microsoft.VisualStudio.Debugger.SourceLinkService'. Class: Microsoft.VisualStudio.Debugger.SourceLinkService+Factory, Supported Version: 
10/26/2024 14:35:12 Central Standard Time : Information : Started service 'Microsoft.VisualStudio.Debugger.SourceLinkService'. Pipe name: /Users/coycrowder/.ServiceHub/fea86403a9/402b57207b, Supported Version: 
10/26/2024 14:35:12 Central Standard Time : Information : hubHostClr write: Content-Length: 88

{"jsonrpc":"2.0","id":16,"result":"/Users/coycrowder/.ServiceHub/fea86403a9/402b57207b"}
10/26/2024 14:35:12 Central Standard Time : Information : A new client connected to CLR service module 'Microsoft.VisualStudio.Debugger.SourceLinkService'
10/26/2024 14:35:12 Central Standard Time : Information : A new client connected to CLR service module 'Microsoft.VisualStudio.Debugger.SourceLinkService'
10/26/2024 14:35:12 Central Standard Time : Information : Found FactoryVersion=Version2 for service : Microsoft.VisualStudio.Debugger.SourceLinkService.
10/26/2024 14:35:12 Central Standard Time : Information : Service 'Microsoft.VisualStudio.Debugger.SourceLinkService+Factory' implements IServiceHubServiceFactory. Creating factory instance and caching it.
10/26/2024 14:35:12 Central Standard Time : Information : Found IServiceHubServiceFactory in cache. Creating instance from the factory.
10/26/2024 14:35:12 Central Standard Time : Information : Creating service Microsoft.VisualStudio.Debugger.SourceLinkService+Factory from factory with FactoryVersion=Version2 and ClientRequestedVersion=0.1.
10/26/2024 14:35:12 Central Standard Time : Information : Setting up RPC connection for service 'Microsoft.VisualStudio.Debugger.SourceLinkService+Factory' from factory
10/26/2024 14:35:12 Central Standard Time : Information : Creating service Microsoft.VisualStudio.Debugger.SourceLinkService+Factory from factory with FactoryVersion=Version2 and ClientRequestedVersion=0.1.
10/26/2024 14:35:12 Central Standard Time : Information : Setting up RPC connection for service 'Microsoft.VisualStudio.Debugger.SourceLinkService+Factory' from factory
10/26/2024 14:35:12 Central Standard Time : Information : Completed RPC connection setup for service 'Microsoft.VisualStudio.Debugger.SourceLinkService+Factory' from factory
10/26/2024 14:35:12 Central Standard Time : Information : Completed RPC connection setup for service 'Microsoft.VisualStudio.Debugger.SourceLinkService+Factory' from factory
10/26/2024 14:35:13 Central Standard Time : Information : Checking if 'Microsoft.VisualStudio.Debugger.SourceLinkService+Factory' implements Microsoft.VisualStudio.Threading.IAsyncDisposable.
10/26/2024 14:35:13 Central Standard Time : Information : Checking if 'Microsoft.VisualStudio.Debugger.SourceLinkService+Factory' implements System.IAsyncDisposable.
10/26/2024 14:35:13 Central Standard Time : Information : Checking if 'Microsoft.VisualStudio.Debugger.SourceLinkService+Factory' implements System.IDisposable.
10/26/2024 14:55:20 Central Standard Time : Information : Checking if 'Microsoft.VisualStudio.CoverageServices.ReportServiceFactory' implements Microsoft.VisualStudio.Threading.IAsyncDisposable.
10/26/2024 14:55:20 Central Standard Time : Information : Checking if 'Microsoft.VisualStudio.CoverageServices.ReportServiceFactory' implements System.IAsyncDisposable.
10/26/2024 14:55:20 Central Standard Time : Information : Checking if 'Microsoft.VisualStudio.CoverageServices.ReportServiceFactory' implements System.IDisposable.
10/26/2024 14:55:20 Central Standard Time : Information : Checking if 'Microsoft.VisualStudio.TestWindow.VSCode.ProjectSystemProvider.Service.ProjectSystemProviderServiceFactory' implements Microsoft.VisualStudio.Threading.IAsyncDisposable.
10/26/2024 14:55:20 Central Standard Time : Information : Checking if 'Microsoft.VisualStudio.TestWindow.VSCode.ProjectSystemProvider.Service.ProjectSystemProviderServiceFactory' implements System.IAsyncDisposable.
10/26/2024 14:55:20 Central Standard Time : Information : Checking if 'Microsoft.VisualStudio.TestWindow.VSCode.ProjectSystemProvider.Service.ProjectSystemProviderServiceFactory' implements System.IDisposable.
10/26/2024 14:55:20 Central Standard Time : Information : Checking if 'Microsoft.VisualStudio.CoverageServices.CollectionServiceFactory' implements Microsoft.VisualStudio.Threading.IAsyncDisposable.
10/26/2024 14:55:20 Central Standard Time : Information : Checking if 'Microsoft.VisualStudio.CoverageServices.CollectionServiceFactory' implements System.IAsyncDisposable.
10/26/2024 14:55:20 Central Standard Time : Information : Checking if 'Microsoft.VisualStudio.CoverageServices.CollectionServiceFactory' implements System.IDisposable.
10/26/2024 14:55:20 Central Standard Time : Information : Checking if 'Microsoft.VisualStudio.TestWindow.VSCode.Service.TestWindowVSCodeServiceFactory' implements Microsoft.VisualStudio.Threading.IAsyncDisposable.
10/26/2024 14:55:20 Central Standard Time : Information : Checking if 'Microsoft.VisualStudio.TestWindow.VSCode.Service.TestWindowVSCodeServiceFactory' implements System.IAsyncDisposable.
10/26/2024 14:55:20 Central Standard Time : Information : Checking if 'Microsoft.VisualStudio.TestWindow.VSCode.Service.TestWindowVSCodeServiceFactory' implements System.IDisposable.
10/26/2024 14:55:20 Central Standard Time : Information : Checking if 'Microsoft.VisualStudio.Debugger.HotReloadSessionNotificationService+Factory' implements Microsoft.VisualStudio.Threading.IAsyncDisposable.
10/26/2024 14:55:20 Central Standard Time : Information : Checking if 'Microsoft.VisualStudio.Debugger.HotReloadSessionNotificationService+Factory' implements System.IAsyncDisposable.
10/26/2024 14:55:20 Central Standard Time : Information : Checking if 'Microsoft.VisualStudio.Debugger.HotReloadSessionNotificationService+Factory' implements System.IDisposable.
10/26/2024 14:55:20 Central Standard Time : Information : hubHostClr write: Content-Length: 103

{"jsonrpc":"2.0","method":"hostServicesEnded","params":["dotnet$C94B8CFE-E3FD-4BAF-A941-2866DBB566FE"]}
10/26/2024 14:55:20 Central Standard Time : Information : hubHostClr read: Content-Length: 46

{"jsonrpc":"2.0","method":"exit","params":[3]}
10/26/2024 14:55:20 Central Standard Time : Information : Exit command received with reason 'ForcedControllerShutdown'. Exiting CLR host
10/26/2024 14:55:20 Central Standard Time : Information : hubHostClr JSON RPC has been disposed
10/26/2024 14:55:20 Central Standard Time : Information : hubHostClr read: end of stream
