10/26/2024 14:18:32 Central Standard Time : Information : Local timezone is (UTC-06:00) Central Time (Chicago)
10/26/2024 14:18:32 Central Standard Time : Information : Added local RPC method "getPipe" -> Microsoft.VisualStudio.Utilities.ServiceBroker.GlobalBrokeredServiceContainer+View.GetPipeAsync(ServiceMoniker, ServiceActivationOptions, CancellationToken) (Microsoft.VisualStudio.Utilities.ServiceBroker.GlobalBrokeredServiceContainer+View)
10/26/2024 14:18:32 Central Standard Time : Information : Added local RPC method "getProxy" -> Microsoft.VisualStudio.Utilities.ServiceBroker.GlobalBrokeredServiceContainer+View.GetProxyAsync(ServiceRpcDescriptor, ServiceActivationOptions, CancellationToken) (Microsoft.VisualStudio.Utilities.ServiceBroker.GlobalBrokeredServiceContainer+View)
10/26/2024 14:18:32 Central Standard Time : Information : Added local RPC method "handshake" -> Microsoft.VisualStudio.Utilities.ServiceBroker.GlobalBrokeredServiceContainer+View.HandshakeAsync(ServiceBrokerClientMetadata, CancellationToken) (Microsoft.VisualStudio.Utilities.ServiceBroker.GlobalBrokeredServiceContainer+View)
10/26/2024 14:18:32 Central Standard Time : Information : Added local RPC method "requestServiceChannel" -> Microsoft.VisualStudio.Utilities.ServiceBroker.GlobalBrokeredServiceContainer+View.RequestServiceChannelAsync(ServiceMoniker, ServiceActivationOptions, CancellationToken) (Microsoft.VisualStudio.Utilities.ServiceBroker.GlobalBrokeredServiceContainer+View)
10/26/2024 14:18:32 Central Standard Time : Information : Added local RPC method "cancelServiceRequest" -> Microsoft.VisualStudio.Utilities.ServiceBroker.GlobalBrokeredServiceContainer+View.CancelServiceRequestAsync(Guid) (Microsoft.VisualStudio.Utilities.ServiceBroker.GlobalBrokeredServiceContainer+View)
10/26/2024 14:18:32 Central Standard Time : Information : Added local RPC method "getPipe" -> Microsoft.VisualStudio.Utilities.ServiceBroker.GlobalBrokeredServiceContainer+View.GetPipeAsync(ServiceMoniker, ServiceActivationOptions, CancellationToken) (Microsoft.VisualStudio.Utilities.ServiceBroker.GlobalBrokeredServiceContainer+View)
10/26/2024 14:18:32 Central Standard Time : Information : Added local RPC method "getProxy" -> Microsoft.VisualStudio.Utilities.ServiceBroker.GlobalBrokeredServiceContainer+View.GetProxyAsync(ServiceRpcDescriptor, ServiceActivationOptions, CancellationToken) (Microsoft.VisualStudio.Utilities.ServiceBroker.GlobalBrokeredServiceContainer+View)
10/26/2024 14:18:32 Central Standard Time : Information : Added local RPC method "handshake" -> Microsoft.VisualStudio.Utilities.ServiceBroker.GlobalBrokeredServiceContainer+View.HandshakeAsync(ServiceBrokerClientMetadata, CancellationToken) (Microsoft.VisualStudio.Utilities.ServiceBroker.GlobalBrokeredServiceContainer+View)
10/26/2024 14:18:32 Central Standard Time : Information : Added local RPC method "requestServiceChannel" -> Microsoft.VisualStudio.Utilities.ServiceBroker.GlobalBrokeredServiceContainer+View.RequestServiceChannelAsync(ServiceMoniker, ServiceActivationOptions, CancellationToken) (Microsoft.VisualStudio.Utilities.ServiceBroker.GlobalBrokeredServiceContainer+View)
10/26/2024 14:18:32 Central Standard Time : Information : Added local RPC method "cancelServiceRequest" -> Microsoft.VisualStudio.Utilities.ServiceBroker.GlobalBrokeredServiceContainer+View.CancelServiceRequestAsync(Guid) (Microsoft.VisualStudio.Utilities.ServiceBroker.GlobalBrokeredServiceContainer+View)
10/26/2024 14:18:32 Central Standard Time: Information : 2 :Listening for events from Microsoft.VisualStudio.Utilities.ServiceBroker.GlobalBrokeredServiceContainer+View.AvailabilityChanged to raise notification.
10/26/2024 14:18:32 Central Standard Time: Information : 3 :Listening started.
10/26/2024 14:18:32 Central Standard Time: Information : 7 :{"id":2,"method":"handshake"}
10/26/2024 14:18:32 Central Standard Time: Information : 6 :Received request "2" for method "handshake".
10/26/2024 14:18:32 Central Standard Time: Information : 9 :Invoking Microsoft.VisualStudio.Utilities.ServiceBroker.GlobalBrokeredServiceContainer+View.HandshakeAsync(ServiceBrokerClientMetadata, CancellationToken)
10/26/2024 14:18:32 Central Standard Time : Start : handshake
10/26/2024 14:18:32 Central Standard Time : Stop : handshake
10/26/2024 14:18:32 Central Standard Time: Information : 8 :{"id":2}
10/26/2024 14:18:32 Central Standard Time: Information : 7 :{"id":3,"method":"requestServiceChannel"}
10/26/2024 14:18:32 Central Standard Time: Information : 6 :Received request "3" for method "requestServiceChannel".
10/26/2024 14:18:32 Central Standard Time: Information : 9 :Invoking Microsoft.VisualStudio.Utilities.ServiceBroker.GlobalBrokeredServiceContainer+View.RequestServiceChannelAsync(ServiceMoniker, ServiceActivationOptions, CancellationToken)
10/26/2024 14:18:32 Central Standard Time : Start : requestServiceChannel
10/26/2024 14:18:32 Central Standard Time : Stop : requestServiceChannel
10/26/2024 14:18:32 Central Standard Time: Information : 8 :{"id":3}
10/26/2024 14:18:32 Central Standard Time: Information : 7 :{"id":4,"method":"requestServiceChannel"}
10/26/2024 14:18:32 Central Standard Time: Information : 6 :Received request "4" for method "requestServiceChannel".
10/26/2024 14:18:32 Central Standard Time: Information : 9 :Invoking Microsoft.VisualStudio.Utilities.ServiceBroker.GlobalBrokeredServiceContainer+View.RequestServiceChannelAsync(ServiceMoniker, ServiceActivationOptions, CancellationToken)
10/26/2024 14:18:32 Central Standard Time : Transfer : Transfer, relatedActivityId=6ee5bcdc-5f4c-41db-ba16-3e8024abeb3b
10/26/2024 14:18:32 Central Standard Time : Start : requestServiceChannel
10/26/2024 14:18:32 Central Standard Time : Stop : requestServiceChannel
10/26/2024 14:18:32 Central Standard Time : Transfer : Transfer, relatedActivityId=82735bef-7202-4978-a665-228edfd8e11d
10/26/2024 14:18:32 Central Standard Time: Information : 8 :{"id":4}
10/26/2024 14:18:32 Central Standard Time: Information : 7 :{"id":5,"method":"requestServiceChannel"}
10/26/2024 14:18:32 Central Standard Time: Information : 6 :Received request "5" for method "requestServiceChannel".
10/26/2024 14:18:32 Central Standard Time: Information : 9 :Invoking Microsoft.VisualStudio.Utilities.ServiceBroker.GlobalBrokeredServiceContainer+View.RequestServiceChannelAsync(ServiceMoniker, ServiceActivationOptions, CancellationToken)
10/26/2024 14:18:32 Central Standard Time : Transfer : Transfer, relatedActivityId=2875cfd2-2210-404e-a856-7840859d968b
10/26/2024 14:18:32 Central Standard Time : Start : requestServiceChannel
10/26/2024 14:18:32 Central Standard Time : Stop : requestServiceChannel
10/26/2024 14:18:32 Central Standard Time : Transfer : Transfer, relatedActivityId=82735bef-7202-4978-a665-228edfd8e11d
10/26/2024 14:18:32 Central Standard Time: Information : 8 :{"id":5}
