12/01/2024 09:32:41 Eastern Standard Time : Information : Local timezone is (UTC-05:00) Eastern Time (New York)
12/01/2024 09:32:41 Eastern Standard Time : Information : Added local RPC method "getPipe" -> Microsoft.VisualStudio.Utilities.ServiceBroker.GlobalBrokeredServiceContainer+View.GetPipeAsync(ServiceMoniker, ServiceActivationOptions, CancellationToken) (Microsoft.VisualStudio.Utilities.ServiceBroker.GlobalBrokeredServiceContainer+View)
12/01/2024 09:32:41 Eastern Standard Time : Information : Added local RPC method "getProxy" -> Microsoft.VisualStudio.Utilities.ServiceBroker.GlobalBrokeredServiceContainer+View.GetProxyAsync(ServiceRpcDescriptor, ServiceActivationOptions, CancellationToken) (Microsoft.VisualStudio.Utilities.ServiceBroker.GlobalBrokeredServiceContainer+View)
12/01/2024 09:32:41 Eastern Standard Time : Information : Added local RPC method "handshake" -> Microsoft.VisualStudio.Utilities.ServiceBroker.GlobalBrokeredServiceContainer+View.HandshakeAsync(ServiceBrokerClientMetadata, CancellationToken) (Microsoft.VisualStudio.Utilities.ServiceBroker.GlobalBrokeredServiceContainer+View)
12/01/2024 09:32:41 Eastern Standard Time : Information : Added local RPC method "requestServiceChannel" -> Microsoft.VisualStudio.Utilities.ServiceBroker.GlobalBrokeredServiceContainer+View.RequestServiceChannelAsync(ServiceMoniker, ServiceActivationOptions, CancellationToken) (Microsoft.VisualStudio.Utilities.ServiceBroker.GlobalBrokeredServiceContainer+View)
12/01/2024 09:32:41 Eastern Standard Time : Information : Added local RPC method "cancelServiceRequest" -> Microsoft.VisualStudio.Utilities.ServiceBroker.GlobalBrokeredServiceContainer+View.CancelServiceRequestAsync(Guid) (Microsoft.VisualStudio.Utilities.ServiceBroker.GlobalBrokeredServiceContainer+View)
12/01/2024 09:32:41 Eastern Standard Time : Information : Added local RPC method "getPipe" -> Microsoft.VisualStudio.Utilities.ServiceBroker.GlobalBrokeredServiceContainer+View.GetPipeAsync(ServiceMoniker, ServiceActivationOptions, CancellationToken) (Microsoft.VisualStudio.Utilities.ServiceBroker.GlobalBrokeredServiceContainer+View)
12/01/2024 09:32:41 Eastern Standard Time : Information : Added local RPC method "getProxy" -> Microsoft.VisualStudio.Utilities.ServiceBroker.GlobalBrokeredServiceContainer+View.GetProxyAsync(ServiceRpcDescriptor, ServiceActivationOptions, CancellationToken) (Microsoft.VisualStudio.Utilities.ServiceBroker.GlobalBrokeredServiceContainer+View)
12/01/2024 09:32:41 Eastern Standard Time : Information : Added local RPC method "handshake" -> Microsoft.VisualStudio.Utilities.ServiceBroker.GlobalBrokeredServiceContainer+View.HandshakeAsync(ServiceBrokerClientMetadata, CancellationToken) (Microsoft.VisualStudio.Utilities.ServiceBroker.GlobalBrokeredServiceContainer+View)
12/01/2024 09:32:41 Eastern Standard Time : Information : Added local RPC method "requestServiceChannel" -> Microsoft.VisualStudio.Utilities.ServiceBroker.GlobalBrokeredServiceContainer+View.RequestServiceChannelAsync(ServiceMoniker, ServiceActivationOptions, CancellationToken) (Microsoft.VisualStudio.Utilities.ServiceBroker.GlobalBrokeredServiceContainer+View)
12/01/2024 09:32:41 Eastern Standard Time : Information : Added local RPC method "cancelServiceRequest" -> Microsoft.VisualStudio.Utilities.ServiceBroker.GlobalBrokeredServiceContainer+View.CancelServiceRequestAsync(Guid) (Microsoft.VisualStudio.Utilities.ServiceBroker.GlobalBrokeredServiceContainer+View)
12/01/2024 09:32:41 Eastern Standard Time: Information : 2 :Listening for events from Microsoft.VisualStudio.Utilities.ServiceBroker.GlobalBrokeredServiceContainer+View.AvailabilityChanged to raise notification.
12/01/2024 09:32:41 Eastern Standard Time: Information : 3 :Listening started.
12/01/2024 09:32:41 Eastern Standard Time: Information : 7 :{"id":2,"method":"handshake"}
12/01/2024 09:32:41 Eastern Standard Time: Information : 6 :Received request "2" for method "handshake".
12/01/2024 09:32:41 Eastern Standard Time: Information : 9 :Invoking Microsoft.VisualStudio.Utilities.ServiceBroker.GlobalBrokeredServiceContainer+View.HandshakeAsync(ServiceBrokerClientMetadata, CancellationToken)
12/01/2024 09:32:41 Eastern Standard Time : Start : handshake
12/01/2024 09:32:41 Eastern Standard Time : Stop : handshake
12/01/2024 09:32:41 Eastern Standard Time: Information : 8 :{"id":2}
12/01/2024 09:32:41 Eastern Standard Time: Information : 7 :{"id":3,"method":"requestServiceChannel"}
12/01/2024 09:32:41 Eastern Standard Time: Information : 6 :Received request "3" for method "requestServiceChannel".
12/01/2024 09:32:41 Eastern Standard Time: Information : 9 :Invoking Microsoft.VisualStudio.Utilities.ServiceBroker.GlobalBrokeredServiceContainer+View.RequestServiceChannelAsync(ServiceMoniker, ServiceActivationOptions, CancellationToken)
12/01/2024 09:32:41 Eastern Standard Time : Start : requestServiceChannel
12/01/2024 09:32:41 Eastern Standard Time : Stop : requestServiceChannel
12/01/2024 09:32:41 Eastern Standard Time: Information : 8 :{"id":3}
12/01/2024 09:32:41 Eastern Standard Time: Information : 7 :{"id":4,"method":"requestServiceChannel"}
12/01/2024 09:32:41 Eastern Standard Time: Information : 6 :Received request "4" for method "requestServiceChannel".
12/01/2024 09:32:41 Eastern Standard Time: Information : 9 :Invoking Microsoft.VisualStudio.Utilities.ServiceBroker.GlobalBrokeredServiceContainer+View.RequestServiceChannelAsync(ServiceMoniker, ServiceActivationOptions, CancellationToken)
12/01/2024 09:32:41 Eastern Standard Time : Start : requestServiceChannel
12/01/2024 09:32:41 Eastern Standard Time: Information : 7 :{"id":5,"method":"requestServiceChannel"}
12/01/2024 09:32:41 Eastern Standard Time: Information : 6 :Received request "5" for method "requestServiceChannel".
12/01/2024 09:32:41 Eastern Standard Time: Information : 9 :Invoking Microsoft.VisualStudio.Utilities.ServiceBroker.GlobalBrokeredServiceContainer+View.RequestServiceChannelAsync(ServiceMoniker, ServiceActivationOptions, CancellationToken)
12/01/2024 09:32:41 Eastern Standard Time : Start : requestServiceChannel
12/01/2024 09:32:41 Eastern Standard Time : Stop : requestServiceChannel
12/01/2024 09:32:41 Eastern Standard Time: Information : 8 :{"id":4}
12/01/2024 09:32:41 Eastern Standard Time : Stop : requestServiceChannel
12/01/2024 09:32:41 Eastern Standard Time: Information : 8 :{"id":5}
12/01/2024 09:32:42 Eastern Standard Time: Information : 7 :{"id":6,"method":"requestServiceChannel"}
12/01/2024 09:32:42 Eastern Standard Time: Information : 6 :Received request "6" for method "requestServiceChannel".
12/01/2024 09:32:42 Eastern Standard Time: Information : 9 :Invoking Microsoft.VisualStudio.Utilities.ServiceBroker.GlobalBrokeredServiceContainer+View.RequestServiceChannelAsync(ServiceMoniker, ServiceActivationOptions, CancellationToken)
12/01/2024 09:32:42 Eastern Standard Time : Start : requestServiceChannel
12/01/2024 09:32:42 Eastern Standard Time : Stop : requestServiceChannel
12/01/2024 09:32:42 Eastern Standard Time: Information : 8 :{"id":6}
12/01/2024 09:32:42 Eastern Standard Time: Information : 7 :{"id":7,"method":"requestServiceChannel"}
12/01/2024 09:32:42 Eastern Standard Time: Information : 6 :Received request "7" for method "requestServiceChannel".
12/01/2024 09:32:42 Eastern Standard Time: Information : 9 :Invoking Microsoft.VisualStudio.Utilities.ServiceBroker.GlobalBrokeredServiceContainer+View.RequestServiceChannelAsync(ServiceMoniker, ServiceActivationOptions, CancellationToken)
12/01/2024 09:32:42 Eastern Standard Time : Start : requestServiceChannel
12/01/2024 09:32:42 Eastern Standard Time : Stop : requestServiceChannel
12/01/2024 09:32:42 Eastern Standard Time: Information : 8 :{"id":7}
12/01/2024 09:32:42 Eastern Standard Time: Information : 7 :{"id":8,"method":"requestServiceChannel"}
12/01/2024 09:32:42 Eastern Standard Time: Information : 6 :Received request "8" for method "requestServiceChannel".
12/01/2024 09:32:42 Eastern Standard Time: Information : 9 :Invoking Microsoft.VisualStudio.Utilities.ServiceBroker.GlobalBrokeredServiceContainer+View.RequestServiceChannelAsync(ServiceMoniker, ServiceActivationOptions, CancellationToken)
12/01/2024 09:32:42 Eastern Standard Time : Transfer : Transfer, relatedActivityId=cd4a96a2-cc19-4fe8-bec8-a32c2ff27b06
12/01/2024 09:32:42 Eastern Standard Time : Start : requestServiceChannel
12/01/2024 09:32:42 Eastern Standard Time : Stop : requestServiceChannel
12/01/2024 09:32:42 Eastern Standard Time : Transfer : Transfer, relatedActivityId=8b038551-6e2f-42cf-b8ee-e6d5f48aa651
12/01/2024 09:32:42 Eastern Standard Time: Information : 8 :{"id":8}
12/01/2024 09:32:44 Eastern Standard Time: Information : 7 :{"id":9,"method":"requestServiceChannel"}
12/01/2024 09:32:44 Eastern Standard Time: Information : 6 :Received request "9" for method "requestServiceChannel".
12/01/2024 09:32:44 Eastern Standard Time: Information : 9 :Invoking Microsoft.VisualStudio.Utilities.ServiceBroker.GlobalBrokeredServiceContainer+View.RequestServiceChannelAsync(ServiceMoniker, ServiceActivationOptions, CancellationToken)
12/01/2024 09:32:44 Eastern Standard Time : Start : requestServiceChannel
12/01/2024 09:32:44 Eastern Standard Time : Stop : requestServiceChannel
12/01/2024 09:32:44 Eastern Standard Time: Information : 8 :{"id":9}
12/01/2024 09:32:44 Eastern Standard Time: Information : 7 :{"id":10,"method":"requestServiceChannel"}
12/01/2024 09:32:44 Eastern Standard Time: Information : 6 :Received request "10" for method "requestServiceChannel".
12/01/2024 09:32:44 Eastern Standard Time: Information : 9 :Invoking Microsoft.VisualStudio.Utilities.ServiceBroker.GlobalBrokeredServiceContainer+View.RequestServiceChannelAsync(ServiceMoniker, ServiceActivationOptions, CancellationToken)
12/01/2024 09:32:44 Eastern Standard Time : Start : requestServiceChannel
12/01/2024 09:32:44 Eastern Standard Time : Stop : requestServiceChannel
12/01/2024 09:32:44 Eastern Standard Time: Information : 8 :{"id":10}
12/01/2024 09:32:44 Eastern Standard Time: Information : 7 :{"id":11,"method":"requestServiceChannel"}
12/01/2024 09:32:44 Eastern Standard Time: Information : 6 :Received request "11" for method "requestServiceChannel".
12/01/2024 09:32:44 Eastern Standard Time: Information : 9 :Invoking Microsoft.VisualStudio.Utilities.ServiceBroker.GlobalBrokeredServiceContainer+View.RequestServiceChannelAsync(ServiceMoniker, ServiceActivationOptions, CancellationToken)
12/01/2024 09:32:44 Eastern Standard Time : Start : requestServiceChannel
12/01/2024 09:32:44 Eastern Standard Time : Stop : requestServiceChannel
12/01/2024 09:32:44 Eastern Standard Time: Information : 8 :{"id":11}
12/01/2024 09:32:45 Eastern Standard Time: Information : 7 :{"id":12,"method":"requestServiceChannel"}
12/01/2024 09:32:45 Eastern Standard Time: Information : 6 :Received request "12" for method "requestServiceChannel".
12/01/2024 09:32:45 Eastern Standard Time: Information : 9 :Invoking Microsoft.VisualStudio.Utilities.ServiceBroker.GlobalBrokeredServiceContainer+View.RequestServiceChannelAsync(ServiceMoniker, ServiceActivationOptions, CancellationToken)
12/01/2024 09:32:45 Eastern Standard Time : Start : requestServiceChannel
12/01/2024 09:32:45 Eastern Standard Time : Stop : requestServiceChannel
12/01/2024 09:32:45 Eastern Standard Time: Information : 8 :{"id":12}
