11/15/2024 23:54:56 Central Standard Time : Information : Local timezone is (UTC-06:00) Central Time (Chicago)
11/15/2024 23:54:56 Central Standard Time : Information : Started controller with command line /Users/coycrowder/.vscode/extensions/ms-dotnettools.csdevkit-1.13.9-darwin-x64/components/vs-green-server/platforms/darwin-x64/node_modules/@microsoft/servicehub-controller-net60.darwin-x64/Microsoft.ServiceHub.Controller 6edcafb98c /ControllerCooldownTimeout:30000 /TelemetrySession:{"TelemetryLevel":"all","IsOptedIn":false,"HostName":"Default","AppInsightsInstrumentationKey":null,"AsimovInstrumentationKey":null,"CollectorApiKey":"0c6ae279ed8443289764825290e4f9e2-1a736e7c-1324-4338-be46-fc2a58ae4d14-7255","AppId":1010,"UserId":"3d76fee3-fa9c-4203-8cf8-72c0143d8ff5","Id":"c05dd046-b6ec-47f4-8cb0-c4d945178e411731736352127","ProcessStartTime":133762100947095940,"SkuName":null,"VSExeVersion":null,"BucketFiltersToEnableWatsonForFaults":[],"BucketFiltersToAddDumpsToFaults":[]}
11/15/2024 23:54:56 Central Standard Time : Information : Acquiring single controller instance mutex with name '-1124947867-ServiceHubControllerSingleInstanceMutex'
11/15/2024 23:54:56 Central Standard Time : Information : Acquired single controller instance mutex with name '-1124947867-ServiceHubControllerSingleInstanceMutex'
11/15/2024 23:54:57 Central Standard Time : Information : Controller cooldown timeout is set to 30000ms
11/15/2024 23:54:57 Central Standard Time : Information : Starting server 'hubController' at 'net.pipe://6edcafb98c' (at '/Users/coycrowder/.ServiceHub/6edcafb98c/6edcafb98c').
11/15/2024 23:54:57 Central Standard Time : Information : Successfully started server on pipe 6edcafb98c
11/15/2024 23:54:57 Central Standard Time : Information : Triggered controller shutdown timer process.
11/15/2024 23:54:57 Central Standard Time : Information : Client connected to controller
11/15/2024 23:54:57 Central Standard Time : Information : Client connected to controller
11/15/2024 23:54:57 Central Standard Time : Information : Client connected to controller
11/15/2024 23:54:57 Central Standard Time : Information : Microsoft.ServiceHub.Controller.HubController read: end of stream
11/15/2024 23:54:57 Central Standard Time : Information : Microsoft.ServiceHub.Controller.HubController read: end of stream
11/15/2024 23:54:57 Central Standard Time : Information : Microsoft.ServiceHub.Controller.HubController read: Content-Length: 108

{"jsonrpc":"2.0","id":2,"method":"UpdateClientInfoAsync","params":[{"clientName":"VsHubClient","pid":8466}]}
11/15/2024 23:54:57 Central Standard Time : Information : JsonRpc disconnected due to RemotePartyTerminated. Reached end of stream.
11/15/2024 23:54:57 Central Standard Time : Information : JsonRpc disconnected due to RemotePartyTerminated. Reached end of stream.
11/15/2024 23:54:57 Central Standard Time : Information : Starting server 'clientWatch' at 'net.pipe://8475063C37' (at '/Users/coycrowder/.ServiceHub/6edcafb98c/8475063C37').
11/15/2024 23:54:57 Central Standard Time : Information : Microsoft.ServiceHub.Controller.HubController write: Content-Length: 440

{"jsonrpc":"2.0","id":2,"result":{"ClientWatchServerName":"net.pipe://8475063C37","ControllerConfig":{"Executable":"/Users/coycrowder/.vscode/extensions/ms-dotnettools.csdevkit-1.13.9-darwin-x64/components/vs-green-server/platforms/darwin-x64/node_modules/@microsoft/servicehub-controller-net60.darwin-x64/Microsoft.ServiceHub.Controller","Args":["6edcafb98c"],"PipeName":"6edcafb98c"},"HostsConfig":{"RootDir":".","AppConfigFallback":""}}}
11/15/2024 23:54:57 Central Standard Time : Information : External client connect to client watch
11/15/2024 23:54:57 Central Standard Time : Information : Microsoft.ServiceHub.Controller.HubController read: end of stream
11/15/2024 23:54:57 Central Standard Time : Information : JsonRpc disconnected due to RemotePartyTerminated. Reached end of stream.
11/15/2024 23:54:57 Central Standard Time : Information : External client disconnected from client watch.
11/15/2024 23:54:57 Central Standard Time : Information : Starting fast shutdown
11/15/2024 23:54:57 Central Standard Time : Information : Stopping the location service server.
11/15/2024 23:54:57 Central Standard Time : Information : Exiting hub controller.
11/15/2024 23:54:57 Central Standard Time : Information : Releasing single controller instance mutex.
11/15/2024 23:54:57 Central Standard Time : Information : All hosts have exited.
11/15/2024 23:54:57 Central Standard Time : Information : Controller terminating with exit code '0'.
