11/18/2024 20:50:05 Central Standard Time : Information : Local timezone is (UTC-06:00) Central Time (Chicago)
11/18/2024 20:50:05 Central Standard Time : Information : Added local RPC method "getPipe" -> Microsoft.VisualStudio.Utilities.ServiceBroker.GlobalBrokeredServiceContainer+View.GetPipeAsync(ServiceMoniker, ServiceActivationOptions, CancellationToken) (Microsoft.VisualStudio.Utilities.ServiceBroker.GlobalBrokeredServiceContainer+View)
11/18/2024 20:50:05 Central Standard Time : Information : Added local RPC method "getProxy" -> Microsoft.VisualStudio.Utilities.ServiceBroker.GlobalBrokeredServiceContainer+View.GetProxyAsync(ServiceRpcDescriptor, ServiceActivationOptions, CancellationToken) (Microsoft.VisualStudio.Utilities.ServiceBroker.GlobalBrokeredServiceContainer+View)
11/18/2024 20:50:05 Central Standard Time : Information : Added local RPC method "handshake" -> Microsoft.VisualStudio.Utilities.ServiceBroker.GlobalBrokeredServiceContainer+View.HandshakeAsync(ServiceBrokerClientMetadata, CancellationToken) (Microsoft.VisualStudio.Utilities.ServiceBroker.GlobalBrokeredServiceContainer+View)
11/18/2024 20:50:05 Central Standard Time : Information : Added local RPC method "requestServiceChannel" -> Microsoft.VisualStudio.Utilities.ServiceBroker.GlobalBrokeredServiceContainer+View.RequestServiceChannelAsync(ServiceMoniker, ServiceActivationOptions, CancellationToken) (Microsoft.VisualStudio.Utilities.ServiceBroker.GlobalBrokeredServiceContainer+View)
11/18/2024 20:50:05 Central Standard Time : Information : Added local RPC method "cancelServiceRequest" -> Microsoft.VisualStudio.Utilities.ServiceBroker.GlobalBrokeredServiceContainer+View.CancelServiceRequestAsync(Guid) (Microsoft.VisualStudio.Utilities.ServiceBroker.GlobalBrokeredServiceContainer+View)
11/18/2024 20:50:05 Central Standard Time : Information : Added local RPC method "getPipe" -> Microsoft.VisualStudio.Utilities.ServiceBroker.GlobalBrokeredServiceContainer+View.GetPipeAsync(ServiceMoniker, ServiceActivationOptions, CancellationToken) (Microsoft.VisualStudio.Utilities.ServiceBroker.GlobalBrokeredServiceContainer+View)
11/18/2024 20:50:05 Central Standard Time : Information : Added local RPC method "getProxy" -> Microsoft.VisualStudio.Utilities.ServiceBroker.GlobalBrokeredServiceContainer+View.GetProxyAsync(ServiceRpcDescriptor, ServiceActivationOptions, CancellationToken) (Microsoft.VisualStudio.Utilities.ServiceBroker.GlobalBrokeredServiceContainer+View)
11/18/2024 20:50:05 Central Standard Time : Information : Added local RPC method "handshake" -> Microsoft.VisualStudio.Utilities.ServiceBroker.GlobalBrokeredServiceContainer+View.HandshakeAsync(ServiceBrokerClientMetadata, CancellationToken) (Microsoft.VisualStudio.Utilities.ServiceBroker.GlobalBrokeredServiceContainer+View)
11/18/2024 20:50:05 Central Standard Time : Information : Added local RPC method "requestServiceChannel" -> Microsoft.VisualStudio.Utilities.ServiceBroker.GlobalBrokeredServiceContainer+View.RequestServiceChannelAsync(ServiceMoniker, ServiceActivationOptions, CancellationToken) (Microsoft.VisualStudio.Utilities.ServiceBroker.GlobalBrokeredServiceContainer+View)
11/18/2024 20:50:05 Central Standard Time : Information : Added local RPC method "cancelServiceRequest" -> Microsoft.VisualStudio.Utilities.ServiceBroker.GlobalBrokeredServiceContainer+View.CancelServiceRequestAsync(Guid) (Microsoft.VisualStudio.Utilities.ServiceBroker.GlobalBrokeredServiceContainer+View)
11/18/2024 20:50:05 Central Standard Time: Information : 2 :Listening for events from Microsoft.VisualStudio.Utilities.ServiceBroker.GlobalBrokeredServiceContainer+View.AvailabilityChanged to raise notification.
11/18/2024 20:50:05 Central Standard Time: Information : 3 :Listening started.
11/18/2024 20:50:05 Central Standard Time: Information : 7 :{"id":2,"method":"handshake"}
11/18/2024 20:50:05 Central Standard Time: Information : 6 :Received request "2" for method "handshake".
11/18/2024 20:50:05 Central Standard Time: Information : 9 :Invoking Microsoft.VisualStudio.Utilities.ServiceBroker.GlobalBrokeredServiceContainer+View.HandshakeAsync(ServiceBrokerClientMetadata, CancellationToken)
11/18/2024 20:50:05 Central Standard Time : Start : handshake
11/18/2024 20:50:05 Central Standard Time : Stop : handshake
11/18/2024 20:50:05 Central Standard Time: Information : 8 :{"id":2}
11/18/2024 20:50:05 Central Standard Time: Information : 7 :{"id":3,"method":"requestServiceChannel"}
11/18/2024 20:50:05 Central Standard Time: Information : 6 :Received request "3" for method "requestServiceChannel".
11/18/2024 20:50:05 Central Standard Time: Information : 9 :Invoking Microsoft.VisualStudio.Utilities.ServiceBroker.GlobalBrokeredServiceContainer+View.RequestServiceChannelAsync(ServiceMoniker, ServiceActivationOptions, CancellationToken)
11/18/2024 20:50:05 Central Standard Time : Start : requestServiceChannel
11/18/2024 20:50:05 Central Standard Time : Stop : requestServiceChannel
11/18/2024 20:50:05 Central Standard Time: Information : 8 :{"id":3}
11/18/2024 20:50:05 Central Standard Time: Information : 7 :{"id":4,"method":"requestServiceChannel"}
11/18/2024 20:50:05 Central Standard Time: Information : 6 :Received request "4" for method "requestServiceChannel".
11/18/2024 20:50:05 Central Standard Time: Information : 9 :Invoking Microsoft.VisualStudio.Utilities.ServiceBroker.GlobalBrokeredServiceContainer+View.RequestServiceChannelAsync(ServiceMoniker, ServiceActivationOptions, CancellationToken)
11/18/2024 20:50:05 Central Standard Time : Transfer : Transfer, relatedActivityId=87952c88-981a-43a5-87b3-17d3f8cf6d78
11/18/2024 20:50:05 Central Standard Time : Start : requestServiceChannel
11/18/2024 20:50:05 Central Standard Time : Stop : requestServiceChannel
11/18/2024 20:50:05 Central Standard Time : Transfer : Transfer, relatedActivityId=44462510-f2b2-45f4-b140-05dfc40ff3c0
11/18/2024 20:50:05 Central Standard Time: Information : 8 :{"id":4}
11/18/2024 20:50:05 Central Standard Time: Information : 7 :{"id":5,"method":"requestServiceChannel"}
11/18/2024 20:50:05 Central Standard Time: Information : 6 :Received request "5" for method "requestServiceChannel".
11/18/2024 20:50:05 Central Standard Time: Information : 9 :Invoking Microsoft.VisualStudio.Utilities.ServiceBroker.GlobalBrokeredServiceContainer+View.RequestServiceChannelAsync(ServiceMoniker, ServiceActivationOptions, CancellationToken)
11/18/2024 20:50:05 Central Standard Time : Transfer : Transfer, relatedActivityId=5c848fa1-c3c5-4ede-a3a6-0a28084c4b52
11/18/2024 20:50:05 Central Standard Time : Start : requestServiceChannel
11/18/2024 20:50:05 Central Standard Time : Stop : requestServiceChannel
11/18/2024 20:50:05 Central Standard Time : Transfer : Transfer, relatedActivityId=e74fb1f2-dae8-4885-bb4a-f7db72698ffd
11/18/2024 20:50:05 Central Standard Time: Information : 8 :{"id":5}
