11/18/2024 18:03:41 Central Standard Time : Information : Local timezone is (UTC-06:00) Central Time (Chicago)
11/18/2024 18:03:41 Central Standard Time : Information : Added local RPC method "getPipe" -> Microsoft.VisualStudio.Utilities.ServiceBroker.GlobalBrokeredServiceContainer+View.GetPipeAsync(ServiceMoniker, ServiceActivationOptions, CancellationToken) (Microsoft.VisualStudio.Utilities.ServiceBroker.GlobalBrokeredServiceContainer+View)
11/18/2024 18:03:41 Central Standard Time : Information : Added local RPC method "getProxy" -> Microsoft.VisualStudio.Utilities.ServiceBroker.GlobalBrokeredServiceContainer+View.GetProxyAsync(ServiceRpcDescriptor, ServiceActivationOptions, CancellationToken) (Microsoft.VisualStudio.Utilities.ServiceBroker.GlobalBrokeredServiceContainer+View)
11/18/2024 18:03:41 Central Standard Time : Information : Added local RPC method "handshake" -> Microsoft.VisualStudio.Utilities.ServiceBroker.GlobalBrokeredServiceContainer+View.HandshakeAsync(ServiceBrokerClientMetadata, CancellationToken) (Microsoft.VisualStudio.Utilities.ServiceBroker.GlobalBrokeredServiceContainer+View)
11/18/2024 18:03:41 Central Standard Time : Information : Added local RPC method "requestServiceChannel" -> Microsoft.VisualStudio.Utilities.ServiceBroker.GlobalBrokeredServiceContainer+View.RequestServiceChannelAsync(ServiceMoniker, ServiceActivationOptions, CancellationToken) (Microsoft.VisualStudio.Utilities.ServiceBroker.GlobalBrokeredServiceContainer+View)
11/18/2024 18:03:41 Central Standard Time : Information : Added local RPC method "cancelServiceRequest" -> Microsoft.VisualStudio.Utilities.ServiceBroker.GlobalBrokeredServiceContainer+View.CancelServiceRequestAsync(Guid) (Microsoft.VisualStudio.Utilities.ServiceBroker.GlobalBrokeredServiceContainer+View)
11/18/2024 18:03:41 Central Standard Time : Information : Added local RPC method "getPipe" -> Microsoft.VisualStudio.Utilities.ServiceBroker.GlobalBrokeredServiceContainer+View.GetPipeAsync(ServiceMoniker, ServiceActivationOptions, CancellationToken) (Microsoft.VisualStudio.Utilities.ServiceBroker.GlobalBrokeredServiceContainer+View)
11/18/2024 18:03:41 Central Standard Time : Information : Added local RPC method "getProxy" -> Microsoft.VisualStudio.Utilities.ServiceBroker.GlobalBrokeredServiceContainer+View.GetProxyAsync(ServiceRpcDescriptor, ServiceActivationOptions, CancellationToken) (Microsoft.VisualStudio.Utilities.ServiceBroker.GlobalBrokeredServiceContainer+View)
11/18/2024 18:03:41 Central Standard Time : Information : Added local RPC method "handshake" -> Microsoft.VisualStudio.Utilities.ServiceBroker.GlobalBrokeredServiceContainer+View.HandshakeAsync(ServiceBrokerClientMetadata, CancellationToken) (Microsoft.VisualStudio.Utilities.ServiceBroker.GlobalBrokeredServiceContainer+View)
11/18/2024 18:03:41 Central Standard Time : Information : Added local RPC method "requestServiceChannel" -> Microsoft.VisualStudio.Utilities.ServiceBroker.GlobalBrokeredServiceContainer+View.RequestServiceChannelAsync(ServiceMoniker, ServiceActivationOptions, CancellationToken) (Microsoft.VisualStudio.Utilities.ServiceBroker.GlobalBrokeredServiceContainer+View)
11/18/2024 18:03:41 Central Standard Time : Information : Added local RPC method "cancelServiceRequest" -> Microsoft.VisualStudio.Utilities.ServiceBroker.GlobalBrokeredServiceContainer+View.CancelServiceRequestAsync(Guid) (Microsoft.VisualStudio.Utilities.ServiceBroker.GlobalBrokeredServiceContainer+View)
11/18/2024 18:03:41 Central Standard Time: Information : 2 :Listening for events from Microsoft.VisualStudio.Utilities.ServiceBroker.GlobalBrokeredServiceContainer+View.AvailabilityChanged to raise notification.
11/18/2024 18:03:41 Central Standard Time: Information : 3 :Listening started.
11/18/2024 18:03:41 Central Standard Time: Information : 7 :{"id":2,"method":"handshake"}
11/18/2024 18:03:41 Central Standard Time: Information : 6 :Received request "2" for method "handshake".
11/18/2024 18:03:41 Central Standard Time: Information : 9 :Invoking Microsoft.VisualStudio.Utilities.ServiceBroker.GlobalBrokeredServiceContainer+View.HandshakeAsync(ServiceBrokerClientMetadata, CancellationToken)
11/18/2024 18:03:41 Central Standard Time : Start : handshake
11/18/2024 18:03:41 Central Standard Time : Stop : handshake
11/18/2024 18:03:41 Central Standard Time: Information : 8 :{"id":2}
11/18/2024 18:03:41 Central Standard Time: Information : 7 :{"id":3,"method":"requestServiceChannel"}
11/18/2024 18:03:41 Central Standard Time: Information : 6 :Received request "3" for method "requestServiceChannel".
11/18/2024 18:03:41 Central Standard Time: Information : 9 :Invoking Microsoft.VisualStudio.Utilities.ServiceBroker.GlobalBrokeredServiceContainer+View.RequestServiceChannelAsync(ServiceMoniker, ServiceActivationOptions, CancellationToken)
11/18/2024 18:03:41 Central Standard Time : Start : requestServiceChannel
11/18/2024 18:03:41 Central Standard Time : Stop : requestServiceChannel
11/18/2024 18:03:41 Central Standard Time: Information : 8 :{"id":3}
11/18/2024 18:03:41 Central Standard Time: Information : 7 :{"id":4,"method":"requestServiceChannel"}
11/18/2024 18:03:41 Central Standard Time: Information : 6 :Received request "4" for method "requestServiceChannel".
11/18/2024 18:03:41 Central Standard Time: Information : 9 :Invoking Microsoft.VisualStudio.Utilities.ServiceBroker.GlobalBrokeredServiceContainer+View.RequestServiceChannelAsync(ServiceMoniker, ServiceActivationOptions, CancellationToken)
11/18/2024 18:03:41 Central Standard Time : Start : requestServiceChannel
11/18/2024 18:03:41 Central Standard Time: Information : 7 :{"id":5,"method":"requestServiceChannel"}
11/18/2024 18:03:41 Central Standard Time: Information : 6 :Received request "5" for method "requestServiceChannel".
11/18/2024 18:03:41 Central Standard Time : Stop : requestServiceChannel
11/18/2024 18:03:41 Central Standard Time: Information : 8 :{"id":4}
11/18/2024 18:03:41 Central Standard Time: Information : 9 :Invoking Microsoft.VisualStudio.Utilities.ServiceBroker.GlobalBrokeredServiceContainer+View.RequestServiceChannelAsync(ServiceMoniker, ServiceActivationOptions, CancellationToken)
11/18/2024 18:03:41 Central Standard Time : Start : requestServiceChannel
11/18/2024 18:03:41 Central Standard Time : Stop : requestServiceChannel
11/18/2024 18:03:41 Central Standard Time: Information : 8 :{"id":5}
11/18/2024 18:03:42 Central Standard Time: Information : 7 :{"id":6,"method":"requestServiceChannel"}
11/18/2024 18:03:42 Central Standard Time: Information : 6 :Received request "6" for method "requestServiceChannel".
11/18/2024 18:03:42 Central Standard Time: Information : 9 :Invoking Microsoft.VisualStudio.Utilities.ServiceBroker.GlobalBrokeredServiceContainer+View.RequestServiceChannelAsync(ServiceMoniker, ServiceActivationOptions, CancellationToken)
11/18/2024 18:03:42 Central Standard Time : Start : requestServiceChannel
11/18/2024 18:03:42 Central Standard Time: Information : 7 :{"id":7,"method":"requestServiceChannel"}
11/18/2024 18:03:42 Central Standard Time: Information : 6 :Received request "7" for method "requestServiceChannel".
11/18/2024 18:03:42 Central Standard Time : Stop : requestServiceChannel
11/18/2024 18:03:42 Central Standard Time: Information : 9 :Invoking Microsoft.VisualStudio.Utilities.ServiceBroker.GlobalBrokeredServiceContainer+View.RequestServiceChannelAsync(ServiceMoniker, ServiceActivationOptions, CancellationToken)
11/18/2024 18:03:42 Central Standard Time : Start : requestServiceChannel
11/18/2024 18:03:42 Central Standard Time: Information : 8 :{"id":6}
11/18/2024 18:03:42 Central Standard Time : Stop : requestServiceChannel
11/18/2024 18:03:42 Central Standard Time: Information : 8 :{"id":7}
11/18/2024 18:03:42 Central Standard Time: Information : 7 :{"id":8,"method":"requestServiceChannel"}
11/18/2024 18:03:42 Central Standard Time: Information : 6 :Received request "8" for method "requestServiceChannel".
11/18/2024 18:03:42 Central Standard Time: Information : 9 :Invoking Microsoft.VisualStudio.Utilities.ServiceBroker.GlobalBrokeredServiceContainer+View.RequestServiceChannelAsync(ServiceMoniker, ServiceActivationOptions, CancellationToken)
11/18/2024 18:03:42 Central Standard Time : Transfer : Transfer, relatedActivityId=16a96fc9-0719-4158-ab65-7da354298417
11/18/2024 18:03:42 Central Standard Time : Start : requestServiceChannel
11/18/2024 18:03:42 Central Standard Time : Stop : requestServiceChannel
11/18/2024 18:03:42 Central Standard Time : Transfer : Transfer, relatedActivityId=e65e1e25-eb4a-4dad-be5a-f67d56625740
11/18/2024 18:03:42 Central Standard Time: Information : 8 :{"id":8}
11/18/2024 18:03:45 Central Standard Time: Information : 7 :{"id":9,"method":"requestServiceChannel"}
11/18/2024 18:03:45 Central Standard Time: Information : 6 :Received request "9" for method "requestServiceChannel".
11/18/2024 18:03:45 Central Standard Time: Information : 9 :Invoking Microsoft.VisualStudio.Utilities.ServiceBroker.GlobalBrokeredServiceContainer+View.RequestServiceChannelAsync(ServiceMoniker, ServiceActivationOptions, CancellationToken)
11/18/2024 18:03:45 Central Standard Time : Start : requestServiceChannel
11/18/2024 18:03:45 Central Standard Time : Stop : requestServiceChannel
11/18/2024 18:03:45 Central Standard Time: Information : 8 :{"id":9}
11/18/2024 18:03:45 Central Standard Time: Information : 7 :{"id":10,"method":"requestServiceChannel"}
11/18/2024 18:03:45 Central Standard Time: Information : 6 :Received request "10" for method "requestServiceChannel".
11/18/2024 18:03:45 Central Standard Time: Information : 9 :Invoking Microsoft.VisualStudio.Utilities.ServiceBroker.GlobalBrokeredServiceContainer+View.RequestServiceChannelAsync(ServiceMoniker, ServiceActivationOptions, CancellationToken)
11/18/2024 18:03:45 Central Standard Time : Start : requestServiceChannel
11/18/2024 18:03:45 Central Standard Time: Information : 7 :{"id":11,"method":"requestServiceChannel"}
11/18/2024 18:03:45 Central Standard Time: Information : 6 :Received request "11" for method "requestServiceChannel".
11/18/2024 18:03:45 Central Standard Time: Information : 9 :Invoking Microsoft.VisualStudio.Utilities.ServiceBroker.GlobalBrokeredServiceContainer+View.RequestServiceChannelAsync(ServiceMoniker, ServiceActivationOptions, CancellationToken)
11/18/2024 18:03:45 Central Standard Time : Start : requestServiceChannel
11/18/2024 18:03:45 Central Standard Time : Stop : requestServiceChannel
11/18/2024 18:03:45 Central Standard Time: Information : 8 :{"id":11}
11/18/2024 18:03:45 Central Standard Time : Stop : requestServiceChannel
11/18/2024 18:03:45 Central Standard Time: Information : 8 :{"id":10}
11/18/2024 18:03:48 Central Standard Time: Information : 7 :{"id":12,"method":"requestServiceChannel"}
11/18/2024 18:03:48 Central Standard Time: Information : 6 :Received request "12" for method "requestServiceChannel".
11/18/2024 18:03:48 Central Standard Time: Information : 9 :Invoking Microsoft.VisualStudio.Utilities.ServiceBroker.GlobalBrokeredServiceContainer+View.RequestServiceChannelAsync(ServiceMoniker, ServiceActivationOptions, CancellationToken)
11/18/2024 18:03:48 Central Standard Time : Start : requestServiceChannel
11/18/2024 18:03:48 Central Standard Time : Stop : requestServiceChannel
11/18/2024 18:03:48 Central Standard Time: Information : 8 :{"id":12}
11/18/2024 18:03:48 Central Standard Time: Information : 7 :{"id":13,"method":"requestServiceChannel"}
11/18/2024 18:03:48 Central Standard Time: Information : 6 :Received request "13" for method "requestServiceChannel".
11/18/2024 18:03:48 Central Standard Time: Information : 9 :Invoking Microsoft.VisualStudio.Utilities.ServiceBroker.GlobalBrokeredServiceContainer+View.RequestServiceChannelAsync(ServiceMoniker, ServiceActivationOptions, CancellationToken)
11/18/2024 18:03:48 Central Standard Time : Start : requestServiceChannel
11/18/2024 18:03:48 Central Standard Time : Stop : requestServiceChannel
11/18/2024 18:03:48 Central Standard Time: Information : 8 :{"id":13}
