09/23/2024 18:02:27 Central Standard Time : Information : Local timezone is (UTC-06:00) Central Time (Chicago)
09/23/2024 18:02:27 Central Standard Time : Information : Added local RPC method "getPipe" -> Microsoft.VisualStudio.Utilities.ServiceBroker.GlobalBrokeredServiceContainer+View.GetPipeAsync(ServiceMoniker, ServiceActivationOptions, CancellationToken) (Microsoft.VisualStudio.Utilities.ServiceBroker.GlobalBrokeredServiceContainer+View)
09/23/2024 18:02:27 Central Standard Time : Information : Added local RPC method "getProxy" -> Microsoft.VisualStudio.Utilities.ServiceBroker.GlobalBrokeredServiceContainer+View.GetProxyAsync(ServiceRpcDescriptor, ServiceActivationOptions, CancellationToken) (Microsoft.VisualStudio.Utilities.ServiceBroker.GlobalBrokeredServiceContainer+View)
09/23/2024 18:02:27 Central Standard Time : Information : Added local RPC method "handshake" -> Microsoft.VisualStudio.Utilities.ServiceBroker.GlobalBrokeredServiceContainer+View.HandshakeAsync(ServiceBrokerClientMetadata, CancellationToken) (Microsoft.VisualStudio.Utilities.ServiceBroker.GlobalBrokeredServiceContainer+View)
09/23/2024 18:02:27 Central Standard Time : Information : Added local RPC method "requestServiceChannel" -> Microsoft.VisualStudio.Utilities.ServiceBroker.GlobalBrokeredServiceContainer+View.RequestServiceChannelAsync(ServiceMoniker, ServiceActivationOptions, CancellationToken) (Microsoft.VisualStudio.Utilities.ServiceBroker.GlobalBrokeredServiceContainer+View)
09/23/2024 18:02:27 Central Standard Time : Information : Added local RPC method "cancelServiceRequest" -> Microsoft.VisualStudio.Utilities.ServiceBroker.GlobalBrokeredServiceContainer+View.CancelServiceRequestAsync(Guid) (Microsoft.VisualStudio.Utilities.ServiceBroker.GlobalBrokeredServiceContainer+View)
09/23/2024 18:02:27 Central Standard Time : Information : Added local RPC method "getPipe" -> Microsoft.VisualStudio.Utilities.ServiceBroker.GlobalBrokeredServiceContainer+View.GetPipeAsync(ServiceMoniker, ServiceActivationOptions, CancellationToken) (Microsoft.VisualStudio.Utilities.ServiceBroker.GlobalBrokeredServiceContainer+View)
09/23/2024 18:02:27 Central Standard Time : Information : Added local RPC method "getProxy" -> Microsoft.VisualStudio.Utilities.ServiceBroker.GlobalBrokeredServiceContainer+View.GetProxyAsync(ServiceRpcDescriptor, ServiceActivationOptions, CancellationToken) (Microsoft.VisualStudio.Utilities.ServiceBroker.GlobalBrokeredServiceContainer+View)
09/23/2024 18:02:27 Central Standard Time : Information : Added local RPC method "handshake" -> Microsoft.VisualStudio.Utilities.ServiceBroker.GlobalBrokeredServiceContainer+View.HandshakeAsync(ServiceBrokerClientMetadata, CancellationToken) (Microsoft.VisualStudio.Utilities.ServiceBroker.GlobalBrokeredServiceContainer+View)
09/23/2024 18:02:27 Central Standard Time : Information : Added local RPC method "requestServiceChannel" -> Microsoft.VisualStudio.Utilities.ServiceBroker.GlobalBrokeredServiceContainer+View.RequestServiceChannelAsync(ServiceMoniker, ServiceActivationOptions, CancellationToken) (Microsoft.VisualStudio.Utilities.ServiceBroker.GlobalBrokeredServiceContainer+View)
09/23/2024 18:02:27 Central Standard Time : Information : Added local RPC method "cancelServiceRequest" -> Microsoft.VisualStudio.Utilities.ServiceBroker.GlobalBrokeredServiceContainer+View.CancelServiceRequestAsync(Guid) (Microsoft.VisualStudio.Utilities.ServiceBroker.GlobalBrokeredServiceContainer+View)
09/23/2024 18:02:27 Central Standard Time: Information : 2 :Listening for events from Microsoft.VisualStudio.Utilities.ServiceBroker.GlobalBrokeredServiceContainer+View.AvailabilityChanged to raise notification.
09/23/2024 18:02:27 Central Standard Time: Information : 3 :Listening started.
09/23/2024 18:02:27 Central Standard Time: Information : 7 :{"id":2,"method":"handshake"}
09/23/2024 18:02:27 Central Standard Time: Information : 6 :Received request "2" for method "handshake".
09/23/2024 18:02:27 Central Standard Time: Information : 9 :Invoking Microsoft.VisualStudio.Utilities.ServiceBroker.GlobalBrokeredServiceContainer+View.HandshakeAsync(ServiceBrokerClientMetadata, CancellationToken)
09/23/2024 18:02:27 Central Standard Time : Start : handshake
09/23/2024 18:02:27 Central Standard Time : Stop : handshake
09/23/2024 18:02:27 Central Standard Time: Information : 8 :{"id":2}
09/23/2024 18:02:27 Central Standard Time: Information : 7 :{"id":3,"method":"requestServiceChannel"}
09/23/2024 18:02:27 Central Standard Time: Information : 6 :Received request "3" for method "requestServiceChannel".
09/23/2024 18:02:27 Central Standard Time: Information : 9 :Invoking Microsoft.VisualStudio.Utilities.ServiceBroker.GlobalBrokeredServiceContainer+View.RequestServiceChannelAsync(ServiceMoniker, ServiceActivationOptions, CancellationToken)
09/23/2024 18:02:27 Central Standard Time : Start : requestServiceChannel
09/23/2024 18:02:27 Central Standard Time : Stop : requestServiceChannel
09/23/2024 18:02:27 Central Standard Time: Information : 8 :{"id":3}
09/23/2024 18:02:27 Central Standard Time: Information : 7 :{"id":4,"method":"requestServiceChannel"}
09/23/2024 18:02:27 Central Standard Time: Information : 6 :Received request "4" for method "requestServiceChannel".
09/23/2024 18:02:27 Central Standard Time: Information : 9 :Invoking Microsoft.VisualStudio.Utilities.ServiceBroker.GlobalBrokeredServiceContainer+View.RequestServiceChannelAsync(ServiceMoniker, ServiceActivationOptions, CancellationToken)
09/23/2024 18:02:27 Central Standard Time : Transfer : Transfer, relatedActivityId=525131fc-dc99-4658-af93-1f1121fd7196
09/23/2024 18:02:27 Central Standard Time : Start : requestServiceChannel
09/23/2024 18:02:27 Central Standard Time : Stop : requestServiceChannel
09/23/2024 18:02:27 Central Standard Time : Transfer : Transfer, relatedActivityId=052efe7a-5f6e-46c1-846f-09b11fc62a2e
09/23/2024 18:02:27 Central Standard Time: Information : 8 :{"id":4}
