09/23/2024 17:44:01 Central Standard Time : Information : Local timezone is (UTC-06:00) Central Time (Chicago)
09/23/2024 17:44:01 Central Standard Time : Information : Added local RPC method "getPipe" -> Microsoft.VisualStudio.Utilities.ServiceBroker.GlobalBrokeredServiceContainer+View.GetPipeAsync(ServiceMoniker, ServiceActivationOptions, CancellationToken) (Microsoft.VisualStudio.Utilities.ServiceBroker.GlobalBrokeredServiceContainer+View)
09/23/2024 17:44:01 Central Standard Time : Information : Added local RPC method "getProxy" -> Microsoft.VisualStudio.Utilities.ServiceBroker.GlobalBrokeredServiceContainer+View.GetProxyAsync(ServiceRpcDescriptor, ServiceActivationOptions, CancellationToken) (Microsoft.VisualStudio.Utilities.ServiceBroker.GlobalBrokeredServiceContainer+View)
09/23/2024 17:44:01 Central Standard Time : Information : Added local RPC method "handshake" -> Microsoft.VisualStudio.Utilities.ServiceBroker.GlobalBrokeredServiceContainer+View.HandshakeAsync(ServiceBrokerClientMetadata, CancellationToken) (Microsoft.VisualStudio.Utilities.ServiceBroker.GlobalBrokeredServiceContainer+View)
09/23/2024 17:44:01 Central Standard Time : Information : Added local RPC method "requestServiceChannel" -> Microsoft.VisualStudio.Utilities.ServiceBroker.GlobalBrokeredServiceContainer+View.RequestServiceChannelAsync(ServiceMoniker, ServiceActivationOptions, CancellationToken) (Microsoft.VisualStudio.Utilities.ServiceBroker.GlobalBrokeredServiceContainer+View)
09/23/2024 17:44:01 Central Standard Time : Information : Added local RPC method "cancelServiceRequest" -> Microsoft.VisualStudio.Utilities.ServiceBroker.GlobalBrokeredServiceContainer+View.CancelServiceRequestAsync(Guid) (Microsoft.VisualStudio.Utilities.ServiceBroker.GlobalBrokeredServiceContainer+View)
09/23/2024 17:44:01 Central Standard Time : Information : Added local RPC method "getPipe" -> Microsoft.VisualStudio.Utilities.ServiceBroker.GlobalBrokeredServiceContainer+View.GetPipeAsync(ServiceMoniker, ServiceActivationOptions, CancellationToken) (Microsoft.VisualStudio.Utilities.ServiceBroker.GlobalBrokeredServiceContainer+View)
09/23/2024 17:44:01 Central Standard Time : Information : Added local RPC method "getProxy" -> Microsoft.VisualStudio.Utilities.ServiceBroker.GlobalBrokeredServiceContainer+View.GetProxyAsync(ServiceRpcDescriptor, ServiceActivationOptions, CancellationToken) (Microsoft.VisualStudio.Utilities.ServiceBroker.GlobalBrokeredServiceContainer+View)
09/23/2024 17:44:01 Central Standard Time : Information : Added local RPC method "handshake" -> Microsoft.VisualStudio.Utilities.ServiceBroker.GlobalBrokeredServiceContainer+View.HandshakeAsync(ServiceBrokerClientMetadata, CancellationToken) (Microsoft.VisualStudio.Utilities.ServiceBroker.GlobalBrokeredServiceContainer+View)
09/23/2024 17:44:01 Central Standard Time : Information : Added local RPC method "requestServiceChannel" -> Microsoft.VisualStudio.Utilities.ServiceBroker.GlobalBrokeredServiceContainer+View.RequestServiceChannelAsync(ServiceMoniker, ServiceActivationOptions, CancellationToken) (Microsoft.VisualStudio.Utilities.ServiceBroker.GlobalBrokeredServiceContainer+View)
09/23/2024 17:44:01 Central Standard Time : Information : Added local RPC method "cancelServiceRequest" -> Microsoft.VisualStudio.Utilities.ServiceBroker.GlobalBrokeredServiceContainer+View.CancelServiceRequestAsync(Guid) (Microsoft.VisualStudio.Utilities.ServiceBroker.GlobalBrokeredServiceContainer+View)
09/23/2024 17:44:01 Central Standard Time: Information : 2 :Listening for events from Microsoft.VisualStudio.Utilities.ServiceBroker.GlobalBrokeredServiceContainer+View.AvailabilityChanged to raise notification.
09/23/2024 17:44:01 Central Standard Time: Information : 3 :Listening started.
09/23/2024 17:44:01 Central Standard Time: Information : 7 :{"id":2,"method":"handshake"}
09/23/2024 17:44:01 Central Standard Time: Information : 6 :Received request "2" for method "handshake".
09/23/2024 17:44:01 Central Standard Time: Information : 9 :Invoking Microsoft.VisualStudio.Utilities.ServiceBroker.GlobalBrokeredServiceContainer+View.HandshakeAsync(ServiceBrokerClientMetadata, CancellationToken)
09/23/2024 17:44:01 Central Standard Time : Start : handshake
09/23/2024 17:44:01 Central Standard Time : Stop : handshake
09/23/2024 17:44:01 Central Standard Time: Information : 8 :{"id":2}
09/23/2024 17:44:01 Central Standard Time: Information : 7 :{"id":3,"method":"requestServiceChannel"}
09/23/2024 17:44:01 Central Standard Time: Information : 6 :Received request "3" for method "requestServiceChannel".
09/23/2024 17:44:01 Central Standard Time: Information : 9 :Invoking Microsoft.VisualStudio.Utilities.ServiceBroker.GlobalBrokeredServiceContainer+View.RequestServiceChannelAsync(ServiceMoniker, ServiceActivationOptions, CancellationToken)
09/23/2024 17:44:01 Central Standard Time : Start : requestServiceChannel
09/23/2024 17:44:01 Central Standard Time : Stop : requestServiceChannel
09/23/2024 17:44:01 Central Standard Time: Information : 8 :{"id":3}
09/23/2024 17:44:01 Central Standard Time: Information : 7 :{"id":4,"method":"requestServiceChannel"}
09/23/2024 17:44:01 Central Standard Time: Information : 6 :Received request "4" for method "requestServiceChannel".
09/23/2024 17:44:01 Central Standard Time: Information : 9 :Invoking Microsoft.VisualStudio.Utilities.ServiceBroker.GlobalBrokeredServiceContainer+View.RequestServiceChannelAsync(ServiceMoniker, ServiceActivationOptions, CancellationToken)
09/23/2024 17:44:01 Central Standard Time : Start : requestServiceChannel
09/23/2024 17:44:01 Central Standard Time: Information : 7 :{"id":5,"method":"requestServiceChannel"}
09/23/2024 17:44:01 Central Standard Time: Information : 6 :Received request "5" for method "requestServiceChannel".
09/23/2024 17:44:01 Central Standard Time: Information : 9 :Invoking Microsoft.VisualStudio.Utilities.ServiceBroker.GlobalBrokeredServiceContainer+View.RequestServiceChannelAsync(ServiceMoniker, ServiceActivationOptions, CancellationToken)
09/23/2024 17:44:01 Central Standard Time : Start : requestServiceChannel
09/23/2024 17:44:01 Central Standard Time : Stop : requestServiceChannel
09/23/2024 17:44:01 Central Standard Time: Information : 8 :{"id":4}
09/23/2024 17:44:01 Central Standard Time : Stop : requestServiceChannel
09/23/2024 17:44:01 Central Standard Time: Information : 8 :{"id":5}
09/23/2024 17:44:02 Central Standard Time: Information : 7 :{"id":6,"method":"requestServiceChannel"}
09/23/2024 17:44:02 Central Standard Time: Information : 6 :Received request "6" for method "requestServiceChannel".
09/23/2024 17:44:02 Central Standard Time: Information : 9 :Invoking Microsoft.VisualStudio.Utilities.ServiceBroker.GlobalBrokeredServiceContainer+View.RequestServiceChannelAsync(ServiceMoniker, ServiceActivationOptions, CancellationToken)
09/23/2024 17:44:02 Central Standard Time : Start : requestServiceChannel
09/23/2024 17:44:02 Central Standard Time : Stop : requestServiceChannel
09/23/2024 17:44:02 Central Standard Time: Information : 8 :{"id":6}
09/23/2024 17:44:02 Central Standard Time: Information : 7 :{"id":7,"method":"requestServiceChannel"}
09/23/2024 17:44:02 Central Standard Time: Information : 6 :Received request "7" for method "requestServiceChannel".
09/23/2024 17:44:02 Central Standard Time: Information : 9 :Invoking Microsoft.VisualStudio.Utilities.ServiceBroker.GlobalBrokeredServiceContainer+View.RequestServiceChannelAsync(ServiceMoniker, ServiceActivationOptions, CancellationToken)
09/23/2024 17:44:02 Central Standard Time : Start : requestServiceChannel
09/23/2024 17:44:02 Central Standard Time : Stop : requestServiceChannel
09/23/2024 17:44:02 Central Standard Time: Information : 8 :{"id":7}
09/23/2024 17:44:02 Central Standard Time: Information : 7 :{"id":8,"method":"requestServiceChannel"}
09/23/2024 17:44:02 Central Standard Time: Information : 6 :Received request "8" for method "requestServiceChannel".
09/23/2024 17:44:02 Central Standard Time: Information : 9 :Invoking Microsoft.VisualStudio.Utilities.ServiceBroker.GlobalBrokeredServiceContainer+View.RequestServiceChannelAsync(ServiceMoniker, ServiceActivationOptions, CancellationToken)
09/23/2024 17:44:02 Central Standard Time : Transfer : Transfer, relatedActivityId=e8215ae0-1128-4970-9ec8-a4eca86150e9
09/23/2024 17:44:02 Central Standard Time : Start : requestServiceChannel
09/23/2024 17:44:02 Central Standard Time : Stop : requestServiceChannel
09/23/2024 17:44:02 Central Standard Time : Transfer : Transfer, relatedActivityId=90c035d4-4cf4-4d5f-99a8-06c432b1ccbc
09/23/2024 17:44:02 Central Standard Time: Information : 8 :{"id":8}
09/23/2024 17:44:04 Central Standard Time: Information : 7 :{"id":9,"method":"requestServiceChannel"}
09/23/2024 17:44:04 Central Standard Time: Information : 6 :Received request "9" for method "requestServiceChannel".
09/23/2024 17:44:04 Central Standard Time: Information : 9 :Invoking Microsoft.VisualStudio.Utilities.ServiceBroker.GlobalBrokeredServiceContainer+View.RequestServiceChannelAsync(ServiceMoniker, ServiceActivationOptions, CancellationToken)
09/23/2024 17:44:04 Central Standard Time : Start : requestServiceChannel
09/23/2024 17:44:04 Central Standard Time : Stop : requestServiceChannel
09/23/2024 17:44:04 Central Standard Time: Information : 8 :{"id":9}
09/23/2024 17:44:04 Central Standard Time: Information : 7 :{"id":10,"method":"requestServiceChannel"}
09/23/2024 17:44:04 Central Standard Time: Information : 6 :Received request "10" for method "requestServiceChannel".
09/23/2024 17:44:04 Central Standard Time: Information : 9 :Invoking Microsoft.VisualStudio.Utilities.ServiceBroker.GlobalBrokeredServiceContainer+View.RequestServiceChannelAsync(ServiceMoniker, ServiceActivationOptions, CancellationToken)
09/23/2024 17:44:04 Central Standard Time : Start : requestServiceChannel
09/23/2024 17:44:04 Central Standard Time: Information : 7 :{"id":11,"method":"requestServiceChannel"}
09/23/2024 17:44:04 Central Standard Time: Information : 6 :Received request "11" for method "requestServiceChannel".
09/23/2024 17:44:04 Central Standard Time: Information : 9 :Invoking Microsoft.VisualStudio.Utilities.ServiceBroker.GlobalBrokeredServiceContainer+View.RequestServiceChannelAsync(ServiceMoniker, ServiceActivationOptions, CancellationToken)
09/23/2024 17:44:04 Central Standard Time : Start : requestServiceChannel
09/23/2024 17:44:04 Central Standard Time : Stop : requestServiceChannel
09/23/2024 17:44:04 Central Standard Time: Information : 8 :{"id":11}
09/23/2024 17:44:04 Central Standard Time : Stop : requestServiceChannel
09/23/2024 17:44:04 Central Standard Time: Information : 8 :{"id":10}
09/23/2024 17:44:06 Central Standard Time: Information : 7 :{"id":12,"method":"requestServiceChannel"}
09/23/2024 17:44:06 Central Standard Time: Information : 6 :Received request "12" for method "requestServiceChannel".
09/23/2024 17:44:06 Central Standard Time: Information : 9 :Invoking Microsoft.VisualStudio.Utilities.ServiceBroker.GlobalBrokeredServiceContainer+View.RequestServiceChannelAsync(ServiceMoniker, ServiceActivationOptions, CancellationToken)
09/23/2024 17:44:06 Central Standard Time : Start : requestServiceChannel
09/23/2024 17:44:06 Central Standard Time : Stop : requestServiceChannel
09/23/2024 17:44:06 Central Standard Time: Information : 8 :{"id":12}
09/23/2024 17:44:06 Central Standard Time: Information : 7 :{"id":13,"method":"requestServiceChannel"}
09/23/2024 17:44:06 Central Standard Time: Information : 6 :Received request "13" for method "requestServiceChannel".
09/23/2024 17:44:06 Central Standard Time: Information : 9 :Invoking Microsoft.VisualStudio.Utilities.ServiceBroker.GlobalBrokeredServiceContainer+View.RequestServiceChannelAsync(ServiceMoniker, ServiceActivationOptions, CancellationToken)
09/23/2024 17:44:06 Central Standard Time : Start : requestServiceChannel
09/23/2024 17:44:06 Central Standard Time : Stop : requestServiceChannel
09/23/2024 17:44:06 Central Standard Time: Information : 8 :{"id":13}
