09/12/2024 12:18:00 Central Standard Time : Information : Local timezone is (UTC-06:00) Central Time (Chicago)
09/12/2024 12:18:00 Central Standard Time : Information : Microsoft.VisualStudio.ProjectSystem.Query.Remoting.QueryExecutionService read: Content-Length: 790

{"traceparent":"00-8b7d4b1e9cb28846b8411387025a528b-54d76c519884f747-00","jsonrpc":"2.0","id":2,"method":"SubscribeQueryResultsAsync","params":["{\"context\":\"Projects\",\"query\":{\"$properties\":[\"Id\",\"Name\",\"Path\",\"Guid\",\"ActiveConfigurations\"],\"ActiveConfigurations\":{\"$properties\":[\"Id\",\"Name\",\"ConfigurationName\",\"PlatformName\",\"Capabilities\",\"OutputGroups\",\"BuildProperties\"],\"BuildProperties\":{\"$properties\":[\"Id\",\"Name\",\"Value\",\"StorageType\"]},\"OutputGroups\":{\"$properties\":[\"Id\",\"Name\",\"Outputs\"],\"Outputs\":{\"$properties\":[\"Name\",\"FinalOutputPath\",\"IsKeyOutput\"]},\"$filter\":{\"OutputGroupsByName\":[[\"Built\"]]}}},\"$filter\":{\"ProjectsByCapabilities\":[\"TestContainer\"]}}}",{"__jsonrpc_marshaled":1,"handle":0}]}
09/12/2024 12:18:00 Central Standard Time : Information : Added local RPC method "ExecuteQueryAsync" -> Microsoft.VisualStudio.ProjectSystem.Server.QueryExecutionServiceFactory+QueryExecutionServiceShim.ExecuteQueryAsync(String, CancellationToken) (Microsoft.VisualStudio.ProjectSystem.Server.QueryExecutionServiceFactory+QueryExecutionServiceShim)
09/12/2024 12:18:00 Central Standard Time : Information : Added local RPC method "ExecuteRemoteExecutableAsync" -> Microsoft.VisualStudio.ProjectSystem.Server.QueryExecutionServiceFactory+QueryExecutionServiceShim.ExecuteRemoteExecutableAsync(String, CancellationToken) (Microsoft.VisualStudio.ProjectSystem.Server.QueryExecutionServiceFactory+QueryExecutionServiceShim)
09/12/2024 12:18:00 Central Standard Time : Information : Added local RPC method "GetServiceIdentityAsync" -> Microsoft.VisualStudio.ProjectSystem.Server.QueryExecutionServiceFactory+QueryExecutionServiceShim.GetServiceIdentityAsync(CancellationToken) (Microsoft.VisualStudio.ProjectSystem.Server.QueryExecutionServiceFactory+QueryExecutionServiceShim)
09/12/2024 12:18:00 Central Standard Time : Information : Added local RPC method "QueryAsync" -> Microsoft.VisualStudio.ProjectSystem.Server.QueryExecutionServiceFactory+QueryExecutionServiceShim.QueryAsync(String, CancellationToken) (Microsoft.VisualStudio.ProjectSystem.Server.QueryExecutionServiceFactory+QueryExecutionServiceShim)
09/12/2024 12:18:00 Central Standard Time : Information : Added local RPC method "SubscribeQueryResultsAsync" -> Microsoft.VisualStudio.ProjectSystem.Server.QueryExecutionServiceFactory+QueryExecutionServiceShim.SubscribeQueryResultsAsync(String, IObserver`1, CancellationToken) (Microsoft.VisualStudio.ProjectSystem.Server.QueryExecutionServiceFactory+QueryExecutionServiceShim)
09/12/2024 12:18:00 Central Standard Time : Information : Added local RPC method "TrackQueryUpdatesAsync" -> Microsoft.VisualStudio.ProjectSystem.Server.QueryExecutionServiceFactory+QueryExecutionServiceShim.TrackQueryUpdatesAsync(String, IObserver`1, CancellationToken) (Microsoft.VisualStudio.ProjectSystem.Server.QueryExecutionServiceFactory+QueryExecutionServiceShim)
09/12/2024 12:18:00 Central Standard Time : Information : Added local RPC method "Dispose" -> Microsoft.VisualStudio.ProjectSystem.OnceInitializedOnceDisposedAsync.Dispose() (Microsoft.VisualStudio.ProjectSystem.Server.QueryExecutionServiceFactory+QueryExecutionServiceShim)
09/12/2024 12:18:00 Central Standard Time : Information : Added local RPC method "DisposeAsync" -> Microsoft.VisualStudio.ProjectSystem.OnceInitializedOnceDisposedAsync.DisposeAsync() (Microsoft.VisualStudio.ProjectSystem.Server.QueryExecutionServiceFactory+QueryExecutionServiceShim)
09/12/2024 12:18:00 Central Standard Time : Information : Added local RPC method "ExecuteQuery" -> Microsoft.VisualStudio.ProjectSystem.Server.QueryExecutionServiceFactory+QueryExecutionServiceShim.ExecuteQueryAsync(String, CancellationToken) (Microsoft.VisualStudio.ProjectSystem.Server.QueryExecutionServiceFactory+QueryExecutionServiceShim)
09/12/2024 12:18:00 Central Standard Time : Information : Added local RPC method "ExecuteRemoteExecutable" -> Microsoft.VisualStudio.ProjectSystem.Server.QueryExecutionServiceFactory+QueryExecutionServiceShim.ExecuteRemoteExecutableAsync(String, CancellationToken) (Microsoft.VisualStudio.ProjectSystem.Server.QueryExecutionServiceFactory+QueryExecutionServiceShim)
09/12/2024 12:18:00 Central Standard Time : Information : Added local RPC method "GetServiceIdentity" -> Microsoft.VisualStudio.ProjectSystem.Server.QueryExecutionServiceFactory+QueryExecutionServiceShim.GetServiceIdentityAsync(CancellationToken) (Microsoft.VisualStudio.ProjectSystem.Server.QueryExecutionServiceFactory+QueryExecutionServiceShim)
09/12/2024 12:18:00 Central Standard Time : Information : Added local RPC method "Query" -> Microsoft.VisualStudio.ProjectSystem.Server.QueryExecutionServiceFactory+QueryExecutionServiceShim.QueryAsync(String, CancellationToken) (Microsoft.VisualStudio.ProjectSystem.Server.QueryExecutionServiceFactory+QueryExecutionServiceShim)
09/12/2024 12:18:00 Central Standard Time : Information : Added local RPC method "SubscribeQueryResults" -> Microsoft.VisualStudio.ProjectSystem.Server.QueryExecutionServiceFactory+QueryExecutionServiceShim.SubscribeQueryResultsAsync(String, IObserver`1, CancellationToken) (Microsoft.VisualStudio.ProjectSystem.Server.QueryExecutionServiceFactory+QueryExecutionServiceShim)
09/12/2024 12:18:00 Central Standard Time : Information : Added local RPC method "TrackQueryUpdates" -> Microsoft.VisualStudio.ProjectSystem.Server.QueryExecutionServiceFactory+QueryExecutionServiceShim.TrackQueryUpdatesAsync(String, IObserver`1, CancellationToken) (Microsoft.VisualStudio.ProjectSystem.Server.QueryExecutionServiceFactory+QueryExecutionServiceShim)
09/12/2024 12:18:00 Central Standard Time: Information : 3 :Listening started.
09/12/2024 12:18:00 Central Standard Time: Information : 7 :{"id":2,"method":"SubscribeQueryResultsAsync"}
09/12/2024 12:18:00 Central Standard Time: Information : 6 :Received request "2" for method "SubscribeQueryResultsAsync".
09/12/2024 12:18:00 Central Standard Time: Information : 9 :Invoking Microsoft.VisualStudio.ProjectSystem.Server.QueryExecutionServiceFactory+QueryExecutionServiceShim.SubscribeQueryResultsAsync(String, IObserver`1, CancellationToken)
09/12/2024 12:18:00 Central Standard Time : Transfer : Transfer, relatedActivityId=e6259630-4100-4624-92dd-de430ae66da7
09/12/2024 12:18:00 Central Standard Time : Start : SubscribeQueryResultsAsync
09/12/2024 12:18:00 Central Standard Time : Stop : SubscribeQueryResultsAsync
09/12/2024 12:18:00 Central Standard Time : Transfer : Transfer, relatedActivityId=1e4b7d8b-b29c-4688-b841-1387025a528b
09/12/2024 12:18:00 Central Standard Time : Information : Added local RPC method "$/invokeProxy/0/dispose" -> System.IDisposable.Dispose() (Microsoft.VisualStudio.ProjectSystem.AsyncSubscribe`1[System.String])
09/12/2024 12:18:00 Central Standard Time: Information : 8 :{"id":2}
09/12/2024 12:18:00 Central Standard Time : Information : Microsoft.VisualStudio.ProjectSystem.Query.Remoting.QueryExecutionService write: Content-Length: 70

{"jsonrpc":"2.0","id":2,"result":{"__jsonrpc_marshaled":1,"handle":0}}
09/12/2024 12:18:02 Central Standard Time: Information : 8 :{"id":null,"method":"$/invokeProxy/0/onNext"}
09/12/2024 12:18:02 Central Standard Time : Information : Microsoft.VisualStudio.ProjectSystem.Query.Remoting.QueryExecutionService write: Content-Length: 272

{"traceparent":"00-309625e60041244692ddde430ae66da7-02fb5a655281ee44-01","jsonrpc":"2.0","method":"$/invokeProxy/0/onNext","params":["{\"Versions\":{\"ProjectsStateUpdates:Version\":0,\"Workspace:Version\":1,\"CpsProject:0:PA-1-Problem-1.Debug|AnyCPU\":1},\"Items\":[]}"]}
09/12/2024 12:28:10 Central Standard Time : Information : Microsoft.VisualStudio.ProjectSystem.Query.Remoting.QueryExecutionService read: Content-Length: 64

{"jsonrpc":"2.0","method":"$/invokeProxy/0/dispose","params":[]}Content-Length: 97

{"jsonrpc":"2.0","method":"$/releaseMarshaledObject","params":{"handle":0,"ownedBySender":false}}
09/12/2024 12:28:10 Central Standard Time: Information : 7 :{"id":null,"method":"$/invokeProxy/0/dispose"}
09/12/2024 12:28:10 Central Standard Time: Information : 6 :Received notification for method "$/invokeProxy/0/dispose".
09/12/2024 12:28:10 Central Standard Time: Information : 9 :Invoking System.IDisposable.Dispose()
09/12/2024 12:28:10 Central Standard Time : Start : $/invokeProxy/0/dispose
09/12/2024 12:28:10 Central Standard Time : Stop : $/invokeProxy/0/dispose
09/12/2024 12:28:10 Central Standard Time: Information : 7 :{"id":null,"method":"$/releaseMarshaledObject"}
09/12/2024 12:28:10 Central Standard Time: Information : 6 :Received notification for method "$/releaseMarshaledObject".
09/12/2024 12:28:10 Central Standard Time: Information : 9 :Invoking StreamJsonRpc.Reflection.MessageFormatterRpcMarshaledContextTracker.ReleaseMarshaledObject(Int64, Boolean)
09/12/2024 12:28:10 Central Standard Time : Start : $/releaseMarshaledObject
09/12/2024 12:28:10 Central Standard Time : Stop : $/releaseMarshaledObject
09/12/2024 12:28:10 Central Standard Time : Information : Waiting for 'Microsoft.VisualStudio.ProjectSystem.Query.Remoting.QueryExecutionService' instance to complete its completionTask.
