09/23/2024 15:44:58 Central Standard Time : Information : Local timezone is (UTC-06:00) Central Time (Chicago)
09/23/2024 15:44:58 Central Standard Time : Information : Added local RPC method "getPipe" -> Microsoft.VisualStudio.Utilities.ServiceBroker.GlobalBrokeredServiceContainer+View.GetPipeAsync(ServiceMoniker, ServiceActivationOptions, CancellationToken) (Microsoft.VisualStudio.Utilities.ServiceBroker.GlobalBrokeredServiceContainer+View)
09/23/2024 15:44:58 Central Standard Time : Information : Added local RPC method "getProxy" -> Microsoft.VisualStudio.Utilities.ServiceBroker.GlobalBrokeredServiceContainer+View.GetProxyAsync(ServiceRpcDescriptor, ServiceActivationOptions, CancellationToken) (Microsoft.VisualStudio.Utilities.ServiceBroker.GlobalBrokeredServiceContainer+View)
09/23/2024 15:44:58 Central Standard Time : Information : Added local RPC method "handshake" -> Microsoft.VisualStudio.Utilities.ServiceBroker.GlobalBrokeredServiceContainer+View.HandshakeAsync(ServiceBrokerClientMetadata, CancellationToken) (Microsoft.VisualStudio.Utilities.ServiceBroker.GlobalBrokeredServiceContainer+View)
09/23/2024 15:44:58 Central Standard Time : Information : Added local RPC method "requestServiceChannel" -> Microsoft.VisualStudio.Utilities.ServiceBroker.GlobalBrokeredServiceContainer+View.RequestServiceChannelAsync(ServiceMoniker, ServiceActivationOptions, CancellationToken) (Microsoft.VisualStudio.Utilities.ServiceBroker.GlobalBrokeredServiceContainer+View)
09/23/2024 15:44:58 Central Standard Time : Information : Added local RPC method "cancelServiceRequest" -> Microsoft.VisualStudio.Utilities.ServiceBroker.GlobalBrokeredServiceContainer+View.CancelServiceRequestAsync(Guid) (Microsoft.VisualStudio.Utilities.ServiceBroker.GlobalBrokeredServiceContainer+View)
09/23/2024 15:44:58 Central Standard Time : Information : Added local RPC method "getPipe" -> Microsoft.VisualStudio.Utilities.ServiceBroker.GlobalBrokeredServiceContainer+View.GetPipeAsync(ServiceMoniker, ServiceActivationOptions, CancellationToken) (Microsoft.VisualStudio.Utilities.ServiceBroker.GlobalBrokeredServiceContainer+View)
09/23/2024 15:44:58 Central Standard Time : Information : Added local RPC method "getProxy" -> Microsoft.VisualStudio.Utilities.ServiceBroker.GlobalBrokeredServiceContainer+View.GetProxyAsync(ServiceRpcDescriptor, ServiceActivationOptions, CancellationToken) (Microsoft.VisualStudio.Utilities.ServiceBroker.GlobalBrokeredServiceContainer+View)
09/23/2024 15:44:58 Central Standard Time : Information : Added local RPC method "handshake" -> Microsoft.VisualStudio.Utilities.ServiceBroker.GlobalBrokeredServiceContainer+View.HandshakeAsync(ServiceBrokerClientMetadata, CancellationToken) (Microsoft.VisualStudio.Utilities.ServiceBroker.GlobalBrokeredServiceContainer+View)
09/23/2024 15:44:58 Central Standard Time : Information : Added local RPC method "requestServiceChannel" -> Microsoft.VisualStudio.Utilities.ServiceBroker.GlobalBrokeredServiceContainer+View.RequestServiceChannelAsync(ServiceMoniker, ServiceActivationOptions, CancellationToken) (Microsoft.VisualStudio.Utilities.ServiceBroker.GlobalBrokeredServiceContainer+View)
09/23/2024 15:44:58 Central Standard Time : Information : Added local RPC method "cancelServiceRequest" -> Microsoft.VisualStudio.Utilities.ServiceBroker.GlobalBrokeredServiceContainer+View.CancelServiceRequestAsync(Guid) (Microsoft.VisualStudio.Utilities.ServiceBroker.GlobalBrokeredServiceContainer+View)
09/23/2024 15:44:58 Central Standard Time: Information : 2 :Listening for events from Microsoft.VisualStudio.Utilities.ServiceBroker.GlobalBrokeredServiceContainer+View.AvailabilityChanged to raise notification.
09/23/2024 15:44:58 Central Standard Time: Information : 3 :Listening started.
09/23/2024 15:44:58 Central Standard Time: Information : 7 :{"id":2,"method":"handshake"}
09/23/2024 15:44:58 Central Standard Time: Information : 6 :Received request "2" for method "handshake".
09/23/2024 15:44:58 Central Standard Time: Information : 9 :Invoking Microsoft.VisualStudio.Utilities.ServiceBroker.GlobalBrokeredServiceContainer+View.HandshakeAsync(ServiceBrokerClientMetadata, CancellationToken)
09/23/2024 15:44:58 Central Standard Time : Start : handshake
09/23/2024 15:44:58 Central Standard Time : Stop : handshake
09/23/2024 15:44:58 Central Standard Time: Information : 8 :{"id":2}
09/23/2024 15:44:58 Central Standard Time: Information : 7 :{"id":3,"method":"requestServiceChannel"}
09/23/2024 15:44:58 Central Standard Time: Information : 6 :Received request "3" for method "requestServiceChannel".
09/23/2024 15:44:58 Central Standard Time: Information : 9 :Invoking Microsoft.VisualStudio.Utilities.ServiceBroker.GlobalBrokeredServiceContainer+View.RequestServiceChannelAsync(ServiceMoniker, ServiceActivationOptions, CancellationToken)
09/23/2024 15:44:58 Central Standard Time : Start : requestServiceChannel
09/23/2024 15:44:58 Central Standard Time : Stop : requestServiceChannel
09/23/2024 15:44:58 Central Standard Time: Information : 8 :{"id":3}
09/23/2024 15:44:58 Central Standard Time: Information : 7 :{"id":4,"method":"requestServiceChannel"}
09/23/2024 15:44:58 Central Standard Time: Information : 6 :Received request "4" for method "requestServiceChannel".
09/23/2024 15:44:58 Central Standard Time: Information : 9 :Invoking Microsoft.VisualStudio.Utilities.ServiceBroker.GlobalBrokeredServiceContainer+View.RequestServiceChannelAsync(ServiceMoniker, ServiceActivationOptions, CancellationToken)
09/23/2024 15:44:58 Central Standard Time : Transfer : Transfer, relatedActivityId=4ba42ebc-cd36-4a4c-8d1f-2c44509f65b6
09/23/2024 15:44:58 Central Standard Time : Start : requestServiceChannel
09/23/2024 15:44:58 Central Standard Time : Stop : requestServiceChannel
09/23/2024 15:44:58 Central Standard Time : Transfer : Transfer, relatedActivityId=6ae31a2a-32a2-4e12-965f-1c97e1eca2c5
09/23/2024 15:44:58 Central Standard Time: Information : 8 :{"id":4}
