09/23/2024 15:25:23 Central Standard Time : Information : Local timezone is (UTC-06:00) Central Time (Chicago)
09/23/2024 15:25:23 Central Standard Time : Information : Added local RPC method "getPipe" -> Microsoft.VisualStudio.Utilities.ServiceBroker.GlobalBrokeredServiceContainer+View.GetPipeAsync(ServiceMoniker, ServiceActivationOptions, CancellationToken) (Microsoft.VisualStudio.Utilities.ServiceBroker.GlobalBrokeredServiceContainer+View)
09/23/2024 15:25:23 Central Standard Time : Information : Added local RPC method "getProxy" -> Microsoft.VisualStudio.Utilities.ServiceBroker.GlobalBrokeredServiceContainer+View.GetProxyAsync(ServiceRpcDescriptor, ServiceActivationOptions, CancellationToken) (Microsoft.VisualStudio.Utilities.ServiceBroker.GlobalBrokeredServiceContainer+View)
09/23/2024 15:25:23 Central Standard Time : Information : Added local RPC method "handshake" -> Microsoft.VisualStudio.Utilities.ServiceBroker.GlobalBrokeredServiceContainer+View.HandshakeAsync(ServiceBrokerClientMetadata, CancellationToken) (Microsoft.VisualStudio.Utilities.ServiceBroker.GlobalBrokeredServiceContainer+View)
09/23/2024 15:25:23 Central Standard Time : Information : Added local RPC method "requestServiceChannel" -> Microsoft.VisualStudio.Utilities.ServiceBroker.GlobalBrokeredServiceContainer+View.RequestServiceChannelAsync(ServiceMoniker, ServiceActivationOptions, CancellationToken) (Microsoft.VisualStudio.Utilities.ServiceBroker.GlobalBrokeredServiceContainer+View)
09/23/2024 15:25:23 Central Standard Time : Information : Added local RPC method "cancelServiceRequest" -> Microsoft.VisualStudio.Utilities.ServiceBroker.GlobalBrokeredServiceContainer+View.CancelServiceRequestAsync(Guid) (Microsoft.VisualStudio.Utilities.ServiceBroker.GlobalBrokeredServiceContainer+View)
09/23/2024 15:25:23 Central Standard Time : Information : Added local RPC method "getPipe" -> Microsoft.VisualStudio.Utilities.ServiceBroker.GlobalBrokeredServiceContainer+View.GetPipeAsync(ServiceMoniker, ServiceActivationOptions, CancellationToken) (Microsoft.VisualStudio.Utilities.ServiceBroker.GlobalBrokeredServiceContainer+View)
09/23/2024 15:25:23 Central Standard Time : Information : Added local RPC method "getProxy" -> Microsoft.VisualStudio.Utilities.ServiceBroker.GlobalBrokeredServiceContainer+View.GetProxyAsync(ServiceRpcDescriptor, ServiceActivationOptions, CancellationToken) (Microsoft.VisualStudio.Utilities.ServiceBroker.GlobalBrokeredServiceContainer+View)
09/23/2024 15:25:23 Central Standard Time : Information : Added local RPC method "handshake" -> Microsoft.VisualStudio.Utilities.ServiceBroker.GlobalBrokeredServiceContainer+View.HandshakeAsync(ServiceBrokerClientMetadata, CancellationToken) (Microsoft.VisualStudio.Utilities.ServiceBroker.GlobalBrokeredServiceContainer+View)
09/23/2024 15:25:23 Central Standard Time : Information : Added local RPC method "requestServiceChannel" -> Microsoft.VisualStudio.Utilities.ServiceBroker.GlobalBrokeredServiceContainer+View.RequestServiceChannelAsync(ServiceMoniker, ServiceActivationOptions, CancellationToken) (Microsoft.VisualStudio.Utilities.ServiceBroker.GlobalBrokeredServiceContainer+View)
09/23/2024 15:25:23 Central Standard Time : Information : Added local RPC method "cancelServiceRequest" -> Microsoft.VisualStudio.Utilities.ServiceBroker.GlobalBrokeredServiceContainer+View.CancelServiceRequestAsync(Guid) (Microsoft.VisualStudio.Utilities.ServiceBroker.GlobalBrokeredServiceContainer+View)
09/23/2024 15:25:23 Central Standard Time: Information : 2 :Listening for events from Microsoft.VisualStudio.Utilities.ServiceBroker.GlobalBrokeredServiceContainer+View.AvailabilityChanged to raise notification.
09/23/2024 15:25:23 Central Standard Time: Information : 3 :Listening started.
09/23/2024 15:25:23 Central Standard Time: Information : 7 :{"id":2,"method":"handshake"}
09/23/2024 15:25:23 Central Standard Time: Information : 6 :Received request "2" for method "handshake".
09/23/2024 15:25:23 Central Standard Time: Information : 9 :Invoking Microsoft.VisualStudio.Utilities.ServiceBroker.GlobalBrokeredServiceContainer+View.HandshakeAsync(ServiceBrokerClientMetadata, CancellationToken)
09/23/2024 15:25:23 Central Standard Time : Start : handshake
09/23/2024 15:25:23 Central Standard Time : Stop : handshake
09/23/2024 15:25:23 Central Standard Time: Information : 8 :{"id":2}
09/23/2024 15:25:23 Central Standard Time: Information : 7 :{"id":3,"method":"requestServiceChannel"}
09/23/2024 15:25:23 Central Standard Time: Information : 6 :Received request "3" for method "requestServiceChannel".
09/23/2024 15:25:23 Central Standard Time: Information : 9 :Invoking Microsoft.VisualStudio.Utilities.ServiceBroker.GlobalBrokeredServiceContainer+View.RequestServiceChannelAsync(ServiceMoniker, ServiceActivationOptions, CancellationToken)
09/23/2024 15:25:23 Central Standard Time : Start : requestServiceChannel
09/23/2024 15:25:23 Central Standard Time : Stop : requestServiceChannel
09/23/2024 15:25:23 Central Standard Time: Information : 8 :{"id":3}
09/23/2024 15:25:23 Central Standard Time: Information : 7 :{"id":4,"method":"requestServiceChannel"}
09/23/2024 15:25:23 Central Standard Time: Information : 6 :Received request "4" for method "requestServiceChannel".
09/23/2024 15:25:23 Central Standard Time: Information : 9 :Invoking Microsoft.VisualStudio.Utilities.ServiceBroker.GlobalBrokeredServiceContainer+View.RequestServiceChannelAsync(ServiceMoniker, ServiceActivationOptions, CancellationToken)
09/23/2024 15:25:23 Central Standard Time : Transfer : Transfer, relatedActivityId=911e30dc-bcb4-446c-9ce0-2d1999c5ad04
09/23/2024 15:25:23 Central Standard Time : Start : requestServiceChannel
09/23/2024 15:25:23 Central Standard Time : Stop : requestServiceChannel
09/23/2024 15:25:23 Central Standard Time : Transfer : Transfer, relatedActivityId=b65d5c1d-fa25-4254-8252-4e436cec0b54
09/23/2024 15:25:23 Central Standard Time: Information : 8 :{"id":4}
09/23/2024 15:25:23 Central Standard Time: Information : 7 :{"id":5,"method":"requestServiceChannel"}
09/23/2024 15:25:23 Central Standard Time: Information : 6 :Received request "5" for method "requestServiceChannel".
09/23/2024 15:25:23 Central Standard Time: Information : 9 :Invoking Microsoft.VisualStudio.Utilities.ServiceBroker.GlobalBrokeredServiceContainer+View.RequestServiceChannelAsync(ServiceMoniker, ServiceActivationOptions, CancellationToken)
09/23/2024 15:25:23 Central Standard Time : Transfer : Transfer, relatedActivityId=7e17ec09-06e8-4b3e-a578-b3e147551d70
09/23/2024 15:25:23 Central Standard Time : Start : requestServiceChannel
09/23/2024 15:25:23 Central Standard Time : Stop : requestServiceChannel
09/23/2024 15:25:23 Central Standard Time : Transfer : Transfer, relatedActivityId=b65d5c1d-fa25-4254-8252-4e436cec0b54
09/23/2024 15:25:23 Central Standard Time: Information : 8 :{"id":5}
