09/23/2024 15:44:57 Central Standard Time : Information : Local timezone is (UTC-06:00) Central Time (Chicago)
09/23/2024 15:44:57 Central Standard Time : Information : Added local RPC method "getPipe" -> Microsoft.VisualStudio.Utilities.ServiceBroker.GlobalBrokeredServiceContainer+View.GetPipeAsync(ServiceMoniker, ServiceActivationOptions, CancellationToken) (Microsoft.VisualStudio.Utilities.ServiceBroker.GlobalBrokeredServiceContainer+View)
09/23/2024 15:44:57 Central Standard Time : Information : Added local RPC method "getProxy" -> Microsoft.VisualStudio.Utilities.ServiceBroker.GlobalBrokeredServiceContainer+View.GetProxyAsync(ServiceRpcDescriptor, ServiceActivationOptions, CancellationToken) (Microsoft.VisualStudio.Utilities.ServiceBroker.GlobalBrokeredServiceContainer+View)
09/23/2024 15:44:57 Central Standard Time : Information : Added local RPC method "handshake" -> Microsoft.VisualStudio.Utilities.ServiceBroker.GlobalBrokeredServiceContainer+View.HandshakeAsync(ServiceBrokerClientMetadata, CancellationToken) (Microsoft.VisualStudio.Utilities.ServiceBroker.GlobalBrokeredServiceContainer+View)
09/23/2024 15:44:57 Central Standard Time : Information : Added local RPC method "requestServiceChannel" -> Microsoft.VisualStudio.Utilities.ServiceBroker.GlobalBrokeredServiceContainer+View.RequestServiceChannelAsync(ServiceMoniker, ServiceActivationOptions, CancellationToken) (Microsoft.VisualStudio.Utilities.ServiceBroker.GlobalBrokeredServiceContainer+View)
09/23/2024 15:44:57 Central Standard Time : Information : Added local RPC method "cancelServiceRequest" -> Microsoft.VisualStudio.Utilities.ServiceBroker.GlobalBrokeredServiceContainer+View.CancelServiceRequestAsync(Guid) (Microsoft.VisualStudio.Utilities.ServiceBroker.GlobalBrokeredServiceContainer+View)
09/23/2024 15:44:57 Central Standard Time : Information : Added local RPC method "getPipe" -> Microsoft.VisualStudio.Utilities.ServiceBroker.GlobalBrokeredServiceContainer+View.GetPipeAsync(ServiceMoniker, ServiceActivationOptions, CancellationToken) (Microsoft.VisualStudio.Utilities.ServiceBroker.GlobalBrokeredServiceContainer+View)
09/23/2024 15:44:57 Central Standard Time : Information : Added local RPC method "getProxy" -> Microsoft.VisualStudio.Utilities.ServiceBroker.GlobalBrokeredServiceContainer+View.GetProxyAsync(ServiceRpcDescriptor, ServiceActivationOptions, CancellationToken) (Microsoft.VisualStudio.Utilities.ServiceBroker.GlobalBrokeredServiceContainer+View)
09/23/2024 15:44:57 Central Standard Time : Information : Added local RPC method "handshake" -> Microsoft.VisualStudio.Utilities.ServiceBroker.GlobalBrokeredServiceContainer+View.HandshakeAsync(ServiceBrokerClientMetadata, CancellationToken) (Microsoft.VisualStudio.Utilities.ServiceBroker.GlobalBrokeredServiceContainer+View)
09/23/2024 15:44:57 Central Standard Time : Information : Added local RPC method "requestServiceChannel" -> Microsoft.VisualStudio.Utilities.ServiceBroker.GlobalBrokeredServiceContainer+View.RequestServiceChannelAsync(ServiceMoniker, ServiceActivationOptions, CancellationToken) (Microsoft.VisualStudio.Utilities.ServiceBroker.GlobalBrokeredServiceContainer+View)
09/23/2024 15:44:57 Central Standard Time : Information : Added local RPC method "cancelServiceRequest" -> Microsoft.VisualStudio.Utilities.ServiceBroker.GlobalBrokeredServiceContainer+View.CancelServiceRequestAsync(Guid) (Microsoft.VisualStudio.Utilities.ServiceBroker.GlobalBrokeredServiceContainer+View)
09/23/2024 15:44:57 Central Standard Time: Information : 2 :Listening for events from Microsoft.VisualStudio.Utilities.ServiceBroker.GlobalBrokeredServiceContainer+View.AvailabilityChanged to raise notification.
09/23/2024 15:44:57 Central Standard Time: Information : 3 :Listening started.
09/23/2024 15:44:57 Central Standard Time: Information : 7 :{"id":2,"method":"handshake"}
09/23/2024 15:44:57 Central Standard Time: Information : 6 :Received request "2" for method "handshake".
09/23/2024 15:44:57 Central Standard Time: Information : 9 :Invoking Microsoft.VisualStudio.Utilities.ServiceBroker.GlobalBrokeredServiceContainer+View.HandshakeAsync(ServiceBrokerClientMetadata, CancellationToken)
09/23/2024 15:44:57 Central Standard Time : Start : handshake
09/23/2024 15:44:57 Central Standard Time : Stop : handshake
09/23/2024 15:44:57 Central Standard Time: Information : 8 :{"id":2}
09/23/2024 15:44:57 Central Standard Time: Information : 7 :{"id":3,"method":"requestServiceChannel"}
09/23/2024 15:44:57 Central Standard Time: Information : 6 :Received request "3" for method "requestServiceChannel".
09/23/2024 15:44:57 Central Standard Time: Information : 9 :Invoking Microsoft.VisualStudio.Utilities.ServiceBroker.GlobalBrokeredServiceContainer+View.RequestServiceChannelAsync(ServiceMoniker, ServiceActivationOptions, CancellationToken)
09/23/2024 15:44:57 Central Standard Time : Start : requestServiceChannel
09/23/2024 15:44:57 Central Standard Time : Stop : requestServiceChannel
09/23/2024 15:44:57 Central Standard Time: Information : 8 :{"id":3}
09/23/2024 15:44:57 Central Standard Time: Information : 7 :{"id":4,"method":"requestServiceChannel"}
09/23/2024 15:44:57 Central Standard Time: Information : 6 :Received request "4" for method "requestServiceChannel".
09/23/2024 15:44:57 Central Standard Time: Information : 9 :Invoking Microsoft.VisualStudio.Utilities.ServiceBroker.GlobalBrokeredServiceContainer+View.RequestServiceChannelAsync(ServiceMoniker, ServiceActivationOptions, CancellationToken)
09/23/2024 15:44:57 Central Standard Time : Transfer : Transfer, relatedActivityId=725ee456-0675-4884-8154-3e9cfd4ca355
09/23/2024 15:44:57 Central Standard Time : Start : requestServiceChannel
09/23/2024 15:44:57 Central Standard Time : Stop : requestServiceChannel
09/23/2024 15:44:57 Central Standard Time : Transfer : Transfer, relatedActivityId=4d7293d6-c395-4d88-9070-58942938992a
09/23/2024 15:44:57 Central Standard Time: Information : 8 :{"id":4}
09/23/2024 15:44:57 Central Standard Time: Information : 7 :{"id":5,"method":"requestServiceChannel"}
09/23/2024 15:44:57 Central Standard Time: Information : 6 :Received request "5" for method "requestServiceChannel".
09/23/2024 15:44:57 Central Standard Time: Information : 9 :Invoking Microsoft.VisualStudio.Utilities.ServiceBroker.GlobalBrokeredServiceContainer+View.RequestServiceChannelAsync(ServiceMoniker, ServiceActivationOptions, CancellationToken)
09/23/2024 15:44:57 Central Standard Time : Transfer : Transfer, relatedActivityId=94a10527-d820-4d22-b02d-6c41e146ee79
09/23/2024 15:44:57 Central Standard Time : Start : requestServiceChannel
09/23/2024 15:44:57 Central Standard Time : Stop : requestServiceChannel
09/23/2024 15:44:57 Central Standard Time : Transfer : Transfer, relatedActivityId=4d7293d6-c395-4d88-9070-58942938992a
09/23/2024 15:44:57 Central Standard Time: Information : 8 :{"id":5}
