09/26/2024 20:41:27 Central Standard Time : Information : Local timezone is (UTC-06:00) Central Time (Chicago)
09/26/2024 20:41:27 Central Standard Time : Information : Added local RPC method "getPipe" -> Microsoft.VisualStudio.Utilities.ServiceBroker.GlobalBrokeredServiceContainer+View.GetPipeAsync(ServiceMoniker, ServiceActivationOptions, CancellationToken) (Microsoft.VisualStudio.Utilities.ServiceBroker.GlobalBrokeredServiceContainer+View)
09/26/2024 20:41:27 Central Standard Time : Information : Added local RPC method "getProxy" -> Microsoft.VisualStudio.Utilities.ServiceBroker.GlobalBrokeredServiceContainer+View.GetProxyAsync(ServiceRpcDescriptor, ServiceActivationOptions, CancellationToken) (Microsoft.VisualStudio.Utilities.ServiceBroker.GlobalBrokeredServiceContainer+View)
09/26/2024 20:41:27 Central Standard Time : Information : Added local RPC method "handshake" -> Microsoft.VisualStudio.Utilities.ServiceBroker.GlobalBrokeredServiceContainer+View.HandshakeAsync(ServiceBrokerClientMetadata, CancellationToken) (Microsoft.VisualStudio.Utilities.ServiceBroker.GlobalBrokeredServiceContainer+View)
09/26/2024 20:41:27 Central Standard Time : Information : Added local RPC method "requestServiceChannel" -> Microsoft.VisualStudio.Utilities.ServiceBroker.GlobalBrokeredServiceContainer+View.RequestServiceChannelAsync(ServiceMoniker, ServiceActivationOptions, CancellationToken) (Microsoft.VisualStudio.Utilities.ServiceBroker.GlobalBrokeredServiceContainer+View)
09/26/2024 20:41:27 Central Standard Time : Information : Added local RPC method "cancelServiceRequest" -> Microsoft.VisualStudio.Utilities.ServiceBroker.GlobalBrokeredServiceContainer+View.CancelServiceRequestAsync(Guid) (Microsoft.VisualStudio.Utilities.ServiceBroker.GlobalBrokeredServiceContainer+View)
09/26/2024 20:41:27 Central Standard Time : Information : Added local RPC method "getPipe" -> Microsoft.VisualStudio.Utilities.ServiceBroker.GlobalBrokeredServiceContainer+View.GetPipeAsync(ServiceMoniker, ServiceActivationOptions, CancellationToken) (Microsoft.VisualStudio.Utilities.ServiceBroker.GlobalBrokeredServiceContainer+View)
09/26/2024 20:41:27 Central Standard Time : Information : Added local RPC method "getProxy" -> Microsoft.VisualStudio.Utilities.ServiceBroker.GlobalBrokeredServiceContainer+View.GetProxyAsync(ServiceRpcDescriptor, ServiceActivationOptions, CancellationToken) (Microsoft.VisualStudio.Utilities.ServiceBroker.GlobalBrokeredServiceContainer+View)
09/26/2024 20:41:27 Central Standard Time : Information : Added local RPC method "handshake" -> Microsoft.VisualStudio.Utilities.ServiceBroker.GlobalBrokeredServiceContainer+View.HandshakeAsync(ServiceBrokerClientMetadata, CancellationToken) (Microsoft.VisualStudio.Utilities.ServiceBroker.GlobalBrokeredServiceContainer+View)
09/26/2024 20:41:27 Central Standard Time : Information : Added local RPC method "requestServiceChannel" -> Microsoft.VisualStudio.Utilities.ServiceBroker.GlobalBrokeredServiceContainer+View.RequestServiceChannelAsync(ServiceMoniker, ServiceActivationOptions, CancellationToken) (Microsoft.VisualStudio.Utilities.ServiceBroker.GlobalBrokeredServiceContainer+View)
09/26/2024 20:41:27 Central Standard Time : Information : Added local RPC method "cancelServiceRequest" -> Microsoft.VisualStudio.Utilities.ServiceBroker.GlobalBrokeredServiceContainer+View.CancelServiceRequestAsync(Guid) (Microsoft.VisualStudio.Utilities.ServiceBroker.GlobalBrokeredServiceContainer+View)
09/26/2024 20:41:27 Central Standard Time: Information : 2 :Listening for events from Microsoft.VisualStudio.Utilities.ServiceBroker.GlobalBrokeredServiceContainer+View.AvailabilityChanged to raise notification.
09/26/2024 20:41:27 Central Standard Time: Information : 3 :Listening started.
09/26/2024 20:41:27 Central Standard Time: Information : 7 :{"id":2,"method":"handshake"}
09/26/2024 20:41:27 Central Standard Time: Information : 6 :Received request "2" for method "handshake".
09/26/2024 20:41:27 Central Standard Time: Information : 9 :Invoking Microsoft.VisualStudio.Utilities.ServiceBroker.GlobalBrokeredServiceContainer+View.HandshakeAsync(ServiceBrokerClientMetadata, CancellationToken)
09/26/2024 20:41:27 Central Standard Time : Start : handshake
09/26/2024 20:41:27 Central Standard Time : Stop : handshake
09/26/2024 20:41:27 Central Standard Time: Information : 8 :{"id":2}
09/26/2024 20:41:27 Central Standard Time: Information : 7 :{"id":3,"method":"requestServiceChannel"}
09/26/2024 20:41:27 Central Standard Time: Information : 6 :Received request "3" for method "requestServiceChannel".
09/26/2024 20:41:27 Central Standard Time: Information : 9 :Invoking Microsoft.VisualStudio.Utilities.ServiceBroker.GlobalBrokeredServiceContainer+View.RequestServiceChannelAsync(ServiceMoniker, ServiceActivationOptions, CancellationToken)
09/26/2024 20:41:27 Central Standard Time : Start : requestServiceChannel
09/26/2024 20:41:27 Central Standard Time : Stop : requestServiceChannel
09/26/2024 20:41:27 Central Standard Time: Information : 8 :{"id":3}
09/26/2024 20:41:27 Central Standard Time: Information : 7 :{"id":4,"method":"requestServiceChannel"}
09/26/2024 20:41:27 Central Standard Time: Information : 6 :Received request "4" for method "requestServiceChannel".
09/26/2024 20:41:27 Central Standard Time: Information : 9 :Invoking Microsoft.VisualStudio.Utilities.ServiceBroker.GlobalBrokeredServiceContainer+View.RequestServiceChannelAsync(ServiceMoniker, ServiceActivationOptions, CancellationToken)
09/26/2024 20:41:27 Central Standard Time : Start : requestServiceChannel
09/26/2024 20:41:27 Central Standard Time : Stop : requestServiceChannel
09/26/2024 20:41:27 Central Standard Time: Information : 8 :{"id":4}
09/26/2024 20:41:27 Central Standard Time: Information : 7 :{"id":5,"method":"requestServiceChannel"}
09/26/2024 20:41:27 Central Standard Time: Information : 6 :Received request "5" for method "requestServiceChannel".
09/26/2024 20:41:27 Central Standard Time: Information : 9 :Invoking Microsoft.VisualStudio.Utilities.ServiceBroker.GlobalBrokeredServiceContainer+View.RequestServiceChannelAsync(ServiceMoniker, ServiceActivationOptions, CancellationToken)
09/26/2024 20:41:27 Central Standard Time : Start : requestServiceChannel
09/26/2024 20:41:27 Central Standard Time : Stop : requestServiceChannel
09/26/2024 20:41:27 Central Standard Time: Information : 8 :{"id":5}
09/26/2024 20:41:28 Central Standard Time: Information : 7 :{"id":6,"method":"requestServiceChannel"}
09/26/2024 20:41:28 Central Standard Time: Information : 6 :Received request "6" for method "requestServiceChannel".
09/26/2024 20:41:28 Central Standard Time: Information : 9 :Invoking Microsoft.VisualStudio.Utilities.ServiceBroker.GlobalBrokeredServiceContainer+View.RequestServiceChannelAsync(ServiceMoniker, ServiceActivationOptions, CancellationToken)
09/26/2024 20:41:28 Central Standard Time : Start : requestServiceChannel
09/26/2024 20:41:28 Central Standard Time : Stop : requestServiceChannel
09/26/2024 20:41:28 Central Standard Time: Information : 8 :{"id":6}
09/26/2024 20:41:28 Central Standard Time: Information : 7 :{"id":7,"method":"requestServiceChannel"}
09/26/2024 20:41:28 Central Standard Time: Information : 6 :Received request "7" for method "requestServiceChannel".
09/26/2024 20:41:28 Central Standard Time: Information : 9 :Invoking Microsoft.VisualStudio.Utilities.ServiceBroker.GlobalBrokeredServiceContainer+View.RequestServiceChannelAsync(ServiceMoniker, ServiceActivationOptions, CancellationToken)
09/26/2024 20:41:28 Central Standard Time : Start : requestServiceChannel
09/26/2024 20:41:28 Central Standard Time : Stop : requestServiceChannel
09/26/2024 20:41:28 Central Standard Time: Information : 8 :{"id":7}
09/26/2024 20:41:28 Central Standard Time: Information : 7 :{"id":8,"method":"requestServiceChannel"}
09/26/2024 20:41:28 Central Standard Time: Information : 6 :Received request "8" for method "requestServiceChannel".
09/26/2024 20:41:28 Central Standard Time: Information : 9 :Invoking Microsoft.VisualStudio.Utilities.ServiceBroker.GlobalBrokeredServiceContainer+View.RequestServiceChannelAsync(ServiceMoniker, ServiceActivationOptions, CancellationToken)
09/26/2024 20:41:28 Central Standard Time : Transfer : Transfer, relatedActivityId=6c723aed-cfc4-4c93-a7a1-bc82a34344d4
09/26/2024 20:41:28 Central Standard Time : Start : requestServiceChannel
09/26/2024 20:41:28 Central Standard Time : Stop : requestServiceChannel
09/26/2024 20:41:28 Central Standard Time : Transfer : Transfer, relatedActivityId=93b0d17c-c103-441b-b1b2-66e696b9ef95
09/26/2024 20:41:28 Central Standard Time: Information : 8 :{"id":8}
09/26/2024 20:41:30 Central Standard Time: Information : 7 :{"id":9,"method":"requestServiceChannel"}
09/26/2024 20:41:30 Central Standard Time: Information : 6 :Received request "9" for method "requestServiceChannel".
09/26/2024 20:41:30 Central Standard Time: Information : 9 :Invoking Microsoft.VisualStudio.Utilities.ServiceBroker.GlobalBrokeredServiceContainer+View.RequestServiceChannelAsync(ServiceMoniker, ServiceActivationOptions, CancellationToken)
09/26/2024 20:41:30 Central Standard Time : Start : requestServiceChannel
09/26/2024 20:41:30 Central Standard Time : Stop : requestServiceChannel
09/26/2024 20:41:30 Central Standard Time: Information : 8 :{"id":9}
09/26/2024 20:41:30 Central Standard Time: Information : 7 :{"id":10,"method":"requestServiceChannel"}
09/26/2024 20:41:30 Central Standard Time: Information : 6 :Received request "10" for method "requestServiceChannel".
09/26/2024 20:41:30 Central Standard Time: Information : 9 :Invoking Microsoft.VisualStudio.Utilities.ServiceBroker.GlobalBrokeredServiceContainer+View.RequestServiceChannelAsync(ServiceMoniker, ServiceActivationOptions, CancellationToken)
09/26/2024 20:41:30 Central Standard Time : Start : requestServiceChannel
09/26/2024 20:41:30 Central Standard Time: Information : 7 :{"id":11,"method":"requestServiceChannel"}
09/26/2024 20:41:30 Central Standard Time: Information : 6 :Received request "11" for method "requestServiceChannel".
09/26/2024 20:41:30 Central Standard Time: Information : 9 :Invoking Microsoft.VisualStudio.Utilities.ServiceBroker.GlobalBrokeredServiceContainer+View.RequestServiceChannelAsync(ServiceMoniker, ServiceActivationOptions, CancellationToken)
09/26/2024 20:41:30 Central Standard Time : Start : requestServiceChannel
09/26/2024 20:41:30 Central Standard Time : Stop : requestServiceChannel
09/26/2024 20:41:30 Central Standard Time: Information : 8 :{"id":11}
09/26/2024 20:41:30 Central Standard Time : Stop : requestServiceChannel
09/26/2024 20:41:30 Central Standard Time: Information : 8 :{"id":10}
09/26/2024 20:41:32 Central Standard Time: Information : 7 :{"id":12,"method":"requestServiceChannel"}
09/26/2024 20:41:32 Central Standard Time: Information : 6 :Received request "12" for method "requestServiceChannel".
09/26/2024 20:41:32 Central Standard Time: Information : 9 :Invoking Microsoft.VisualStudio.Utilities.ServiceBroker.GlobalBrokeredServiceContainer+View.RequestServiceChannelAsync(ServiceMoniker, ServiceActivationOptions, CancellationToken)
09/26/2024 20:41:32 Central Standard Time : Start : requestServiceChannel
09/26/2024 20:41:32 Central Standard Time : Stop : requestServiceChannel
09/26/2024 20:41:32 Central Standard Time: Information : 8 :{"id":12}
09/26/2024 20:41:32 Central Standard Time: Information : 7 :{"id":13,"method":"requestServiceChannel"}
09/26/2024 20:41:32 Central Standard Time: Information : 6 :Received request "13" for method "requestServiceChannel".
09/26/2024 20:41:32 Central Standard Time: Information : 9 :Invoking Microsoft.VisualStudio.Utilities.ServiceBroker.GlobalBrokeredServiceContainer+View.RequestServiceChannelAsync(ServiceMoniker, ServiceActivationOptions, CancellationToken)
09/26/2024 20:41:32 Central Standard Time : Start : requestServiceChannel
09/26/2024 20:41:32 Central Standard Time : Stop : requestServiceChannel
09/26/2024 20:41:32 Central Standard Time: Information : 8 :{"id":13}
