10/07/2024 12:43:42 Central Standard Time : Information : Local timezone is (UTC-06:00) Central Time (Chicago)
10/07/2024 12:43:42 Central Standard Time : Information : Added local RPC method "getPipe" -> Microsoft.VisualStudio.Utilities.ServiceBroker.GlobalBrokeredServiceContainer+View.GetPipeAsync(ServiceMoniker, ServiceActivationOptions, CancellationToken) (Microsoft.VisualStudio.Utilities.ServiceBroker.GlobalBrokeredServiceContainer+View)
10/07/2024 12:43:42 Central Standard Time : Information : Added local RPC method "getProxy" -> Microsoft.VisualStudio.Utilities.ServiceBroker.GlobalBrokeredServiceContainer+View.GetProxyAsync(ServiceRpcDescriptor, ServiceActivationOptions, CancellationToken) (Microsoft.VisualStudio.Utilities.ServiceBroker.GlobalBrokeredServiceContainer+View)
10/07/2024 12:43:42 Central Standard Time : Information : Added local RPC method "handshake" -> Microsoft.VisualStudio.Utilities.ServiceBroker.GlobalBrokeredServiceContainer+View.HandshakeAsync(ServiceBrokerClientMetadata, CancellationToken) (Microsoft.VisualStudio.Utilities.ServiceBroker.GlobalBrokeredServiceContainer+View)
10/07/2024 12:43:42 Central Standard Time : Information : Added local RPC method "requestServiceChannel" -> Microsoft.VisualStudio.Utilities.ServiceBroker.GlobalBrokeredServiceContainer+View.RequestServiceChannelAsync(ServiceMoniker, ServiceActivationOptions, CancellationToken) (Microsoft.VisualStudio.Utilities.ServiceBroker.GlobalBrokeredServiceContainer+View)
10/07/2024 12:43:42 Central Standard Time : Information : Added local RPC method "cancelServiceRequest" -> Microsoft.VisualStudio.Utilities.ServiceBroker.GlobalBrokeredServiceContainer+View.CancelServiceRequestAsync(Guid) (Microsoft.VisualStudio.Utilities.ServiceBroker.GlobalBrokeredServiceContainer+View)
10/07/2024 12:43:42 Central Standard Time : Information : Added local RPC method "getPipe" -> Microsoft.VisualStudio.Utilities.ServiceBroker.GlobalBrokeredServiceContainer+View.GetPipeAsync(ServiceMoniker, ServiceActivationOptions, CancellationToken) (Microsoft.VisualStudio.Utilities.ServiceBroker.GlobalBrokeredServiceContainer+View)
10/07/2024 12:43:42 Central Standard Time : Information : Added local RPC method "getProxy" -> Microsoft.VisualStudio.Utilities.ServiceBroker.GlobalBrokeredServiceContainer+View.GetProxyAsync(ServiceRpcDescriptor, ServiceActivationOptions, CancellationToken) (Microsoft.VisualStudio.Utilities.ServiceBroker.GlobalBrokeredServiceContainer+View)
10/07/2024 12:43:42 Central Standard Time : Information : Added local RPC method "handshake" -> Microsoft.VisualStudio.Utilities.ServiceBroker.GlobalBrokeredServiceContainer+View.HandshakeAsync(ServiceBrokerClientMetadata, CancellationToken) (Microsoft.VisualStudio.Utilities.ServiceBroker.GlobalBrokeredServiceContainer+View)
10/07/2024 12:43:42 Central Standard Time : Information : Added local RPC method "requestServiceChannel" -> Microsoft.VisualStudio.Utilities.ServiceBroker.GlobalBrokeredServiceContainer+View.RequestServiceChannelAsync(ServiceMoniker, ServiceActivationOptions, CancellationToken) (Microsoft.VisualStudio.Utilities.ServiceBroker.GlobalBrokeredServiceContainer+View)
10/07/2024 12:43:42 Central Standard Time : Information : Added local RPC method "cancelServiceRequest" -> Microsoft.VisualStudio.Utilities.ServiceBroker.GlobalBrokeredServiceContainer+View.CancelServiceRequestAsync(Guid) (Microsoft.VisualStudio.Utilities.ServiceBroker.GlobalBrokeredServiceContainer+View)
10/07/2024 12:43:42 Central Standard Time: Information : 2 :Listening for events from Microsoft.VisualStudio.Utilities.ServiceBroker.GlobalBrokeredServiceContainer+View.AvailabilityChanged to raise notification.
10/07/2024 12:43:42 Central Standard Time: Information : 3 :Listening started.
10/07/2024 12:43:42 Central Standard Time: Information : 7 :{"id":2,"method":"handshake"}
10/07/2024 12:43:42 Central Standard Time: Information : 6 :Received request "2" for method "handshake".
10/07/2024 12:43:42 Central Standard Time: Information : 9 :Invoking Microsoft.VisualStudio.Utilities.ServiceBroker.GlobalBrokeredServiceContainer+View.HandshakeAsync(ServiceBrokerClientMetadata, CancellationToken)
10/07/2024 12:43:42 Central Standard Time : Start : handshake
10/07/2024 12:43:42 Central Standard Time : Stop : handshake
10/07/2024 12:43:42 Central Standard Time: Information : 8 :{"id":2}
10/07/2024 12:43:42 Central Standard Time: Information : 7 :{"id":3,"method":"requestServiceChannel"}
10/07/2024 12:43:42 Central Standard Time: Information : 6 :Received request "3" for method "requestServiceChannel".
10/07/2024 12:43:42 Central Standard Time: Information : 9 :Invoking Microsoft.VisualStudio.Utilities.ServiceBroker.GlobalBrokeredServiceContainer+View.RequestServiceChannelAsync(ServiceMoniker, ServiceActivationOptions, CancellationToken)
10/07/2024 12:43:42 Central Standard Time : Start : requestServiceChannel
10/07/2024 12:43:42 Central Standard Time : Stop : requestServiceChannel
10/07/2024 12:43:42 Central Standard Time: Information : 8 :{"id":3}
10/07/2024 12:43:42 Central Standard Time: Information : 7 :{"id":4,"method":"requestServiceChannel"}
10/07/2024 12:43:42 Central Standard Time: Information : 6 :Received request "4" for method "requestServiceChannel".
10/07/2024 12:43:42 Central Standard Time: Information : 9 :Invoking Microsoft.VisualStudio.Utilities.ServiceBroker.GlobalBrokeredServiceContainer+View.RequestServiceChannelAsync(ServiceMoniker, ServiceActivationOptions, CancellationToken)
10/07/2024 12:43:42 Central Standard Time : Transfer : Transfer, relatedActivityId=ee3c6fa7-1e28-4452-85d7-2d757a292139
10/07/2024 12:43:42 Central Standard Time : Start : requestServiceChannel
10/07/2024 12:43:42 Central Standard Time: Information : 7 :{"id":5,"method":"requestServiceChannel"}
10/07/2024 12:43:42 Central Standard Time: Information : 6 :Received request "5" for method "requestServiceChannel".
10/07/2024 12:43:42 Central Standard Time: Information : 9 :Invoking Microsoft.VisualStudio.Utilities.ServiceBroker.GlobalBrokeredServiceContainer+View.RequestServiceChannelAsync(ServiceMoniker, ServiceActivationOptions, CancellationToken)
10/07/2024 12:43:42 Central Standard Time : Transfer : Transfer, relatedActivityId=f874de5a-0e66-4594-a247-7940335dc930
10/07/2024 12:43:42 Central Standard Time : Start : requestServiceChannel
10/07/2024 12:43:42 Central Standard Time : Stop : requestServiceChannel
10/07/2024 12:43:42 Central Standard Time : Transfer : Transfer, relatedActivityId=619de172-2394-4ca5-bd94-43c6ad51108f
10/07/2024 12:43:42 Central Standard Time: Information : 8 :{"id":4}
10/07/2024 12:43:42 Central Standard Time : Stop : requestServiceChannel
10/07/2024 12:43:42 Central Standard Time : Transfer : Transfer, relatedActivityId=e4341ba2-feea-4d9a-9fc5-7e8b2c331534
10/07/2024 12:43:42 Central Standard Time: Information : 8 :{"id":5}
