12/06/2024 15:00:16 Central Standard Time : Information : Local timezone is (UTC-06:00) Central Time (Chicago)
12/06/2024 15:00:16 Central Standard Time : Information : Added local RPC method "getPipe" -> Microsoft.VisualStudio.Utilities.ServiceBroker.GlobalBrokeredServiceContainer+View.GetPipeAsync(ServiceMoniker, ServiceActivationOptions, CancellationToken) (Microsoft.VisualStudio.Utilities.ServiceBroker.GlobalBrokeredServiceContainer+View)
12/06/2024 15:00:16 Central Standard Time : Information : Added local RPC method "getProxy" -> Microsoft.VisualStudio.Utilities.ServiceBroker.GlobalBrokeredServiceContainer+View.GetProxyAsync(ServiceRpcDescriptor, ServiceActivationOptions, CancellationToken) (Microsoft.VisualStudio.Utilities.ServiceBroker.GlobalBrokeredServiceContainer+View)
12/06/2024 15:00:16 Central Standard Time : Information : Added local RPC method "handshake" -> Microsoft.VisualStudio.Utilities.ServiceBroker.GlobalBrokeredServiceContainer+View.HandshakeAsync(ServiceBrokerClientMetadata, CancellationToken) (Microsoft.VisualStudio.Utilities.ServiceBroker.GlobalBrokeredServiceContainer+View)
12/06/2024 15:00:16 Central Standard Time : Information : Added local RPC method "requestServiceChannel" -> Microsoft.VisualStudio.Utilities.ServiceBroker.GlobalBrokeredServiceContainer+View.RequestServiceChannelAsync(ServiceMoniker, ServiceActivationOptions, CancellationToken) (Microsoft.VisualStudio.Utilities.ServiceBroker.GlobalBrokeredServiceContainer+View)
12/06/2024 15:00:16 Central Standard Time : Information : Added local RPC method "cancelServiceRequest" -> Microsoft.VisualStudio.Utilities.ServiceBroker.GlobalBrokeredServiceContainer+View.CancelServiceRequestAsync(Guid) (Microsoft.VisualStudio.Utilities.ServiceBroker.GlobalBrokeredServiceContainer+View)
12/06/2024 15:00:16 Central Standard Time : Information : Added local RPC method "getPipe" -> Microsoft.VisualStudio.Utilities.ServiceBroker.GlobalBrokeredServiceContainer+View.GetPipeAsync(ServiceMoniker, ServiceActivationOptions, CancellationToken) (Microsoft.VisualStudio.Utilities.ServiceBroker.GlobalBrokeredServiceContainer+View)
12/06/2024 15:00:16 Central Standard Time : Information : Added local RPC method "getProxy" -> Microsoft.VisualStudio.Utilities.ServiceBroker.GlobalBrokeredServiceContainer+View.GetProxyAsync(ServiceRpcDescriptor, ServiceActivationOptions, CancellationToken) (Microsoft.VisualStudio.Utilities.ServiceBroker.GlobalBrokeredServiceContainer+View)
12/06/2024 15:00:16 Central Standard Time : Information : Added local RPC method "handshake" -> Microsoft.VisualStudio.Utilities.ServiceBroker.GlobalBrokeredServiceContainer+View.HandshakeAsync(ServiceBrokerClientMetadata, CancellationToken) (Microsoft.VisualStudio.Utilities.ServiceBroker.GlobalBrokeredServiceContainer+View)
12/06/2024 15:00:16 Central Standard Time : Information : Added local RPC method "requestServiceChannel" -> Microsoft.VisualStudio.Utilities.ServiceBroker.GlobalBrokeredServiceContainer+View.RequestServiceChannelAsync(ServiceMoniker, ServiceActivationOptions, CancellationToken) (Microsoft.VisualStudio.Utilities.ServiceBroker.GlobalBrokeredServiceContainer+View)
12/06/2024 15:00:16 Central Standard Time : Information : Added local RPC method "cancelServiceRequest" -> Microsoft.VisualStudio.Utilities.ServiceBroker.GlobalBrokeredServiceContainer+View.CancelServiceRequestAsync(Guid) (Microsoft.VisualStudio.Utilities.ServiceBroker.GlobalBrokeredServiceContainer+View)
12/06/2024 15:00:16 Central Standard Time: Information : 2 :Listening for events from Microsoft.VisualStudio.Utilities.ServiceBroker.GlobalBrokeredServiceContainer+View.AvailabilityChanged to raise notification.
12/06/2024 15:00:16 Central Standard Time: Information : 3 :Listening started.
12/06/2024 15:00:16 Central Standard Time: Information : 7 :{"id":2,"method":"handshake"}
12/06/2024 15:00:16 Central Standard Time: Information : 6 :Received request "2" for method "handshake".
12/06/2024 15:00:16 Central Standard Time: Information : 9 :Invoking Microsoft.VisualStudio.Utilities.ServiceBroker.GlobalBrokeredServiceContainer+View.HandshakeAsync(ServiceBrokerClientMetadata, CancellationToken)
12/06/2024 15:00:16 Central Standard Time : Start : handshake
12/06/2024 15:00:16 Central Standard Time : Stop : handshake
12/06/2024 15:00:16 Central Standard Time: Information : 8 :{"id":2}
12/06/2024 15:00:16 Central Standard Time: Information : 7 :{"id":3,"method":"requestServiceChannel"}
12/06/2024 15:00:16 Central Standard Time: Information : 6 :Received request "3" for method "requestServiceChannel".
12/06/2024 15:00:16 Central Standard Time: Information : 9 :Invoking Microsoft.VisualStudio.Utilities.ServiceBroker.GlobalBrokeredServiceContainer+View.RequestServiceChannelAsync(ServiceMoniker, ServiceActivationOptions, CancellationToken)
12/06/2024 15:00:16 Central Standard Time : Start : requestServiceChannel
12/06/2024 15:00:16 Central Standard Time : Stop : requestServiceChannel
12/06/2024 15:00:16 Central Standard Time: Information : 8 :{"id":3}
12/06/2024 15:00:16 Central Standard Time: Information : 7 :{"id":4,"method":"requestServiceChannel"}
12/06/2024 15:00:16 Central Standard Time: Information : 6 :Received request "4" for method "requestServiceChannel".
12/06/2024 15:00:16 Central Standard Time: Information : 9 :Invoking Microsoft.VisualStudio.Utilities.ServiceBroker.GlobalBrokeredServiceContainer+View.RequestServiceChannelAsync(ServiceMoniker, ServiceActivationOptions, CancellationToken)
12/06/2024 15:00:16 Central Standard Time : Transfer : Transfer, relatedActivityId=3bcd5bed-d59d-4d11-b06d-6ac3bef3e609
12/06/2024 15:00:16 Central Standard Time : Start : requestServiceChannel
12/06/2024 15:00:16 Central Standard Time : Stop : requestServiceChannel
12/06/2024 15:00:16 Central Standard Time : Transfer : Transfer, relatedActivityId=a7844130-4253-4c5d-a912-c9e219559c2d
12/06/2024 15:00:16 Central Standard Time: Information : 8 :{"id":4}
