10/23/2024 12:46:29 Central Standard Time : Information : Local timezone is (UTC-06:00) Central Time (Chicago)
10/23/2024 12:46:29 Central Standard Time : Information : Added local RPC method "getPipe" -> Microsoft.VisualStudio.Utilities.ServiceBroker.GlobalBrokeredServiceContainer+View.GetPipeAsync(ServiceMoniker, ServiceActivationOptions, CancellationToken) (Microsoft.VisualStudio.Utilities.ServiceBroker.GlobalBrokeredServiceContainer+View)
10/23/2024 12:46:29 Central Standard Time : Information : Added local RPC method "getProxy" -> Microsoft.VisualStudio.Utilities.ServiceBroker.GlobalBrokeredServiceContainer+View.GetProxyAsync(ServiceRpcDescriptor, ServiceActivationOptions, CancellationToken) (Microsoft.VisualStudio.Utilities.ServiceBroker.GlobalBrokeredServiceContainer+View)
10/23/2024 12:46:29 Central Standard Time : Information : Added local RPC method "handshake" -> Microsoft.VisualStudio.Utilities.ServiceBroker.GlobalBrokeredServiceContainer+View.HandshakeAsync(ServiceBrokerClientMetadata, CancellationToken) (Microsoft.VisualStudio.Utilities.ServiceBroker.GlobalBrokeredServiceContainer+View)
10/23/2024 12:46:29 Central Standard Time : Information : Added local RPC method "requestServiceChannel" -> Microsoft.VisualStudio.Utilities.ServiceBroker.GlobalBrokeredServiceContainer+View.RequestServiceChannelAsync(ServiceMoniker, ServiceActivationOptions, CancellationToken) (Microsoft.VisualStudio.Utilities.ServiceBroker.GlobalBrokeredServiceContainer+View)
10/23/2024 12:46:29 Central Standard Time : Information : Added local RPC method "cancelServiceRequest" -> Microsoft.VisualStudio.Utilities.ServiceBroker.GlobalBrokeredServiceContainer+View.CancelServiceRequestAsync(Guid) (Microsoft.VisualStudio.Utilities.ServiceBroker.GlobalBrokeredServiceContainer+View)
10/23/2024 12:46:29 Central Standard Time : Information : Added local RPC method "getPipe" -> Microsoft.VisualStudio.Utilities.ServiceBroker.GlobalBrokeredServiceContainer+View.GetPipeAsync(ServiceMoniker, ServiceActivationOptions, CancellationToken) (Microsoft.VisualStudio.Utilities.ServiceBroker.GlobalBrokeredServiceContainer+View)
10/23/2024 12:46:29 Central Standard Time : Information : Added local RPC method "getProxy" -> Microsoft.VisualStudio.Utilities.ServiceBroker.GlobalBrokeredServiceContainer+View.GetProxyAsync(ServiceRpcDescriptor, ServiceActivationOptions, CancellationToken) (Microsoft.VisualStudio.Utilities.ServiceBroker.GlobalBrokeredServiceContainer+View)
10/23/2024 12:46:29 Central Standard Time : Information : Added local RPC method "handshake" -> Microsoft.VisualStudio.Utilities.ServiceBroker.GlobalBrokeredServiceContainer+View.HandshakeAsync(ServiceBrokerClientMetadata, CancellationToken) (Microsoft.VisualStudio.Utilities.ServiceBroker.GlobalBrokeredServiceContainer+View)
10/23/2024 12:46:29 Central Standard Time : Information : Added local RPC method "requestServiceChannel" -> Microsoft.VisualStudio.Utilities.ServiceBroker.GlobalBrokeredServiceContainer+View.RequestServiceChannelAsync(ServiceMoniker, ServiceActivationOptions, CancellationToken) (Microsoft.VisualStudio.Utilities.ServiceBroker.GlobalBrokeredServiceContainer+View)
10/23/2024 12:46:29 Central Standard Time : Information : Added local RPC method "cancelServiceRequest" -> Microsoft.VisualStudio.Utilities.ServiceBroker.GlobalBrokeredServiceContainer+View.CancelServiceRequestAsync(Guid) (Microsoft.VisualStudio.Utilities.ServiceBroker.GlobalBrokeredServiceContainer+View)
10/23/2024 12:46:29 Central Standard Time: Information : 2 :Listening for events from Microsoft.VisualStudio.Utilities.ServiceBroker.GlobalBrokeredServiceContainer+View.AvailabilityChanged to raise notification.
10/23/2024 12:46:29 Central Standard Time: Information : 3 :Listening started.
10/23/2024 12:46:29 Central Standard Time: Information : 7 :{"id":2,"method":"handshake"}
10/23/2024 12:46:29 Central Standard Time: Information : 6 :Received request "2" for method "handshake".
10/23/2024 12:46:29 Central Standard Time: Information : 9 :Invoking Microsoft.VisualStudio.Utilities.ServiceBroker.GlobalBrokeredServiceContainer+View.HandshakeAsync(ServiceBrokerClientMetadata, CancellationToken)
10/23/2024 12:46:29 Central Standard Time : Start : handshake
10/23/2024 12:46:29 Central Standard Time : Stop : handshake
10/23/2024 12:46:29 Central Standard Time: Information : 8 :{"id":2}
10/23/2024 12:46:29 Central Standard Time: Information : 7 :{"id":3,"method":"requestServiceChannel"}
10/23/2024 12:46:29 Central Standard Time: Information : 6 :Received request "3" for method "requestServiceChannel".
10/23/2024 12:46:29 Central Standard Time: Information : 9 :Invoking Microsoft.VisualStudio.Utilities.ServiceBroker.GlobalBrokeredServiceContainer+View.RequestServiceChannelAsync(ServiceMoniker, ServiceActivationOptions, CancellationToken)
10/23/2024 12:46:29 Central Standard Time : Start : requestServiceChannel
10/23/2024 12:46:29 Central Standard Time : Stop : requestServiceChannel
10/23/2024 12:46:29 Central Standard Time: Information : 8 :{"id":3}
10/23/2024 12:46:29 Central Standard Time: Information : 7 :{"id":4,"method":"requestServiceChannel"}
10/23/2024 12:46:29 Central Standard Time: Information : 6 :Received request "4" for method "requestServiceChannel".
10/23/2024 12:46:29 Central Standard Time: Information : 9 :Invoking Microsoft.VisualStudio.Utilities.ServiceBroker.GlobalBrokeredServiceContainer+View.RequestServiceChannelAsync(ServiceMoniker, ServiceActivationOptions, CancellationToken)
10/23/2024 12:46:29 Central Standard Time : Transfer : Transfer, relatedActivityId=9f611e8c-c87f-4e9c-bf6a-2a68f541c2db
10/23/2024 12:46:29 Central Standard Time : Start : requestServiceChannel
10/23/2024 12:46:29 Central Standard Time : Stop : requestServiceChannel
10/23/2024 12:46:29 Central Standard Time : Transfer : Transfer, relatedActivityId=5ae22128-729f-4a67-a7c6-5c5549a8d09a
10/23/2024 12:46:29 Central Standard Time: Information : 8 :{"id":4}
10/23/2024 12:46:29 Central Standard Time: Information : 7 :{"id":5,"method":"requestServiceChannel"}
10/23/2024 12:46:29 Central Standard Time: Information : 6 :Received request "5" for method "requestServiceChannel".
10/23/2024 12:46:29 Central Standard Time: Information : 9 :Invoking Microsoft.VisualStudio.Utilities.ServiceBroker.GlobalBrokeredServiceContainer+View.RequestServiceChannelAsync(ServiceMoniker, ServiceActivationOptions, CancellationToken)
10/23/2024 12:46:29 Central Standard Time : Transfer : Transfer, relatedActivityId=3cb6eb15-ccb0-4669-8293-1bf1dc7f2b82
10/23/2024 12:46:29 Central Standard Time : Start : requestServiceChannel
10/23/2024 12:46:29 Central Standard Time : Stop : requestServiceChannel
10/23/2024 12:46:29 Central Standard Time : Transfer : Transfer, relatedActivityId=5ae22128-729f-4a67-a7c6-5c5549a8d09a
10/23/2024 12:46:29 Central Standard Time: Information : 8 :{"id":5}
