10/26/2024 20:53:36 Central Standard Time : Information : Local timezone is (UTC-06:00) Central Time (Chicago)
10/26/2024 20:53:36 Central Standard Time : Information : Added local RPC method "getPipe" -> Microsoft.VisualStudio.Utilities.ServiceBroker.GlobalBrokeredServiceContainer+View.GetPipeAsync(ServiceMoniker, ServiceActivationOptions, CancellationToken) (Microsoft.VisualStudio.Utilities.ServiceBroker.GlobalBrokeredServiceContainer+View)
10/26/2024 20:53:36 Central Standard Time : Information : Added local RPC method "getProxy" -> Microsoft.VisualStudio.Utilities.ServiceBroker.GlobalBrokeredServiceContainer+View.GetProxyAsync(ServiceRpcDescriptor, ServiceActivationOptions, CancellationToken) (Microsoft.VisualStudio.Utilities.ServiceBroker.GlobalBrokeredServiceContainer+View)
10/26/2024 20:53:36 Central Standard Time : Information : Added local RPC method "handshake" -> Microsoft.VisualStudio.Utilities.ServiceBroker.GlobalBrokeredServiceContainer+View.HandshakeAsync(ServiceBrokerClientMetadata, CancellationToken) (Microsoft.VisualStudio.Utilities.ServiceBroker.GlobalBrokeredServiceContainer+View)
10/26/2024 20:53:36 Central Standard Time : Information : Added local RPC method "requestServiceChannel" -> Microsoft.VisualStudio.Utilities.ServiceBroker.GlobalBrokeredServiceContainer+View.RequestServiceChannelAsync(ServiceMoniker, ServiceActivationOptions, CancellationToken) (Microsoft.VisualStudio.Utilities.ServiceBroker.GlobalBrokeredServiceContainer+View)
10/26/2024 20:53:36 Central Standard Time : Information : Added local RPC method "cancelServiceRequest" -> Microsoft.VisualStudio.Utilities.ServiceBroker.GlobalBrokeredServiceContainer+View.CancelServiceRequestAsync(Guid) (Microsoft.VisualStudio.Utilities.ServiceBroker.GlobalBrokeredServiceContainer+View)
10/26/2024 20:53:36 Central Standard Time : Information : Added local RPC method "getPipe" -> Microsoft.VisualStudio.Utilities.ServiceBroker.GlobalBrokeredServiceContainer+View.GetPipeAsync(ServiceMoniker, ServiceActivationOptions, CancellationToken) (Microsoft.VisualStudio.Utilities.ServiceBroker.GlobalBrokeredServiceContainer+View)
10/26/2024 20:53:36 Central Standard Time : Information : Added local RPC method "getProxy" -> Microsoft.VisualStudio.Utilities.ServiceBroker.GlobalBrokeredServiceContainer+View.GetProxyAsync(ServiceRpcDescriptor, ServiceActivationOptions, CancellationToken) (Microsoft.VisualStudio.Utilities.ServiceBroker.GlobalBrokeredServiceContainer+View)
10/26/2024 20:53:36 Central Standard Time : Information : Added local RPC method "handshake" -> Microsoft.VisualStudio.Utilities.ServiceBroker.GlobalBrokeredServiceContainer+View.HandshakeAsync(ServiceBrokerClientMetadata, CancellationToken) (Microsoft.VisualStudio.Utilities.ServiceBroker.GlobalBrokeredServiceContainer+View)
10/26/2024 20:53:36 Central Standard Time : Information : Added local RPC method "requestServiceChannel" -> Microsoft.VisualStudio.Utilities.ServiceBroker.GlobalBrokeredServiceContainer+View.RequestServiceChannelAsync(ServiceMoniker, ServiceActivationOptions, CancellationToken) (Microsoft.VisualStudio.Utilities.ServiceBroker.GlobalBrokeredServiceContainer+View)
10/26/2024 20:53:36 Central Standard Time : Information : Added local RPC method "cancelServiceRequest" -> Microsoft.VisualStudio.Utilities.ServiceBroker.GlobalBrokeredServiceContainer+View.CancelServiceRequestAsync(Guid) (Microsoft.VisualStudio.Utilities.ServiceBroker.GlobalBrokeredServiceContainer+View)
10/26/2024 20:53:36 Central Standard Time: Information : 2 :Listening for events from Microsoft.VisualStudio.Utilities.ServiceBroker.GlobalBrokeredServiceContainer+View.AvailabilityChanged to raise notification.
10/26/2024 20:53:36 Central Standard Time: Information : 3 :Listening started.
10/26/2024 20:53:36 Central Standard Time: Information : 7 :{"id":2,"method":"handshake"}
10/26/2024 20:53:36 Central Standard Time: Information : 6 :Received request "2" for method "handshake".
10/26/2024 20:53:36 Central Standard Time: Information : 9 :Invoking Microsoft.VisualStudio.Utilities.ServiceBroker.GlobalBrokeredServiceContainer+View.HandshakeAsync(ServiceBrokerClientMetadata, CancellationToken)
10/26/2024 20:53:36 Central Standard Time : Start : handshake
10/26/2024 20:53:36 Central Standard Time : Stop : handshake
10/26/2024 20:53:36 Central Standard Time: Information : 8 :{"id":2}
10/26/2024 20:53:36 Central Standard Time: Information : 7 :{"id":3,"method":"requestServiceChannel"}
10/26/2024 20:53:36 Central Standard Time: Information : 6 :Received request "3" for method "requestServiceChannel".
10/26/2024 20:53:36 Central Standard Time: Information : 9 :Invoking Microsoft.VisualStudio.Utilities.ServiceBroker.GlobalBrokeredServiceContainer+View.RequestServiceChannelAsync(ServiceMoniker, ServiceActivationOptions, CancellationToken)
10/26/2024 20:53:36 Central Standard Time : Start : requestServiceChannel
10/26/2024 20:53:36 Central Standard Time : Stop : requestServiceChannel
10/26/2024 20:53:36 Central Standard Time: Information : 8 :{"id":3}
10/26/2024 20:53:36 Central Standard Time: Information : 7 :{"id":4,"method":"requestServiceChannel"}
10/26/2024 20:53:36 Central Standard Time: Information : 6 :Received request "4" for method "requestServiceChannel".
10/26/2024 20:53:36 Central Standard Time: Information : 9 :Invoking Microsoft.VisualStudio.Utilities.ServiceBroker.GlobalBrokeredServiceContainer+View.RequestServiceChannelAsync(ServiceMoniker, ServiceActivationOptions, CancellationToken)
10/26/2024 20:53:36 Central Standard Time : Transfer : Transfer, relatedActivityId=dea4cf92-960a-41c9-aa19-cf9cae8a6104
10/26/2024 20:53:36 Central Standard Time : Start : requestServiceChannel
10/26/2024 20:53:36 Central Standard Time : Stop : requestServiceChannel
10/26/2024 20:53:36 Central Standard Time : Transfer : Transfer, relatedActivityId=9f11be23-ea30-418a-abe4-44766dca6e15
10/26/2024 20:53:36 Central Standard Time: Information : 8 :{"id":4}
10/26/2024 20:53:36 Central Standard Time: Information : 7 :{"id":5,"method":"requestServiceChannel"}
10/26/2024 20:53:36 Central Standard Time: Information : 6 :Received request "5" for method "requestServiceChannel".
10/26/2024 20:53:36 Central Standard Time: Information : 9 :Invoking Microsoft.VisualStudio.Utilities.ServiceBroker.GlobalBrokeredServiceContainer+View.RequestServiceChannelAsync(ServiceMoniker, ServiceActivationOptions, CancellationToken)
10/26/2024 20:53:36 Central Standard Time : Transfer : Transfer, relatedActivityId=2ed9f282-269e-4b81-b0ae-1e057a3b86ef
10/26/2024 20:53:36 Central Standard Time : Start : requestServiceChannel
10/26/2024 20:53:36 Central Standard Time : Stop : requestServiceChannel
10/26/2024 20:53:36 Central Standard Time : Transfer : Transfer, relatedActivityId=9f11be23-ea30-418a-abe4-44766dca6e15
10/26/2024 20:53:36 Central Standard Time: Information : 8 :{"id":5}
