10/26/2024 21:35:20 Central Standard Time : Information : Local timezone is (UTC-06:00) Central Time (Chicago)
10/26/2024 21:35:20 Central Standard Time : Information : Added local RPC method "getPipe" -> Microsoft.VisualStudio.Utilities.ServiceBroker.GlobalBrokeredServiceContainer+View.GetPipeAsync(ServiceMoniker, ServiceActivationOptions, CancellationToken) (Microsoft.VisualStudio.Utilities.ServiceBroker.GlobalBrokeredServiceContainer+View)
10/26/2024 21:35:20 Central Standard Time : Information : Added local RPC method "getProxy" -> Microsoft.VisualStudio.Utilities.ServiceBroker.GlobalBrokeredServiceContainer+View.GetProxyAsync(ServiceRpcDescriptor, ServiceActivationOptions, CancellationToken) (Microsoft.VisualStudio.Utilities.ServiceBroker.GlobalBrokeredServiceContainer+View)
10/26/2024 21:35:20 Central Standard Time : Information : Added local RPC method "handshake" -> Microsoft.VisualStudio.Utilities.ServiceBroker.GlobalBrokeredServiceContainer+View.HandshakeAsync(ServiceBrokerClientMetadata, CancellationToken) (Microsoft.VisualStudio.Utilities.ServiceBroker.GlobalBrokeredServiceContainer+View)
10/26/2024 21:35:20 Central Standard Time : Information : Added local RPC method "requestServiceChannel" -> Microsoft.VisualStudio.Utilities.ServiceBroker.GlobalBrokeredServiceContainer+View.RequestServiceChannelAsync(ServiceMoniker, ServiceActivationOptions, CancellationToken) (Microsoft.VisualStudio.Utilities.ServiceBroker.GlobalBrokeredServiceContainer+View)
10/26/2024 21:35:20 Central Standard Time : Information : Added local RPC method "cancelServiceRequest" -> Microsoft.VisualStudio.Utilities.ServiceBroker.GlobalBrokeredServiceContainer+View.CancelServiceRequestAsync(Guid) (Microsoft.VisualStudio.Utilities.ServiceBroker.GlobalBrokeredServiceContainer+View)
10/26/2024 21:35:20 Central Standard Time : Information : Added local RPC method "getPipe" -> Microsoft.VisualStudio.Utilities.ServiceBroker.GlobalBrokeredServiceContainer+View.GetPipeAsync(ServiceMoniker, ServiceActivationOptions, CancellationToken) (Microsoft.VisualStudio.Utilities.ServiceBroker.GlobalBrokeredServiceContainer+View)
10/26/2024 21:35:20 Central Standard Time : Information : Added local RPC method "getProxy" -> Microsoft.VisualStudio.Utilities.ServiceBroker.GlobalBrokeredServiceContainer+View.GetProxyAsync(ServiceRpcDescriptor, ServiceActivationOptions, CancellationToken) (Microsoft.VisualStudio.Utilities.ServiceBroker.GlobalBrokeredServiceContainer+View)
10/26/2024 21:35:20 Central Standard Time : Information : Added local RPC method "handshake" -> Microsoft.VisualStudio.Utilities.ServiceBroker.GlobalBrokeredServiceContainer+View.HandshakeAsync(ServiceBrokerClientMetadata, CancellationToken) (Microsoft.VisualStudio.Utilities.ServiceBroker.GlobalBrokeredServiceContainer+View)
10/26/2024 21:35:20 Central Standard Time : Information : Added local RPC method "requestServiceChannel" -> Microsoft.VisualStudio.Utilities.ServiceBroker.GlobalBrokeredServiceContainer+View.RequestServiceChannelAsync(ServiceMoniker, ServiceActivationOptions, CancellationToken) (Microsoft.VisualStudio.Utilities.ServiceBroker.GlobalBrokeredServiceContainer+View)
10/26/2024 21:35:20 Central Standard Time : Information : Added local RPC method "cancelServiceRequest" -> Microsoft.VisualStudio.Utilities.ServiceBroker.GlobalBrokeredServiceContainer+View.CancelServiceRequestAsync(Guid) (Microsoft.VisualStudio.Utilities.ServiceBroker.GlobalBrokeredServiceContainer+View)
10/26/2024 21:35:20 Central Standard Time: Information : 2 :Listening for events from Microsoft.VisualStudio.Utilities.ServiceBroker.GlobalBrokeredServiceContainer+View.AvailabilityChanged to raise notification.
10/26/2024 21:35:20 Central Standard Time: Information : 3 :Listening started.
10/26/2024 21:35:20 Central Standard Time: Information : 7 :{"id":2,"method":"handshake"}
10/26/2024 21:35:20 Central Standard Time: Information : 6 :Received request "2" for method "handshake".
10/26/2024 21:35:20 Central Standard Time: Information : 9 :Invoking Microsoft.VisualStudio.Utilities.ServiceBroker.GlobalBrokeredServiceContainer+View.HandshakeAsync(ServiceBrokerClientMetadata, CancellationToken)
10/26/2024 21:35:20 Central Standard Time : Start : handshake
10/26/2024 21:35:20 Central Standard Time : Stop : handshake
10/26/2024 21:35:20 Central Standard Time: Information : 8 :{"id":2}
10/26/2024 21:35:20 Central Standard Time: Information : 7 :{"id":3,"method":"requestServiceChannel"}
10/26/2024 21:35:20 Central Standard Time: Information : 6 :Received request "3" for method "requestServiceChannel".
10/26/2024 21:35:20 Central Standard Time: Information : 9 :Invoking Microsoft.VisualStudio.Utilities.ServiceBroker.GlobalBrokeredServiceContainer+View.RequestServiceChannelAsync(ServiceMoniker, ServiceActivationOptions, CancellationToken)
10/26/2024 21:35:20 Central Standard Time : Start : requestServiceChannel
10/26/2024 21:35:20 Central Standard Time : Stop : requestServiceChannel
10/26/2024 21:35:20 Central Standard Time: Information : 8 :{"id":3}
10/26/2024 21:35:20 Central Standard Time: Information : 7 :{"id":4,"method":"requestServiceChannel"}
10/26/2024 21:35:20 Central Standard Time: Information : 6 :Received request "4" for method "requestServiceChannel".
10/26/2024 21:35:20 Central Standard Time: Information : 9 :Invoking Microsoft.VisualStudio.Utilities.ServiceBroker.GlobalBrokeredServiceContainer+View.RequestServiceChannelAsync(ServiceMoniker, ServiceActivationOptions, CancellationToken)
10/26/2024 21:35:20 Central Standard Time : Transfer : Transfer, relatedActivityId=0ff0dcad-0a1f-4b8d-a28e-9d71a4299695
10/26/2024 21:35:20 Central Standard Time : Start : requestServiceChannel
10/26/2024 21:35:20 Central Standard Time : Stop : requestServiceChannel
10/26/2024 21:35:20 Central Standard Time : Transfer : Transfer, relatedActivityId=78423766-f141-456b-bcc3-d7eea49a2bb8
10/26/2024 21:35:20 Central Standard Time: Information : 8 :{"id":4}
10/26/2024 21:35:20 Central Standard Time: Information : 7 :{"id":5,"method":"requestServiceChannel"}
10/26/2024 21:35:20 Central Standard Time: Information : 6 :Received request "5" for method "requestServiceChannel".
10/26/2024 21:35:20 Central Standard Time: Information : 9 :Invoking Microsoft.VisualStudio.Utilities.ServiceBroker.GlobalBrokeredServiceContainer+View.RequestServiceChannelAsync(ServiceMoniker, ServiceActivationOptions, CancellationToken)
10/26/2024 21:35:20 Central Standard Time : Transfer : Transfer, relatedActivityId=6d7d235f-2692-412b-8918-1da957edfa03
10/26/2024 21:35:20 Central Standard Time : Start : requestServiceChannel
10/26/2024 21:35:20 Central Standard Time : Stop : requestServiceChannel
10/26/2024 21:35:20 Central Standard Time : Transfer : Transfer, relatedActivityId=78423766-f141-456b-bcc3-d7eea49a2bb8
10/26/2024 21:35:20 Central Standard Time: Information : 8 :{"id":5}
