02/18/2025 19:55:50 Central Standard Time : Information : Local timezone is (UTC-06:00) Central Time (Chicago)
02/18/2025 19:55:50 Central Standard Time : Information : Added local RPC method "getPipe" -> Microsoft.VisualStudio.Utilities.ServiceBroker.GlobalBrokeredServiceContainer+View.GetPipeAsync(ServiceMoniker, ServiceActivationOptions, CancellationToken) (Microsoft.VisualStudio.Utilities.ServiceBroker.GlobalBrokeredServiceContainer+View)
02/18/2025 19:55:50 Central Standard Time : Information : Added local RPC method "getProxy" -> Microsoft.VisualStudio.Utilities.ServiceBroker.GlobalBrokeredServiceContainer+View.GetProxyAsync(ServiceRpcDescriptor, ServiceActivationOptions, CancellationToken) (Microsoft.VisualStudio.Utilities.ServiceBroker.GlobalBrokeredServiceContainer+View)
02/18/2025 19:55:50 Central Standard Time : Information : Added local RPC method "handshake" -> Microsoft.VisualStudio.Utilities.ServiceBroker.GlobalBrokeredServiceContainer+View.HandshakeAsync(ServiceBrokerClientMetadata, CancellationToken) (Microsoft.VisualStudio.Utilities.ServiceBroker.GlobalBrokeredServiceContainer+View)
02/18/2025 19:55:50 Central Standard Time : Information : Added local RPC method "requestServiceChannel" -> Microsoft.VisualStudio.Utilities.ServiceBroker.GlobalBrokeredServiceContainer+View.RequestServiceChannelAsync(ServiceMoniker, ServiceActivationOptions, CancellationToken) (Microsoft.VisualStudio.Utilities.ServiceBroker.GlobalBrokeredServiceContainer+View)
02/18/2025 19:55:50 Central Standard Time : Information : Added local RPC method "cancelServiceRequest" -> Microsoft.VisualStudio.Utilities.ServiceBroker.GlobalBrokeredServiceContainer+View.CancelServiceRequestAsync(Guid) (Microsoft.VisualStudio.Utilities.ServiceBroker.GlobalBrokeredServiceContainer+View)
02/18/2025 19:55:50 Central Standard Time : Information : Added local RPC method "getPipe" -> Microsoft.VisualStudio.Utilities.ServiceBroker.GlobalBrokeredServiceContainer+View.GetPipeAsync(ServiceMoniker, ServiceActivationOptions, CancellationToken) (Microsoft.VisualStudio.Utilities.ServiceBroker.GlobalBrokeredServiceContainer+View)
02/18/2025 19:55:50 Central Standard Time : Information : Added local RPC method "getProxy" -> Microsoft.VisualStudio.Utilities.ServiceBroker.GlobalBrokeredServiceContainer+View.GetProxyAsync(ServiceRpcDescriptor, ServiceActivationOptions, CancellationToken) (Microsoft.VisualStudio.Utilities.ServiceBroker.GlobalBrokeredServiceContainer+View)
02/18/2025 19:55:50 Central Standard Time : Information : Added local RPC method "handshake" -> Microsoft.VisualStudio.Utilities.ServiceBroker.GlobalBrokeredServiceContainer+View.HandshakeAsync(ServiceBrokerClientMetadata, CancellationToken) (Microsoft.VisualStudio.Utilities.ServiceBroker.GlobalBrokeredServiceContainer+View)
02/18/2025 19:55:50 Central Standard Time : Information : Added local RPC method "requestServiceChannel" -> Microsoft.VisualStudio.Utilities.ServiceBroker.GlobalBrokeredServiceContainer+View.RequestServiceChannelAsync(ServiceMoniker, ServiceActivationOptions, CancellationToken) (Microsoft.VisualStudio.Utilities.ServiceBroker.GlobalBrokeredServiceContainer+View)
02/18/2025 19:55:50 Central Standard Time : Information : Added local RPC method "cancelServiceRequest" -> Microsoft.VisualStudio.Utilities.ServiceBroker.GlobalBrokeredServiceContainer+View.CancelServiceRequestAsync(Guid) (Microsoft.VisualStudio.Utilities.ServiceBroker.GlobalBrokeredServiceContainer+View)
02/18/2025 19:55:50 Central Standard Time: Information : 2 :Listening for events from Microsoft.VisualStudio.Utilities.ServiceBroker.GlobalBrokeredServiceContainer+View.AvailabilityChanged to raise notification.
02/18/2025 19:55:50 Central Standard Time: Information : 3 :Listening started.
02/18/2025 19:55:50 Central Standard Time: Information : 7 :{"id":2,"method":"handshake"}
02/18/2025 19:55:50 Central Standard Time: Information : 6 :Received request "2" for method "handshake".
02/18/2025 19:55:50 Central Standard Time: Information : 9 :Invoking Microsoft.VisualStudio.Utilities.ServiceBroker.GlobalBrokeredServiceContainer+View.HandshakeAsync(ServiceBrokerClientMetadata, CancellationToken)
02/18/2025 19:55:50 Central Standard Time : Start : handshake
02/18/2025 19:55:50 Central Standard Time : Stop : handshake
02/18/2025 19:55:50 Central Standard Time: Information : 8 :{"id":2}
02/18/2025 19:55:50 Central Standard Time: Information : 7 :{"id":3,"method":"requestServiceChannel"}
02/18/2025 19:55:50 Central Standard Time: Information : 6 :Received request "3" for method "requestServiceChannel".
02/18/2025 19:55:50 Central Standard Time: Information : 9 :Invoking Microsoft.VisualStudio.Utilities.ServiceBroker.GlobalBrokeredServiceContainer+View.RequestServiceChannelAsync(ServiceMoniker, ServiceActivationOptions, CancellationToken)
02/18/2025 19:55:50 Central Standard Time : Start : requestServiceChannel
02/18/2025 19:55:50 Central Standard Time : Stop : requestServiceChannel
02/18/2025 19:55:50 Central Standard Time: Information : 8 :{"id":3}
02/18/2025 19:55:50 Central Standard Time: Information : 7 :{"id":4,"method":"requestServiceChannel"}
02/18/2025 19:55:50 Central Standard Time: Information : 6 :Received request "4" for method "requestServiceChannel".
02/18/2025 19:55:50 Central Standard Time: Information : 9 :Invoking Microsoft.VisualStudio.Utilities.ServiceBroker.GlobalBrokeredServiceContainer+View.RequestServiceChannelAsync(ServiceMoniker, ServiceActivationOptions, CancellationToken)
02/18/2025 19:55:50 Central Standard Time : Start : requestServiceChannel
02/18/2025 19:55:50 Central Standard Time: Information : 7 :{"id":5,"method":"requestServiceChannel"}
02/18/2025 19:55:50 Central Standard Time: Information : 6 :Received request "5" for method "requestServiceChannel".
02/18/2025 19:55:50 Central Standard Time: Information : 9 :Invoking Microsoft.VisualStudio.Utilities.ServiceBroker.GlobalBrokeredServiceContainer+View.RequestServiceChannelAsync(ServiceMoniker, ServiceActivationOptions, CancellationToken)
02/18/2025 19:55:50 Central Standard Time : Start : requestServiceChannel
02/18/2025 19:55:50 Central Standard Time : Stop : requestServiceChannel
02/18/2025 19:55:50 Central Standard Time: Information : 8 :{"id":4}
02/18/2025 19:55:50 Central Standard Time : Stop : requestServiceChannel
02/18/2025 19:55:50 Central Standard Time: Information : 8 :{"id":5}
02/18/2025 19:55:51 Central Standard Time: Information : 7 :{"id":6,"method":"requestServiceChannel"}
02/18/2025 19:55:51 Central Standard Time: Information : 6 :Received request "6" for method "requestServiceChannel".
02/18/2025 19:55:51 Central Standard Time: Information : 9 :Invoking Microsoft.VisualStudio.Utilities.ServiceBroker.GlobalBrokeredServiceContainer+View.RequestServiceChannelAsync(ServiceMoniker, ServiceActivationOptions, CancellationToken)
02/18/2025 19:55:51 Central Standard Time : Start : requestServiceChannel
02/18/2025 19:55:51 Central Standard Time: Information : 7 :{"id":7,"method":"requestServiceChannel"}
02/18/2025 19:55:51 Central Standard Time: Information : 6 :Received request "7" for method "requestServiceChannel".
02/18/2025 19:55:51 Central Standard Time : Stop : requestServiceChannel
02/18/2025 19:55:51 Central Standard Time: Information : 8 :{"id":6}
02/18/2025 19:55:51 Central Standard Time: Information : 9 :Invoking Microsoft.VisualStudio.Utilities.ServiceBroker.GlobalBrokeredServiceContainer+View.RequestServiceChannelAsync(ServiceMoniker, ServiceActivationOptions, CancellationToken)
02/18/2025 19:55:51 Central Standard Time : Start : requestServiceChannel
02/18/2025 19:55:51 Central Standard Time : Stop : requestServiceChannel
02/18/2025 19:55:51 Central Standard Time: Information : 8 :{"id":7}
02/18/2025 19:55:51 Central Standard Time: Information : 7 :{"id":8,"method":"requestServiceChannel"}
02/18/2025 19:55:51 Central Standard Time: Information : 6 :Received request "8" for method "requestServiceChannel".
02/18/2025 19:55:51 Central Standard Time: Information : 9 :Invoking Microsoft.VisualStudio.Utilities.ServiceBroker.GlobalBrokeredServiceContainer+View.RequestServiceChannelAsync(ServiceMoniker, ServiceActivationOptions, CancellationToken)
02/18/2025 19:55:51 Central Standard Time : Transfer : Transfer, relatedActivityId=37d13d4b-0441-488b-9d71-b86c575b55f4
02/18/2025 19:55:51 Central Standard Time : Start : requestServiceChannel
02/18/2025 19:55:51 Central Standard Time : Stop : requestServiceChannel
02/18/2025 19:55:51 Central Standard Time : Transfer : Transfer, relatedActivityId=8a6a5d57-6fbf-4923-9d31-5553978be028
02/18/2025 19:55:51 Central Standard Time: Information : 8 :{"id":8}
02/18/2025 19:55:54 Central Standard Time: Information : 7 :{"id":9,"method":"requestServiceChannel"}
02/18/2025 19:55:54 Central Standard Time: Information : 6 :Received request "9" for method "requestServiceChannel".
02/18/2025 19:55:54 Central Standard Time: Information : 9 :Invoking Microsoft.VisualStudio.Utilities.ServiceBroker.GlobalBrokeredServiceContainer+View.RequestServiceChannelAsync(ServiceMoniker, ServiceActivationOptions, CancellationToken)
02/18/2025 19:55:54 Central Standard Time : Start : requestServiceChannel
02/18/2025 19:55:54 Central Standard Time : Stop : requestServiceChannel
02/18/2025 19:55:54 Central Standard Time: Information : 8 :{"id":9}
02/18/2025 19:55:54 Central Standard Time: Information : 7 :{"id":10,"method":"requestServiceChannel"}
02/18/2025 19:55:54 Central Standard Time: Information : 6 :Received request "10" for method "requestServiceChannel".
02/18/2025 19:55:54 Central Standard Time: Information : 9 :Invoking Microsoft.VisualStudio.Utilities.ServiceBroker.GlobalBrokeredServiceContainer+View.RequestServiceChannelAsync(ServiceMoniker, ServiceActivationOptions, CancellationToken)
02/18/2025 19:55:54 Central Standard Time : Start : requestServiceChannel
02/18/2025 19:55:54 Central Standard Time: Information : 7 :{"id":11,"method":"requestServiceChannel"}
02/18/2025 19:55:54 Central Standard Time: Information : 6 :Received request "11" for method "requestServiceChannel".
02/18/2025 19:55:54 Central Standard Time: Information : 9 :Invoking Microsoft.VisualStudio.Utilities.ServiceBroker.GlobalBrokeredServiceContainer+View.RequestServiceChannelAsync(ServiceMoniker, ServiceActivationOptions, CancellationToken)
02/18/2025 19:55:54 Central Standard Time : Start : requestServiceChannel
02/18/2025 19:55:54 Central Standard Time : Stop : requestServiceChannel
02/18/2025 19:55:54 Central Standard Time: Information : 8 :{"id":11}
02/18/2025 19:55:54 Central Standard Time : Stop : requestServiceChannel
02/18/2025 19:55:54 Central Standard Time: Information : 8 :{"id":10}
02/18/2025 19:55:57 Central Standard Time: Information : 7 :{"id":12,"method":"requestServiceChannel"}
02/18/2025 19:55:57 Central Standard Time: Information : 6 :Received request "12" for method "requestServiceChannel".
02/18/2025 19:55:57 Central Standard Time: Information : 9 :Invoking Microsoft.VisualStudio.Utilities.ServiceBroker.GlobalBrokeredServiceContainer+View.RequestServiceChannelAsync(ServiceMoniker, ServiceActivationOptions, CancellationToken)
02/18/2025 19:55:57 Central Standard Time : Start : requestServiceChannel
02/18/2025 19:55:57 Central Standard Time : Stop : requestServiceChannel
02/18/2025 19:55:57 Central Standard Time: Information : 8 :{"id":12}
02/18/2025 19:55:57 Central Standard Time: Information : 7 :{"id":13,"method":"requestServiceChannel"}
02/18/2025 19:55:57 Central Standard Time: Information : 6 :Received request "13" for method "requestServiceChannel".
02/18/2025 19:55:57 Central Standard Time: Information : 9 :Invoking Microsoft.VisualStudio.Utilities.ServiceBroker.GlobalBrokeredServiceContainer+View.RequestServiceChannelAsync(ServiceMoniker, ServiceActivationOptions, CancellationToken)
02/18/2025 19:55:57 Central Standard Time : Start : requestServiceChannel
02/18/2025 19:55:57 Central Standard Time : Stop : requestServiceChannel
02/18/2025 19:55:57 Central Standard Time: Information : 8 :{"id":13}
