02/18/2025 19:56:05 Central Standard Time : Information : Local timezone is (UTC-06:00) Central Time (Chicago)
02/18/2025 19:56:05 Central Standard Time : Information : Added local RPC method "getPipe" -> Microsoft.VisualStudio.Utilities.ServiceBroker.GlobalBrokeredServiceContainer+View.GetPipeAsync(ServiceMoniker, ServiceActivationOptions, CancellationToken) (Microsoft.VisualStudio.Utilities.ServiceBroker.GlobalBrokeredServiceContainer+View)
02/18/2025 19:56:05 Central Standard Time : Information : Added local RPC method "getProxy" -> Microsoft.VisualStudio.Utilities.ServiceBroker.GlobalBrokeredServiceContainer+View.GetProxyAsync(ServiceRpcDescriptor, ServiceActivationOptions, CancellationToken) (Microsoft.VisualStudio.Utilities.ServiceBroker.GlobalBrokeredServiceContainer+View)
02/18/2025 19:56:05 Central Standard Time : Information : Added local RPC method "handshake" -> Microsoft.VisualStudio.Utilities.ServiceBroker.GlobalBrokeredServiceContainer+View.HandshakeAsync(ServiceBrokerClientMetadata, CancellationToken) (Microsoft.VisualStudio.Utilities.ServiceBroker.GlobalBrokeredServiceContainer+View)
02/18/2025 19:56:05 Central Standard Time : Information : Added local RPC method "requestServiceChannel" -> Microsoft.VisualStudio.Utilities.ServiceBroker.GlobalBrokeredServiceContainer+View.RequestServiceChannelAsync(ServiceMoniker, ServiceActivationOptions, CancellationToken) (Microsoft.VisualStudio.Utilities.ServiceBroker.GlobalBrokeredServiceContainer+View)
02/18/2025 19:56:05 Central Standard Time : Information : Added local RPC method "cancelServiceRequest" -> Microsoft.VisualStudio.Utilities.ServiceBroker.GlobalBrokeredServiceContainer+View.CancelServiceRequestAsync(Guid) (Microsoft.VisualStudio.Utilities.ServiceBroker.GlobalBrokeredServiceContainer+View)
02/18/2025 19:56:05 Central Standard Time : Information : Added local RPC method "getPipe" -> Microsoft.VisualStudio.Utilities.ServiceBroker.GlobalBrokeredServiceContainer+View.GetPipeAsync(ServiceMoniker, ServiceActivationOptions, CancellationToken) (Microsoft.VisualStudio.Utilities.ServiceBroker.GlobalBrokeredServiceContainer+View)
02/18/2025 19:56:05 Central Standard Time : Information : Added local RPC method "getProxy" -> Microsoft.VisualStudio.Utilities.ServiceBroker.GlobalBrokeredServiceContainer+View.GetProxyAsync(ServiceRpcDescriptor, ServiceActivationOptions, CancellationToken) (Microsoft.VisualStudio.Utilities.ServiceBroker.GlobalBrokeredServiceContainer+View)
02/18/2025 19:56:05 Central Standard Time : Information : Added local RPC method "handshake" -> Microsoft.VisualStudio.Utilities.ServiceBroker.GlobalBrokeredServiceContainer+View.HandshakeAsync(ServiceBrokerClientMetadata, CancellationToken) (Microsoft.VisualStudio.Utilities.ServiceBroker.GlobalBrokeredServiceContainer+View)
02/18/2025 19:56:05 Central Standard Time : Information : Added local RPC method "requestServiceChannel" -> Microsoft.VisualStudio.Utilities.ServiceBroker.GlobalBrokeredServiceContainer+View.RequestServiceChannelAsync(ServiceMoniker, ServiceActivationOptions, CancellationToken) (Microsoft.VisualStudio.Utilities.ServiceBroker.GlobalBrokeredServiceContainer+View)
02/18/2025 19:56:05 Central Standard Time : Information : Added local RPC method "cancelServiceRequest" -> Microsoft.VisualStudio.Utilities.ServiceBroker.GlobalBrokeredServiceContainer+View.CancelServiceRequestAsync(Guid) (Microsoft.VisualStudio.Utilities.ServiceBroker.GlobalBrokeredServiceContainer+View)
02/18/2025 19:56:05 Central Standard Time: Information : 2 :Listening for events from Microsoft.VisualStudio.Utilities.ServiceBroker.GlobalBrokeredServiceContainer+View.AvailabilityChanged to raise notification.
02/18/2025 19:56:05 Central Standard Time: Information : 3 :Listening started.
02/18/2025 19:56:05 Central Standard Time: Information : 7 :{"id":2,"method":"handshake"}
02/18/2025 19:56:05 Central Standard Time: Information : 6 :Received request "2" for method "handshake".
02/18/2025 19:56:05 Central Standard Time: Information : 9 :Invoking Microsoft.VisualStudio.Utilities.ServiceBroker.GlobalBrokeredServiceContainer+View.HandshakeAsync(ServiceBrokerClientMetadata, CancellationToken)
02/18/2025 19:56:05 Central Standard Time : Start : handshake
02/18/2025 19:56:05 Central Standard Time : Stop : handshake
02/18/2025 19:56:05 Central Standard Time: Information : 8 :{"id":2}
02/18/2025 19:56:05 Central Standard Time: Information : 7 :{"id":3,"method":"requestServiceChannel"}
02/18/2025 19:56:05 Central Standard Time: Information : 6 :Received request "3" for method "requestServiceChannel".
02/18/2025 19:56:05 Central Standard Time: Information : 9 :Invoking Microsoft.VisualStudio.Utilities.ServiceBroker.GlobalBrokeredServiceContainer+View.RequestServiceChannelAsync(ServiceMoniker, ServiceActivationOptions, CancellationToken)
02/18/2025 19:56:05 Central Standard Time : Start : requestServiceChannel
02/18/2025 19:56:05 Central Standard Time : Stop : requestServiceChannel
02/18/2025 19:56:05 Central Standard Time: Information : 8 :{"id":3}
02/18/2025 19:56:05 Central Standard Time: Information : 7 :{"id":4,"method":"requestServiceChannel"}
02/18/2025 19:56:05 Central Standard Time: Information : 6 :Received request "4" for method "requestServiceChannel".
02/18/2025 19:56:05 Central Standard Time: Information : 9 :Invoking Microsoft.VisualStudio.Utilities.ServiceBroker.GlobalBrokeredServiceContainer+View.RequestServiceChannelAsync(ServiceMoniker, ServiceActivationOptions, CancellationToken)
02/18/2025 19:56:05 Central Standard Time : Transfer : Transfer, relatedActivityId=7339a5df-1eae-40a4-826c-556834e7f058
02/18/2025 19:56:05 Central Standard Time : Start : requestServiceChannel
02/18/2025 19:56:05 Central Standard Time : Stop : requestServiceChannel
02/18/2025 19:56:05 Central Standard Time : Transfer : Transfer, relatedActivityId=ec2e589d-8506-469f-8335-12ccc7eab509
02/18/2025 19:56:05 Central Standard Time: Information : 8 :{"id":4}
02/18/2025 19:56:08 Central Standard Time: Information : 7 :{"id":5,"method":"requestServiceChannel"}
02/18/2025 19:56:08 Central Standard Time: Information : 6 :Received request "5" for method "requestServiceChannel".
02/18/2025 19:56:08 Central Standard Time: Information : 9 :Invoking Microsoft.VisualStudio.Utilities.ServiceBroker.GlobalBrokeredServiceContainer+View.RequestServiceChannelAsync(ServiceMoniker, ServiceActivationOptions, CancellationToken)
02/18/2025 19:56:08 Central Standard Time : Transfer : Transfer, relatedActivityId=dfba6049-9d02-48cb-87f5-ab872a59ac37
02/18/2025 19:56:08 Central Standard Time : Start : requestServiceChannel
02/18/2025 19:56:08 Central Standard Time : Stop : requestServiceChannel
02/18/2025 19:56:08 Central Standard Time : Transfer : Transfer, relatedActivityId=205421ce-8901-43e3-a447-6f65e4ae8db1
02/18/2025 19:56:08 Central Standard Time: Information : 8 :{"id":5}
