10/10/2024 14:16:26 Central Standard Time : Information : Local timezone is (UTC-06:00) Central Time (Chicago)
10/10/2024 14:16:26 Central Standard Time : Information : Service Hub .NET service module host started. Host id: dotnet.projectSystem$C94B8CFE-E3FD-4BAF-A941-2866DBB566FE. Controller pipe: net.pipe://5724016B83. PID: 5751
10/10/2024 14:16:26 Central Standard Time : Information : hubHostClr read: Content-Length: 111

{"jsonrpc":"2.0","id":2,"method":"initializeHost","params":[{"HostsRootDirectory":".","AppConfigFallback":""}]}
10/10/2024 14:16:26 Central Standard Time : Information : hubHostClr write: Content-Length: 93

{"jsonrpc":"2.0","id":2,"result":"dotnet.projectSystem$C94B8CFE-E3FD-4BAF-A941-2866DBB566FE"}
10/10/2024 14:16:26 Central Standard Time : Information : hubHostClr read: Content-Length: 1037

{"jsonrpc":"2.0","id":3,"method":"startService","params":[{"name":"Microsoft.VisualStudio.ProjectSystem.ProjectTreeProvider","host":"dotnet.projectSystem","hostId":"C94B8CFE-E3FD-4BAF-A941-2866DBB566FE","serviceBaseDirectory":"/Users/coycrowder/.vscode/extensions/ms-dotnettools.csdevkit-1.11.14-darwin-x64/components/CPS/platforms/darwin-x64/node_modules/@microsoft/visualstudio-projectsystem-server.darwin-x64","entryPoint":{"assemblyPath":"/Users/coycrowder/.vscode/extensions/ms-dotnettools.csdevkit-1.11.14-darwin-x64/components/CPS/platforms/darwin-x64/node_modules/@microsoft/visualstudio-projectsystem-server.darwin-x64/Microsoft.VisualStudio.ProjectSystem.Server.Implementation.dll","fullClassName":"Microsoft.VisualStudio.ProjectSystem.Server.ProjectTreeProviderFactory"}},{"ActivationArguments":{"__servicehub__ServiceHubRemoteServiceBrokerPipeName":"/Users/coycrowder/.ServiceHub/03d71935aa/0b3a5e6552","__servicehub__RequestedServiceVersion":"0.1"},"ClientCredentials":{},"ClientCulture":"en-US","ClientUICulture":"en-US"}]}Content-Length: 991

{"jsonrpc":"2.0","id":4,"method":"startService","params":[{"name":"Microsoft.VisualStudio.LaunchConfigurationService","host":"dotnet.projectSystem","hostId":"C94B8CFE-E3FD-4BAF-A941-2866DBB566FE","serviceBaseDirectory":"/Users/coycrowder/.vscode/extensions/ms-dotnettools.csdevkit-1.11.14-darwin-x64/components/CPS/platforms/darwin-x64/node_modules/@microsoft/visualstudio-projectsystem-server.darwin-x64","entryPoint":{"assemblyPath":"/Users/coycrowder/.vscode/extensions/ms-dotnettools.csdevkit-1.11.14-darwin-x64/components/CPS/platforms/darwin-x64/node_modules/@microsoft/visualstudio-projectsystem-server.darwin-x64/Microsoft.VisualStudio.ProjectSystem.Server.Implementation.dll","fullClassName":"Microsoft.VisualStudio.ProjectSystem.Server.LaunchConfigurationServiceFactory"}},{"ActivationArguments":{"__servicehub__ServiceHubRemoteServiceBrokerPipeName":"/Users/coycrowder/.ServiceHub/03d71935aa/41a583b75e"},"ClientCredentials":{},"ClientCulture":"en-US","ClientUICulture":"en-US"}]}Content-Length: 1067

{"jsonrpc":"2.0","id":5,"method":"startService","params":[{"name":"Microsoft.VisualStudio.ProjectSystem.ProjectInitializationStatusService","host":"dotnet.projectSystem","hostId":"C94B8CFE-E3FD-4BAF-A941-2866DBB566FE","serviceBaseDirectory":"/Users/coycrowder/.vscode/extensions/ms-dotnettools.csdevkit-1.11.14-darwin-x64/components/CPS/platforms/darwin-x64/node_modules/@microsoft/visualstudio-projectsystem-server.darwin-x64","entryPoint":{"assemblyPath":"/Users/coycrowder/.vscode/extensions/ms-dotnettools.csdevkit-1.11.14-darwin-x64/components/CPS/platforms/darwin-x64/node_modules/@microsoft/visualstudio-projectsystem-server.darwin-x64/Microsoft.VisualStudio.ProjectSystem.Server.Implementation.dll","fullClassName":"Microsoft.VisualStudio.ProjectSystem.Server.ProjectInitializationStatusServiceFactory"}},{"ActivationArguments":{"__servicehub__ServiceHubRemoteServiceBrokerPipeName":"/Users/coycrowder/.ServiceHub/03d71935aa/a427a5a9b6","__servicehub__RequestedServiceVersion":"0.1"},"ClientCredentials":{},"ClientCulture":"en-US","ClientUICulture":"en-US"}]}
10/10/2024 14:16:26 Central Standard Time : Information : CLR host received start request for service 'Microsoft.VisualStudio.ProjectSystem.ProjectTreeProvider'
10/10/2024 14:16:26 Central Standard Time : Information : hubHostClr read: Content-Length: 1036

{"jsonrpc":"2.0","id":6,"method":"startService","params":[{"name":"Microsoft.VisualStudio.CpsProjectIconSourceService","host":"dotnet.projectSystem","hostId":"C94B8CFE-E3FD-4BAF-A941-2866DBB566FE","serviceBaseDirectory":"/Users/coycrowder/.vscode/extensions/ms-dotnettools.csdevkit-1.11.14-darwin-x64/components/CPS/platforms/darwin-x64/node_modules/@microsoft/visualstudio-projectsystem-server.darwin-x64","entryPoint":{"assemblyPath":"/Users/coycrowder/.vscode/extensions/ms-dotnettools.csdevkit-1.11.14-darwin-x64/components/CPS/platforms/darwin-x64/node_modules/@microsoft/visualstudio-projectsystem-server.darwin-x64/Microsoft.VisualStudio.ProjectSystem.Server.Implementation.dll","fullClassName":"Microsoft.VisualStudio.ProjectSystem.Server.ProjectIconSourceServiceFactory"}},{"ActivationArguments":{"__servicehub__ServiceHubRemoteServiceBrokerPipeName":"/Users/coycrowder/.ServiceHub/03d71935aa/13ff74b38a","__servicehub__RequestedServiceVersion":"0.1"},"ClientCredentials":{},"ClientCulture":"en-US","ClientUICulture":"en-US"}]}
10/10/2024 14:16:26 Central Standard Time : Information : Loading service module assembly '/Users/coycrowder/.vscode/extensions/ms-dotnettools.csdevkit-1.11.14-darwin-x64/components/CPS/platforms/darwin-x64/node_modules/@microsoft/visualstudio-projectsystem-server.darwin-x64/Microsoft.VisualStudio.ProjectSystem.Server.Implementation.dll' from '/Users/coycrowder/.vscode/extensions/ms-dotnettools.csdevkit-1.11.14-darwin-x64/components/CPS/platforms/darwin-x64/node_modules/@microsoft/visualstudio-projectsystem-server.darwin-x64'
10/10/2024 14:16:26 Central Standard Time : Information : Starting service module 'Microsoft.VisualStudio.ProjectSystem.ProjectTreeProvider'. Class: Microsoft.VisualStudio.ProjectSystem.Server.ProjectTreeProviderFactory, Supported Version: 
10/10/2024 14:16:26 Central Standard Time : Information : Started service 'Microsoft.VisualStudio.ProjectSystem.ProjectTreeProvider'. Pipe name: /Users/coycrowder/.ServiceHub/03d71935aa/ad712f5d03, Supported Version: 
10/10/2024 14:16:26 Central Standard Time : Information : hubHostClr write: Content-Length: 87

{"jsonrpc":"2.0","id":3,"result":"/Users/coycrowder/.ServiceHub/03d71935aa/ad712f5d03"}
10/10/2024 14:16:26 Central Standard Time : Information : CLR host received start request for service 'Microsoft.VisualStudio.LaunchConfigurationService'
10/10/2024 14:16:26 Central Standard Time : Information : Loading service module assembly '/Users/coycrowder/.vscode/extensions/ms-dotnettools.csdevkit-1.11.14-darwin-x64/components/CPS/platforms/darwin-x64/node_modules/@microsoft/visualstudio-projectsystem-server.darwin-x64/Microsoft.VisualStudio.ProjectSystem.Server.Implementation.dll' from '/Users/coycrowder/.vscode/extensions/ms-dotnettools.csdevkit-1.11.14-darwin-x64/components/CPS/platforms/darwin-x64/node_modules/@microsoft/visualstudio-projectsystem-server.darwin-x64'
10/10/2024 14:16:26 Central Standard Time : Information : Starting service module 'Microsoft.VisualStudio.LaunchConfigurationService'. Class: Microsoft.VisualStudio.ProjectSystem.Server.LaunchConfigurationServiceFactory, Supported Version: 
10/10/2024 14:16:26 Central Standard Time : Information : Started service 'Microsoft.VisualStudio.LaunchConfigurationService'. Pipe name: /Users/coycrowder/.ServiceHub/03d71935aa/2b43428ca3, Supported Version: 
10/10/2024 14:16:26 Central Standard Time : Information : CLR host received start request for service 'Microsoft.VisualStudio.ProjectSystem.ProjectInitializationStatusService'
10/10/2024 14:16:26 Central Standard Time : Information : hubHostClr write: Content-Length: 87

{"jsonrpc":"2.0","id":4,"result":"/Users/coycrowder/.ServiceHub/03d71935aa/2b43428ca3"}
10/10/2024 14:16:26 Central Standard Time : Information : Loading service module assembly '/Users/coycrowder/.vscode/extensions/ms-dotnettools.csdevkit-1.11.14-darwin-x64/components/CPS/platforms/darwin-x64/node_modules/@microsoft/visualstudio-projectsystem-server.darwin-x64/Microsoft.VisualStudio.ProjectSystem.Server.Implementation.dll' from '/Users/coycrowder/.vscode/extensions/ms-dotnettools.csdevkit-1.11.14-darwin-x64/components/CPS/platforms/darwin-x64/node_modules/@microsoft/visualstudio-projectsystem-server.darwin-x64'
10/10/2024 14:16:26 Central Standard Time : Information : Starting service module 'Microsoft.VisualStudio.ProjectSystem.ProjectInitializationStatusService'. Class: Microsoft.VisualStudio.ProjectSystem.Server.ProjectInitializationStatusServiceFactory, Supported Version: 
10/10/2024 14:16:26 Central Standard Time : Information : Started service 'Microsoft.VisualStudio.ProjectSystem.ProjectInitializationStatusService'. Pipe name: /Users/coycrowder/.ServiceHub/03d71935aa/077d8f5475, Supported Version: 
10/10/2024 14:16:26 Central Standard Time : Information : CLR host received start request for service 'Microsoft.VisualStudio.CpsProjectIconSourceService'
10/10/2024 14:16:26 Central Standard Time : Information : hubHostClr write: Content-Length: 87

{"jsonrpc":"2.0","id":5,"result":"/Users/coycrowder/.ServiceHub/03d71935aa/077d8f5475"}
10/10/2024 14:16:26 Central Standard Time : Information : Loading service module assembly '/Users/coycrowder/.vscode/extensions/ms-dotnettools.csdevkit-1.11.14-darwin-x64/components/CPS/platforms/darwin-x64/node_modules/@microsoft/visualstudio-projectsystem-server.darwin-x64/Microsoft.VisualStudio.ProjectSystem.Server.Implementation.dll' from '/Users/coycrowder/.vscode/extensions/ms-dotnettools.csdevkit-1.11.14-darwin-x64/components/CPS/platforms/darwin-x64/node_modules/@microsoft/visualstudio-projectsystem-server.darwin-x64'
10/10/2024 14:16:26 Central Standard Time : Information : Starting service module 'Microsoft.VisualStudio.CpsProjectIconSourceService'. Class: Microsoft.VisualStudio.ProjectSystem.Server.ProjectIconSourceServiceFactory, Supported Version: 
10/10/2024 14:16:26 Central Standard Time : Information : Started service 'Microsoft.VisualStudio.CpsProjectIconSourceService'. Pipe name: /Users/coycrowder/.ServiceHub/03d71935aa/b807f6927b, Supported Version: 
10/10/2024 14:16:26 Central Standard Time : Information : hubHostClr write: Content-Length: 87

{"jsonrpc":"2.0","id":6,"result":"/Users/coycrowder/.ServiceHub/03d71935aa/b807f6927b"}
10/10/2024 14:16:27 Central Standard Time : Information : A new client connected to CLR service module 'Microsoft.VisualStudio.ProjectSystem.ProjectTreeProvider'
10/10/2024 14:16:27 Central Standard Time : Information : A new client connected to CLR service module 'Microsoft.VisualStudio.LaunchConfigurationService'
10/10/2024 14:16:27 Central Standard Time : Information : A new client connected to CLR service module 'Microsoft.VisualStudio.ProjectSystem.ProjectInitializationStatusService'
10/10/2024 14:16:27 Central Standard Time : Information : A new client connected to CLR service module 'Microsoft.VisualStudio.CpsProjectIconSourceService'
10/10/2024 14:16:27 Central Standard Time : Information : hubHostClr write: Content-Length: 119

{"jsonrpc":"2.0","method":"hostServicesStarted","params":["dotnet.projectSystem$C94B8CFE-E3FD-4BAF-A941-2866DBB566FE"]}
10/10/2024 14:16:27 Central Standard Time : Information : Found FactoryVersion=Version2 for service : Microsoft.VisualStudio.ProjectSystem.ProjectTreeProvider.
10/10/2024 14:16:27 Central Standard Time : Information : Service 'Microsoft.VisualStudio.ProjectSystem.Server.ProjectTreeProviderFactory' implements IServiceHubServiceFactory. Creating factory instance and caching it.
10/10/2024 14:16:27 Central Standard Time : Information : Found FactoryVersion=Version2 for service : Microsoft.VisualStudio.ProjectSystem.ProjectInitializationStatusService.
10/10/2024 14:16:27 Central Standard Time : Information : Service 'Microsoft.VisualStudio.ProjectSystem.Server.ProjectInitializationStatusServiceFactory' implements IServiceHubServiceFactory. Creating factory instance and caching it.
10/10/2024 14:16:27 Central Standard Time : Information : Found FactoryVersion=Version2 for service : Microsoft.VisualStudio.LaunchConfigurationService.
10/10/2024 14:16:27 Central Standard Time : Information : Service 'Microsoft.VisualStudio.ProjectSystem.Server.LaunchConfigurationServiceFactory' implements IServiceHubServiceFactory. Creating factory instance and caching it.
10/10/2024 14:16:27 Central Standard Time : Information : Found FactoryVersion=Version2 for service : Microsoft.VisualStudio.CpsProjectIconSourceService.
10/10/2024 14:16:27 Central Standard Time : Information : Service 'Microsoft.VisualStudio.ProjectSystem.Server.ProjectIconSourceServiceFactory' implements IServiceHubServiceFactory. Creating factory instance and caching it.
10/10/2024 14:16:27 Central Standard Time : Information : hubHostClr read: Content-Length: 1056

{"jsonrpc":"2.0","id":7,"method":"startService","params":[{"name":"Microsoft.VisualStudio.ProjectSystem.Query.Remoting.QueryExecutionService","host":"dotnet.projectSystem","hostId":"C94B8CFE-E3FD-4BAF-A941-2866DBB566FE","serviceBaseDirectory":"/Users/coycrowder/.vscode/extensions/ms-dotnettools.csdevkit-1.11.14-darwin-x64/components/CPS/platforms/darwin-x64/node_modules/@microsoft/visualstudio-projectsystem-server.darwin-x64","entryPoint":{"assemblyPath":"/Users/coycrowder/.vscode/extensions/ms-dotnettools.csdevkit-1.11.14-darwin-x64/components/CPS/platforms/darwin-x64/node_modules/@microsoft/visualstudio-projectsystem-server.darwin-x64/Microsoft.VisualStudio.ProjectSystem.Server.Implementation.dll","fullClassName":"Microsoft.VisualStudio.ProjectSystem.Server.QueryExecutionServiceFactory"}},{"ActivationArguments":{"__servicehub__ServiceHubRemoteServiceBrokerPipeName":"/Users/coycrowder/.ServiceHub/03d71935aa/cc990bc09e","__servicehub__RequestedServiceVersion":"0.2"},"ClientCredentials":{},"ClientCulture":"en-US","ClientUICulture":"en-US"}]}
10/10/2024 14:16:27 Central Standard Time : Information : CLR host received start request for service 'Microsoft.VisualStudio.ProjectSystem.Query.Remoting.QueryExecutionService'
10/10/2024 14:16:27 Central Standard Time : Information : Loading service module assembly '/Users/coycrowder/.vscode/extensions/ms-dotnettools.csdevkit-1.11.14-darwin-x64/components/CPS/platforms/darwin-x64/node_modules/@microsoft/visualstudio-projectsystem-server.darwin-x64/Microsoft.VisualStudio.ProjectSystem.Server.Implementation.dll' from '/Users/coycrowder/.vscode/extensions/ms-dotnettools.csdevkit-1.11.14-darwin-x64/components/CPS/platforms/darwin-x64/node_modules/@microsoft/visualstudio-projectsystem-server.darwin-x64'
10/10/2024 14:16:27 Central Standard Time : Information : Starting service module 'Microsoft.VisualStudio.ProjectSystem.Query.Remoting.QueryExecutionService'. Class: Microsoft.VisualStudio.ProjectSystem.Server.QueryExecutionServiceFactory, Supported Version: 
10/10/2024 14:16:27 Central Standard Time : Information : Started service 'Microsoft.VisualStudio.ProjectSystem.Query.Remoting.QueryExecutionService'. Pipe name: /Users/coycrowder/.ServiceHub/03d71935aa/d8831d93d3, Supported Version: 
10/10/2024 14:16:27 Central Standard Time : Information : hubHostClr write: Content-Length: 87

{"jsonrpc":"2.0","id":7,"result":"/Users/coycrowder/.ServiceHub/03d71935aa/d8831d93d3"}
10/10/2024 14:16:27 Central Standard Time : Information : A new client connected to CLR service module 'Microsoft.VisualStudio.ProjectSystem.Query.Remoting.QueryExecutionService'
10/10/2024 14:16:27 Central Standard Time : Information : Found FactoryVersion=Version2 for service : Microsoft.VisualStudio.ProjectSystem.Query.Remoting.QueryExecutionService.
10/10/2024 14:16:27 Central Standard Time : Information : Service 'Microsoft.VisualStudio.ProjectSystem.Server.QueryExecutionServiceFactory' implements IServiceHubServiceFactory. Creating factory instance and caching it.
10/10/2024 14:16:27 Central Standard Time : Information : Creating service Microsoft.VisualStudio.ProjectSystem.Server.ProjectTreeProviderFactory from factory with FactoryVersion=Version2 and ClientRequestedVersion=0.1.
10/10/2024 14:16:27 Central Standard Time : Information : Creating service Microsoft.VisualStudio.ProjectSystem.Server.ProjectInitializationStatusServiceFactory from factory with FactoryVersion=Version2 and ClientRequestedVersion=0.1.
10/10/2024 14:16:27 Central Standard Time : Information : Creating service Microsoft.VisualStudio.ProjectSystem.Server.LaunchConfigurationServiceFactory from factory with FactoryVersion=Version2 and ClientRequestedVersion=.
10/10/2024 14:16:27 Central Standard Time : Information : Creating service Microsoft.VisualStudio.ProjectSystem.Server.QueryExecutionServiceFactory from factory with FactoryVersion=Version2 and ClientRequestedVersion=0.2.
10/10/2024 14:16:27 Central Standard Time : Information : Creating service Microsoft.VisualStudio.ProjectSystem.Server.ProjectIconSourceServiceFactory from factory with FactoryVersion=Version2 and ClientRequestedVersion=0.1.
10/10/2024 14:16:27 Central Standard Time : Information : Setting up RPC connection for service 'Microsoft.VisualStudio.ProjectSystem.Server.ProjectIconSourceServiceFactory' from factory
10/10/2024 14:16:27 Central Standard Time : Information : Setting up RPC connection for service 'Microsoft.VisualStudio.ProjectSystem.Server.LaunchConfigurationServiceFactory' from factory
10/10/2024 14:16:27 Central Standard Time : Information : Setting up RPC connection for service 'Microsoft.VisualStudio.ProjectSystem.Server.ProjectInitializationStatusServiceFactory' from factory
10/10/2024 14:16:27 Central Standard Time : Information : Setting up RPC connection for service 'Microsoft.VisualStudio.ProjectSystem.Server.ProjectTreeProviderFactory' from factory
10/10/2024 14:16:27 Central Standard Time : Information : Setting up RPC connection for service 'Microsoft.VisualStudio.ProjectSystem.Server.QueryExecutionServiceFactory' from factory
10/10/2024 14:16:27 Central Standard Time : Information : hubHostClr read: Content-Length: 1035

{"jsonrpc":"2.0","id":8,"method":"startService","params":[{"name":"Microsoft.VisualStudio.ProjectSystem.CompositionService","host":"dotnet.projectSystem","hostId":"C94B8CFE-E3FD-4BAF-A941-2866DBB566FE","serviceBaseDirectory":"/Users/coycrowder/.vscode/extensions/ms-dotnettools.csdevkit-1.11.14-darwin-x64/components/CPS/platforms/darwin-x64/node_modules/@microsoft/visualstudio-projectsystem-server.darwin-x64","entryPoint":{"assemblyPath":"/Users/coycrowder/.vscode/extensions/ms-dotnettools.csdevkit-1.11.14-darwin-x64/components/CPS/platforms/darwin-x64/node_modules/@microsoft/visualstudio-projectsystem-server.darwin-x64/Microsoft.VisualStudio.ProjectSystem.Server.Implementation.dll","fullClassName":"Microsoft.VisualStudio.ProjectSystem.Server.CompositionServiceFactory"}},{"ActivationArguments":{"__servicehub__ServiceHubRemoteServiceBrokerPipeName":"/Users/coycrowder/.ServiceHub/03d71935aa/ba3e48ed6f","__servicehub__RequestedServiceVersion":"0.1"},"ClientCredentials":{},"ClientCulture":"en-US","ClientUICulture":"en-US"}]}
10/10/2024 14:16:27 Central Standard Time : Information : CLR host received start request for service 'Microsoft.VisualStudio.ProjectSystem.CompositionService'
10/10/2024 14:16:27 Central Standard Time : Information : Loading service module assembly '/Users/coycrowder/.vscode/extensions/ms-dotnettools.csdevkit-1.11.14-darwin-x64/components/CPS/platforms/darwin-x64/node_modules/@microsoft/visualstudio-projectsystem-server.darwin-x64/Microsoft.VisualStudio.ProjectSystem.Server.Implementation.dll' from '/Users/coycrowder/.vscode/extensions/ms-dotnettools.csdevkit-1.11.14-darwin-x64/components/CPS/platforms/darwin-x64/node_modules/@microsoft/visualstudio-projectsystem-server.darwin-x64'
10/10/2024 14:16:27 Central Standard Time : Information : Starting service module 'Microsoft.VisualStudio.ProjectSystem.CompositionService'. Class: Microsoft.VisualStudio.ProjectSystem.Server.CompositionServiceFactory, Supported Version: 
10/10/2024 14:16:27 Central Standard Time : Information : Started service 'Microsoft.VisualStudio.ProjectSystem.CompositionService'. Pipe name: /Users/coycrowder/.ServiceHub/03d71935aa/87c52c1cbf, Supported Version: 
10/10/2024 14:16:27 Central Standard Time : Information : hubHostClr write: Content-Length: 87

{"jsonrpc":"2.0","id":8,"result":"/Users/coycrowder/.ServiceHub/03d71935aa/87c52c1cbf"}
10/10/2024 14:16:27 Central Standard Time : Information : A new client connected to CLR service module 'Microsoft.VisualStudio.ProjectSystem.CompositionService'
10/10/2024 14:16:27 Central Standard Time : Information : Found FactoryVersion=Version2 for service : Microsoft.VisualStudio.ProjectSystem.CompositionService.
10/10/2024 14:16:27 Central Standard Time : Information : Service 'Microsoft.VisualStudio.ProjectSystem.Server.CompositionServiceFactory' implements IServiceHubServiceFactory. Creating factory instance and caching it.
10/10/2024 14:16:27 Central Standard Time : Information : Creating service Microsoft.VisualStudio.ProjectSystem.Server.CompositionServiceFactory from factory with FactoryVersion=Version2 and ClientRequestedVersion=0.1.
10/10/2024 14:16:27 Central Standard Time : Information : Setting up RPC connection for service 'Microsoft.VisualStudio.ProjectSystem.Server.CompositionServiceFactory' from factory
10/10/2024 14:16:27 Central Standard Time : Information : Completed RPC connection setup for service 'Microsoft.VisualStudio.ProjectSystem.Server.CompositionServiceFactory' from factory
10/10/2024 14:16:27 Central Standard Time : Information : Completed RPC connection setup for service 'Microsoft.VisualStudio.ProjectSystem.Server.LaunchConfigurationServiceFactory' from factory
10/10/2024 14:16:27 Central Standard Time : Information : Completed RPC connection setup for service 'Microsoft.VisualStudio.ProjectSystem.Server.QueryExecutionServiceFactory' from factory
10/10/2024 14:16:27 Central Standard Time : Information : Completed RPC connection setup for service 'Microsoft.VisualStudio.ProjectSystem.Server.ProjectIconSourceServiceFactory' from factory
10/10/2024 14:16:27 Central Standard Time : Information : Completed RPC connection setup for service 'Microsoft.VisualStudio.ProjectSystem.Server.ProjectInitializationStatusServiceFactory' from factory
10/10/2024 14:16:27 Central Standard Time : Information : Checking if 'Microsoft.VisualStudio.ProjectSystem.Server.CompositionServiceFactory' implements Microsoft.VisualStudio.Threading.IAsyncDisposable.
10/10/2024 14:16:27 Central Standard Time : Information : Checking if 'Microsoft.VisualStudio.ProjectSystem.Server.CompositionServiceFactory' implements System.IAsyncDisposable.
10/10/2024 14:16:27 Central Standard Time : Information : Checking if 'Microsoft.VisualStudio.ProjectSystem.Server.CompositionServiceFactory' implements System.IDisposable.
10/10/2024 14:16:27 Central Standard Time : Information : Completed RPC connection setup for service 'Microsoft.VisualStudio.ProjectSystem.Server.ProjectTreeProviderFactory' from factory
10/10/2024 14:16:28 Central Standard Time : Information : hubHostClr read: Content-Length: 1036

{"jsonrpc":"2.0","id":9,"method":"startService","params":[{"name":"Microsoft.VisualStudio.CpsProjectIconSourceService","host":"dotnet.projectSystem","hostId":"C94B8CFE-E3FD-4BAF-A941-2866DBB566FE","serviceBaseDirectory":"/Users/coycrowder/.vscode/extensions/ms-dotnettools.csdevkit-1.11.14-darwin-x64/components/CPS/platforms/darwin-x64/node_modules/@microsoft/visualstudio-projectsystem-server.darwin-x64","entryPoint":{"assemblyPath":"/Users/coycrowder/.vscode/extensions/ms-dotnettools.csdevkit-1.11.14-darwin-x64/components/CPS/platforms/darwin-x64/node_modules/@microsoft/visualstudio-projectsystem-server.darwin-x64/Microsoft.VisualStudio.ProjectSystem.Server.Implementation.dll","fullClassName":"Microsoft.VisualStudio.ProjectSystem.Server.ProjectIconSourceServiceFactory"}},{"ActivationArguments":{"__servicehub__ServiceHubRemoteServiceBrokerPipeName":"/Users/coycrowder/.ServiceHub/03d71935aa/488a4e2922","__servicehub__RequestedServiceVersion":"0.1"},"ClientCredentials":{},"ClientCulture":"en-US","ClientUICulture":"en-US"}]}
10/10/2024 14:16:28 Central Standard Time : Information : CLR host received start request for service 'Microsoft.VisualStudio.CpsProjectIconSourceService'
10/10/2024 14:16:28 Central Standard Time : Information : Loading service module assembly '/Users/coycrowder/.vscode/extensions/ms-dotnettools.csdevkit-1.11.14-darwin-x64/components/CPS/platforms/darwin-x64/node_modules/@microsoft/visualstudio-projectsystem-server.darwin-x64/Microsoft.VisualStudio.ProjectSystem.Server.Implementation.dll' from '/Users/coycrowder/.vscode/extensions/ms-dotnettools.csdevkit-1.11.14-darwin-x64/components/CPS/platforms/darwin-x64/node_modules/@microsoft/visualstudio-projectsystem-server.darwin-x64'
10/10/2024 14:16:28 Central Standard Time : Information : Starting service module 'Microsoft.VisualStudio.CpsProjectIconSourceService'. Class: Microsoft.VisualStudio.ProjectSystem.Server.ProjectIconSourceServiceFactory, Supported Version: 
10/10/2024 14:16:28 Central Standard Time : Information : Started service 'Microsoft.VisualStudio.CpsProjectIconSourceService'. Pipe name: /Users/coycrowder/.ServiceHub/03d71935aa/dde43df08d, Supported Version: 
10/10/2024 14:16:28 Central Standard Time : Information : hubHostClr write: Content-Length: 87

{"jsonrpc":"2.0","id":9,"result":"/Users/coycrowder/.ServiceHub/03d71935aa/dde43df08d"}
10/10/2024 14:16:28 Central Standard Time : Information : A new client connected to CLR service module 'Microsoft.VisualStudio.CpsProjectIconSourceService'
10/10/2024 14:16:28 Central Standard Time : Information : Found IServiceHubServiceFactory in cache. Creating instance from the factory.
10/10/2024 14:16:28 Central Standard Time : Information : Creating service Microsoft.VisualStudio.ProjectSystem.Server.ProjectIconSourceServiceFactory from factory with FactoryVersion=Version2 and ClientRequestedVersion=0.1.
10/10/2024 14:16:28 Central Standard Time : Information : Setting up RPC connection for service 'Microsoft.VisualStudio.ProjectSystem.Server.ProjectIconSourceServiceFactory' from factory
10/10/2024 14:16:28 Central Standard Time : Information : Completed RPC connection setup for service 'Microsoft.VisualStudio.ProjectSystem.Server.ProjectIconSourceServiceFactory' from factory
10/10/2024 14:16:30 Central Standard Time : Information : hubHostClr read: Content-Length: 1068

{"jsonrpc":"2.0","id":10,"method":"startService","params":[{"name":"Microsoft.VisualStudio.ProjectSystem.ProjectInitializationStatusService","host":"dotnet.projectSystem","hostId":"C94B8CFE-E3FD-4BAF-A941-2866DBB566FE","serviceBaseDirectory":"/Users/coycrowder/.vscode/extensions/ms-dotnettools.csdevkit-1.11.14-darwin-x64/components/CPS/platforms/darwin-x64/node_modules/@microsoft/visualstudio-projectsystem-server.darwin-x64","entryPoint":{"assemblyPath":"/Users/coycrowder/.vscode/extensions/ms-dotnettools.csdevkit-1.11.14-darwin-x64/components/CPS/platforms/darwin-x64/node_modules/@microsoft/visualstudio-projectsystem-server.darwin-x64/Microsoft.VisualStudio.ProjectSystem.Server.Implementation.dll","fullClassName":"Microsoft.VisualStudio.ProjectSystem.Server.ProjectInitializationStatusServiceFactory"}},{"ActivationArguments":{"__servicehub__ServiceHubRemoteServiceBrokerPipeName":"/Users/coycrowder/.ServiceHub/03d71935aa/6b6814d9c1","__servicehub__RequestedServiceVersion":"0.1"},"ClientCredentials":{},"ClientCulture":"en-US","ClientUICulture":"en-US"}]}
10/10/2024 14:16:30 Central Standard Time : Information : CLR host received start request for service 'Microsoft.VisualStudio.ProjectSystem.ProjectInitializationStatusService'
10/10/2024 14:16:30 Central Standard Time : Information : Loading service module assembly '/Users/coycrowder/.vscode/extensions/ms-dotnettools.csdevkit-1.11.14-darwin-x64/components/CPS/platforms/darwin-x64/node_modules/@microsoft/visualstudio-projectsystem-server.darwin-x64/Microsoft.VisualStudio.ProjectSystem.Server.Implementation.dll' from '/Users/coycrowder/.vscode/extensions/ms-dotnettools.csdevkit-1.11.14-darwin-x64/components/CPS/platforms/darwin-x64/node_modules/@microsoft/visualstudio-projectsystem-server.darwin-x64'
10/10/2024 14:16:30 Central Standard Time : Information : Starting service module 'Microsoft.VisualStudio.ProjectSystem.ProjectInitializationStatusService'. Class: Microsoft.VisualStudio.ProjectSystem.Server.ProjectInitializationStatusServiceFactory, Supported Version: 
10/10/2024 14:16:30 Central Standard Time : Information : Started service 'Microsoft.VisualStudio.ProjectSystem.ProjectInitializationStatusService'. Pipe name: /Users/coycrowder/.ServiceHub/03d71935aa/1568c335fd, Supported Version: 
10/10/2024 14:16:30 Central Standard Time : Information : hubHostClr write: Content-Length: 88

{"jsonrpc":"2.0","id":10,"result":"/Users/coycrowder/.ServiceHub/03d71935aa/1568c335fd"}
10/10/2024 14:16:30 Central Standard Time : Information : A new client connected to CLR service module 'Microsoft.VisualStudio.ProjectSystem.ProjectInitializationStatusService'
10/10/2024 14:16:30 Central Standard Time : Information : Found IServiceHubServiceFactory in cache. Creating instance from the factory.
10/10/2024 14:16:30 Central Standard Time : Information : Creating service Microsoft.VisualStudio.ProjectSystem.Server.ProjectInitializationStatusServiceFactory from factory with FactoryVersion=Version2 and ClientRequestedVersion=0.1.
10/10/2024 14:16:30 Central Standard Time : Information : Setting up RPC connection for service 'Microsoft.VisualStudio.ProjectSystem.Server.ProjectInitializationStatusServiceFactory' from factory
10/10/2024 14:16:30 Central Standard Time : Information : Completed RPC connection setup for service 'Microsoft.VisualStudio.ProjectSystem.Server.ProjectInitializationStatusServiceFactory' from factory
10/10/2024 14:16:31 Central Standard Time : Information : hubHostClr read: Content-Length: 1057

{"jsonrpc":"2.0","id":11,"method":"startService","params":[{"name":"Microsoft.VisualStudio.ProjectSystem.Query.Remoting.QueryExecutionService","host":"dotnet.projectSystem","hostId":"C94B8CFE-E3FD-4BAF-A941-2866DBB566FE","serviceBaseDirectory":"/Users/coycrowder/.vscode/extensions/ms-dotnettools.csdevkit-1.11.14-darwin-x64/components/CPS/platforms/darwin-x64/node_modules/@microsoft/visualstudio-projectsystem-server.darwin-x64","entryPoint":{"assemblyPath":"/Users/coycrowder/.vscode/extensions/ms-dotnettools.csdevkit-1.11.14-darwin-x64/components/CPS/platforms/darwin-x64/node_modules/@microsoft/visualstudio-projectsystem-server.darwin-x64/Microsoft.VisualStudio.ProjectSystem.Server.Implementation.dll","fullClassName":"Microsoft.VisualStudio.ProjectSystem.Server.QueryExecutionServiceFactory"}},{"ActivationArguments":{"__servicehub__ServiceHubRemoteServiceBrokerPipeName":"/Users/coycrowder/.ServiceHub/03d71935aa/0050d13368","__servicehub__RequestedServiceVersion":"0.3"},"ClientCredentials":{},"ClientCulture":"en-US","ClientUICulture":"en-US"}]}
10/10/2024 14:16:31 Central Standard Time : Information : CLR host received start request for service 'Microsoft.VisualStudio.ProjectSystem.Query.Remoting.QueryExecutionService'
10/10/2024 14:16:31 Central Standard Time : Information : Loading service module assembly '/Users/coycrowder/.vscode/extensions/ms-dotnettools.csdevkit-1.11.14-darwin-x64/components/CPS/platforms/darwin-x64/node_modules/@microsoft/visualstudio-projectsystem-server.darwin-x64/Microsoft.VisualStudio.ProjectSystem.Server.Implementation.dll' from '/Users/coycrowder/.vscode/extensions/ms-dotnettools.csdevkit-1.11.14-darwin-x64/components/CPS/platforms/darwin-x64/node_modules/@microsoft/visualstudio-projectsystem-server.darwin-x64'
10/10/2024 14:16:31 Central Standard Time : Information : Starting service module 'Microsoft.VisualStudio.ProjectSystem.Query.Remoting.QueryExecutionService'. Class: Microsoft.VisualStudio.ProjectSystem.Server.QueryExecutionServiceFactory, Supported Version: 
10/10/2024 14:16:31 Central Standard Time : Information : Started service 'Microsoft.VisualStudio.ProjectSystem.Query.Remoting.QueryExecutionService'. Pipe name: /Users/coycrowder/.ServiceHub/03d71935aa/cb04917716, Supported Version: 
10/10/2024 14:16:31 Central Standard Time : Information : hubHostClr write: Content-Length: 88

{"jsonrpc":"2.0","id":11,"result":"/Users/coycrowder/.ServiceHub/03d71935aa/cb04917716"}
10/10/2024 14:16:31 Central Standard Time : Information : A new client connected to CLR service module 'Microsoft.VisualStudio.ProjectSystem.Query.Remoting.QueryExecutionService'
10/10/2024 14:16:31 Central Standard Time : Information : Found IServiceHubServiceFactory in cache. Creating instance from the factory.
10/10/2024 14:16:31 Central Standard Time : Information : Creating service Microsoft.VisualStudio.ProjectSystem.Server.QueryExecutionServiceFactory from factory with FactoryVersion=Version2 and ClientRequestedVersion=0.3.
10/10/2024 14:16:31 Central Standard Time : Information : Setting up RPC connection for service 'Microsoft.VisualStudio.ProjectSystem.Server.QueryExecutionServiceFactory' from factory
10/10/2024 14:16:31 Central Standard Time : Information : Completed RPC connection setup for service 'Microsoft.VisualStudio.ProjectSystem.Server.QueryExecutionServiceFactory' from factory
10/10/2024 16:05:01 Central Standard Time : Information : Checking if 'Microsoft.VisualStudio.ProjectSystem.Server.ProjectTreeProviderFactory' implements Microsoft.VisualStudio.Threading.IAsyncDisposable.
10/10/2024 16:05:01 Central Standard Time : Information : Checking if 'Microsoft.VisualStudio.ProjectSystem.Server.ProjectTreeProviderFactory' implements System.IAsyncDisposable.
10/10/2024 16:05:01 Central Standard Time : Information : Checking if 'Microsoft.VisualStudio.ProjectSystem.Server.ProjectTreeProviderFactory' implements System.IDisposable.
10/10/2024 16:05:01 Central Standard Time : Information : Checking if 'Microsoft.VisualStudio.ProjectSystem.Server.LaunchConfigurationServiceFactory' implements Microsoft.VisualStudio.Threading.IAsyncDisposable.
10/10/2024 16:05:01 Central Standard Time : Information : Checking if 'Microsoft.VisualStudio.ProjectSystem.Server.LaunchConfigurationServiceFactory' implements System.IAsyncDisposable.
10/10/2024 16:05:01 Central Standard Time : Information : Checking if 'Microsoft.VisualStudio.ProjectSystem.Server.LaunchConfigurationServiceFactory' implements System.IDisposable.
10/10/2024 16:05:01 Central Standard Time : Information : Checking if 'Microsoft.VisualStudio.ProjectSystem.Server.ProjectInitializationStatusServiceFactory' implements Microsoft.VisualStudio.Threading.IAsyncDisposable.
10/10/2024 16:05:01 Central Standard Time : Information : Checking if 'Microsoft.VisualStudio.ProjectSystem.Server.ProjectInitializationStatusServiceFactory' implements System.IAsyncDisposable.
10/10/2024 16:05:01 Central Standard Time : Information : Checking if 'Microsoft.VisualStudio.ProjectSystem.Server.ProjectInitializationStatusServiceFactory' implements System.IDisposable.
10/10/2024 16:05:01 Central Standard Time : Information : hubHostClr read: Content-Length: 46

{"jsonrpc":"2.0","method":"exit","params":[3]}
10/10/2024 16:05:01 Central Standard Time : Information : Exit command received with reason 'ForcedControllerShutdown'. Exiting CLR host
10/10/2024 16:05:01 Central Standard Time : Information : hubHostClr JSON RPC has been disposed
10/10/2024 16:05:01 Central Standard Time : Information : hubHostClr read: end of stream
10/10/2024 16:05:01 Central Standard Time : Information : Checking if 'Microsoft.VisualStudio.ProjectSystem.Server.ProjectIconSourceServiceFactory' implements Microsoft.VisualStudio.Threading.IAsyncDisposable.
10/10/2024 16:05:01 Central Standard Time : Information : Checking if 'Microsoft.VisualStudio.ProjectSystem.Server.ProjectIconSourceServiceFactory' implements System.IAsyncDisposable.
10/10/2024 16:05:01 Central Standard Time : Information : Checking if 'Microsoft.VisualStudio.ProjectSystem.Server.ProjectIconSourceServiceFactory' implements System.IDisposable.
10/10/2024 16:05:01 Central Standard Time : Information : Checking if 'Microsoft.VisualStudio.ProjectSystem.Server.QueryExecutionServiceFactory' implements Microsoft.VisualStudio.Threading.IAsyncDisposable.
10/10/2024 16:05:01 Central Standard Time : Information : Checking if 'Microsoft.VisualStudio.ProjectSystem.Server.QueryExecutionServiceFactory' implements System.IAsyncDisposable.
10/10/2024 16:05:01 Central Standard Time : Information : Checking if 'Microsoft.VisualStudio.ProjectSystem.Server.QueryExecutionServiceFactory' implements System.IDisposable.
