10/17/2024 13:09:31 Central Standard Time : Information : Local timezone is (UTC-06:00) Central Time (Chicago)
10/17/2024 13:09:31 Central Standard Time : Information : Added local RPC method "getPipe" -> Microsoft.VisualStudio.Utilities.ServiceBroker.GlobalBrokeredServiceContainer+View.GetPipeAsync(ServiceMoniker, ServiceActivationOptions, CancellationToken) (Microsoft.VisualStudio.Utilities.ServiceBroker.GlobalBrokeredServiceContainer+View)
10/17/2024 13:09:31 Central Standard Time : Information : Added local RPC method "getProxy" -> Microsoft.VisualStudio.Utilities.ServiceBroker.GlobalBrokeredServiceContainer+View.GetProxyAsync(ServiceRpcDescriptor, ServiceActivationOptions, CancellationToken) (Microsoft.VisualStudio.Utilities.ServiceBroker.GlobalBrokeredServiceContainer+View)
10/17/2024 13:09:31 Central Standard Time : Information : Added local RPC method "handshake" -> Microsoft.VisualStudio.Utilities.ServiceBroker.GlobalBrokeredServiceContainer+View.HandshakeAsync(ServiceBrokerClientMetadata, CancellationToken) (Microsoft.VisualStudio.Utilities.ServiceBroker.GlobalBrokeredServiceContainer+View)
10/17/2024 13:09:31 Central Standard Time : Information : Added local RPC method "requestServiceChannel" -> Microsoft.VisualStudio.Utilities.ServiceBroker.GlobalBrokeredServiceContainer+View.RequestServiceChannelAsync(ServiceMoniker, ServiceActivationOptions, CancellationToken) (Microsoft.VisualStudio.Utilities.ServiceBroker.GlobalBrokeredServiceContainer+View)
10/17/2024 13:09:31 Central Standard Time : Information : Added local RPC method "cancelServiceRequest" -> Microsoft.VisualStudio.Utilities.ServiceBroker.GlobalBrokeredServiceContainer+View.CancelServiceRequestAsync(Guid) (Microsoft.VisualStudio.Utilities.ServiceBroker.GlobalBrokeredServiceContainer+View)
10/17/2024 13:09:31 Central Standard Time : Information : Added local RPC method "getPipe" -> Microsoft.VisualStudio.Utilities.ServiceBroker.GlobalBrokeredServiceContainer+View.GetPipeAsync(ServiceMoniker, ServiceActivationOptions, CancellationToken) (Microsoft.VisualStudio.Utilities.ServiceBroker.GlobalBrokeredServiceContainer+View)
10/17/2024 13:09:31 Central Standard Time : Information : Added local RPC method "getProxy" -> Microsoft.VisualStudio.Utilities.ServiceBroker.GlobalBrokeredServiceContainer+View.GetProxyAsync(ServiceRpcDescriptor, ServiceActivationOptions, CancellationToken) (Microsoft.VisualStudio.Utilities.ServiceBroker.GlobalBrokeredServiceContainer+View)
10/17/2024 13:09:31 Central Standard Time : Information : Added local RPC method "handshake" -> Microsoft.VisualStudio.Utilities.ServiceBroker.GlobalBrokeredServiceContainer+View.HandshakeAsync(ServiceBrokerClientMetadata, CancellationToken) (Microsoft.VisualStudio.Utilities.ServiceBroker.GlobalBrokeredServiceContainer+View)
10/17/2024 13:09:31 Central Standard Time : Information : Added local RPC method "requestServiceChannel" -> Microsoft.VisualStudio.Utilities.ServiceBroker.GlobalBrokeredServiceContainer+View.RequestServiceChannelAsync(ServiceMoniker, ServiceActivationOptions, CancellationToken) (Microsoft.VisualStudio.Utilities.ServiceBroker.GlobalBrokeredServiceContainer+View)
10/17/2024 13:09:31 Central Standard Time : Information : Added local RPC method "cancelServiceRequest" -> Microsoft.VisualStudio.Utilities.ServiceBroker.GlobalBrokeredServiceContainer+View.CancelServiceRequestAsync(Guid) (Microsoft.VisualStudio.Utilities.ServiceBroker.GlobalBrokeredServiceContainer+View)
10/17/2024 13:09:31 Central Standard Time: Information : 2 :Listening for events from Microsoft.VisualStudio.Utilities.ServiceBroker.GlobalBrokeredServiceContainer+View.AvailabilityChanged to raise notification.
10/17/2024 13:09:31 Central Standard Time: Information : 3 :Listening started.
10/17/2024 13:09:31 Central Standard Time: Information : 7 :{"id":2,"method":"handshake"}
10/17/2024 13:09:31 Central Standard Time: Information : 6 :Received request "2" for method "handshake".
10/17/2024 13:09:31 Central Standard Time: Information : 9 :Invoking Microsoft.VisualStudio.Utilities.ServiceBroker.GlobalBrokeredServiceContainer+View.HandshakeAsync(ServiceBrokerClientMetadata, CancellationToken)
10/17/2024 13:09:31 Central Standard Time : Start : handshake
10/17/2024 13:09:31 Central Standard Time : Stop : handshake
10/17/2024 13:09:31 Central Standard Time: Information : 8 :{"id":2}
10/17/2024 13:09:31 Central Standard Time: Information : 7 :{"id":3,"method":"requestServiceChannel"}
10/17/2024 13:09:31 Central Standard Time: Information : 6 :Received request "3" for method "requestServiceChannel".
10/17/2024 13:09:31 Central Standard Time: Information : 9 :Invoking Microsoft.VisualStudio.Utilities.ServiceBroker.GlobalBrokeredServiceContainer+View.RequestServiceChannelAsync(ServiceMoniker, ServiceActivationOptions, CancellationToken)
10/17/2024 13:09:31 Central Standard Time : Start : requestServiceChannel
10/17/2024 13:09:31 Central Standard Time : Stop : requestServiceChannel
10/17/2024 13:09:31 Central Standard Time: Information : 8 :{"id":3}
10/17/2024 13:09:31 Central Standard Time: Information : 7 :{"id":4,"method":"requestServiceChannel"}
10/17/2024 13:09:31 Central Standard Time: Information : 6 :Received request "4" for method "requestServiceChannel".
10/17/2024 13:09:31 Central Standard Time: Information : 9 :Invoking Microsoft.VisualStudio.Utilities.ServiceBroker.GlobalBrokeredServiceContainer+View.RequestServiceChannelAsync(ServiceMoniker, ServiceActivationOptions, CancellationToken)
10/17/2024 13:09:31 Central Standard Time : Start : requestServiceChannel
10/17/2024 13:09:31 Central Standard Time: Information : 7 :{"id":5,"method":"requestServiceChannel"}
10/17/2024 13:09:31 Central Standard Time: Information : 6 :Received request "5" for method "requestServiceChannel".
10/17/2024 13:09:31 Central Standard Time: Information : 9 :Invoking Microsoft.VisualStudio.Utilities.ServiceBroker.GlobalBrokeredServiceContainer+View.RequestServiceChannelAsync(ServiceMoniker, ServiceActivationOptions, CancellationToken)
10/17/2024 13:09:31 Central Standard Time : Start : requestServiceChannel
10/17/2024 13:09:31 Central Standard Time : Stop : requestServiceChannel
10/17/2024 13:09:31 Central Standard Time: Information : 8 :{"id":4}
10/17/2024 13:09:31 Central Standard Time : Stop : requestServiceChannel
10/17/2024 13:09:31 Central Standard Time: Information : 8 :{"id":5}
10/17/2024 13:09:32 Central Standard Time: Information : 7 :{"id":6,"method":"requestServiceChannel"}
10/17/2024 13:09:32 Central Standard Time: Information : 6 :Received request "6" for method "requestServiceChannel".
10/17/2024 13:09:32 Central Standard Time: Information : 9 :Invoking Microsoft.VisualStudio.Utilities.ServiceBroker.GlobalBrokeredServiceContainer+View.RequestServiceChannelAsync(ServiceMoniker, ServiceActivationOptions, CancellationToken)
10/17/2024 13:09:32 Central Standard Time : Start : requestServiceChannel
10/17/2024 13:09:32 Central Standard Time : Stop : requestServiceChannel
10/17/2024 13:09:32 Central Standard Time: Information : 8 :{"id":6}
10/17/2024 13:09:32 Central Standard Time: Information : 7 :{"id":7,"method":"requestServiceChannel"}
10/17/2024 13:09:32 Central Standard Time: Information : 6 :Received request "7" for method "requestServiceChannel".
10/17/2024 13:09:32 Central Standard Time: Information : 9 :Invoking Microsoft.VisualStudio.Utilities.ServiceBroker.GlobalBrokeredServiceContainer+View.RequestServiceChannelAsync(ServiceMoniker, ServiceActivationOptions, CancellationToken)
10/17/2024 13:09:32 Central Standard Time : Start : requestServiceChannel
10/17/2024 13:09:32 Central Standard Time : Stop : requestServiceChannel
10/17/2024 13:09:32 Central Standard Time: Information : 8 :{"id":7}
10/17/2024 13:09:32 Central Standard Time: Information : 7 :{"id":8,"method":"requestServiceChannel"}
10/17/2024 13:09:32 Central Standard Time: Information : 6 :Received request "8" for method "requestServiceChannel".
10/17/2024 13:09:32 Central Standard Time: Information : 9 :Invoking Microsoft.VisualStudio.Utilities.ServiceBroker.GlobalBrokeredServiceContainer+View.RequestServiceChannelAsync(ServiceMoniker, ServiceActivationOptions, CancellationToken)
10/17/2024 13:09:32 Central Standard Time : Transfer : Transfer, relatedActivityId=37f4a8bb-6d1f-4378-9261-f723e710fd6a
10/17/2024 13:09:32 Central Standard Time : Start : requestServiceChannel
10/17/2024 13:09:32 Central Standard Time : Stop : requestServiceChannel
10/17/2024 13:09:32 Central Standard Time : Transfer : Transfer, relatedActivityId=9462fe26-abb6-428e-8822-50cb0257d293
10/17/2024 13:09:32 Central Standard Time: Information : 8 :{"id":8}
10/17/2024 13:09:34 Central Standard Time: Information : 7 :{"id":9,"method":"requestServiceChannel"}
10/17/2024 13:09:34 Central Standard Time: Information : 6 :Received request "9" for method "requestServiceChannel".
10/17/2024 13:09:34 Central Standard Time: Information : 9 :Invoking Microsoft.VisualStudio.Utilities.ServiceBroker.GlobalBrokeredServiceContainer+View.RequestServiceChannelAsync(ServiceMoniker, ServiceActivationOptions, CancellationToken)
10/17/2024 13:09:34 Central Standard Time : Start : requestServiceChannel
10/17/2024 13:09:34 Central Standard Time : Stop : requestServiceChannel
10/17/2024 13:09:34 Central Standard Time: Information : 8 :{"id":9}
10/17/2024 13:09:34 Central Standard Time: Information : 7 :{"id":10,"method":"requestServiceChannel"}
10/17/2024 13:09:34 Central Standard Time: Information : 6 :Received request "10" for method "requestServiceChannel".
10/17/2024 13:09:34 Central Standard Time: Information : 9 :Invoking Microsoft.VisualStudio.Utilities.ServiceBroker.GlobalBrokeredServiceContainer+View.RequestServiceChannelAsync(ServiceMoniker, ServiceActivationOptions, CancellationToken)
10/17/2024 13:09:34 Central Standard Time : Start : requestServiceChannel
10/17/2024 13:09:34 Central Standard Time: Information : 7 :{"id":11,"method":"requestServiceChannel"}
10/17/2024 13:09:34 Central Standard Time: Information : 6 :Received request "11" for method "requestServiceChannel".
10/17/2024 13:09:34 Central Standard Time: Information : 9 :Invoking Microsoft.VisualStudio.Utilities.ServiceBroker.GlobalBrokeredServiceContainer+View.RequestServiceChannelAsync(ServiceMoniker, ServiceActivationOptions, CancellationToken)
10/17/2024 13:09:34 Central Standard Time : Start : requestServiceChannel
10/17/2024 13:09:34 Central Standard Time : Stop : requestServiceChannel
10/17/2024 13:09:34 Central Standard Time: Information : 8 :{"id":11}
10/17/2024 13:09:34 Central Standard Time : Stop : requestServiceChannel
10/17/2024 13:09:34 Central Standard Time: Information : 8 :{"id":10}
10/17/2024 13:09:35 Central Standard Time: Information : 7 :{"id":12,"method":"requestServiceChannel"}
10/17/2024 13:09:35 Central Standard Time: Information : 6 :Received request "12" for method "requestServiceChannel".
10/17/2024 13:09:35 Central Standard Time: Information : 9 :Invoking Microsoft.VisualStudio.Utilities.ServiceBroker.GlobalBrokeredServiceContainer+View.RequestServiceChannelAsync(ServiceMoniker, ServiceActivationOptions, CancellationToken)
10/17/2024 13:09:35 Central Standard Time : Start : requestServiceChannel
10/17/2024 13:09:35 Central Standard Time : Stop : requestServiceChannel
10/17/2024 13:09:35 Central Standard Time: Information : 8 :{"id":12}
10/17/2024 13:09:35 Central Standard Time: Information : 7 :{"id":13,"method":"requestServiceChannel"}
10/17/2024 13:09:35 Central Standard Time: Information : 6 :Received request "13" for method "requestServiceChannel".
10/17/2024 13:09:35 Central Standard Time: Information : 9 :Invoking Microsoft.VisualStudio.Utilities.ServiceBroker.GlobalBrokeredServiceContainer+View.RequestServiceChannelAsync(ServiceMoniker, ServiceActivationOptions, CancellationToken)
10/17/2024 13:09:35 Central Standard Time : Start : requestServiceChannel
10/17/2024 13:09:35 Central Standard Time : Stop : requestServiceChannel
10/17/2024 13:09:35 Central Standard Time: Information : 8 :{"id":13}
