11/26/2024 11:56:16 Eastern Standard Time : Information : Local timezone is (UTC-05:00) Eastern Time (New York)
11/26/2024 11:56:17 Eastern Standard Time : Information : Service Hub .NET service module host started. Host id: dotnet.projectSystem$C94B8CFE-E3FD-4BAF-A941-2866DBB566FE. Controller pipe: net.pipe://4389525A27. PID: 43922
11/26/2024 11:56:17 Eastern Standard Time : Information : hubHostClr read: Content-Length: 116

{"jsonrpc":"2.0","id":2,"method":"InitializeHostAsync","params":[{"HostsRootDirectory":".","AppConfigFallback":""}]}
11/26/2024 11:56:17 Eastern Standard Time : Information : hubHostClr write: Content-Length: 93

{"jsonrpc":"2.0","id":2,"result":"dotnet.projectSystem$C94B8CFE-E3FD-4BAF-A941-2866DBB566FE"}
11/26/2024 11:56:17 Eastern Standard Time : Information : hubHostClr read: Content-Length: 1070

{"jsonrpc":"2.0","id":3,"method":"StartServiceAsync","params":[{"name":"Microsoft.VisualStudio.ProjectSystem.ProjectInitializationStatusService","host":"dotnet.projectSystem","hostId":"C94B8CFE-E3FD-4BAF-A941-2866DBB566FE","serviceBaseDirectory":"/Users/coycrowder/.vscode/extensions/ms-dotnettools.csdevkit-1.13.9-darwin-x64/components/CPS/platforms/darwin-x64/node_modules/@microsoft/visualstudio-projectsystem-server.darwin-x64","entryPoint":{"assemblyPath":"/Users/coycrowder/.vscode/extensions/ms-dotnettools.csdevkit-1.13.9-darwin-x64/components/CPS/platforms/darwin-x64/node_modules/@microsoft/visualstudio-projectsystem-server.darwin-x64/Microsoft.VisualStudio.ProjectSystem.Server.Implementation.dll","fullClassName":"Microsoft.VisualStudio.ProjectSystem.Server.ProjectInitializationStatusServiceFactory"}},{"ActivationArguments":{"__servicehub__ServiceHubRemoteServiceBrokerPipeName":"/Users/coycrowder/.ServiceHub/7b4a5a074b/f25d1dc06d","__servicehub__RequestedServiceVersion":"0.1"},"ClientCredentials":{},"ClientCulture":"en-US","ClientUICulture":"en-US"}]}Content-Length: 1040

{"jsonrpc":"2.0","id":4,"method":"StartServiceAsync","params":[{"name":"Microsoft.VisualStudio.ProjectSystem.ProjectTreeProvider","host":"dotnet.projectSystem","hostId":"C94B8CFE-E3FD-4BAF-A941-2866DBB566FE","serviceBaseDirectory":"/Users/coycrowder/.vscode/extensions/ms-dotnettools.csdevkit-1.13.9-darwin-x64/components/CPS/platforms/darwin-x64/node_modules/@microsoft/visualstudio-projectsystem-server.darwin-x64","entryPoint":{"assemblyPath":"/Users/coycrowder/.vscode/extensions/ms-dotnettools.csdevkit-1.13.9-darwin-x64/components/CPS/platforms/darwin-x64/node_modules/@microsoft/visualstudio-projectsystem-server.darwin-x64/Microsoft.VisualStudio.ProjectSystem.Server.Implementation.dll","fullClassName":"Microsoft.VisualStudio.ProjectSystem.Server.ProjectTreeProviderFactory"}},{"ActivationArguments":{"__servicehub__ServiceHubRemoteServiceBrokerPipeName":"/Users/coycrowder/.ServiceHub/7b4a5a074b/3b5fcc0706","__servicehub__RequestedServiceVersion":"0.1"},"ClientCredentials":{},"ClientCulture":"en-US","ClientUICulture":"en-US"}]}Content-Length: 994

{"jsonrpc":"2.0","id":5,"method":"StartServiceAsync","params":[{"name":"Microsoft.VisualStudio.LaunchConfigurationService","host":"dotnet.projectSystem","hostId":"C94B8CFE-E3FD-4BAF-A941-2866DBB566FE","serviceBaseDirectory":"/Users/coycrowder/.vscode/extensions/ms-dotnettools.csdevkit-1.13.9-darwin-x64/components/CPS/platforms/darwin-x64/node_modules/@microsoft/visualstudio-projectsystem-server.darwin-x64","entryPoint":{"assemblyPath":"/Users/coycrowder/.vscode/extensions/ms-dotnettools.csdevkit-1.13.9-darwin-x64/components/CPS/platforms/darwin-x64/node_modules/@microsoft/visualstudio-projectsystem-server.darwin-x64/Microsoft.VisualStudio.ProjectSystem.Server.Implementation.dll","fullClassName":"Microsoft.VisualStudio.ProjectSystem.Server.LaunchConfigurationServiceFactory"}},{"ActivationArguments":{"__servicehub__ServiceHubRemoteServiceBrokerPipeName":"/Users/coycrowder/.ServiceHub/7b4a5a074b/a077026915"},"ClientCredentials":{},"ClientCulture":"en-US","ClientUICulture":"en-US"}]}
11/26/2024 11:56:17 Eastern Standard Time : Information : CLR host received start request for service 'Microsoft.VisualStudio.ProjectSystem.ProjectInitializationStatusService'
11/26/2024 11:56:17 Eastern Standard Time : Information : Loading service module assembly '/Users/coycrowder/.vscode/extensions/ms-dotnettools.csdevkit-1.13.9-darwin-x64/components/CPS/platforms/darwin-x64/node_modules/@microsoft/visualstudio-projectsystem-server.darwin-x64/Microsoft.VisualStudio.ProjectSystem.Server.Implementation.dll' from '/Users/coycrowder/.vscode/extensions/ms-dotnettools.csdevkit-1.13.9-darwin-x64/components/CPS/platforms/darwin-x64/node_modules/@microsoft/visualstudio-projectsystem-server.darwin-x64'
11/26/2024 11:56:17 Eastern Standard Time : Information : Starting service module 'Microsoft.VisualStudio.ProjectSystem.ProjectInitializationStatusService'. Class: Microsoft.VisualStudio.ProjectSystem.Server.ProjectInitializationStatusServiceFactory, Supported Version: 
11/26/2024 11:56:17 Eastern Standard Time : Information : Started service 'Microsoft.VisualStudio.ProjectSystem.ProjectInitializationStatusService'. Pipe name: /Users/coycrowder/.ServiceHub/7b4a5a074b/532c89a0bf, Supported Version: 
11/26/2024 11:56:17 Eastern Standard Time : Information : hubHostClr write: Content-Length: 87

{"jsonrpc":"2.0","id":3,"result":"/Users/coycrowder/.ServiceHub/7b4a5a074b/532c89a0bf"}
11/26/2024 11:56:17 Eastern Standard Time : Information : CLR host received start request for service 'Microsoft.VisualStudio.ProjectSystem.ProjectTreeProvider'
11/26/2024 11:56:17 Eastern Standard Time : Information : Loading service module assembly '/Users/coycrowder/.vscode/extensions/ms-dotnettools.csdevkit-1.13.9-darwin-x64/components/CPS/platforms/darwin-x64/node_modules/@microsoft/visualstudio-projectsystem-server.darwin-x64/Microsoft.VisualStudio.ProjectSystem.Server.Implementation.dll' from '/Users/coycrowder/.vscode/extensions/ms-dotnettools.csdevkit-1.13.9-darwin-x64/components/CPS/platforms/darwin-x64/node_modules/@microsoft/visualstudio-projectsystem-server.darwin-x64'
11/26/2024 11:56:17 Eastern Standard Time : Information : Starting service module 'Microsoft.VisualStudio.ProjectSystem.ProjectTreeProvider'. Class: Microsoft.VisualStudio.ProjectSystem.Server.ProjectTreeProviderFactory, Supported Version: 
11/26/2024 11:56:17 Eastern Standard Time : Information : Started service 'Microsoft.VisualStudio.ProjectSystem.ProjectTreeProvider'. Pipe name: /Users/coycrowder/.ServiceHub/7b4a5a074b/06d7bf1c2c, Supported Version: 
11/26/2024 11:56:17 Eastern Standard Time : Information : CLR host received start request for service 'Microsoft.VisualStudio.LaunchConfigurationService'
11/26/2024 11:56:17 Eastern Standard Time : Information : Loading service module assembly '/Users/coycrowder/.vscode/extensions/ms-dotnettools.csdevkit-1.13.9-darwin-x64/components/CPS/platforms/darwin-x64/node_modules/@microsoft/visualstudio-projectsystem-server.darwin-x64/Microsoft.VisualStudio.ProjectSystem.Server.Implementation.dll' from '/Users/coycrowder/.vscode/extensions/ms-dotnettools.csdevkit-1.13.9-darwin-x64/components/CPS/platforms/darwin-x64/node_modules/@microsoft/visualstudio-projectsystem-server.darwin-x64'
11/26/2024 11:56:17 Eastern Standard Time : Information : Starting service module 'Microsoft.VisualStudio.LaunchConfigurationService'. Class: Microsoft.VisualStudio.ProjectSystem.Server.LaunchConfigurationServiceFactory, Supported Version: 
11/26/2024 11:56:17 Eastern Standard Time : Information : Started service 'Microsoft.VisualStudio.LaunchConfigurationService'. Pipe name: /Users/coycrowder/.ServiceHub/7b4a5a074b/13d574dd32, Supported Version: 
11/26/2024 11:56:17 Eastern Standard Time : Information : hubHostClr write: Content-Length: 87

{"jsonrpc":"2.0","id":4,"result":"/Users/coycrowder/.ServiceHub/7b4a5a074b/06d7bf1c2c"}Content-Length: 87

{"jsonrpc":"2.0","id":5,"result":"/Users/coycrowder/.ServiceHub/7b4a5a074b/13d574dd32"}
11/26/2024 11:56:17 Eastern Standard Time : Information : A new client connected to CLR service module 'Microsoft.VisualStudio.ProjectSystem.ProjectInitializationStatusService'
11/26/2024 11:56:17 Eastern Standard Time : Information : A new client connected to CLR service module 'Microsoft.VisualStudio.ProjectSystem.ProjectTreeProvider'
11/26/2024 11:56:17 Eastern Standard Time : Information : A new client connected to CLR service module 'Microsoft.VisualStudio.LaunchConfigurationService'
11/26/2024 11:56:17 Eastern Standard Time : Information : hubHostClr write: Content-Length: 124

{"jsonrpc":"2.0","method":"HostServicesStartedAsync","params":["dotnet.projectSystem$C94B8CFE-E3FD-4BAF-A941-2866DBB566FE"]}
11/26/2024 11:56:17 Eastern Standard Time : Information : Found FactoryVersion=Version2 for service : Microsoft.VisualStudio.ProjectSystem.ProjectInitializationStatusService.
11/26/2024 11:56:17 Eastern Standard Time : Information : Service 'Microsoft.VisualStudio.ProjectSystem.Server.ProjectInitializationStatusServiceFactory' implements IServiceHubServiceFactory. Creating factory instance and caching it.
11/26/2024 11:56:17 Eastern Standard Time : Information : Found FactoryVersion=Version2 for service : Microsoft.VisualStudio.ProjectSystem.ProjectTreeProvider.
11/26/2024 11:56:17 Eastern Standard Time : Information : Service 'Microsoft.VisualStudio.ProjectSystem.Server.ProjectTreeProviderFactory' implements IServiceHubServiceFactory. Creating factory instance and caching it.
11/26/2024 11:56:17 Eastern Standard Time : Information : Found FactoryVersion=Version2 for service : Microsoft.VisualStudio.LaunchConfigurationService.
11/26/2024 11:56:17 Eastern Standard Time : Information : Service 'Microsoft.VisualStudio.ProjectSystem.Server.LaunchConfigurationServiceFactory' implements IServiceHubServiceFactory. Creating factory instance and caching it.
11/26/2024 11:56:18 Eastern Standard Time : Information : Creating service Microsoft.VisualStudio.ProjectSystem.Server.ProjectTreeProviderFactory from factory with FactoryVersion=Version2 and ClientRequestedVersion=0.1.
11/26/2024 11:56:18 Eastern Standard Time : Information : Creating service Microsoft.VisualStudio.ProjectSystem.Server.ProjectInitializationStatusServiceFactory from factory with FactoryVersion=Version2 and ClientRequestedVersion=0.1.
11/26/2024 11:56:18 Eastern Standard Time : Information : Creating service Microsoft.VisualStudio.ProjectSystem.Server.LaunchConfigurationServiceFactory from factory with FactoryVersion=Version2 and ClientRequestedVersion=.
11/26/2024 11:56:18 Eastern Standard Time : Information : Setting up RPC connection for service 'Microsoft.VisualStudio.ProjectSystem.Server.ProjectInitializationStatusServiceFactory' from factory
11/26/2024 11:56:18 Eastern Standard Time : Information : Setting up RPC connection for service 'Microsoft.VisualStudio.ProjectSystem.Server.ProjectTreeProviderFactory' from factory
11/26/2024 11:56:18 Eastern Standard Time : Information : Setting up RPC connection for service 'Microsoft.VisualStudio.ProjectSystem.Server.LaunchConfigurationServiceFactory' from factory
11/26/2024 11:56:18 Eastern Standard Time : Information : hubHostClr read: Content-Length: 1038

{"jsonrpc":"2.0","id":6,"method":"StartServiceAsync","params":[{"name":"Microsoft.VisualStudio.ProjectSystem.CompositionService","host":"dotnet.projectSystem","hostId":"C94B8CFE-E3FD-4BAF-A941-2866DBB566FE","serviceBaseDirectory":"/Users/coycrowder/.vscode/extensions/ms-dotnettools.csdevkit-1.13.9-darwin-x64/components/CPS/platforms/darwin-x64/node_modules/@microsoft/visualstudio-projectsystem-server.darwin-x64","entryPoint":{"assemblyPath":"/Users/coycrowder/.vscode/extensions/ms-dotnettools.csdevkit-1.13.9-darwin-x64/components/CPS/platforms/darwin-x64/node_modules/@microsoft/visualstudio-projectsystem-server.darwin-x64/Microsoft.VisualStudio.ProjectSystem.Server.Implementation.dll","fullClassName":"Microsoft.VisualStudio.ProjectSystem.Server.CompositionServiceFactory"}},{"ActivationArguments":{"__servicehub__ServiceHubRemoteServiceBrokerPipeName":"/Users/coycrowder/.ServiceHub/7b4a5a074b/0bca4b32d0","__servicehub__RequestedServiceVersion":"0.1"},"ClientCredentials":{},"ClientCulture":"en-US","ClientUICulture":"en-US"}]}
11/26/2024 11:56:18 Eastern Standard Time : Information : CLR host received start request for service 'Microsoft.VisualStudio.ProjectSystem.CompositionService'
11/26/2024 11:56:18 Eastern Standard Time : Information : Loading service module assembly '/Users/coycrowder/.vscode/extensions/ms-dotnettools.csdevkit-1.13.9-darwin-x64/components/CPS/platforms/darwin-x64/node_modules/@microsoft/visualstudio-projectsystem-server.darwin-x64/Microsoft.VisualStudio.ProjectSystem.Server.Implementation.dll' from '/Users/coycrowder/.vscode/extensions/ms-dotnettools.csdevkit-1.13.9-darwin-x64/components/CPS/platforms/darwin-x64/node_modules/@microsoft/visualstudio-projectsystem-server.darwin-x64'
11/26/2024 11:56:18 Eastern Standard Time : Information : Starting service module 'Microsoft.VisualStudio.ProjectSystem.CompositionService'. Class: Microsoft.VisualStudio.ProjectSystem.Server.CompositionServiceFactory, Supported Version: 
11/26/2024 11:56:18 Eastern Standard Time : Information : Started service 'Microsoft.VisualStudio.ProjectSystem.CompositionService'. Pipe name: /Users/coycrowder/.ServiceHub/7b4a5a074b/4e9dcc455b, Supported Version: 
11/26/2024 11:56:18 Eastern Standard Time : Information : hubHostClr write: Content-Length: 87

{"jsonrpc":"2.0","id":6,"result":"/Users/coycrowder/.ServiceHub/7b4a5a074b/4e9dcc455b"}
11/26/2024 11:56:18 Eastern Standard Time : Information : A new client connected to CLR service module 'Microsoft.VisualStudio.ProjectSystem.CompositionService'
11/26/2024 11:56:18 Eastern Standard Time : Information : Found FactoryVersion=Version2 for service : Microsoft.VisualStudio.ProjectSystem.CompositionService.
11/26/2024 11:56:18 Eastern Standard Time : Information : Service 'Microsoft.VisualStudio.ProjectSystem.Server.CompositionServiceFactory' implements IServiceHubServiceFactory. Creating factory instance and caching it.
11/26/2024 11:56:18 Eastern Standard Time : Information : Creating service Microsoft.VisualStudio.ProjectSystem.Server.CompositionServiceFactory from factory with FactoryVersion=Version2 and ClientRequestedVersion=0.1.
11/26/2024 11:56:18 Eastern Standard Time : Information : Setting up RPC connection for service 'Microsoft.VisualStudio.ProjectSystem.Server.CompositionServiceFactory' from factory
11/26/2024 11:56:19 Eastern Standard Time : Information : hubHostClr read: Content-Length: 1059

{"jsonrpc":"2.0","id":7,"method":"StartServiceAsync","params":[{"name":"Microsoft.VisualStudio.ProjectSystem.Query.Remoting.QueryExecutionService","host":"dotnet.projectSystem","hostId":"C94B8CFE-E3FD-4BAF-A941-2866DBB566FE","serviceBaseDirectory":"/Users/coycrowder/.vscode/extensions/ms-dotnettools.csdevkit-1.13.9-darwin-x64/components/CPS/platforms/darwin-x64/node_modules/@microsoft/visualstudio-projectsystem-server.darwin-x64","entryPoint":{"assemblyPath":"/Users/coycrowder/.vscode/extensions/ms-dotnettools.csdevkit-1.13.9-darwin-x64/components/CPS/platforms/darwin-x64/node_modules/@microsoft/visualstudio-projectsystem-server.darwin-x64/Microsoft.VisualStudio.ProjectSystem.Server.Implementation.dll","fullClassName":"Microsoft.VisualStudio.ProjectSystem.Server.QueryExecutionServiceFactory"}},{"ActivationArguments":{"__servicehub__ServiceHubRemoteServiceBrokerPipeName":"/Users/coycrowder/.ServiceHub/7b4a5a074b/8bbed376de","__servicehub__RequestedServiceVersion":"0.3"},"ClientCredentials":{},"ClientCulture":"en-US","ClientUICulture":"en-US"}]}
11/26/2024 11:56:19 Eastern Standard Time : Information : CLR host received start request for service 'Microsoft.VisualStudio.ProjectSystem.Query.Remoting.QueryExecutionService'
11/26/2024 11:56:19 Eastern Standard Time : Information : Loading service module assembly '/Users/coycrowder/.vscode/extensions/ms-dotnettools.csdevkit-1.13.9-darwin-x64/components/CPS/platforms/darwin-x64/node_modules/@microsoft/visualstudio-projectsystem-server.darwin-x64/Microsoft.VisualStudio.ProjectSystem.Server.Implementation.dll' from '/Users/coycrowder/.vscode/extensions/ms-dotnettools.csdevkit-1.13.9-darwin-x64/components/CPS/platforms/darwin-x64/node_modules/@microsoft/visualstudio-projectsystem-server.darwin-x64'
11/26/2024 11:56:19 Eastern Standard Time : Information : Starting service module 'Microsoft.VisualStudio.ProjectSystem.Query.Remoting.QueryExecutionService'. Class: Microsoft.VisualStudio.ProjectSystem.Server.QueryExecutionServiceFactory, Supported Version: 
11/26/2024 11:56:19 Eastern Standard Time : Information : Started service 'Microsoft.VisualStudio.ProjectSystem.Query.Remoting.QueryExecutionService'. Pipe name: /Users/coycrowder/.ServiceHub/7b4a5a074b/10375a9ab6, Supported Version: 
11/26/2024 11:56:19 Eastern Standard Time : Information : hubHostClr write: Content-Length: 87

{"jsonrpc":"2.0","id":7,"result":"/Users/coycrowder/.ServiceHub/7b4a5a074b/10375a9ab6"}
11/26/2024 11:56:19 Eastern Standard Time : Information : A new client connected to CLR service module 'Microsoft.VisualStudio.ProjectSystem.Query.Remoting.QueryExecutionService'
11/26/2024 11:56:19 Eastern Standard Time : Information : Found FactoryVersion=Version2 for service : Microsoft.VisualStudio.ProjectSystem.Query.Remoting.QueryExecutionService.
11/26/2024 11:56:19 Eastern Standard Time : Information : Service 'Microsoft.VisualStudio.ProjectSystem.Server.QueryExecutionServiceFactory' implements IServiceHubServiceFactory. Creating factory instance and caching it.
11/26/2024 11:56:19 Eastern Standard Time : Information : Creating service Microsoft.VisualStudio.ProjectSystem.Server.QueryExecutionServiceFactory from factory with FactoryVersion=Version2 and ClientRequestedVersion=0.3.
11/26/2024 11:56:19 Eastern Standard Time : Information : Setting up RPC connection for service 'Microsoft.VisualStudio.ProjectSystem.Server.QueryExecutionServiceFactory' from factory
11/26/2024 11:56:19 Eastern Standard Time : Information : Completed RPC connection setup for service 'Microsoft.VisualStudio.ProjectSystem.Server.CompositionServiceFactory' from factory
11/26/2024 11:56:19 Eastern Standard Time : Information : Completed RPC connection setup for service 'Microsoft.VisualStudio.ProjectSystem.Server.LaunchConfigurationServiceFactory' from factory
11/26/2024 11:56:19 Eastern Standard Time : Information : Completed RPC connection setup for service 'Microsoft.VisualStudio.ProjectSystem.Server.QueryExecutionServiceFactory' from factory
11/26/2024 11:56:19 Eastern Standard Time : Information : Completed RPC connection setup for service 'Microsoft.VisualStudio.ProjectSystem.Server.ProjectTreeProviderFactory' from factory
11/26/2024 11:56:19 Eastern Standard Time : Information : Completed RPC connection setup for service 'Microsoft.VisualStudio.ProjectSystem.Server.ProjectInitializationStatusServiceFactory' from factory
11/26/2024 11:56:19 Eastern Standard Time : Information : Checking if 'Microsoft.VisualStudio.ProjectSystem.Server.CompositionServiceFactory' implements Microsoft.VisualStudio.Threading.IAsyncDisposable.
11/26/2024 11:56:19 Eastern Standard Time : Information : Checking if 'Microsoft.VisualStudio.ProjectSystem.Server.CompositionServiceFactory' implements System.IAsyncDisposable.
11/26/2024 11:56:19 Eastern Standard Time : Information : Checking if 'Microsoft.VisualStudio.ProjectSystem.Server.CompositionServiceFactory' implements System.IDisposable.
11/26/2024 11:56:19 Eastern Standard Time : Information : hubHostClr read: Content-Length: 1039

{"jsonrpc":"2.0","id":8,"method":"StartServiceAsync","params":[{"name":"Microsoft.VisualStudio.CpsProjectIconSourceService","host":"dotnet.projectSystem","hostId":"C94B8CFE-E3FD-4BAF-A941-2866DBB566FE","serviceBaseDirectory":"/Users/coycrowder/.vscode/extensions/ms-dotnettools.csdevkit-1.13.9-darwin-x64/components/CPS/platforms/darwin-x64/node_modules/@microsoft/visualstudio-projectsystem-server.darwin-x64","entryPoint":{"assemblyPath":"/Users/coycrowder/.vscode/extensions/ms-dotnettools.csdevkit-1.13.9-darwin-x64/components/CPS/platforms/darwin-x64/node_modules/@microsoft/visualstudio-projectsystem-server.darwin-x64/Microsoft.VisualStudio.ProjectSystem.Server.Implementation.dll","fullClassName":"Microsoft.VisualStudio.ProjectSystem.Server.ProjectIconSourceServiceFactory"}},{"ActivationArguments":{"__servicehub__ServiceHubRemoteServiceBrokerPipeName":"/Users/coycrowder/.ServiceHub/7b4a5a074b/3a183ef26c","__servicehub__RequestedServiceVersion":"0.1"},"ClientCredentials":{},"ClientCulture":"en-US","ClientUICulture":"en-US"}]}
11/26/2024 11:56:19 Eastern Standard Time : Information : CLR host received start request for service 'Microsoft.VisualStudio.CpsProjectIconSourceService'
11/26/2024 11:56:19 Eastern Standard Time : Information : Loading service module assembly '/Users/coycrowder/.vscode/extensions/ms-dotnettools.csdevkit-1.13.9-darwin-x64/components/CPS/platforms/darwin-x64/node_modules/@microsoft/visualstudio-projectsystem-server.darwin-x64/Microsoft.VisualStudio.ProjectSystem.Server.Implementation.dll' from '/Users/coycrowder/.vscode/extensions/ms-dotnettools.csdevkit-1.13.9-darwin-x64/components/CPS/platforms/darwin-x64/node_modules/@microsoft/visualstudio-projectsystem-server.darwin-x64'
11/26/2024 11:56:19 Eastern Standard Time : Information : Starting service module 'Microsoft.VisualStudio.CpsProjectIconSourceService'. Class: Microsoft.VisualStudio.ProjectSystem.Server.ProjectIconSourceServiceFactory, Supported Version: 
11/26/2024 11:56:19 Eastern Standard Time : Information : Started service 'Microsoft.VisualStudio.CpsProjectIconSourceService'. Pipe name: /Users/coycrowder/.ServiceHub/7b4a5a074b/2076f2e010, Supported Version: 
11/26/2024 11:56:19 Eastern Standard Time : Information : hubHostClr write: Content-Length: 87

{"jsonrpc":"2.0","id":8,"result":"/Users/coycrowder/.ServiceHub/7b4a5a074b/2076f2e010"}
11/26/2024 11:56:19 Eastern Standard Time : Information : A new client connected to CLR service module 'Microsoft.VisualStudio.CpsProjectIconSourceService'
11/26/2024 11:56:19 Eastern Standard Time : Information : Found FactoryVersion=Version2 for service : Microsoft.VisualStudio.CpsProjectIconSourceService.
11/26/2024 11:56:19 Eastern Standard Time : Information : Service 'Microsoft.VisualStudio.ProjectSystem.Server.ProjectIconSourceServiceFactory' implements IServiceHubServiceFactory. Creating factory instance and caching it.
11/26/2024 11:56:19 Eastern Standard Time : Information : Creating service Microsoft.VisualStudio.ProjectSystem.Server.ProjectIconSourceServiceFactory from factory with FactoryVersion=Version2 and ClientRequestedVersion=0.1.
11/26/2024 11:56:19 Eastern Standard Time : Information : Setting up RPC connection for service 'Microsoft.VisualStudio.ProjectSystem.Server.ProjectIconSourceServiceFactory' from factory
11/26/2024 11:56:19 Eastern Standard Time : Information : Completed RPC connection setup for service 'Microsoft.VisualStudio.ProjectSystem.Server.ProjectIconSourceServiceFactory' from factory
11/26/2024 11:56:22 Eastern Standard Time : Information : hubHostClr read: Content-Length: 1070

{"jsonrpc":"2.0","id":9,"method":"StartServiceAsync","params":[{"name":"Microsoft.VisualStudio.ProjectSystem.ProjectInitializationStatusService","host":"dotnet.projectSystem","hostId":"C94B8CFE-E3FD-4BAF-A941-2866DBB566FE","serviceBaseDirectory":"/Users/coycrowder/.vscode/extensions/ms-dotnettools.csdevkit-1.13.9-darwin-x64/components/CPS/platforms/darwin-x64/node_modules/@microsoft/visualstudio-projectsystem-server.darwin-x64","entryPoint":{"assemblyPath":"/Users/coycrowder/.vscode/extensions/ms-dotnettools.csdevkit-1.13.9-darwin-x64/components/CPS/platforms/darwin-x64/node_modules/@microsoft/visualstudio-projectsystem-server.darwin-x64/Microsoft.VisualStudio.ProjectSystem.Server.Implementation.dll","fullClassName":"Microsoft.VisualStudio.ProjectSystem.Server.ProjectInitializationStatusServiceFactory"}},{"ActivationArguments":{"__servicehub__ServiceHubRemoteServiceBrokerPipeName":"/Users/coycrowder/.ServiceHub/7b4a5a074b/34fd83e198","__servicehub__RequestedServiceVersion":"0.1"},"ClientCredentials":{},"ClientCulture":"en-US","ClientUICulture":"en-US"}]}
11/26/2024 11:56:22 Eastern Standard Time : Information : CLR host received start request for service 'Microsoft.VisualStudio.ProjectSystem.ProjectInitializationStatusService'
11/26/2024 11:56:22 Eastern Standard Time : Information : Loading service module assembly '/Users/coycrowder/.vscode/extensions/ms-dotnettools.csdevkit-1.13.9-darwin-x64/components/CPS/platforms/darwin-x64/node_modules/@microsoft/visualstudio-projectsystem-server.darwin-x64/Microsoft.VisualStudio.ProjectSystem.Server.Implementation.dll' from '/Users/coycrowder/.vscode/extensions/ms-dotnettools.csdevkit-1.13.9-darwin-x64/components/CPS/platforms/darwin-x64/node_modules/@microsoft/visualstudio-projectsystem-server.darwin-x64'
11/26/2024 11:56:22 Eastern Standard Time : Information : Starting service module 'Microsoft.VisualStudio.ProjectSystem.ProjectInitializationStatusService'. Class: Microsoft.VisualStudio.ProjectSystem.Server.ProjectInitializationStatusServiceFactory, Supported Version: 
11/26/2024 11:56:22 Eastern Standard Time : Information : Started service 'Microsoft.VisualStudio.ProjectSystem.ProjectInitializationStatusService'. Pipe name: /Users/coycrowder/.ServiceHub/7b4a5a074b/b3eb772e6a, Supported Version: 
11/26/2024 11:56:22 Eastern Standard Time : Information : hubHostClr write: Content-Length: 87

{"jsonrpc":"2.0","id":9,"result":"/Users/coycrowder/.ServiceHub/7b4a5a074b/b3eb772e6a"}
11/26/2024 11:56:22 Eastern Standard Time : Information : A new client connected to CLR service module 'Microsoft.VisualStudio.ProjectSystem.ProjectInitializationStatusService'
11/26/2024 11:56:22 Eastern Standard Time : Information : Found IServiceHubServiceFactory in cache. Creating instance from the factory.
11/26/2024 11:56:22 Eastern Standard Time : Information : Creating service Microsoft.VisualStudio.ProjectSystem.Server.ProjectInitializationStatusServiceFactory from factory with FactoryVersion=Version2 and ClientRequestedVersion=0.1.
11/26/2024 11:56:22 Eastern Standard Time : Information : Setting up RPC connection for service 'Microsoft.VisualStudio.ProjectSystem.Server.ProjectInitializationStatusServiceFactory' from factory
11/26/2024 11:56:22 Eastern Standard Time : Information : Completed RPC connection setup for service 'Microsoft.VisualStudio.ProjectSystem.Server.ProjectInitializationStatusServiceFactory' from factory
11/26/2024 11:56:25 Eastern Standard Time : Information : hubHostClr read: Content-Length: 1060

{"jsonrpc":"2.0","id":10,"method":"StartServiceAsync","params":[{"name":"Microsoft.VisualStudio.ProjectSystem.Query.Remoting.QueryExecutionService","host":"dotnet.projectSystem","hostId":"C94B8CFE-E3FD-4BAF-A941-2866DBB566FE","serviceBaseDirectory":"/Users/coycrowder/.vscode/extensions/ms-dotnettools.csdevkit-1.13.9-darwin-x64/components/CPS/platforms/darwin-x64/node_modules/@microsoft/visualstudio-projectsystem-server.darwin-x64","entryPoint":{"assemblyPath":"/Users/coycrowder/.vscode/extensions/ms-dotnettools.csdevkit-1.13.9-darwin-x64/components/CPS/platforms/darwin-x64/node_modules/@microsoft/visualstudio-projectsystem-server.darwin-x64/Microsoft.VisualStudio.ProjectSystem.Server.Implementation.dll","fullClassName":"Microsoft.VisualStudio.ProjectSystem.Server.QueryExecutionServiceFactory"}},{"ActivationArguments":{"__servicehub__ServiceHubRemoteServiceBrokerPipeName":"/Users/coycrowder/.ServiceHub/7b4a5a074b/c398d5c192","__servicehub__RequestedServiceVersion":"0.3"},"ClientCredentials":{},"ClientCulture":"en-US","ClientUICulture":"en-US"}]}
11/26/2024 11:56:25 Eastern Standard Time : Information : CLR host received start request for service 'Microsoft.VisualStudio.ProjectSystem.Query.Remoting.QueryExecutionService'
11/26/2024 11:56:25 Eastern Standard Time : Information : Loading service module assembly '/Users/coycrowder/.vscode/extensions/ms-dotnettools.csdevkit-1.13.9-darwin-x64/components/CPS/platforms/darwin-x64/node_modules/@microsoft/visualstudio-projectsystem-server.darwin-x64/Microsoft.VisualStudio.ProjectSystem.Server.Implementation.dll' from '/Users/coycrowder/.vscode/extensions/ms-dotnettools.csdevkit-1.13.9-darwin-x64/components/CPS/platforms/darwin-x64/node_modules/@microsoft/visualstudio-projectsystem-server.darwin-x64'
11/26/2024 11:56:25 Eastern Standard Time : Information : Starting service module 'Microsoft.VisualStudio.ProjectSystem.Query.Remoting.QueryExecutionService'. Class: Microsoft.VisualStudio.ProjectSystem.Server.QueryExecutionServiceFactory, Supported Version: 
11/26/2024 11:56:25 Eastern Standard Time : Information : Started service 'Microsoft.VisualStudio.ProjectSystem.Query.Remoting.QueryExecutionService'. Pipe name: /Users/coycrowder/.ServiceHub/7b4a5a074b/d5df4885d3, Supported Version: 
11/26/2024 11:56:25 Eastern Standard Time : Information : hubHostClr write: Content-Length: 88

{"jsonrpc":"2.0","id":10,"result":"/Users/coycrowder/.ServiceHub/7b4a5a074b/d5df4885d3"}
11/26/2024 11:56:25 Eastern Standard Time : Information : A new client connected to CLR service module 'Microsoft.VisualStudio.ProjectSystem.Query.Remoting.QueryExecutionService'
11/26/2024 11:56:25 Eastern Standard Time : Information : Found IServiceHubServiceFactory in cache. Creating instance from the factory.
11/26/2024 11:56:25 Eastern Standard Time : Information : Creating service Microsoft.VisualStudio.ProjectSystem.Server.QueryExecutionServiceFactory from factory with FactoryVersion=Version2 and ClientRequestedVersion=0.3.
11/26/2024 11:56:25 Eastern Standard Time : Information : Setting up RPC connection for service 'Microsoft.VisualStudio.ProjectSystem.Server.QueryExecutionServiceFactory' from factory
11/26/2024 11:56:25 Eastern Standard Time : Information : Completed RPC connection setup for service 'Microsoft.VisualStudio.ProjectSystem.Server.QueryExecutionServiceFactory' from factory
11/26/2024 13:05:16 Eastern Standard Time : Information : Checking if 'Microsoft.VisualStudio.ProjectSystem.Server.ProjectTreeProviderFactory' implements Microsoft.VisualStudio.Threading.IAsyncDisposable.
11/26/2024 13:05:16 Eastern Standard Time : Information : Checking if 'Microsoft.VisualStudio.ProjectSystem.Server.ProjectTreeProviderFactory' implements System.IAsyncDisposable.
11/26/2024 13:05:16 Eastern Standard Time : Information : Checking if 'Microsoft.VisualStudio.ProjectSystem.Server.ProjectTreeProviderFactory' implements System.IDisposable.
11/26/2024 13:05:16 Eastern Standard Time : Information : Checking if 'Microsoft.VisualStudio.ProjectSystem.Server.LaunchConfigurationServiceFactory' implements Microsoft.VisualStudio.Threading.IAsyncDisposable.
11/26/2024 13:05:16 Eastern Standard Time : Information : Checking if 'Microsoft.VisualStudio.ProjectSystem.Server.LaunchConfigurationServiceFactory' implements System.IAsyncDisposable.
11/26/2024 13:05:16 Eastern Standard Time : Information : Checking if 'Microsoft.VisualStudio.ProjectSystem.Server.LaunchConfigurationServiceFactory' implements System.IDisposable.
11/26/2024 13:05:16 Eastern Standard Time : Information : Checking if 'Microsoft.VisualStudio.ProjectSystem.Server.ProjectInitializationStatusServiceFactory' implements Microsoft.VisualStudio.Threading.IAsyncDisposable.
11/26/2024 13:05:16 Eastern Standard Time : Information : Checking if 'Microsoft.VisualStudio.ProjectSystem.Server.ProjectInitializationStatusServiceFactory' implements System.IAsyncDisposable.
11/26/2024 13:05:16 Eastern Standard Time : Information : Checking if 'Microsoft.VisualStudio.ProjectSystem.Server.ProjectInitializationStatusServiceFactory' implements System.IDisposable.
11/26/2024 13:05:16 Eastern Standard Time : Information : hubHostClr read: Content-Length: 58

{"jsonrpc":"2.0","id":11,"method":"ExitAsync","params":[]}
11/26/2024 13:05:16 Eastern Standard Time : Information : Exit command received. Exiting CLR host
11/26/2024 13:05:16 Eastern Standard Time : Information : hubHostClr write: Content-Length: 39

{"jsonrpc":"2.0","id":11,"result":null}
11/26/2024 13:05:16 Eastern Standard Time : Information : hubHostClr JSON RPC has been disposed
11/26/2024 13:05:16 Eastern Standard Time : Information : Checking if 'Microsoft.VisualStudio.ProjectSystem.Server.QueryExecutionServiceFactory' implements Microsoft.VisualStudio.Threading.IAsyncDisposable.
11/26/2024 13:05:16 Eastern Standard Time : Information : Checking if 'Microsoft.VisualStudio.ProjectSystem.Server.QueryExecutionServiceFactory' implements System.IAsyncDisposable.
11/26/2024 13:05:16 Eastern Standard Time : Information : Checking if 'Microsoft.VisualStudio.ProjectSystem.Server.QueryExecutionServiceFactory' implements System.IDisposable.
11/26/2024 13:05:16 Eastern Standard Time : Information : Checking if 'Microsoft.VisualStudio.ProjectSystem.Server.ProjectIconSourceServiceFactory' implements Microsoft.VisualStudio.Threading.IAsyncDisposable.
11/26/2024 13:05:16 Eastern Standard Time : Information : Checking if 'Microsoft.VisualStudio.ProjectSystem.Server.ProjectIconSourceServiceFactory' implements System.IAsyncDisposable.
11/26/2024 13:05:16 Eastern Standard Time : Information : Checking if 'Microsoft.VisualStudio.ProjectSystem.Server.ProjectIconSourceServiceFactory' implements System.IDisposable.
11/26/2024 13:05:16 Eastern Standard Time : Information : hubHostClr read: end of stream
