11/27/2024 15:26:21 Eastern Standard Time : Information : Local timezone is (UTC-05:00) Eastern Time (New York)
11/27/2024 15:26:21 Eastern Standard Time : Information : Added local RPC method "getPipe" -> Microsoft.VisualStudio.Utilities.ServiceBroker.GlobalBrokeredServiceContainer+View.GetPipeAsync(ServiceMoniker, ServiceActivationOptions, CancellationToken) (Microsoft.VisualStudio.Utilities.ServiceBroker.GlobalBrokeredServiceContainer+View)
11/27/2024 15:26:21 Eastern Standard Time : Information : Added local RPC method "getProxy" -> Microsoft.VisualStudio.Utilities.ServiceBroker.GlobalBrokeredServiceContainer+View.GetProxyAsync(ServiceRpcDescriptor, ServiceActivationOptions, CancellationToken) (Microsoft.VisualStudio.Utilities.ServiceBroker.GlobalBrokeredServiceContainer+View)
11/27/2024 15:26:21 Eastern Standard Time : Information : Added local RPC method "handshake" -> Microsoft.VisualStudio.Utilities.ServiceBroker.GlobalBrokeredServiceContainer+View.HandshakeAsync(ServiceBrokerClientMetadata, CancellationToken) (Microsoft.VisualStudio.Utilities.ServiceBroker.GlobalBrokeredServiceContainer+View)
11/27/2024 15:26:21 Eastern Standard Time : Information : Added local RPC method "requestServiceChannel" -> Microsoft.VisualStudio.Utilities.ServiceBroker.GlobalBrokeredServiceContainer+View.RequestServiceChannelAsync(ServiceMoniker, ServiceActivationOptions, CancellationToken) (Microsoft.VisualStudio.Utilities.ServiceBroker.GlobalBrokeredServiceContainer+View)
11/27/2024 15:26:21 Eastern Standard Time : Information : Added local RPC method "cancelServiceRequest" -> Microsoft.VisualStudio.Utilities.ServiceBroker.GlobalBrokeredServiceContainer+View.CancelServiceRequestAsync(Guid) (Microsoft.VisualStudio.Utilities.ServiceBroker.GlobalBrokeredServiceContainer+View)
11/27/2024 15:26:21 Eastern Standard Time : Information : Added local RPC method "getPipe" -> Microsoft.VisualStudio.Utilities.ServiceBroker.GlobalBrokeredServiceContainer+View.GetPipeAsync(ServiceMoniker, ServiceActivationOptions, CancellationToken) (Microsoft.VisualStudio.Utilities.ServiceBroker.GlobalBrokeredServiceContainer+View)
11/27/2024 15:26:21 Eastern Standard Time : Information : Added local RPC method "getProxy" -> Microsoft.VisualStudio.Utilities.ServiceBroker.GlobalBrokeredServiceContainer+View.GetProxyAsync(ServiceRpcDescriptor, ServiceActivationOptions, CancellationToken) (Microsoft.VisualStudio.Utilities.ServiceBroker.GlobalBrokeredServiceContainer+View)
11/27/2024 15:26:21 Eastern Standard Time : Information : Added local RPC method "handshake" -> Microsoft.VisualStudio.Utilities.ServiceBroker.GlobalBrokeredServiceContainer+View.HandshakeAsync(ServiceBrokerClientMetadata, CancellationToken) (Microsoft.VisualStudio.Utilities.ServiceBroker.GlobalBrokeredServiceContainer+View)
11/27/2024 15:26:21 Eastern Standard Time : Information : Added local RPC method "requestServiceChannel" -> Microsoft.VisualStudio.Utilities.ServiceBroker.GlobalBrokeredServiceContainer+View.RequestServiceChannelAsync(ServiceMoniker, ServiceActivationOptions, CancellationToken) (Microsoft.VisualStudio.Utilities.ServiceBroker.GlobalBrokeredServiceContainer+View)
11/27/2024 15:26:21 Eastern Standard Time : Information : Added local RPC method "cancelServiceRequest" -> Microsoft.VisualStudio.Utilities.ServiceBroker.GlobalBrokeredServiceContainer+View.CancelServiceRequestAsync(Guid) (Microsoft.VisualStudio.Utilities.ServiceBroker.GlobalBrokeredServiceContainer+View)
11/27/2024 15:26:21 Eastern Standard Time: Information : 2 :Listening for events from Microsoft.VisualStudio.Utilities.ServiceBroker.GlobalBrokeredServiceContainer+View.AvailabilityChanged to raise notification.
11/27/2024 15:26:21 Eastern Standard Time: Information : 3 :Listening started.
11/27/2024 15:26:21 Eastern Standard Time: Information : 7 :{"id":2,"method":"handshake"}
11/27/2024 15:26:21 Eastern Standard Time: Information : 6 :Received request "2" for method "handshake".
11/27/2024 15:26:21 Eastern Standard Time: Information : 9 :Invoking Microsoft.VisualStudio.Utilities.ServiceBroker.GlobalBrokeredServiceContainer+View.HandshakeAsync(ServiceBrokerClientMetadata, CancellationToken)
11/27/2024 15:26:21 Eastern Standard Time : Start : handshake
11/27/2024 15:26:21 Eastern Standard Time : Stop : handshake
11/27/2024 15:26:21 Eastern Standard Time: Information : 8 :{"id":2}
11/27/2024 15:26:21 Eastern Standard Time: Information : 7 :{"id":3,"method":"requestServiceChannel"}
11/27/2024 15:26:21 Eastern Standard Time: Information : 6 :Received request "3" for method "requestServiceChannel".
11/27/2024 15:26:21 Eastern Standard Time: Information : 9 :Invoking Microsoft.VisualStudio.Utilities.ServiceBroker.GlobalBrokeredServiceContainer+View.RequestServiceChannelAsync(ServiceMoniker, ServiceActivationOptions, CancellationToken)
11/27/2024 15:26:21 Eastern Standard Time : Start : requestServiceChannel
11/27/2024 15:26:21 Eastern Standard Time : Stop : requestServiceChannel
11/27/2024 15:26:21 Eastern Standard Time: Information : 8 :{"id":3}
11/27/2024 15:26:21 Eastern Standard Time: Information : 7 :{"id":4,"method":"requestServiceChannel"}
11/27/2024 15:26:21 Eastern Standard Time: Information : 6 :Received request "4" for method "requestServiceChannel".
11/27/2024 15:26:21 Eastern Standard Time: Information : 9 :Invoking Microsoft.VisualStudio.Utilities.ServiceBroker.GlobalBrokeredServiceContainer+View.RequestServiceChannelAsync(ServiceMoniker, ServiceActivationOptions, CancellationToken)
11/27/2024 15:26:21 Eastern Standard Time : Transfer : Transfer, relatedActivityId=386b1df9-1ea9-47dd-af0b-6e7a5dff93e5
11/27/2024 15:26:21 Eastern Standard Time : Start : requestServiceChannel
11/27/2024 15:26:21 Eastern Standard Time : Stop : requestServiceChannel
11/27/2024 15:26:21 Eastern Standard Time : Transfer : Transfer, relatedActivityId=c56a3609-4c88-4ea3-bf58-65f79ec1b42a
11/27/2024 15:26:21 Eastern Standard Time: Information : 8 :{"id":4}
11/27/2024 15:26:21 Eastern Standard Time: Information : 7 :{"id":5,"method":"requestServiceChannel"}
11/27/2024 15:26:21 Eastern Standard Time: Information : 6 :Received request "5" for method "requestServiceChannel".
11/27/2024 15:26:21 Eastern Standard Time: Information : 9 :Invoking Microsoft.VisualStudio.Utilities.ServiceBroker.GlobalBrokeredServiceContainer+View.RequestServiceChannelAsync(ServiceMoniker, ServiceActivationOptions, CancellationToken)
11/27/2024 15:26:21 Eastern Standard Time : Transfer : Transfer, relatedActivityId=b0f72c60-af31-46e6-8770-83ae8b0f6eae
11/27/2024 15:26:21 Eastern Standard Time : Start : requestServiceChannel
11/27/2024 15:26:21 Eastern Standard Time : Stop : requestServiceChannel
11/27/2024 15:26:21 Eastern Standard Time : Transfer : Transfer, relatedActivityId=c56a3609-4c88-4ea3-bf58-65f79ec1b42a
11/27/2024 15:26:21 Eastern Standard Time: Information : 8 :{"id":5}
