11/27/2024 15:27:47 Eastern Standard Time : Information : Local timezone is (UTC-05:00) Eastern Time (New York)
11/27/2024 15:27:47 Eastern Standard Time : Information : Added local RPC method "getPipe" -> Microsoft.VisualStudio.Utilities.ServiceBroker.GlobalBrokeredServiceContainer+View.GetPipeAsync(ServiceMoniker, ServiceActivationOptions, CancellationToken) (Microsoft.VisualStudio.Utilities.ServiceBroker.GlobalBrokeredServiceContainer+View)
11/27/2024 15:27:47 Eastern Standard Time : Information : Added local RPC method "getProxy" -> Microsoft.VisualStudio.Utilities.ServiceBroker.GlobalBrokeredServiceContainer+View.GetProxyAsync(ServiceRpcDescriptor, ServiceActivationOptions, CancellationToken) (Microsoft.VisualStudio.Utilities.ServiceBroker.GlobalBrokeredServiceContainer+View)
11/27/2024 15:27:47 Eastern Standard Time : Information : Added local RPC method "handshake" -> Microsoft.VisualStudio.Utilities.ServiceBroker.GlobalBrokeredServiceContainer+View.HandshakeAsync(ServiceBrokerClientMetadata, CancellationToken) (Microsoft.VisualStudio.Utilities.ServiceBroker.GlobalBrokeredServiceContainer+View)
11/27/2024 15:27:47 Eastern Standard Time : Information : Added local RPC method "requestServiceChannel" -> Microsoft.VisualStudio.Utilities.ServiceBroker.GlobalBrokeredServiceContainer+View.RequestServiceChannelAsync(ServiceMoniker, ServiceActivationOptions, CancellationToken) (Microsoft.VisualStudio.Utilities.ServiceBroker.GlobalBrokeredServiceContainer+View)
11/27/2024 15:27:47 Eastern Standard Time : Information : Added local RPC method "cancelServiceRequest" -> Microsoft.VisualStudio.Utilities.ServiceBroker.GlobalBrokeredServiceContainer+View.CancelServiceRequestAsync(Guid) (Microsoft.VisualStudio.Utilities.ServiceBroker.GlobalBrokeredServiceContainer+View)
11/27/2024 15:27:47 Eastern Standard Time : Information : Added local RPC method "getPipe" -> Microsoft.VisualStudio.Utilities.ServiceBroker.GlobalBrokeredServiceContainer+View.GetPipeAsync(ServiceMoniker, ServiceActivationOptions, CancellationToken) (Microsoft.VisualStudio.Utilities.ServiceBroker.GlobalBrokeredServiceContainer+View)
11/27/2024 15:27:47 Eastern Standard Time : Information : Added local RPC method "getProxy" -> Microsoft.VisualStudio.Utilities.ServiceBroker.GlobalBrokeredServiceContainer+View.GetProxyAsync(ServiceRpcDescriptor, ServiceActivationOptions, CancellationToken) (Microsoft.VisualStudio.Utilities.ServiceBroker.GlobalBrokeredServiceContainer+View)
11/27/2024 15:27:47 Eastern Standard Time : Information : Added local RPC method "handshake" -> Microsoft.VisualStudio.Utilities.ServiceBroker.GlobalBrokeredServiceContainer+View.HandshakeAsync(ServiceBrokerClientMetadata, CancellationToken) (Microsoft.VisualStudio.Utilities.ServiceBroker.GlobalBrokeredServiceContainer+View)
11/27/2024 15:27:47 Eastern Standard Time : Information : Added local RPC method "requestServiceChannel" -> Microsoft.VisualStudio.Utilities.ServiceBroker.GlobalBrokeredServiceContainer+View.RequestServiceChannelAsync(ServiceMoniker, ServiceActivationOptions, CancellationToken) (Microsoft.VisualStudio.Utilities.ServiceBroker.GlobalBrokeredServiceContainer+View)
11/27/2024 15:27:47 Eastern Standard Time : Information : Added local RPC method "cancelServiceRequest" -> Microsoft.VisualStudio.Utilities.ServiceBroker.GlobalBrokeredServiceContainer+View.CancelServiceRequestAsync(Guid) (Microsoft.VisualStudio.Utilities.ServiceBroker.GlobalBrokeredServiceContainer+View)
11/27/2024 15:27:47 Eastern Standard Time: Information : 2 :Listening for events from Microsoft.VisualStudio.Utilities.ServiceBroker.GlobalBrokeredServiceContainer+View.AvailabilityChanged to raise notification.
11/27/2024 15:27:47 Eastern Standard Time: Information : 3 :Listening started.
11/27/2024 15:27:47 Eastern Standard Time: Information : 7 :{"id":2,"method":"handshake"}
11/27/2024 15:27:47 Eastern Standard Time: Information : 6 :Received request "2" for method "handshake".
11/27/2024 15:27:47 Eastern Standard Time: Information : 9 :Invoking Microsoft.VisualStudio.Utilities.ServiceBroker.GlobalBrokeredServiceContainer+View.HandshakeAsync(ServiceBrokerClientMetadata, CancellationToken)
11/27/2024 15:27:47 Eastern Standard Time : Start : handshake
11/27/2024 15:27:47 Eastern Standard Time : Stop : handshake
11/27/2024 15:27:47 Eastern Standard Time: Information : 8 :{"id":2}
11/27/2024 15:27:47 Eastern Standard Time: Information : 7 :{"id":3,"method":"requestServiceChannel"}
11/27/2024 15:27:47 Eastern Standard Time: Information : 6 :Received request "3" for method "requestServiceChannel".
11/27/2024 15:27:47 Eastern Standard Time: Information : 9 :Invoking Microsoft.VisualStudio.Utilities.ServiceBroker.GlobalBrokeredServiceContainer+View.RequestServiceChannelAsync(ServiceMoniker, ServiceActivationOptions, CancellationToken)
11/27/2024 15:27:47 Eastern Standard Time : Start : requestServiceChannel
11/27/2024 15:27:47 Eastern Standard Time : Stop : requestServiceChannel
11/27/2024 15:27:47 Eastern Standard Time: Information : 8 :{"id":3}
11/27/2024 15:27:47 Eastern Standard Time: Information : 7 :{"id":4,"method":"requestServiceChannel"}
11/27/2024 15:27:47 Eastern Standard Time: Information : 6 :Received request "4" for method "requestServiceChannel".
11/27/2024 15:27:47 Eastern Standard Time: Information : 9 :Invoking Microsoft.VisualStudio.Utilities.ServiceBroker.GlobalBrokeredServiceContainer+View.RequestServiceChannelAsync(ServiceMoniker, ServiceActivationOptions, CancellationToken)
11/27/2024 15:27:47 Eastern Standard Time : Transfer : Transfer, relatedActivityId=b70d14be-8a0b-4196-9514-be5037b5f83f
11/27/2024 15:27:47 Eastern Standard Time : Start : requestServiceChannel
11/27/2024 15:27:47 Eastern Standard Time : Stop : requestServiceChannel
11/27/2024 15:27:47 Eastern Standard Time : Transfer : Transfer, relatedActivityId=84809da0-57b1-4f3d-abd1-be2de6dbe894
11/27/2024 15:27:47 Eastern Standard Time: Information : 8 :{"id":4}
11/27/2024 15:27:47 Eastern Standard Time: Information : 7 :{"id":5,"method":"requestServiceChannel"}
11/27/2024 15:27:47 Eastern Standard Time: Information : 6 :Received request "5" for method "requestServiceChannel".
11/27/2024 15:27:47 Eastern Standard Time: Information : 9 :Invoking Microsoft.VisualStudio.Utilities.ServiceBroker.GlobalBrokeredServiceContainer+View.RequestServiceChannelAsync(ServiceMoniker, ServiceActivationOptions, CancellationToken)
11/27/2024 15:27:47 Eastern Standard Time : Transfer : Transfer, relatedActivityId=90f71cce-1540-4b8e-af89-6c0a5f5d4c06
11/27/2024 15:27:47 Eastern Standard Time : Start : requestServiceChannel
11/27/2024 15:27:47 Eastern Standard Time : Stop : requestServiceChannel
11/27/2024 15:27:47 Eastern Standard Time : Transfer : Transfer, relatedActivityId=84809da0-57b1-4f3d-abd1-be2de6dbe894
11/27/2024 15:27:47 Eastern Standard Time: Information : 8 :{"id":5}
