02/18/2025 17:33:25 Central Standard Time : Information : Local timezone is (UTC-06:00) Central Time (Chicago)
02/18/2025 17:33:25 Central Standard Time : Information : Service Hub .NET service module host started. Host id: dotnet$C94B8CFE-E3FD-4BAF-A941-2866DBB566FE. Controller pipe: net.pipe://1159078D9C. PID: 11633
02/18/2025 17:33:25 Central Standard Time : Information : hubHostClr read: Content-Length: 116

{"jsonrpc":"2.0","id":2,"method":"InitializeHostAsync","params":[{"HostsRootDirectory":".","AppConfigFallback":""}]}
02/18/2025 17:33:26 Central Standard Time : Information : hubHostClr write: Content-Length: 79

{"jsonrpc":"2.0","id":2,"result":"dotnet$C94B8CFE-E3FD-4BAF-A941-2866DBB566FE"}
02/18/2025 17:33:26 Central Standard Time : Information : hubHostClr read: Content-Length: 1028

{"jsonrpc":"2.0","id":3,"method":"StartServiceAsync","params":[{"name":"Microsoft.VisualStudio.Debugger.HotReloadSessionNotificationService","host":"dotnet","hostId":"C94B8CFE-E3FD-4BAF-A941-2866DBB566FE","serviceBaseDirectory":"/Users/coycrowder/.vscode/extensions/ms-dotnettools.csdevkit-1.16.6-darwin-x64/components/VSDebugCore/platforms/darwin-x64/node_modules/@microsoft/visualstudio-debugger-devkit.darwin-x64","entryPoint":{"assemblyPath":"/Users/coycrowder/.vscode/extensions/ms-dotnettools.csdevkit-1.16.6-darwin-x64/components/VSDebugCore/platforms/darwin-x64/node_modules/@microsoft/visualstudio-debugger-devkit.darwin-x64/Microsoft.VisualStudio.Debugger.DevKit.dll","fullClassName":"Microsoft.VisualStudio.Debugger.HotReloadSessionNotificationService+Factory"}},{"ActivationArguments":{"__servicehub__ServiceHubRemoteServiceBrokerPipeName":"/Users/coycrowder/.ServiceHub/592d441838/fc371f5bdd","__servicehub__RequestedServiceVersion":"0.1"},"ClientCredentials":{},"ClientCulture":"en-US","ClientUICulture":"en-US"}]}Content-Length: 1047

{"jsonrpc":"2.0","id":4,"method":"StartServiceAsync","params":[{"name":"Microsoft.VisualStudio.TestWindow.VSCode.Service","host":"dotnet","hostId":"C94B8CFE-E3FD-4BAF-A941-2866DBB566FE","serviceBaseDirectory":"/Users/coycrowder/.vscode/extensions/ms-dotnettools.csdevkit-1.16.6-darwin-x64/components/VSUnitTesting/platforms/darwin-x64/node_modules/@microsoft/visualstudio-testwindow-vscode-service.darwin-x64","entryPoint":{"assemblyPath":"/Users/coycrowder/.vscode/extensions/ms-dotnettools.csdevkit-1.16.6-darwin-x64/components/VSUnitTesting/platforms/darwin-x64/node_modules/@microsoft/visualstudio-testwindow-vscode-service.darwin-x64/Microsoft.VisualStudio.TestWindow.VSCode.Service.dll","fullClassName":"Microsoft.VisualStudio.TestWindow.VSCode.Service.TestWindowVSCodeServiceFactory"}},{"ActivationArguments":{"__servicehub__ServiceHubRemoteServiceBrokerPipeName":"/Users/coycrowder/.ServiceHub/592d441838/f24c319533","__servicehub__RequestedServiceVersion":"0.1"},"ClientCredentials":{},"ClientCulture":"en-US","ClientUICulture":"en-US"}]}
02/18/2025 17:33:26 Central Standard Time : Information : CLR host received start request for service 'Microsoft.VisualStudio.Debugger.HotReloadSessionNotificationService'
02/18/2025 17:33:26 Central Standard Time : Information : Loading service module assembly '/Users/coycrowder/.vscode/extensions/ms-dotnettools.csdevkit-1.16.6-darwin-x64/components/VSDebugCore/platforms/darwin-x64/node_modules/@microsoft/visualstudio-debugger-devkit.darwin-x64/Microsoft.VisualStudio.Debugger.DevKit.dll' from '/Users/coycrowder/.vscode/extensions/ms-dotnettools.csdevkit-1.16.6-darwin-x64/components/VSDebugCore/platforms/darwin-x64/node_modules/@microsoft/visualstudio-debugger-devkit.darwin-x64'
02/18/2025 17:33:26 Central Standard Time : Information : Starting service module 'Microsoft.VisualStudio.Debugger.HotReloadSessionNotificationService'. Class: Microsoft.VisualStudio.Debugger.HotReloadSessionNotificationService+Factory, Supported Version: 
02/18/2025 17:33:26 Central Standard Time : Information : Started service 'Microsoft.VisualStudio.Debugger.HotReloadSessionNotificationService'. Pipe name: /Users/coycrowder/.ServiceHub/592d441838/ed3c454ee3, Supported Version: 
02/18/2025 17:33:26 Central Standard Time : Information : hubHostClr write: Content-Length: 87

{"jsonrpc":"2.0","id":3,"result":"/Users/coycrowder/.ServiceHub/592d441838/ed3c454ee3"}
02/18/2025 17:33:26 Central Standard Time : Information : CLR host received start request for service 'Microsoft.VisualStudio.TestWindow.VSCode.Service'
02/18/2025 17:33:26 Central Standard Time : Information : Loading service module assembly '/Users/coycrowder/.vscode/extensions/ms-dotnettools.csdevkit-1.16.6-darwin-x64/components/VSUnitTesting/platforms/darwin-x64/node_modules/@microsoft/visualstudio-testwindow-vscode-service.darwin-x64/Microsoft.VisualStudio.TestWindow.VSCode.Service.dll' from '/Users/coycrowder/.vscode/extensions/ms-dotnettools.csdevkit-1.16.6-darwin-x64/components/VSUnitTesting/platforms/darwin-x64/node_modules/@microsoft/visualstudio-testwindow-vscode-service.darwin-x64'
02/18/2025 17:33:26 Central Standard Time : Information : Starting service module 'Microsoft.VisualStudio.TestWindow.VSCode.Service'. Class: Microsoft.VisualStudio.TestWindow.VSCode.Service.TestWindowVSCodeServiceFactory, Supported Version: 
02/18/2025 17:33:26 Central Standard Time : Information : Started service 'Microsoft.VisualStudio.TestWindow.VSCode.Service'. Pipe name: /Users/coycrowder/.ServiceHub/592d441838/8889993bf0, Supported Version: 
02/18/2025 17:33:26 Central Standard Time : Information : hubHostClr write: Content-Length: 87

{"jsonrpc":"2.0","id":4,"result":"/Users/coycrowder/.ServiceHub/592d441838/8889993bf0"}
02/18/2025 17:33:26 Central Standard Time : Information : A new client connected to CLR service module 'Microsoft.VisualStudio.TestWindow.VSCode.Service'
02/18/2025 17:33:26 Central Standard Time : Information : A new client connected to CLR service module 'Microsoft.VisualStudio.Debugger.HotReloadSessionNotificationService'
02/18/2025 17:33:26 Central Standard Time : Information : Found FactoryVersion=Version2 for service : Microsoft.VisualStudio.Debugger.HotReloadSessionNotificationService.
02/18/2025 17:33:26 Central Standard Time : Information : Service 'Microsoft.VisualStudio.Debugger.HotReloadSessionNotificationService+Factory' implements IServiceHubServiceFactory. Creating factory instance and caching it.
02/18/2025 17:33:26 Central Standard Time : Information : Found FactoryVersion=Version2 for service : Microsoft.VisualStudio.TestWindow.VSCode.Service.
02/18/2025 17:33:26 Central Standard Time : Information : Service 'Microsoft.VisualStudio.TestWindow.VSCode.Service.TestWindowVSCodeServiceFactory' implements IServiceHubServiceFactory. Creating factory instance and caching it.
02/18/2025 17:33:26 Central Standard Time : Information : hubHostClr write: Content-Length: 110

{"jsonrpc":"2.0","method":"HostServicesStartedAsync","params":["dotnet$C94B8CFE-E3FD-4BAF-A941-2866DBB566FE"]}
02/18/2025 17:33:26 Central Standard Time : Information : Creating service Microsoft.VisualStudio.Debugger.HotReloadSessionNotificationService+Factory from factory with FactoryVersion=Version2 and ClientRequestedVersion=0.1.
02/18/2025 17:33:26 Central Standard Time : Information : Setting up RPC connection for service 'Microsoft.VisualStudio.Debugger.HotReloadSessionNotificationService+Factory' from factory
02/18/2025 17:33:26 Central Standard Time : Information : Creating service Microsoft.VisualStudio.TestWindow.VSCode.Service.TestWindowVSCodeServiceFactory from factory with FactoryVersion=Version2 and ClientRequestedVersion=0.1.
02/18/2025 17:33:26 Central Standard Time : Information : Setting up RPC connection for service 'Microsoft.VisualStudio.TestWindow.VSCode.Service.TestWindowVSCodeServiceFactory' from factory
02/18/2025 17:33:26 Central Standard Time : Information : Completed RPC connection setup for service 'Microsoft.VisualStudio.TestWindow.VSCode.Service.TestWindowVSCodeServiceFactory' from factory
02/18/2025 17:33:26 Central Standard Time : Information : Completed RPC connection setup for service 'Microsoft.VisualStudio.Debugger.HotReloadSessionNotificationService+Factory' from factory
02/18/2025 17:33:27 Central Standard Time : Information : hubHostClr read: Content-Length: 1096

{"jsonrpc":"2.0","id":5,"method":"StartServiceAsync","params":[{"name":"Microsoft.VisualStudio.TestWindow.VSCode.ProjectSystemProvider.Service","host":"dotnet","hostId":"C94B8CFE-E3FD-4BAF-A941-2866DBB566FE","serviceBaseDirectory":"/Users/coycrowder/.vscode/extensions/ms-dotnettools.csdevkit-1.16.6-darwin-x64/components/VSUnitTesting/platforms/darwin-x64/node_modules/@microsoft/visualstudio-testwindow-vscode-service.darwin-x64","entryPoint":{"assemblyPath":"/Users/coycrowder/.vscode/extensions/ms-dotnettools.csdevkit-1.16.6-darwin-x64/components/VSUnitTesting/platforms/darwin-x64/node_modules/@microsoft/visualstudio-testwindow-vscode-service.darwin-x64/Microsoft.VisualStudio.TestWindow.VSCode.Service.dll","fullClassName":"Microsoft.VisualStudio.TestWindow.VSCode.ProjectSystemProvider.Service.ProjectSystemProviderServiceFactory"}},{"ActivationArguments":{"__servicehub__ServiceHubRemoteServiceBrokerPipeName":"/Users/coycrowder/.ServiceHub/592d441838/f786ab286c","__servicehub__RequestedServiceVersion":"0.1"},"ClientCredentials":{},"ClientCulture":"en-US","ClientUICulture":"en-US"}]}
02/18/2025 17:33:27 Central Standard Time : Information : CLR host received start request for service 'Microsoft.VisualStudio.TestWindow.VSCode.ProjectSystemProvider.Service'
02/18/2025 17:33:27 Central Standard Time : Information : Loading service module assembly '/Users/coycrowder/.vscode/extensions/ms-dotnettools.csdevkit-1.16.6-darwin-x64/components/VSUnitTesting/platforms/darwin-x64/node_modules/@microsoft/visualstudio-testwindow-vscode-service.darwin-x64/Microsoft.VisualStudio.TestWindow.VSCode.Service.dll' from '/Users/coycrowder/.vscode/extensions/ms-dotnettools.csdevkit-1.16.6-darwin-x64/components/VSUnitTesting/platforms/darwin-x64/node_modules/@microsoft/visualstudio-testwindow-vscode-service.darwin-x64'
02/18/2025 17:33:27 Central Standard Time : Information : Starting service module 'Microsoft.VisualStudio.TestWindow.VSCode.ProjectSystemProvider.Service'. Class: Microsoft.VisualStudio.TestWindow.VSCode.ProjectSystemProvider.Service.ProjectSystemProviderServiceFactory, Supported Version: 
02/18/2025 17:33:27 Central Standard Time : Information : Started service 'Microsoft.VisualStudio.TestWindow.VSCode.ProjectSystemProvider.Service'. Pipe name: /Users/coycrowder/.ServiceHub/592d441838/9deaff2feb, Supported Version: 
02/18/2025 17:33:27 Central Standard Time : Information : hubHostClr write: Content-Length: 87

{"jsonrpc":"2.0","id":5,"result":"/Users/coycrowder/.ServiceHub/592d441838/9deaff2feb"}
02/18/2025 17:33:27 Central Standard Time : Information : A new client connected to CLR service module 'Microsoft.VisualStudio.TestWindow.VSCode.ProjectSystemProvider.Service'
02/18/2025 17:33:27 Central Standard Time : Information : Found FactoryVersion=Version2 for service : Microsoft.VisualStudio.TestWindow.VSCode.ProjectSystemProvider.Service.
02/18/2025 17:33:27 Central Standard Time : Information : Service 'Microsoft.VisualStudio.TestWindow.VSCode.ProjectSystemProvider.Service.ProjectSystemProviderServiceFactory' implements IServiceHubServiceFactory. Creating factory instance and caching it.
02/18/2025 17:33:27 Central Standard Time : Information : Creating service Microsoft.VisualStudio.TestWindow.VSCode.ProjectSystemProvider.Service.ProjectSystemProviderServiceFactory from factory with FactoryVersion=Version2 and ClientRequestedVersion=0.1.
02/18/2025 17:33:27 Central Standard Time : Information : Setting up RPC connection for service 'Microsoft.VisualStudio.TestWindow.VSCode.ProjectSystemProvider.Service.ProjectSystemProviderServiceFactory' from factory
02/18/2025 17:33:27 Central Standard Time : Information : Completed RPC connection setup for service 'Microsoft.VisualStudio.TestWindow.VSCode.ProjectSystemProvider.Service.ProjectSystemProviderServiceFactory' from factory
02/18/2025 17:35:31 Central Standard Time : Information : Checking if 'Microsoft.VisualStudio.Debugger.HotReloadSessionNotificationService+Factory' implements Microsoft.VisualStudio.Threading.IAsyncDisposable.
02/18/2025 17:35:31 Central Standard Time : Information : Checking if 'Microsoft.VisualStudio.Debugger.HotReloadSessionNotificationService+Factory' implements System.IAsyncDisposable.
02/18/2025 17:35:31 Central Standard Time : Information : Checking if 'Microsoft.VisualStudio.Debugger.HotReloadSessionNotificationService+Factory' implements System.IDisposable.
02/18/2025 17:35:34 Central Standard Time : Information : hubHostClr read: Content-Length: 1028

{"jsonrpc":"2.0","id":6,"method":"StartServiceAsync","params":[{"name":"Microsoft.VisualStudio.Debugger.HotReloadSessionNotificationService","host":"dotnet","hostId":"C94B8CFE-E3FD-4BAF-A941-2866DBB566FE","serviceBaseDirectory":"/Users/coycrowder/.vscode/extensions/ms-dotnettools.csdevkit-1.16.6-darwin-x64/components/VSDebugCore/platforms/darwin-x64/node_modules/@microsoft/visualstudio-debugger-devkit.darwin-x64","entryPoint":{"assemblyPath":"/Users/coycrowder/.vscode/extensions/ms-dotnettools.csdevkit-1.16.6-darwin-x64/components/VSDebugCore/platforms/darwin-x64/node_modules/@microsoft/visualstudio-debugger-devkit.darwin-x64/Microsoft.VisualStudio.Debugger.DevKit.dll","fullClassName":"Microsoft.VisualStudio.Debugger.HotReloadSessionNotificationService+Factory"}},{"ActivationArguments":{"__servicehub__ServiceHubRemoteServiceBrokerPipeName":"/Users/coycrowder/.ServiceHub/592d441838/445b752704","__servicehub__RequestedServiceVersion":"0.1"},"ClientCredentials":{},"ClientCulture":"en-US","ClientUICulture":"en-US"}]}
02/18/2025 17:35:34 Central Standard Time : Information : CLR host received start request for service 'Microsoft.VisualStudio.Debugger.HotReloadSessionNotificationService'
02/18/2025 17:35:34 Central Standard Time : Information : Loading service module assembly '/Users/coycrowder/.vscode/extensions/ms-dotnettools.csdevkit-1.16.6-darwin-x64/components/VSDebugCore/platforms/darwin-x64/node_modules/@microsoft/visualstudio-debugger-devkit.darwin-x64/Microsoft.VisualStudio.Debugger.DevKit.dll' from '/Users/coycrowder/.vscode/extensions/ms-dotnettools.csdevkit-1.16.6-darwin-x64/components/VSDebugCore/platforms/darwin-x64/node_modules/@microsoft/visualstudio-debugger-devkit.darwin-x64'
02/18/2025 17:35:34 Central Standard Time : Information : Starting service module 'Microsoft.VisualStudio.Debugger.HotReloadSessionNotificationService'. Class: Microsoft.VisualStudio.Debugger.HotReloadSessionNotificationService+Factory, Supported Version: 
02/18/2025 17:35:34 Central Standard Time : Information : Started service 'Microsoft.VisualStudio.Debugger.HotReloadSessionNotificationService'. Pipe name: /Users/coycrowder/.ServiceHub/592d441838/058ddb303d, Supported Version: 
02/18/2025 17:35:34 Central Standard Time : Information : hubHostClr write: Content-Length: 87

{"jsonrpc":"2.0","id":6,"result":"/Users/coycrowder/.ServiceHub/592d441838/058ddb303d"}
02/18/2025 17:35:34 Central Standard Time : Information : A new client connected to CLR service module 'Microsoft.VisualStudio.Debugger.HotReloadSessionNotificationService'
02/18/2025 17:35:34 Central Standard Time : Information : Found FactoryVersion=Version2 for service : Microsoft.VisualStudio.Debugger.HotReloadSessionNotificationService.
02/18/2025 17:35:34 Central Standard Time : Information : Service 'Microsoft.VisualStudio.Debugger.HotReloadSessionNotificationService+Factory' implements IServiceHubServiceFactory. Creating factory instance and caching it.
02/18/2025 17:35:34 Central Standard Time : Information : Creating service Microsoft.VisualStudio.Debugger.HotReloadSessionNotificationService+Factory from factory with FactoryVersion=Version2 and ClientRequestedVersion=0.1.
02/18/2025 17:35:34 Central Standard Time : Information : Setting up RPC connection for service 'Microsoft.VisualStudio.Debugger.HotReloadSessionNotificationService+Factory' from factory
02/18/2025 17:35:34 Central Standard Time : Information : Completed RPC connection setup for service 'Microsoft.VisualStudio.Debugger.HotReloadSessionNotificationService+Factory' from factory
02/18/2025 17:59:58 Central Standard Time : Information : hubHostClr read: Content-Length: 1045

{"jsonrpc":"2.0","id":7,"method":"StartServiceAsync","params":[{"name":"Microsoft.VisualStudio.Debugger.ManagedEditAndContinueRemoteDebuggerService2","host":"dotnet","hostId":"C94B8CFE-E3FD-4BAF-A941-2866DBB566FE","serviceBaseDirectory":"/Users/coycrowder/.vscode/extensions/ms-dotnettools.csdevkit-1.16.6-darwin-x64/components/VSDebugCore/platforms/darwin-x64/node_modules/@microsoft/visualstudio-debugger-devkit.darwin-x64","entryPoint":{"assemblyPath":"/Users/coycrowder/.vscode/extensions/ms-dotnettools.csdevkit-1.16.6-darwin-x64/components/VSDebugCore/platforms/darwin-x64/node_modules/@microsoft/visualstudio-debugger-devkit.darwin-x64/Microsoft.VisualStudio.Debugger.DevKit.dll","fullClassName":"Microsoft.VisualStudio.Debugger.ManagedEditAndContinueRemoteDebuggerService+Factory"}},{"ActivationArguments":{"__servicehub__ServiceHubRemoteServiceBrokerPipeName":"/Users/coycrowder/.ServiceHub/592d441838/cd655ec125","__servicehub__RequestedServiceVersion":"0.1"},"ClientCredentials":{},"ClientCulture":"en-US","ClientUICulture":"en-US"}]}
02/18/2025 17:59:58 Central Standard Time : Information : CLR host received start request for service 'Microsoft.VisualStudio.Debugger.ManagedEditAndContinueRemoteDebuggerService2'
02/18/2025 17:59:58 Central Standard Time : Information : Loading service module assembly '/Users/coycrowder/.vscode/extensions/ms-dotnettools.csdevkit-1.16.6-darwin-x64/components/VSDebugCore/platforms/darwin-x64/node_modules/@microsoft/visualstudio-debugger-devkit.darwin-x64/Microsoft.VisualStudio.Debugger.DevKit.dll' from '/Users/coycrowder/.vscode/extensions/ms-dotnettools.csdevkit-1.16.6-darwin-x64/components/VSDebugCore/platforms/darwin-x64/node_modules/@microsoft/visualstudio-debugger-devkit.darwin-x64'
02/18/2025 17:59:58 Central Standard Time : Information : Starting service module 'Microsoft.VisualStudio.Debugger.ManagedEditAndContinueRemoteDebuggerService2'. Class: Microsoft.VisualStudio.Debugger.ManagedEditAndContinueRemoteDebuggerService+Factory, Supported Version: 
02/18/2025 17:59:58 Central Standard Time : Information : Started service 'Microsoft.VisualStudio.Debugger.ManagedEditAndContinueRemoteDebuggerService2'. Pipe name: /Users/coycrowder/.ServiceHub/592d441838/3c1a6bce70, Supported Version: 
02/18/2025 17:59:58 Central Standard Time : Information : hubHostClr write: Content-Length: 87

{"jsonrpc":"2.0","id":7,"result":"/Users/coycrowder/.ServiceHub/592d441838/3c1a6bce70"}
02/18/2025 17:59:58 Central Standard Time : Information : A new client connected to CLR service module 'Microsoft.VisualStudio.Debugger.ManagedEditAndContinueRemoteDebuggerService2'
02/18/2025 17:59:58 Central Standard Time : Information : Found FactoryVersion=Version2 for service : Microsoft.VisualStudio.Debugger.ManagedEditAndContinueRemoteDebuggerService2.
02/18/2025 17:59:58 Central Standard Time : Information : Service 'Microsoft.VisualStudio.Debugger.ManagedEditAndContinueRemoteDebuggerService+Factory' implements IServiceHubServiceFactory. Creating factory instance and caching it.
02/18/2025 17:59:58 Central Standard Time : Information : Creating service Microsoft.VisualStudio.Debugger.ManagedEditAndContinueRemoteDebuggerService+Factory from factory with FactoryVersion=Version2 and ClientRequestedVersion=0.1.
02/18/2025 17:59:58 Central Standard Time : Information : Setting up RPC connection for service 'Microsoft.VisualStudio.Debugger.ManagedEditAndContinueRemoteDebuggerService+Factory' from factory
02/18/2025 17:59:58 Central Standard Time : Information : Completed RPC connection setup for service 'Microsoft.VisualStudio.Debugger.ManagedEditAndContinueRemoteDebuggerService+Factory' from factory
02/18/2025 18:00:01 Central Standard Time : Information : hubHostClr read: Content-Length: 1045

{"jsonrpc":"2.0","id":8,"method":"StartServiceAsync","params":[{"name":"Microsoft.VisualStudio.Debugger.ManagedEditAndContinueCsDevKitEngineService2","host":"dotnet","hostId":"C94B8CFE-E3FD-4BAF-A941-2866DBB566FE","serviceBaseDirectory":"/Users/coycrowder/.vscode/extensions/ms-dotnettools.csdevkit-1.16.6-darwin-x64/components/VSDebugCore/platforms/darwin-x64/node_modules/@microsoft/visualstudio-debugger-devkit.darwin-x64","entryPoint":{"assemblyPath":"/Users/coycrowder/.vscode/extensions/ms-dotnettools.csdevkit-1.16.6-darwin-x64/components/VSDebugCore/platforms/darwin-x64/node_modules/@microsoft/visualstudio-debugger-devkit.darwin-x64/Microsoft.VisualStudio.Debugger.DevKit.dll","fullClassName":"Microsoft.VisualStudio.Debugger.ManagedEditAndContinueCsDevKitEngineService+Factory"}},{"ActivationArguments":{"__servicehub__ServiceHubRemoteServiceBrokerPipeName":"/Users/coycrowder/.ServiceHub/592d441838/19b564e749","__servicehub__RequestedServiceVersion":"0.1"},"ClientCredentials":{},"ClientCulture":"en-US","ClientUICulture":"en-US"}]}
02/18/2025 18:00:01 Central Standard Time : Information : CLR host received start request for service 'Microsoft.VisualStudio.Debugger.ManagedEditAndContinueCsDevKitEngineService2'
02/18/2025 18:00:01 Central Standard Time : Information : Loading service module assembly '/Users/coycrowder/.vscode/extensions/ms-dotnettools.csdevkit-1.16.6-darwin-x64/components/VSDebugCore/platforms/darwin-x64/node_modules/@microsoft/visualstudio-debugger-devkit.darwin-x64/Microsoft.VisualStudio.Debugger.DevKit.dll' from '/Users/coycrowder/.vscode/extensions/ms-dotnettools.csdevkit-1.16.6-darwin-x64/components/VSDebugCore/platforms/darwin-x64/node_modules/@microsoft/visualstudio-debugger-devkit.darwin-x64'
02/18/2025 18:00:01 Central Standard Time : Information : Starting service module 'Microsoft.VisualStudio.Debugger.ManagedEditAndContinueCsDevKitEngineService2'. Class: Microsoft.VisualStudio.Debugger.ManagedEditAndContinueCsDevKitEngineService+Factory, Supported Version: 
02/18/2025 18:00:01 Central Standard Time : Information : Started service 'Microsoft.VisualStudio.Debugger.ManagedEditAndContinueCsDevKitEngineService2'. Pipe name: /Users/coycrowder/.ServiceHub/592d441838/b231579273, Supported Version: 
02/18/2025 18:00:01 Central Standard Time : Information : hubHostClr write: Content-Length: 87

{"jsonrpc":"2.0","id":8,"result":"/Users/coycrowder/.ServiceHub/592d441838/b231579273"}
02/18/2025 18:00:01 Central Standard Time : Information : A new client connected to CLR service module 'Microsoft.VisualStudio.Debugger.ManagedEditAndContinueCsDevKitEngineService2'
02/18/2025 18:00:01 Central Standard Time : Information : Found FactoryVersion=Version2 for service : Microsoft.VisualStudio.Debugger.ManagedEditAndContinueCsDevKitEngineService2.
02/18/2025 18:00:01 Central Standard Time : Information : Service 'Microsoft.VisualStudio.Debugger.ManagedEditAndContinueCsDevKitEngineService+Factory' implements IServiceHubServiceFactory. Creating factory instance and caching it.
02/18/2025 18:00:01 Central Standard Time : Information : Creating service Microsoft.VisualStudio.Debugger.ManagedEditAndContinueCsDevKitEngineService+Factory from factory with FactoryVersion=Version2 and ClientRequestedVersion=0.1.
02/18/2025 18:00:01 Central Standard Time : Information : Setting up RPC connection for service 'Microsoft.VisualStudio.Debugger.ManagedEditAndContinueCsDevKitEngineService+Factory' from factory
02/18/2025 18:00:01 Central Standard Time : Information : Completed RPC connection setup for service 'Microsoft.VisualStudio.Debugger.ManagedEditAndContinueCsDevKitEngineService+Factory' from factory
02/18/2025 18:04:47 Central Standard Time : Information : Checking if 'Microsoft.VisualStudio.Debugger.ManagedEditAndContinueRemoteDebuggerService+Factory' implements Microsoft.VisualStudio.Threading.IAsyncDisposable.
02/18/2025 18:04:47 Central Standard Time : Information : Checking if 'Microsoft.VisualStudio.Debugger.ManagedEditAndContinueRemoteDebuggerService+Factory' implements System.IAsyncDisposable.
02/18/2025 18:04:47 Central Standard Time : Information : Checking if 'Microsoft.VisualStudio.Debugger.ManagedEditAndContinueRemoteDebuggerService+Factory' implements System.IDisposable.
02/18/2025 18:04:47 Central Standard Time : Information : Checking if 'Microsoft.VisualStudio.Debugger.ManagedEditAndContinueCsDevKitEngineService+Factory' implements Microsoft.VisualStudio.Threading.IAsyncDisposable.
02/18/2025 18:04:47 Central Standard Time : Information : Checking if 'Microsoft.VisualStudio.Debugger.ManagedEditAndContinueCsDevKitEngineService+Factory' implements System.IAsyncDisposable.
02/18/2025 18:04:47 Central Standard Time : Information : Checking if 'Microsoft.VisualStudio.Debugger.ManagedEditAndContinueCsDevKitEngineService+Factory' implements System.IDisposable.
02/18/2025 18:04:58 Central Standard Time : Information : hubHostClr read: Content-Length: 1045

{"jsonrpc":"2.0","id":9,"method":"StartServiceAsync","params":[{"name":"Microsoft.VisualStudio.Debugger.ManagedEditAndContinueRemoteDebuggerService2","host":"dotnet","hostId":"C94B8CFE-E3FD-4BAF-A941-2866DBB566FE","serviceBaseDirectory":"/Users/coycrowder/.vscode/extensions/ms-dotnettools.csdevkit-1.16.6-darwin-x64/components/VSDebugCore/platforms/darwin-x64/node_modules/@microsoft/visualstudio-debugger-devkit.darwin-x64","entryPoint":{"assemblyPath":"/Users/coycrowder/.vscode/extensions/ms-dotnettools.csdevkit-1.16.6-darwin-x64/components/VSDebugCore/platforms/darwin-x64/node_modules/@microsoft/visualstudio-debugger-devkit.darwin-x64/Microsoft.VisualStudio.Debugger.DevKit.dll","fullClassName":"Microsoft.VisualStudio.Debugger.ManagedEditAndContinueRemoteDebuggerService+Factory"}},{"ActivationArguments":{"__servicehub__ServiceHubRemoteServiceBrokerPipeName":"/Users/coycrowder/.ServiceHub/592d441838/9122c3d1df","__servicehub__RequestedServiceVersion":"0.1"},"ClientCredentials":{},"ClientCulture":"en-US","ClientUICulture":"en-US"}]}
02/18/2025 18:04:58 Central Standard Time : Information : CLR host received start request for service 'Microsoft.VisualStudio.Debugger.ManagedEditAndContinueRemoteDebuggerService2'
02/18/2025 18:04:58 Central Standard Time : Information : Loading service module assembly '/Users/coycrowder/.vscode/extensions/ms-dotnettools.csdevkit-1.16.6-darwin-x64/components/VSDebugCore/platforms/darwin-x64/node_modules/@microsoft/visualstudio-debugger-devkit.darwin-x64/Microsoft.VisualStudio.Debugger.DevKit.dll' from '/Users/coycrowder/.vscode/extensions/ms-dotnettools.csdevkit-1.16.6-darwin-x64/components/VSDebugCore/platforms/darwin-x64/node_modules/@microsoft/visualstudio-debugger-devkit.darwin-x64'
02/18/2025 18:04:58 Central Standard Time : Information : Starting service module 'Microsoft.VisualStudio.Debugger.ManagedEditAndContinueRemoteDebuggerService2'. Class: Microsoft.VisualStudio.Debugger.ManagedEditAndContinueRemoteDebuggerService+Factory, Supported Version: 
02/18/2025 18:04:58 Central Standard Time : Information : Started service 'Microsoft.VisualStudio.Debugger.ManagedEditAndContinueRemoteDebuggerService2'. Pipe name: /Users/coycrowder/.ServiceHub/592d441838/105c5221da, Supported Version: 
02/18/2025 18:04:58 Central Standard Time : Information : hubHostClr write: Content-Length: 87

{"jsonrpc":"2.0","id":9,"result":"/Users/coycrowder/.ServiceHub/592d441838/105c5221da"}
02/18/2025 18:04:58 Central Standard Time : Information : A new client connected to CLR service module 'Microsoft.VisualStudio.Debugger.ManagedEditAndContinueRemoteDebuggerService2'
02/18/2025 18:04:58 Central Standard Time : Information : Found FactoryVersion=Version2 for service : Microsoft.VisualStudio.Debugger.ManagedEditAndContinueRemoteDebuggerService2.
02/18/2025 18:04:58 Central Standard Time : Information : Service 'Microsoft.VisualStudio.Debugger.ManagedEditAndContinueRemoteDebuggerService+Factory' implements IServiceHubServiceFactory. Creating factory instance and caching it.
02/18/2025 18:04:58 Central Standard Time : Information : Creating service Microsoft.VisualStudio.Debugger.ManagedEditAndContinueRemoteDebuggerService+Factory from factory with FactoryVersion=Version2 and ClientRequestedVersion=0.1.
02/18/2025 18:04:58 Central Standard Time : Information : Setting up RPC connection for service 'Microsoft.VisualStudio.Debugger.ManagedEditAndContinueRemoteDebuggerService+Factory' from factory
02/18/2025 18:04:58 Central Standard Time : Information : Completed RPC connection setup for service 'Microsoft.VisualStudio.Debugger.ManagedEditAndContinueRemoteDebuggerService+Factory' from factory
02/18/2025 18:04:58 Central Standard Time : Information : hubHostClr read: Content-Length: 1046

{"jsonrpc":"2.0","id":10,"method":"StartServiceAsync","params":[{"name":"Microsoft.VisualStudio.Debugger.ManagedEditAndContinueCsDevKitEngineService2","host":"dotnet","hostId":"C94B8CFE-E3FD-4BAF-A941-2866DBB566FE","serviceBaseDirectory":"/Users/coycrowder/.vscode/extensions/ms-dotnettools.csdevkit-1.16.6-darwin-x64/components/VSDebugCore/platforms/darwin-x64/node_modules/@microsoft/visualstudio-debugger-devkit.darwin-x64","entryPoint":{"assemblyPath":"/Users/coycrowder/.vscode/extensions/ms-dotnettools.csdevkit-1.16.6-darwin-x64/components/VSDebugCore/platforms/darwin-x64/node_modules/@microsoft/visualstudio-debugger-devkit.darwin-x64/Microsoft.VisualStudio.Debugger.DevKit.dll","fullClassName":"Microsoft.VisualStudio.Debugger.ManagedEditAndContinueCsDevKitEngineService+Factory"}},{"ActivationArguments":{"__servicehub__ServiceHubRemoteServiceBrokerPipeName":"/Users/coycrowder/.ServiceHub/592d441838/32bfeb3916","__servicehub__RequestedServiceVersion":"0.1"},"ClientCredentials":{},"ClientCulture":"en-US","ClientUICulture":"en-US"}]}
02/18/2025 18:04:58 Central Standard Time : Information : CLR host received start request for service 'Microsoft.VisualStudio.Debugger.ManagedEditAndContinueCsDevKitEngineService2'
02/18/2025 18:04:58 Central Standard Time : Information : Loading service module assembly '/Users/coycrowder/.vscode/extensions/ms-dotnettools.csdevkit-1.16.6-darwin-x64/components/VSDebugCore/platforms/darwin-x64/node_modules/@microsoft/visualstudio-debugger-devkit.darwin-x64/Microsoft.VisualStudio.Debugger.DevKit.dll' from '/Users/coycrowder/.vscode/extensions/ms-dotnettools.csdevkit-1.16.6-darwin-x64/components/VSDebugCore/platforms/darwin-x64/node_modules/@microsoft/visualstudio-debugger-devkit.darwin-x64'
02/18/2025 18:04:58 Central Standard Time : Information : Starting service module 'Microsoft.VisualStudio.Debugger.ManagedEditAndContinueCsDevKitEngineService2'. Class: Microsoft.VisualStudio.Debugger.ManagedEditAndContinueCsDevKitEngineService+Factory, Supported Version: 
02/18/2025 18:04:58 Central Standard Time : Information : Started service 'Microsoft.VisualStudio.Debugger.ManagedEditAndContinueCsDevKitEngineService2'. Pipe name: /Users/coycrowder/.ServiceHub/592d441838/deb435c7b5, Supported Version: 
02/18/2025 18:04:58 Central Standard Time : Information : hubHostClr write: Content-Length: 88

{"jsonrpc":"2.0","id":10,"result":"/Users/coycrowder/.ServiceHub/592d441838/deb435c7b5"}
02/18/2025 18:04:58 Central Standard Time : Information : A new client connected to CLR service module 'Microsoft.VisualStudio.Debugger.ManagedEditAndContinueCsDevKitEngineService2'
02/18/2025 18:04:58 Central Standard Time : Information : Found FactoryVersion=Version2 for service : Microsoft.VisualStudio.Debugger.ManagedEditAndContinueCsDevKitEngineService2.
02/18/2025 18:04:58 Central Standard Time : Information : Service 'Microsoft.VisualStudio.Debugger.ManagedEditAndContinueCsDevKitEngineService+Factory' implements IServiceHubServiceFactory. Creating factory instance and caching it.
02/18/2025 18:04:58 Central Standard Time : Information : Creating service Microsoft.VisualStudio.Debugger.ManagedEditAndContinueCsDevKitEngineService+Factory from factory with FactoryVersion=Version2 and ClientRequestedVersion=0.1.
02/18/2025 18:04:58 Central Standard Time : Information : Setting up RPC connection for service 'Microsoft.VisualStudio.Debugger.ManagedEditAndContinueCsDevKitEngineService+Factory' from factory
02/18/2025 18:04:59 Central Standard Time : Information : Completed RPC connection setup for service 'Microsoft.VisualStudio.Debugger.ManagedEditAndContinueCsDevKitEngineService+Factory' from factory
02/18/2025 18:05:07 Central Standard Time : Information : Checking if 'Microsoft.VisualStudio.Debugger.ManagedEditAndContinueCsDevKitEngineService+Factory' implements Microsoft.VisualStudio.Threading.IAsyncDisposable.
02/18/2025 18:05:07 Central Standard Time : Information : Checking if 'Microsoft.VisualStudio.Debugger.ManagedEditAndContinueCsDevKitEngineService+Factory' implements System.IAsyncDisposable.
02/18/2025 18:05:07 Central Standard Time : Information : Checking if 'Microsoft.VisualStudio.Debugger.ManagedEditAndContinueRemoteDebuggerService+Factory' implements Microsoft.VisualStudio.Threading.IAsyncDisposable.
02/18/2025 18:05:07 Central Standard Time : Information : Checking if 'Microsoft.VisualStudio.Debugger.ManagedEditAndContinueCsDevKitEngineService+Factory' implements System.IDisposable.
02/18/2025 18:05:07 Central Standard Time : Information : Checking if 'Microsoft.VisualStudio.Debugger.ManagedEditAndContinueRemoteDebuggerService+Factory' implements System.IAsyncDisposable.
02/18/2025 18:05:07 Central Standard Time : Information : Checking if 'Microsoft.VisualStudio.Debugger.ManagedEditAndContinueRemoteDebuggerService+Factory' implements System.IDisposable.
02/18/2025 18:05:39 Central Standard Time : Information : hubHostClr read: Content-Length: 1046

{"jsonrpc":"2.0","id":11,"method":"StartServiceAsync","params":[{"name":"Microsoft.VisualStudio.Debugger.ManagedEditAndContinueRemoteDebuggerService2","host":"dotnet","hostId":"C94B8CFE-E3FD-4BAF-A941-2866DBB566FE","serviceBaseDirectory":"/Users/coycrowder/.vscode/extensions/ms-dotnettools.csdevkit-1.16.6-darwin-x64/components/VSDebugCore/platforms/darwin-x64/node_modules/@microsoft/visualstudio-debugger-devkit.darwin-x64","entryPoint":{"assemblyPath":"/Users/coycrowder/.vscode/extensions/ms-dotnettools.csdevkit-1.16.6-darwin-x64/components/VSDebugCore/platforms/darwin-x64/node_modules/@microsoft/visualstudio-debugger-devkit.darwin-x64/Microsoft.VisualStudio.Debugger.DevKit.dll","fullClassName":"Microsoft.VisualStudio.Debugger.ManagedEditAndContinueRemoteDebuggerService+Factory"}},{"ActivationArguments":{"__servicehub__ServiceHubRemoteServiceBrokerPipeName":"/Users/coycrowder/.ServiceHub/592d441838/577f53e33f","__servicehub__RequestedServiceVersion":"0.1"},"ClientCredentials":{},"ClientCulture":"en-US","ClientUICulture":"en-US"}]}
02/18/2025 18:05:39 Central Standard Time : Information : CLR host received start request for service 'Microsoft.VisualStudio.Debugger.ManagedEditAndContinueRemoteDebuggerService2'
02/18/2025 18:05:39 Central Standard Time : Information : Loading service module assembly '/Users/coycrowder/.vscode/extensions/ms-dotnettools.csdevkit-1.16.6-darwin-x64/components/VSDebugCore/platforms/darwin-x64/node_modules/@microsoft/visualstudio-debugger-devkit.darwin-x64/Microsoft.VisualStudio.Debugger.DevKit.dll' from '/Users/coycrowder/.vscode/extensions/ms-dotnettools.csdevkit-1.16.6-darwin-x64/components/VSDebugCore/platforms/darwin-x64/node_modules/@microsoft/visualstudio-debugger-devkit.darwin-x64'
02/18/2025 18:05:39 Central Standard Time : Information : Starting service module 'Microsoft.VisualStudio.Debugger.ManagedEditAndContinueRemoteDebuggerService2'. Class: Microsoft.VisualStudio.Debugger.ManagedEditAndContinueRemoteDebuggerService+Factory, Supported Version: 
02/18/2025 18:05:39 Central Standard Time : Information : Started service 'Microsoft.VisualStudio.Debugger.ManagedEditAndContinueRemoteDebuggerService2'. Pipe name: /Users/coycrowder/.ServiceHub/592d441838/fd52cbfcfc, Supported Version: 
02/18/2025 18:05:39 Central Standard Time : Information : hubHostClr write: Content-Length: 88

{"jsonrpc":"2.0","id":11,"result":"/Users/coycrowder/.ServiceHub/592d441838/fd52cbfcfc"}
02/18/2025 18:05:39 Central Standard Time : Information : A new client connected to CLR service module 'Microsoft.VisualStudio.Debugger.ManagedEditAndContinueRemoteDebuggerService2'
02/18/2025 18:05:39 Central Standard Time : Information : Found FactoryVersion=Version2 for service : Microsoft.VisualStudio.Debugger.ManagedEditAndContinueRemoteDebuggerService2.
02/18/2025 18:05:39 Central Standard Time : Information : Service 'Microsoft.VisualStudio.Debugger.ManagedEditAndContinueRemoteDebuggerService+Factory' implements IServiceHubServiceFactory. Creating factory instance and caching it.
02/18/2025 18:05:39 Central Standard Time : Information : Creating service Microsoft.VisualStudio.Debugger.ManagedEditAndContinueRemoteDebuggerService+Factory from factory with FactoryVersion=Version2 and ClientRequestedVersion=0.1.
02/18/2025 18:05:39 Central Standard Time : Information : Setting up RPC connection for service 'Microsoft.VisualStudio.Debugger.ManagedEditAndContinueRemoteDebuggerService+Factory' from factory
02/18/2025 18:05:39 Central Standard Time : Information : Completed RPC connection setup for service 'Microsoft.VisualStudio.Debugger.ManagedEditAndContinueRemoteDebuggerService+Factory' from factory
02/18/2025 18:05:39 Central Standard Time : Information : hubHostClr read: Content-Length: 1046

{"jsonrpc":"2.0","id":12,"method":"StartServiceAsync","params":[{"name":"Microsoft.VisualStudio.Debugger.ManagedEditAndContinueCsDevKitEngineService2","host":"dotnet","hostId":"C94B8CFE-E3FD-4BAF-A941-2866DBB566FE","serviceBaseDirectory":"/Users/coycrowder/.vscode/extensions/ms-dotnettools.csdevkit-1.16.6-darwin-x64/components/VSDebugCore/platforms/darwin-x64/node_modules/@microsoft/visualstudio-debugger-devkit.darwin-x64","entryPoint":{"assemblyPath":"/Users/coycrowder/.vscode/extensions/ms-dotnettools.csdevkit-1.16.6-darwin-x64/components/VSDebugCore/platforms/darwin-x64/node_modules/@microsoft/visualstudio-debugger-devkit.darwin-x64/Microsoft.VisualStudio.Debugger.DevKit.dll","fullClassName":"Microsoft.VisualStudio.Debugger.ManagedEditAndContinueCsDevKitEngineService+Factory"}},{"ActivationArguments":{"__servicehub__ServiceHubRemoteServiceBrokerPipeName":"/Users/coycrowder/.ServiceHub/592d441838/39b3b8506e","__servicehub__RequestedServiceVersion":"0.1"},"ClientCredentials":{},"ClientCulture":"en-US","ClientUICulture":"en-US"}]}
02/18/2025 18:05:39 Central Standard Time : Information : CLR host received start request for service 'Microsoft.VisualStudio.Debugger.ManagedEditAndContinueCsDevKitEngineService2'
02/18/2025 18:05:39 Central Standard Time : Information : Loading service module assembly '/Users/coycrowder/.vscode/extensions/ms-dotnettools.csdevkit-1.16.6-darwin-x64/components/VSDebugCore/platforms/darwin-x64/node_modules/@microsoft/visualstudio-debugger-devkit.darwin-x64/Microsoft.VisualStudio.Debugger.DevKit.dll' from '/Users/coycrowder/.vscode/extensions/ms-dotnettools.csdevkit-1.16.6-darwin-x64/components/VSDebugCore/platforms/darwin-x64/node_modules/@microsoft/visualstudio-debugger-devkit.darwin-x64'
02/18/2025 18:05:39 Central Standard Time : Information : Starting service module 'Microsoft.VisualStudio.Debugger.ManagedEditAndContinueCsDevKitEngineService2'. Class: Microsoft.VisualStudio.Debugger.ManagedEditAndContinueCsDevKitEngineService+Factory, Supported Version: 
02/18/2025 18:05:39 Central Standard Time : Information : Started service 'Microsoft.VisualStudio.Debugger.ManagedEditAndContinueCsDevKitEngineService2'. Pipe name: /Users/coycrowder/.ServiceHub/592d441838/a934d66922, Supported Version: 
02/18/2025 18:05:39 Central Standard Time : Information : hubHostClr write: Content-Length: 88

{"jsonrpc":"2.0","id":12,"result":"/Users/coycrowder/.ServiceHub/592d441838/a934d66922"}
02/18/2025 18:05:39 Central Standard Time : Information : A new client connected to CLR service module 'Microsoft.VisualStudio.Debugger.ManagedEditAndContinueCsDevKitEngineService2'
02/18/2025 18:05:39 Central Standard Time : Information : Found FactoryVersion=Version2 for service : Microsoft.VisualStudio.Debugger.ManagedEditAndContinueCsDevKitEngineService2.
02/18/2025 18:05:39 Central Standard Time : Information : Service 'Microsoft.VisualStudio.Debugger.ManagedEditAndContinueCsDevKitEngineService+Factory' implements IServiceHubServiceFactory. Creating factory instance and caching it.
02/18/2025 18:05:39 Central Standard Time : Information : Creating service Microsoft.VisualStudio.Debugger.ManagedEditAndContinueCsDevKitEngineService+Factory from factory with FactoryVersion=Version2 and ClientRequestedVersion=0.1.
02/18/2025 18:05:39 Central Standard Time : Information : Setting up RPC connection for service 'Microsoft.VisualStudio.Debugger.ManagedEditAndContinueCsDevKitEngineService+Factory' from factory
02/18/2025 18:05:39 Central Standard Time : Information : Completed RPC connection setup for service 'Microsoft.VisualStudio.Debugger.ManagedEditAndContinueCsDevKitEngineService+Factory' from factory
02/18/2025 18:06:17 Central Standard Time : Information : Checking if 'Microsoft.VisualStudio.Debugger.ManagedEditAndContinueCsDevKitEngineService+Factory' implements Microsoft.VisualStudio.Threading.IAsyncDisposable.
02/18/2025 18:06:17 Central Standard Time : Information : Checking if 'Microsoft.VisualStudio.Debugger.ManagedEditAndContinueCsDevKitEngineService+Factory' implements System.IAsyncDisposable.
02/18/2025 18:06:17 Central Standard Time : Information : Checking if 'Microsoft.VisualStudio.Debugger.ManagedEditAndContinueCsDevKitEngineService+Factory' implements System.IDisposable.
02/18/2025 18:06:17 Central Standard Time : Information : Checking if 'Microsoft.VisualStudio.Debugger.ManagedEditAndContinueRemoteDebuggerService+Factory' implements Microsoft.VisualStudio.Threading.IAsyncDisposable.
02/18/2025 18:06:17 Central Standard Time : Information : Checking if 'Microsoft.VisualStudio.Debugger.ManagedEditAndContinueRemoteDebuggerService+Factory' implements System.IAsyncDisposable.
02/18/2025 18:06:17 Central Standard Time : Information : Checking if 'Microsoft.VisualStudio.Debugger.ManagedEditAndContinueRemoteDebuggerService+Factory' implements System.IDisposable.
02/18/2025 18:06:31 Central Standard Time : Information : hubHostClr read: Content-Length: 1046

{"jsonrpc":"2.0","id":13,"method":"StartServiceAsync","params":[{"name":"Microsoft.VisualStudio.Debugger.ManagedEditAndContinueRemoteDebuggerService2","host":"dotnet","hostId":"C94B8CFE-E3FD-4BAF-A941-2866DBB566FE","serviceBaseDirectory":"/Users/coycrowder/.vscode/extensions/ms-dotnettools.csdevkit-1.16.6-darwin-x64/components/VSDebugCore/platforms/darwin-x64/node_modules/@microsoft/visualstudio-debugger-devkit.darwin-x64","entryPoint":{"assemblyPath":"/Users/coycrowder/.vscode/extensions/ms-dotnettools.csdevkit-1.16.6-darwin-x64/components/VSDebugCore/platforms/darwin-x64/node_modules/@microsoft/visualstudio-debugger-devkit.darwin-x64/Microsoft.VisualStudio.Debugger.DevKit.dll","fullClassName":"Microsoft.VisualStudio.Debugger.ManagedEditAndContinueRemoteDebuggerService+Factory"}},{"ActivationArguments":{"__servicehub__ServiceHubRemoteServiceBrokerPipeName":"/Users/coycrowder/.ServiceHub/592d441838/704a37ec30","__servicehub__RequestedServiceVersion":"0.1"},"ClientCredentials":{},"ClientCulture":"en-US","ClientUICulture":"en-US"}]}
02/18/2025 18:06:31 Central Standard Time : Information : CLR host received start request for service 'Microsoft.VisualStudio.Debugger.ManagedEditAndContinueRemoteDebuggerService2'
02/18/2025 18:06:31 Central Standard Time : Information : Loading service module assembly '/Users/coycrowder/.vscode/extensions/ms-dotnettools.csdevkit-1.16.6-darwin-x64/components/VSDebugCore/platforms/darwin-x64/node_modules/@microsoft/visualstudio-debugger-devkit.darwin-x64/Microsoft.VisualStudio.Debugger.DevKit.dll' from '/Users/coycrowder/.vscode/extensions/ms-dotnettools.csdevkit-1.16.6-darwin-x64/components/VSDebugCore/platforms/darwin-x64/node_modules/@microsoft/visualstudio-debugger-devkit.darwin-x64'
02/18/2025 18:06:31 Central Standard Time : Information : Starting service module 'Microsoft.VisualStudio.Debugger.ManagedEditAndContinueRemoteDebuggerService2'. Class: Microsoft.VisualStudio.Debugger.ManagedEditAndContinueRemoteDebuggerService+Factory, Supported Version: 
02/18/2025 18:06:31 Central Standard Time : Information : Started service 'Microsoft.VisualStudio.Debugger.ManagedEditAndContinueRemoteDebuggerService2'. Pipe name: /Users/coycrowder/.ServiceHub/592d441838/892092d1b1, Supported Version: 
02/18/2025 18:06:31 Central Standard Time : Information : hubHostClr write: Content-Length: 88

{"jsonrpc":"2.0","id":13,"result":"/Users/coycrowder/.ServiceHub/592d441838/892092d1b1"}
02/18/2025 18:06:31 Central Standard Time : Information : A new client connected to CLR service module 'Microsoft.VisualStudio.Debugger.ManagedEditAndContinueRemoteDebuggerService2'
02/18/2025 18:06:31 Central Standard Time : Information : Found FactoryVersion=Version2 for service : Microsoft.VisualStudio.Debugger.ManagedEditAndContinueRemoteDebuggerService2.
02/18/2025 18:06:31 Central Standard Time : Information : Service 'Microsoft.VisualStudio.Debugger.ManagedEditAndContinueRemoteDebuggerService+Factory' implements IServiceHubServiceFactory. Creating factory instance and caching it.
02/18/2025 18:06:31 Central Standard Time : Information : Creating service Microsoft.VisualStudio.Debugger.ManagedEditAndContinueRemoteDebuggerService+Factory from factory with FactoryVersion=Version2 and ClientRequestedVersion=0.1.
02/18/2025 18:06:31 Central Standard Time : Information : Setting up RPC connection for service 'Microsoft.VisualStudio.Debugger.ManagedEditAndContinueRemoteDebuggerService+Factory' from factory
02/18/2025 18:06:31 Central Standard Time : Information : Completed RPC connection setup for service 'Microsoft.VisualStudio.Debugger.ManagedEditAndContinueRemoteDebuggerService+Factory' from factory
02/18/2025 18:06:31 Central Standard Time : Information : hubHostClr read: Content-Length: 1046

{"jsonrpc":"2.0","id":14,"method":"StartServiceAsync","params":[{"name":"Microsoft.VisualStudio.Debugger.ManagedEditAndContinueCsDevKitEngineService2","host":"dotnet","hostId":"C94B8CFE-E3FD-4BAF-A941-2866DBB566FE","serviceBaseDirectory":"/Users/coycrowder/.vscode/extensions/ms-dotnettools.csdevkit-1.16.6-darwin-x64/components/VSDebugCore/platforms/darwin-x64/node_modules/@microsoft/visualstudio-debugger-devkit.darwin-x64","entryPoint":{"assemblyPath":"/Users/coycrowder/.vscode/extensions/ms-dotnettools.csdevkit-1.16.6-darwin-x64/components/VSDebugCore/platforms/darwin-x64/node_modules/@microsoft/visualstudio-debugger-devkit.darwin-x64/Microsoft.VisualStudio.Debugger.DevKit.dll","fullClassName":"Microsoft.VisualStudio.Debugger.ManagedEditAndContinueCsDevKitEngineService+Factory"}},{"ActivationArguments":{"__servicehub__ServiceHubRemoteServiceBrokerPipeName":"/Users/coycrowder/.ServiceHub/592d441838/1f36a46a4e","__servicehub__RequestedServiceVersion":"0.1"},"ClientCredentials":{},"ClientCulture":"en-US","ClientUICulture":"en-US"}]}
02/18/2025 18:06:31 Central Standard Time : Information : CLR host received start request for service 'Microsoft.VisualStudio.Debugger.ManagedEditAndContinueCsDevKitEngineService2'
02/18/2025 18:06:31 Central Standard Time : Information : Loading service module assembly '/Users/coycrowder/.vscode/extensions/ms-dotnettools.csdevkit-1.16.6-darwin-x64/components/VSDebugCore/platforms/darwin-x64/node_modules/@microsoft/visualstudio-debugger-devkit.darwin-x64/Microsoft.VisualStudio.Debugger.DevKit.dll' from '/Users/coycrowder/.vscode/extensions/ms-dotnettools.csdevkit-1.16.6-darwin-x64/components/VSDebugCore/platforms/darwin-x64/node_modules/@microsoft/visualstudio-debugger-devkit.darwin-x64'
02/18/2025 18:06:31 Central Standard Time : Information : Starting service module 'Microsoft.VisualStudio.Debugger.ManagedEditAndContinueCsDevKitEngineService2'. Class: Microsoft.VisualStudio.Debugger.ManagedEditAndContinueCsDevKitEngineService+Factory, Supported Version: 
02/18/2025 18:06:31 Central Standard Time : Information : Started service 'Microsoft.VisualStudio.Debugger.ManagedEditAndContinueCsDevKitEngineService2'. Pipe name: /Users/coycrowder/.ServiceHub/592d441838/be2900a33c, Supported Version: 
02/18/2025 18:06:31 Central Standard Time : Information : hubHostClr write: Content-Length: 88

{"jsonrpc":"2.0","id":14,"result":"/Users/coycrowder/.ServiceHub/592d441838/be2900a33c"}
02/18/2025 18:06:31 Central Standard Time : Information : A new client connected to CLR service module 'Microsoft.VisualStudio.Debugger.ManagedEditAndContinueCsDevKitEngineService2'
02/18/2025 18:06:31 Central Standard Time : Information : Found FactoryVersion=Version2 for service : Microsoft.VisualStudio.Debugger.ManagedEditAndContinueCsDevKitEngineService2.
02/18/2025 18:06:31 Central Standard Time : Information : Service 'Microsoft.VisualStudio.Debugger.ManagedEditAndContinueCsDevKitEngineService+Factory' implements IServiceHubServiceFactory. Creating factory instance and caching it.
02/18/2025 18:06:31 Central Standard Time : Information : Creating service Microsoft.VisualStudio.Debugger.ManagedEditAndContinueCsDevKitEngineService+Factory from factory with FactoryVersion=Version2 and ClientRequestedVersion=0.1.
02/18/2025 18:06:31 Central Standard Time : Information : Setting up RPC connection for service 'Microsoft.VisualStudio.Debugger.ManagedEditAndContinueCsDevKitEngineService+Factory' from factory
02/18/2025 18:06:31 Central Standard Time : Information : Completed RPC connection setup for service 'Microsoft.VisualStudio.Debugger.ManagedEditAndContinueCsDevKitEngineService+Factory' from factory
02/18/2025 19:46:39 Central Standard Time : Information : Checking if 'Microsoft.VisualStudio.Debugger.ManagedEditAndContinueCsDevKitEngineService+Factory' implements Microsoft.VisualStudio.Threading.IAsyncDisposable.
02/18/2025 19:46:39 Central Standard Time : Information : Checking if 'Microsoft.VisualStudio.Debugger.ManagedEditAndContinueCsDevKitEngineService+Factory' implements System.IAsyncDisposable.
02/18/2025 19:46:39 Central Standard Time : Information : Checking if 'Microsoft.VisualStudio.Debugger.ManagedEditAndContinueCsDevKitEngineService+Factory' implements System.IDisposable.
02/18/2025 19:46:39 Central Standard Time : Information : Checking if 'Microsoft.VisualStudio.Debugger.ManagedEditAndContinueRemoteDebuggerService+Factory' implements Microsoft.VisualStudio.Threading.IAsyncDisposable.
02/18/2025 19:46:39 Central Standard Time : Information : Checking if 'Microsoft.VisualStudio.Debugger.ManagedEditAndContinueRemoteDebuggerService+Factory' implements System.IAsyncDisposable.
02/18/2025 19:46:39 Central Standard Time : Information : Checking if 'Microsoft.VisualStudio.Debugger.ManagedEditAndContinueRemoteDebuggerService+Factory' implements System.IDisposable.
02/18/2025 19:46:39 Central Standard Time : Information : Checking if 'Microsoft.VisualStudio.TestWindow.VSCode.Service.TestWindowVSCodeServiceFactory' implements Microsoft.VisualStudio.Threading.IAsyncDisposable.
02/18/2025 19:46:39 Central Standard Time : Information : Checking if 'Microsoft.VisualStudio.TestWindow.VSCode.Service.TestWindowVSCodeServiceFactory' implements System.IAsyncDisposable.
02/18/2025 19:46:39 Central Standard Time : Information : Checking if 'Microsoft.VisualStudio.TestWindow.VSCode.Service.TestWindowVSCodeServiceFactory' implements System.IDisposable.
02/18/2025 19:46:39 Central Standard Time : Information : Checking if 'Microsoft.VisualStudio.TestWindow.VSCode.ProjectSystemProvider.Service.ProjectSystemProviderServiceFactory' implements Microsoft.VisualStudio.Threading.IAsyncDisposable.
02/18/2025 19:46:39 Central Standard Time : Information : Checking if 'Microsoft.VisualStudio.TestWindow.VSCode.ProjectSystemProvider.Service.ProjectSystemProviderServiceFactory' implements System.IAsyncDisposable.
02/18/2025 19:46:39 Central Standard Time : Information : Checking if 'Microsoft.VisualStudio.TestWindow.VSCode.ProjectSystemProvider.Service.ProjectSystemProviderServiceFactory' implements System.IDisposable.
02/18/2025 19:46:39 Central Standard Time : Information : Checking if 'Microsoft.VisualStudio.Debugger.HotReloadSessionNotificationService+Factory' implements Microsoft.VisualStudio.Threading.IAsyncDisposable.
02/18/2025 19:46:39 Central Standard Time : Information : Checking if 'Microsoft.VisualStudio.Debugger.HotReloadSessionNotificationService+Factory' implements System.IAsyncDisposable.
02/18/2025 19:46:39 Central Standard Time : Information : Checking if 'Microsoft.VisualStudio.Debugger.HotReloadSessionNotificationService+Factory' implements System.IDisposable.
02/18/2025 19:46:39 Central Standard Time : Information : hubHostClr write: Content-Length: 108

{"jsonrpc":"2.0","method":"HostServicesEndedAsync","params":["dotnet$C94B8CFE-E3FD-4BAF-A941-2866DBB566FE"]}
02/18/2025 19:46:39 Central Standard Time : Information : hubHostClr read: Content-Length: 58

{"jsonrpc":"2.0","id":15,"method":"ExitAsync","params":[]}
02/18/2025 19:46:39 Central Standard Time : Information : Exit command received. Exiting CLR host
02/18/2025 19:46:39 Central Standard Time : Information : hubHostClr JSON RPC has been disposed
02/18/2025 19:46:39 Central Standard Time : Information : hubHostClr write: Content-Length: 39

{"jsonrpc":"2.0","id":15,"result":null}
02/18/2025 19:46:39 Central Standard Time : Information : hubHostClr read: end of stream
