09/29/2024 23:18:44 Central Standard Time : Information : Local timezone is (UTC-06:00) Central Time (Chicago)
09/29/2024 23:18:44 Central Standard Time : Information : Added local RPC method "getPipe" -> Microsoft.VisualStudio.Utilities.ServiceBroker.GlobalBrokeredServiceContainer+View.GetPipeAsync(ServiceMoniker, ServiceActivationOptions, CancellationToken) (Microsoft.VisualStudio.Utilities.ServiceBroker.GlobalBrokeredServiceContainer+View)
09/29/2024 23:18:44 Central Standard Time : Information : Added local RPC method "getProxy" -> Microsoft.VisualStudio.Utilities.ServiceBroker.GlobalBrokeredServiceContainer+View.GetProxyAsync(ServiceRpcDescriptor, ServiceActivationOptions, CancellationToken) (Microsoft.VisualStudio.Utilities.ServiceBroker.GlobalBrokeredServiceContainer+View)
09/29/2024 23:18:44 Central Standard Time : Information : Added local RPC method "handshake" -> Microsoft.VisualStudio.Utilities.ServiceBroker.GlobalBrokeredServiceContainer+View.HandshakeAsync(ServiceBrokerClientMetadata, CancellationToken) (Microsoft.VisualStudio.Utilities.ServiceBroker.GlobalBrokeredServiceContainer+View)
09/29/2024 23:18:44 Central Standard Time : Information : Added local RPC method "requestServiceChannel" -> Microsoft.VisualStudio.Utilities.ServiceBroker.GlobalBrokeredServiceContainer+View.RequestServiceChannelAsync(ServiceMoniker, ServiceActivationOptions, CancellationToken) (Microsoft.VisualStudio.Utilities.ServiceBroker.GlobalBrokeredServiceContainer+View)
09/29/2024 23:18:44 Central Standard Time : Information : Added local RPC method "cancelServiceRequest" -> Microsoft.VisualStudio.Utilities.ServiceBroker.GlobalBrokeredServiceContainer+View.CancelServiceRequestAsync(Guid) (Microsoft.VisualStudio.Utilities.ServiceBroker.GlobalBrokeredServiceContainer+View)
09/29/2024 23:18:44 Central Standard Time : Information : Added local RPC method "getPipe" -> Microsoft.VisualStudio.Utilities.ServiceBroker.GlobalBrokeredServiceContainer+View.GetPipeAsync(ServiceMoniker, ServiceActivationOptions, CancellationToken) (Microsoft.VisualStudio.Utilities.ServiceBroker.GlobalBrokeredServiceContainer+View)
09/29/2024 23:18:44 Central Standard Time : Information : Added local RPC method "getProxy" -> Microsoft.VisualStudio.Utilities.ServiceBroker.GlobalBrokeredServiceContainer+View.GetProxyAsync(ServiceRpcDescriptor, ServiceActivationOptions, CancellationToken) (Microsoft.VisualStudio.Utilities.ServiceBroker.GlobalBrokeredServiceContainer+View)
09/29/2024 23:18:44 Central Standard Time : Information : Added local RPC method "handshake" -> Microsoft.VisualStudio.Utilities.ServiceBroker.GlobalBrokeredServiceContainer+View.HandshakeAsync(ServiceBrokerClientMetadata, CancellationToken) (Microsoft.VisualStudio.Utilities.ServiceBroker.GlobalBrokeredServiceContainer+View)
09/29/2024 23:18:44 Central Standard Time : Information : Added local RPC method "requestServiceChannel" -> Microsoft.VisualStudio.Utilities.ServiceBroker.GlobalBrokeredServiceContainer+View.RequestServiceChannelAsync(ServiceMoniker, ServiceActivationOptions, CancellationToken) (Microsoft.VisualStudio.Utilities.ServiceBroker.GlobalBrokeredServiceContainer+View)
09/29/2024 23:18:44 Central Standard Time : Information : Added local RPC method "cancelServiceRequest" -> Microsoft.VisualStudio.Utilities.ServiceBroker.GlobalBrokeredServiceContainer+View.CancelServiceRequestAsync(Guid) (Microsoft.VisualStudio.Utilities.ServiceBroker.GlobalBrokeredServiceContainer+View)
09/29/2024 23:18:44 Central Standard Time: Information : 2 :Listening for events from Microsoft.VisualStudio.Utilities.ServiceBroker.GlobalBrokeredServiceContainer+View.AvailabilityChanged to raise notification.
09/29/2024 23:18:44 Central Standard Time: Information : 3 :Listening started.
09/29/2024 23:18:44 Central Standard Time: Information : 7 :{"id":2,"method":"handshake"}
09/29/2024 23:18:44 Central Standard Time: Information : 6 :Received request "2" for method "handshake".
09/29/2024 23:18:44 Central Standard Time: Information : 9 :Invoking Microsoft.VisualStudio.Utilities.ServiceBroker.GlobalBrokeredServiceContainer+View.HandshakeAsync(ServiceBrokerClientMetadata, CancellationToken)
09/29/2024 23:18:44 Central Standard Time : Start : handshake
09/29/2024 23:18:44 Central Standard Time : Stop : handshake
09/29/2024 23:18:44 Central Standard Time: Information : 8 :{"id":2}
09/29/2024 23:18:44 Central Standard Time: Information : 7 :{"id":3,"method":"requestServiceChannel"}
09/29/2024 23:18:44 Central Standard Time: Information : 6 :Received request "3" for method "requestServiceChannel".
09/29/2024 23:18:44 Central Standard Time: Information : 9 :Invoking Microsoft.VisualStudio.Utilities.ServiceBroker.GlobalBrokeredServiceContainer+View.RequestServiceChannelAsync(ServiceMoniker, ServiceActivationOptions, CancellationToken)
09/29/2024 23:18:44 Central Standard Time : Start : requestServiceChannel
09/29/2024 23:18:44 Central Standard Time : Stop : requestServiceChannel
09/29/2024 23:18:44 Central Standard Time: Information : 8 :{"id":3}
09/29/2024 23:18:44 Central Standard Time: Information : 7 :{"id":4,"method":"requestServiceChannel"}
09/29/2024 23:18:44 Central Standard Time: Information : 6 :Received request "4" for method "requestServiceChannel".
09/29/2024 23:18:44 Central Standard Time: Information : 9 :Invoking Microsoft.VisualStudio.Utilities.ServiceBroker.GlobalBrokeredServiceContainer+View.RequestServiceChannelAsync(ServiceMoniker, ServiceActivationOptions, CancellationToken)
09/29/2024 23:18:44 Central Standard Time : Transfer : Transfer, relatedActivityId=a577e3eb-5171-4b0c-84cb-4bf08869aeee
09/29/2024 23:18:44 Central Standard Time : Start : requestServiceChannel
09/29/2024 23:18:44 Central Standard Time : Stop : requestServiceChannel
09/29/2024 23:18:44 Central Standard Time : Transfer : Transfer, relatedActivityId=60546604-f2ea-4cb3-a8f7-baf514cfa7ab
09/29/2024 23:18:44 Central Standard Time: Information : 8 :{"id":4}
09/29/2024 23:18:45 Central Standard Time: Information : 7 :{"id":5,"method":"requestServiceChannel"}
09/29/2024 23:18:45 Central Standard Time: Information : 6 :Received request "5" for method "requestServiceChannel".
09/29/2024 23:18:45 Central Standard Time: Information : 9 :Invoking Microsoft.VisualStudio.Utilities.ServiceBroker.GlobalBrokeredServiceContainer+View.RequestServiceChannelAsync(ServiceMoniker, ServiceActivationOptions, CancellationToken)
09/29/2024 23:18:45 Central Standard Time : Transfer : Transfer, relatedActivityId=d9839b54-206a-41c7-81dc-894306d103c7
09/29/2024 23:18:45 Central Standard Time : Start : requestServiceChannel
09/29/2024 23:18:45 Central Standard Time : Stop : requestServiceChannel
09/29/2024 23:18:45 Central Standard Time : Transfer : Transfer, relatedActivityId=60546604-f2ea-4cb3-a8f7-baf514cfa7ab
09/29/2024 23:18:45 Central Standard Time: Information : 8 :{"id":5}
