10/29/2024 23:38:36 Central Standard Time : Information : Local timezone is (UTC-06:00) Central Time (Chicago)
10/29/2024 23:38:36 Central Standard Time : Information : Added local RPC method "getPipe" -> Microsoft.VisualStudio.Utilities.ServiceBroker.GlobalBrokeredServiceContainer+View.GetPipeAsync(ServiceMoniker, ServiceActivationOptions, CancellationToken) (Microsoft.VisualStudio.Utilities.ServiceBroker.GlobalBrokeredServiceContainer+View)
10/29/2024 23:38:36 Central Standard Time : Information : Added local RPC method "getProxy" -> Microsoft.VisualStudio.Utilities.ServiceBroker.GlobalBrokeredServiceContainer+View.GetProxyAsync(ServiceRpcDescriptor, ServiceActivationOptions, CancellationToken) (Microsoft.VisualStudio.Utilities.ServiceBroker.GlobalBrokeredServiceContainer+View)
10/29/2024 23:38:36 Central Standard Time : Information : Added local RPC method "handshake" -> Microsoft.VisualStudio.Utilities.ServiceBroker.GlobalBrokeredServiceContainer+View.HandshakeAsync(ServiceBrokerClientMetadata, CancellationToken) (Microsoft.VisualStudio.Utilities.ServiceBroker.GlobalBrokeredServiceContainer+View)
10/29/2024 23:38:36 Central Standard Time : Information : Added local RPC method "requestServiceChannel" -> Microsoft.VisualStudio.Utilities.ServiceBroker.GlobalBrokeredServiceContainer+View.RequestServiceChannelAsync(ServiceMoniker, ServiceActivationOptions, CancellationToken) (Microsoft.VisualStudio.Utilities.ServiceBroker.GlobalBrokeredServiceContainer+View)
10/29/2024 23:38:36 Central Standard Time : Information : Added local RPC method "cancelServiceRequest" -> Microsoft.VisualStudio.Utilities.ServiceBroker.GlobalBrokeredServiceContainer+View.CancelServiceRequestAsync(Guid) (Microsoft.VisualStudio.Utilities.ServiceBroker.GlobalBrokeredServiceContainer+View)
10/29/2024 23:38:36 Central Standard Time : Information : Added local RPC method "getPipe" -> Microsoft.VisualStudio.Utilities.ServiceBroker.GlobalBrokeredServiceContainer+View.GetPipeAsync(ServiceMoniker, ServiceActivationOptions, CancellationToken) (Microsoft.VisualStudio.Utilities.ServiceBroker.GlobalBrokeredServiceContainer+View)
10/29/2024 23:38:36 Central Standard Time : Information : Added local RPC method "getProxy" -> Microsoft.VisualStudio.Utilities.ServiceBroker.GlobalBrokeredServiceContainer+View.GetProxyAsync(ServiceRpcDescriptor, ServiceActivationOptions, CancellationToken) (Microsoft.VisualStudio.Utilities.ServiceBroker.GlobalBrokeredServiceContainer+View)
10/29/2024 23:38:36 Central Standard Time : Information : Added local RPC method "handshake" -> Microsoft.VisualStudio.Utilities.ServiceBroker.GlobalBrokeredServiceContainer+View.HandshakeAsync(ServiceBrokerClientMetadata, CancellationToken) (Microsoft.VisualStudio.Utilities.ServiceBroker.GlobalBrokeredServiceContainer+View)
10/29/2024 23:38:36 Central Standard Time : Information : Added local RPC method "requestServiceChannel" -> Microsoft.VisualStudio.Utilities.ServiceBroker.GlobalBrokeredServiceContainer+View.RequestServiceChannelAsync(ServiceMoniker, ServiceActivationOptions, CancellationToken) (Microsoft.VisualStudio.Utilities.ServiceBroker.GlobalBrokeredServiceContainer+View)
10/29/2024 23:38:36 Central Standard Time : Information : Added local RPC method "cancelServiceRequest" -> Microsoft.VisualStudio.Utilities.ServiceBroker.GlobalBrokeredServiceContainer+View.CancelServiceRequestAsync(Guid) (Microsoft.VisualStudio.Utilities.ServiceBroker.GlobalBrokeredServiceContainer+View)
10/29/2024 23:38:36 Central Standard Time: Information : 2 :Listening for events from Microsoft.VisualStudio.Utilities.ServiceBroker.GlobalBrokeredServiceContainer+View.AvailabilityChanged to raise notification.
10/29/2024 23:38:36 Central Standard Time: Information : 3 :Listening started.
10/29/2024 23:38:36 Central Standard Time: Information : 7 :{"id":2,"method":"handshake"}
10/29/2024 23:38:36 Central Standard Time: Information : 6 :Received request "2" for method "handshake".
10/29/2024 23:38:36 Central Standard Time: Information : 9 :Invoking Microsoft.VisualStudio.Utilities.ServiceBroker.GlobalBrokeredServiceContainer+View.HandshakeAsync(ServiceBrokerClientMetadata, CancellationToken)
10/29/2024 23:38:36 Central Standard Time : Start : handshake
10/29/2024 23:38:36 Central Standard Time : Stop : handshake
10/29/2024 23:38:36 Central Standard Time: Information : 8 :{"id":2}
10/29/2024 23:38:36 Central Standard Time: Information : 7 :{"id":3,"method":"requestServiceChannel"}
10/29/2024 23:38:36 Central Standard Time: Information : 6 :Received request "3" for method "requestServiceChannel".
10/29/2024 23:38:36 Central Standard Time: Information : 9 :Invoking Microsoft.VisualStudio.Utilities.ServiceBroker.GlobalBrokeredServiceContainer+View.RequestServiceChannelAsync(ServiceMoniker, ServiceActivationOptions, CancellationToken)
10/29/2024 23:38:36 Central Standard Time : Start : requestServiceChannel
10/29/2024 23:38:36 Central Standard Time : Stop : requestServiceChannel
10/29/2024 23:38:36 Central Standard Time: Information : 8 :{"id":3}
10/29/2024 23:38:36 Central Standard Time: Information : 7 :{"id":4,"method":"requestServiceChannel"}
10/29/2024 23:38:36 Central Standard Time: Information : 6 :Received request "4" for method "requestServiceChannel".
10/29/2024 23:38:36 Central Standard Time: Information : 9 :Invoking Microsoft.VisualStudio.Utilities.ServiceBroker.GlobalBrokeredServiceContainer+View.RequestServiceChannelAsync(ServiceMoniker, ServiceActivationOptions, CancellationToken)
10/29/2024 23:38:36 Central Standard Time : Transfer : Transfer, relatedActivityId=3189903d-c43e-4d27-a8e6-f96dbd08bc2a
10/29/2024 23:38:36 Central Standard Time : Start : requestServiceChannel
10/29/2024 23:38:36 Central Standard Time : Stop : requestServiceChannel
10/29/2024 23:38:36 Central Standard Time : Transfer : Transfer, relatedActivityId=9d2fc56e-083d-4b8b-b70c-52a49ba2b781
10/29/2024 23:38:36 Central Standard Time: Information : 8 :{"id":4}
10/29/2024 23:38:36 Central Standard Time: Information : 7 :{"id":5,"method":"requestServiceChannel"}
10/29/2024 23:38:36 Central Standard Time: Information : 6 :Received request "5" for method "requestServiceChannel".
10/29/2024 23:38:36 Central Standard Time: Information : 9 :Invoking Microsoft.VisualStudio.Utilities.ServiceBroker.GlobalBrokeredServiceContainer+View.RequestServiceChannelAsync(ServiceMoniker, ServiceActivationOptions, CancellationToken)
10/29/2024 23:38:36 Central Standard Time : Transfer : Transfer, relatedActivityId=194475bc-c63a-4a16-9112-9c6c5b48bbc5
10/29/2024 23:38:36 Central Standard Time : Start : requestServiceChannel
10/29/2024 23:38:36 Central Standard Time : Stop : requestServiceChannel
10/29/2024 23:38:36 Central Standard Time : Transfer : Transfer, relatedActivityId=9d2fc56e-083d-4b8b-b70c-52a49ba2b781
10/29/2024 23:38:36 Central Standard Time: Information : 8 :{"id":5}
