11/09/2024 13:51:13 Central Standard Time : Information : Local timezone is (UTC-06:00) Central Time (Chicago)
11/09/2024 13:51:16 Central Standard Time : Information : VsHubClient-hubController write: Content-Length: 108

{"jsonrpc":"2.0","id":2,"method":"UpdateClientInfoAsync","params":[{"clientName":"VsHubClient","pid":1642}]}
11/09/2024 13:51:16 Central Standard Time : Information : VsHubClient-hubController read: Content-Length: 441

{"jsonrpc":"2.0","id":2,"result":{"ClientWatchServerName":"net.pipe://16547A79FA","ControllerConfig":{"Executable":"/Users/coycrowder/.vscode/extensions/ms-dotnettools.csdevkit-1.11.14-darwin-x64/components/vs-green-server/platforms/darwin-x64/node_modules/@microsoft/servicehub-controller-net60.darwin-x64/Microsoft.ServiceHub.Controller","Args":["cba76ce264"],"PipeName":"cba76ce264"},"HostsConfig":{"RootDir":".","AppConfigFallback":""}}}
11/09/2024 13:51:16 Central Standard Time : Information : Connected to Hub Controller's client watch 'net.pipe://16547A79FA
11/09/2024 13:51:17 Central Standard Time : Information : VsHubClient-hubController write: Content-Length: 108

{"jsonrpc":"2.0","id":2,"method":"UpdateClientInfoAsync","params":[{"clientName":"VsHubClient","pid":1642}]}
11/09/2024 13:51:17 Central Standard Time : Information : VsHubClient-hubController read: Content-Length: 441

{"jsonrpc":"2.0","id":2,"result":{"ClientWatchServerName":"net.pipe://16547A79FA","ControllerConfig":{"Executable":"/Users/coycrowder/.vscode/extensions/ms-dotnettools.csdevkit-1.11.14-darwin-x64/components/vs-green-server/platforms/darwin-x64/node_modules/@microsoft/servicehub-controller-net60.darwin-x64/Microsoft.ServiceHub.Controller","Args":["cba76ce264"],"PipeName":"cba76ce264"},"HostsConfig":{"RootDir":".","AppConfigFallback":""}}}
11/09/2024 13:51:17 Central Standard Time : Information : VsHubClient-hubController write: Content-Length: 793

{"jsonrpc":"2.0","id":3,"method":"RegisterServiceAsync","params":[{"Name":"Microsoft.VisualStudio.CpsProjectIconSourceService"},{"host":"dotnet.projectSystem","hostId":"C94B8CFE-E3FD-4BAF-A941-2866DBB566FE","serviceBaseDirectory":"/Users/coycrowder/.vscode/extensions/ms-dotnettools.csdevkit-1.11.14-darwin-x64/components/CPS/platforms/darwin-x64/node_modules/@microsoft/visualstudio-projectsystem-server.darwin-x64","entryPoint":{"assemblyPath":"/Users/coycrowder/.vscode/extensions/ms-dotnettools.csdevkit-1.11.14-darwin-x64/components/CPS/platforms/darwin-x64/node_modules/@microsoft/visualstudio-projectsystem-server.darwin-x64/Microsoft.VisualStudio.ProjectSystem.Server.Implementation.dll","fullClassName":"Microsoft.VisualStudio.ProjectSystem.Server.ProjectIconSourceServiceFactory"}}]}
11/09/2024 13:51:17 Central Standard Time : Information : VsHubClient-hubController read: Content-Length: 38

{"jsonrpc":"2.0","id":3,"result":null}
11/09/2024 13:51:17 Central Standard Time : Information : VsHubClient-hubController write: Content-Length: 108

{"jsonrpc":"2.0","id":2,"method":"UpdateClientInfoAsync","params":[{"clientName":"VsHubClient","pid":1642}]}
11/09/2024 13:51:17 Central Standard Time : Information : VsHubClient-hubController read: Content-Length: 441

{"jsonrpc":"2.0","id":2,"result":{"ClientWatchServerName":"net.pipe://16547A79FA","ControllerConfig":{"Executable":"/Users/coycrowder/.vscode/extensions/ms-dotnettools.csdevkit-1.11.14-darwin-x64/components/vs-green-server/platforms/darwin-x64/node_modules/@microsoft/servicehub-controller-net60.darwin-x64/Microsoft.ServiceHub.Controller","Args":["cba76ce264"],"PipeName":"cba76ce264"},"HostsConfig":{"RootDir":".","AppConfigFallback":""}}}
11/09/2024 13:51:17 Central Standard Time : Information : VsHubClient-hubController write: Content-Length: 794

{"jsonrpc":"2.0","id":3,"method":"RegisterServiceAsync","params":[{"Name":"Microsoft.VisualStudio.LaunchConfigurationService"},{"host":"dotnet.projectSystem","hostId":"C94B8CFE-E3FD-4BAF-A941-2866DBB566FE","serviceBaseDirectory":"/Users/coycrowder/.vscode/extensions/ms-dotnettools.csdevkit-1.11.14-darwin-x64/components/CPS/platforms/darwin-x64/node_modules/@microsoft/visualstudio-projectsystem-server.darwin-x64","entryPoint":{"assemblyPath":"/Users/coycrowder/.vscode/extensions/ms-dotnettools.csdevkit-1.11.14-darwin-x64/components/CPS/platforms/darwin-x64/node_modules/@microsoft/visualstudio-projectsystem-server.darwin-x64/Microsoft.VisualStudio.ProjectSystem.Server.Implementation.dll","fullClassName":"Microsoft.VisualStudio.ProjectSystem.Server.LaunchConfigurationServiceFactory"}}]}
11/09/2024 13:51:17 Central Standard Time : Information : VsHubClient-hubController read: Content-Length: 38

{"jsonrpc":"2.0","id":3,"result":null}
11/09/2024 13:51:17 Central Standard Time : Information : VsHubClient-hubController write: Content-Length: 108

{"jsonrpc":"2.0","id":2,"method":"UpdateClientInfoAsync","params":[{"clientName":"VsHubClient","pid":1642}]}
11/09/2024 13:51:17 Central Standard Time : Information : VsHubClient-hubController read: Content-Length: 441

{"jsonrpc":"2.0","id":2,"result":{"ClientWatchServerName":"net.pipe://16547A79FA","ControllerConfig":{"Executable":"/Users/coycrowder/.vscode/extensions/ms-dotnettools.csdevkit-1.11.14-darwin-x64/components/vs-green-server/platforms/darwin-x64/node_modules/@microsoft/servicehub-controller-net60.darwin-x64/Microsoft.ServiceHub.Controller","Args":["cba76ce264"],"PipeName":"cba76ce264"},"HostsConfig":{"RootDir":".","AppConfigFallback":""}}}
11/09/2024 13:51:17 Central Standard Time : Information : VsHubClient-hubController write: Content-Length: 792

{"jsonrpc":"2.0","id":3,"method":"RegisterServiceAsync","params":[{"Name":"Microsoft.VisualStudio.ProjectSystem.CompositionService"},{"host":"dotnet.projectSystem","hostId":"C94B8CFE-E3FD-4BAF-A941-2866DBB566FE","serviceBaseDirectory":"/Users/coycrowder/.vscode/extensions/ms-dotnettools.csdevkit-1.11.14-darwin-x64/components/CPS/platforms/darwin-x64/node_modules/@microsoft/visualstudio-projectsystem-server.darwin-x64","entryPoint":{"assemblyPath":"/Users/coycrowder/.vscode/extensions/ms-dotnettools.csdevkit-1.11.14-darwin-x64/components/CPS/platforms/darwin-x64/node_modules/@microsoft/visualstudio-projectsystem-server.darwin-x64/Microsoft.VisualStudio.ProjectSystem.Server.Implementation.dll","fullClassName":"Microsoft.VisualStudio.ProjectSystem.Server.CompositionServiceFactory"}}]}
11/09/2024 13:51:17 Central Standard Time : Information : VsHubClient-hubController read: Content-Length: 38

{"jsonrpc":"2.0","id":3,"result":null}
11/09/2024 13:51:17 Central Standard Time : Information : VsHubClient-hubController write: Content-Length: 108

{"jsonrpc":"2.0","id":2,"method":"UpdateClientInfoAsync","params":[{"clientName":"VsHubClient","pid":1642}]}
11/09/2024 13:51:17 Central Standard Time : Information : VsHubClient-hubController read: Content-Length: 441

{"jsonrpc":"2.0","id":2,"result":{"ClientWatchServerName":"net.pipe://16547A79FA","ControllerConfig":{"Executable":"/Users/coycrowder/.vscode/extensions/ms-dotnettools.csdevkit-1.11.14-darwin-x64/components/vs-green-server/platforms/darwin-x64/node_modules/@microsoft/servicehub-controller-net60.darwin-x64/Microsoft.ServiceHub.Controller","Args":["cba76ce264"],"PipeName":"cba76ce264"},"HostsConfig":{"RootDir":".","AppConfigFallback":""}}}
11/09/2024 13:51:17 Central Standard Time : Information : VsHubClient-hubController write: Content-Length: 824

{"jsonrpc":"2.0","id":3,"method":"RegisterServiceAsync","params":[{"Name":"Microsoft.VisualStudio.ProjectSystem.ProjectInitializationStatusService"},{"host":"dotnet.projectSystem","hostId":"C94B8CFE-E3FD-4BAF-A941-2866DBB566FE","serviceBaseDirectory":"/Users/coycrowder/.vscode/extensions/ms-dotnettools.csdevkit-1.11.14-darwin-x64/components/CPS/platforms/darwin-x64/node_modules/@microsoft/visualstudio-projectsystem-server.darwin-x64","entryPoint":{"assemblyPath":"/Users/coycrowder/.vscode/extensions/ms-dotnettools.csdevkit-1.11.14-darwin-x64/components/CPS/platforms/darwin-x64/node_modules/@microsoft/visualstudio-projectsystem-server.darwin-x64/Microsoft.VisualStudio.ProjectSystem.Server.Implementation.dll","fullClassName":"Microsoft.VisualStudio.ProjectSystem.Server.ProjectInitializationStatusServiceFactory"}}]}
11/09/2024 13:51:17 Central Standard Time : Information : VsHubClient-hubController read: Content-Length: 38

{"jsonrpc":"2.0","id":3,"result":null}
11/09/2024 13:51:17 Central Standard Time : Information : VsHubClient-hubController write: Content-Length: 108

{"jsonrpc":"2.0","id":2,"method":"UpdateClientInfoAsync","params":[{"clientName":"VsHubClient","pid":1642}]}
11/09/2024 13:51:17 Central Standard Time : Information : VsHubClient-hubController read: Content-Length: 441

{"jsonrpc":"2.0","id":2,"result":{"ClientWatchServerName":"net.pipe://16547A79FA","ControllerConfig":{"Executable":"/Users/coycrowder/.vscode/extensions/ms-dotnettools.csdevkit-1.11.14-darwin-x64/components/vs-green-server/platforms/darwin-x64/node_modules/@microsoft/servicehub-controller-net60.darwin-x64/Microsoft.ServiceHub.Controller","Args":["cba76ce264"],"PipeName":"cba76ce264"},"HostsConfig":{"RootDir":".","AppConfigFallback":""}}}
11/09/2024 13:51:17 Central Standard Time : Information : VsHubClient-hubController write: Content-Length: 794

{"jsonrpc":"2.0","id":3,"method":"RegisterServiceAsync","params":[{"Name":"Microsoft.VisualStudio.ProjectSystem.ProjectTreeProvider"},{"host":"dotnet.projectSystem","hostId":"C94B8CFE-E3FD-4BAF-A941-2866DBB566FE","serviceBaseDirectory":"/Users/coycrowder/.vscode/extensions/ms-dotnettools.csdevkit-1.11.14-darwin-x64/components/CPS/platforms/darwin-x64/node_modules/@microsoft/visualstudio-projectsystem-server.darwin-x64","entryPoint":{"assemblyPath":"/Users/coycrowder/.vscode/extensions/ms-dotnettools.csdevkit-1.11.14-darwin-x64/components/CPS/platforms/darwin-x64/node_modules/@microsoft/visualstudio-projectsystem-server.darwin-x64/Microsoft.VisualStudio.ProjectSystem.Server.Implementation.dll","fullClassName":"Microsoft.VisualStudio.ProjectSystem.Server.ProjectTreeProviderFactory"}}]}
11/09/2024 13:51:17 Central Standard Time : Information : VsHubClient-hubController read: Content-Length: 38

{"jsonrpc":"2.0","id":3,"result":null}
11/09/2024 13:51:17 Central Standard Time : Information : VsHubClient-hubController write: Content-Length: 108

{"jsonrpc":"2.0","id":2,"method":"UpdateClientInfoAsync","params":[{"clientName":"VsHubClient","pid":1642}]}
11/09/2024 13:51:17 Central Standard Time : Information : VsHubClient-hubController read: Content-Length: 441

{"jsonrpc":"2.0","id":2,"result":{"ClientWatchServerName":"net.pipe://16547A79FA","ControllerConfig":{"Executable":"/Users/coycrowder/.vscode/extensions/ms-dotnettools.csdevkit-1.11.14-darwin-x64/components/vs-green-server/platforms/darwin-x64/node_modules/@microsoft/servicehub-controller-net60.darwin-x64/Microsoft.ServiceHub.Controller","Args":["cba76ce264"],"PipeName":"cba76ce264"},"HostsConfig":{"RootDir":".","AppConfigFallback":""}}}
11/09/2024 13:51:17 Central Standard Time : Information : VsHubClient-hubController write: Content-Length: 813

{"jsonrpc":"2.0","id":3,"method":"RegisterServiceAsync","params":[{"Name":"Microsoft.VisualStudio.ProjectSystem.Query.Remoting.QueryExecutionService"},{"host":"dotnet.projectSystem","hostId":"C94B8CFE-E3FD-4BAF-A941-2866DBB566FE","serviceBaseDirectory":"/Users/coycrowder/.vscode/extensions/ms-dotnettools.csdevkit-1.11.14-darwin-x64/components/CPS/platforms/darwin-x64/node_modules/@microsoft/visualstudio-projectsystem-server.darwin-x64","entryPoint":{"assemblyPath":"/Users/coycrowder/.vscode/extensions/ms-dotnettools.csdevkit-1.11.14-darwin-x64/components/CPS/platforms/darwin-x64/node_modules/@microsoft/visualstudio-projectsystem-server.darwin-x64/Microsoft.VisualStudio.ProjectSystem.Server.Implementation.dll","fullClassName":"Microsoft.VisualStudio.ProjectSystem.Server.QueryExecutionServiceFactory"}}]}
11/09/2024 13:51:17 Central Standard Time : Information : VsHubClient-hubController read: Content-Length: 38

{"jsonrpc":"2.0","id":3,"result":null}
11/09/2024 13:51:17 Central Standard Time : Information : VsHubClient-hubController write: Content-Length: 108

{"jsonrpc":"2.0","id":2,"method":"UpdateClientInfoAsync","params":[{"clientName":"VsHubClient","pid":1642}]}
11/09/2024 13:51:17 Central Standard Time : Information : VsHubClient-hubController read: Content-Length: 441

{"jsonrpc":"2.0","id":2,"result":{"ClientWatchServerName":"net.pipe://16547A79FA","ControllerConfig":{"Executable":"/Users/coycrowder/.vscode/extensions/ms-dotnettools.csdevkit-1.11.14-darwin-x64/components/vs-green-server/platforms/darwin-x64/node_modules/@microsoft/servicehub-controller-net60.darwin-x64/Microsoft.ServiceHub.Controller","Args":["cba76ce264"],"PipeName":"cba76ce264"},"HostsConfig":{"RootDir":".","AppConfigFallback":""}}}
11/09/2024 13:51:17 Central Standard Time : Information : VsHubClient-hubController write: Content-Length: 774

{"jsonrpc":"2.0","id":3,"method":"RegisterServiceAsync","params":[{"Name":"Microsoft.VisualStudio.Debugger.AspireSessionSynchronizeService"},{"host":"dotnet","hostId":"C94B8CFE-E3FD-4BAF-A941-2866DBB566FE","serviceBaseDirectory":"/Users/coycrowder/.vscode/extensions/ms-dotnettools.csdevkit-1.11.14-darwin-x64/components/VSDebugCore/platforms/darwin-x64/node_modules/@microsoft/visualstudio-debugger-devkit.darwin-x64","entryPoint":{"assemblyPath":"/Users/coycrowder/.vscode/extensions/ms-dotnettools.csdevkit-1.11.14-darwin-x64/components/VSDebugCore/platforms/darwin-x64/node_modules/@microsoft/visualstudio-debugger-devkit.darwin-x64/Microsoft.VisualStudio.Debugger.DevKit.dll","fullClassName":"Microsoft.VisualStudio.Debugger.AspireSessionSynchronizeService+Factory"}}]}
11/09/2024 13:51:17 Central Standard Time : Information : VsHubClient-hubController read: Content-Length: 38

{"jsonrpc":"2.0","id":3,"result":null}
11/09/2024 13:51:17 Central Standard Time : Information : VsHubClient-hubController write: Content-Length: 108

{"jsonrpc":"2.0","id":2,"method":"UpdateClientInfoAsync","params":[{"clientName":"VsHubClient","pid":1642}]}
11/09/2024 13:51:17 Central Standard Time : Information : VsHubClient-hubController read: Content-Length: 441

{"jsonrpc":"2.0","id":2,"result":{"ClientWatchServerName":"net.pipe://16547A79FA","ControllerConfig":{"Executable":"/Users/coycrowder/.vscode/extensions/ms-dotnettools.csdevkit-1.11.14-darwin-x64/components/vs-green-server/platforms/darwin-x64/node_modules/@microsoft/servicehub-controller-net60.darwin-x64/Microsoft.ServiceHub.Controller","Args":["cba76ce264"],"PipeName":"cba76ce264"},"HostsConfig":{"RootDir":".","AppConfigFallback":""}}}
11/09/2024 13:51:17 Central Standard Time : Information : VsHubClient-hubController write: Content-Length: 782

{"jsonrpc":"2.0","id":3,"method":"RegisterServiceAsync","params":[{"Name":"Microsoft.VisualStudio.Debugger.GenericHotReloadAgentManagerService"},{"host":"dotnet","hostId":"C94B8CFE-E3FD-4BAF-A941-2866DBB566FE","serviceBaseDirectory":"/Users/coycrowder/.vscode/extensions/ms-dotnettools.csdevkit-1.11.14-darwin-x64/components/VSDebugCore/platforms/darwin-x64/node_modules/@microsoft/visualstudio-debugger-devkit.darwin-x64","entryPoint":{"assemblyPath":"/Users/coycrowder/.vscode/extensions/ms-dotnettools.csdevkit-1.11.14-darwin-x64/components/VSDebugCore/platforms/darwin-x64/node_modules/@microsoft/visualstudio-debugger-devkit.darwin-x64/Microsoft.VisualStudio.Debugger.DevKit.dll","fullClassName":"Microsoft.VisualStudio.Debugger.GenericHotReloadAgentManagerService+Factory"}}]}
11/09/2024 13:51:17 Central Standard Time : Information : VsHubClient-hubController read: Content-Length: 38

{"jsonrpc":"2.0","id":3,"result":null}
11/09/2024 13:51:17 Central Standard Time : Information : VsHubClient-hubController write: Content-Length: 108

{"jsonrpc":"2.0","id":2,"method":"UpdateClientInfoAsync","params":[{"clientName":"VsHubClient","pid":1642}]}
11/09/2024 13:51:17 Central Standard Time : Information : VsHubClient-hubController read: Content-Length: 441

{"jsonrpc":"2.0","id":2,"result":{"ClientWatchServerName":"net.pipe://16547A79FA","ControllerConfig":{"Executable":"/Users/coycrowder/.vscode/extensions/ms-dotnettools.csdevkit-1.11.14-darwin-x64/components/vs-green-server/platforms/darwin-x64/node_modules/@microsoft/servicehub-controller-net60.darwin-x64/Microsoft.ServiceHub.Controller","Args":["cba76ce264"],"PipeName":"cba76ce264"},"HostsConfig":{"RootDir":".","AppConfigFallback":""}}}
11/09/2024 13:51:17 Central Standard Time : Information : VsHubClient-hubController write: Content-Length: 756

{"jsonrpc":"2.0","id":3,"method":"RegisterServiceAsync","params":[{"Name":"Microsoft.VisualStudio.Debugger.HotReloadClientService"},{"host":"dotnet","hostId":"C94B8CFE-E3FD-4BAF-A941-2866DBB566FE","serviceBaseDirectory":"/Users/coycrowder/.vscode/extensions/ms-dotnettools.csdevkit-1.11.14-darwin-x64/components/VSDebugCore/platforms/darwin-x64/node_modules/@microsoft/visualstudio-debugger-devkit.darwin-x64","entryPoint":{"assemblyPath":"/Users/coycrowder/.vscode/extensions/ms-dotnettools.csdevkit-1.11.14-darwin-x64/components/VSDebugCore/platforms/darwin-x64/node_modules/@microsoft/visualstudio-debugger-devkit.darwin-x64/Microsoft.VisualStudio.Debugger.DevKit.dll","fullClassName":"Microsoft.VisualStudio.Debugger.HotReloadClientService+Factory"}}]}
11/09/2024 13:51:17 Central Standard Time : Information : VsHubClient-hubController read: Content-Length: 38

{"jsonrpc":"2.0","id":3,"result":null}
11/09/2024 13:51:17 Central Standard Time : Information : VsHubClient-hubController write: Content-Length: 108

{"jsonrpc":"2.0","id":2,"method":"UpdateClientInfoAsync","params":[{"clientName":"VsHubClient","pid":1642}]}
11/09/2024 13:51:17 Central Standard Time : Information : VsHubClient-hubController read: Content-Length: 441

{"jsonrpc":"2.0","id":2,"result":{"ClientWatchServerName":"net.pipe://16547A79FA","ControllerConfig":{"Executable":"/Users/coycrowder/.vscode/extensions/ms-dotnettools.csdevkit-1.11.14-darwin-x64/components/vs-green-server/platforms/darwin-x64/node_modules/@microsoft/servicehub-controller-net60.darwin-x64/Microsoft.ServiceHub.Controller","Args":["cba76ce264"],"PipeName":"cba76ce264"},"HostsConfig":{"RootDir":".","AppConfigFallback":""}}}
11/09/2024 13:51:18 Central Standard Time : Information : VsHubClient-hubController write: Content-Length: 782

{"jsonrpc":"2.0","id":3,"method":"RegisterServiceAsync","params":[{"Name":"Microsoft.VisualStudio.Debugger.HotReloadSessionNotificationService"},{"host":"dotnet","hostId":"C94B8CFE-E3FD-4BAF-A941-2866DBB566FE","serviceBaseDirectory":"/Users/coycrowder/.vscode/extensions/ms-dotnettools.csdevkit-1.11.14-darwin-x64/components/VSDebugCore/platforms/darwin-x64/node_modules/@microsoft/visualstudio-debugger-devkit.darwin-x64","entryPoint":{"assemblyPath":"/Users/coycrowder/.vscode/extensions/ms-dotnettools.csdevkit-1.11.14-darwin-x64/components/VSDebugCore/platforms/darwin-x64/node_modules/@microsoft/visualstudio-debugger-devkit.darwin-x64/Microsoft.VisualStudio.Debugger.DevKit.dll","fullClassName":"Microsoft.VisualStudio.Debugger.HotReloadSessionNotificationService+Factory"}}]}
11/09/2024 13:51:18 Central Standard Time : Information : VsHubClient-hubController read: Content-Length: 38

{"jsonrpc":"2.0","id":3,"result":null}
11/09/2024 13:51:18 Central Standard Time : Information : VsHubClient-hubController write: Content-Length: 108

{"jsonrpc":"2.0","id":2,"method":"UpdateClientInfoAsync","params":[{"clientName":"VsHubClient","pid":1642}]}
11/09/2024 13:51:18 Central Standard Time : Information : VsHubClient-hubController read: Content-Length: 441

{"jsonrpc":"2.0","id":2,"result":{"ClientWatchServerName":"net.pipe://16547A79FA","ControllerConfig":{"Executable":"/Users/coycrowder/.vscode/extensions/ms-dotnettools.csdevkit-1.11.14-darwin-x64/components/vs-green-server/platforms/darwin-x64/node_modules/@microsoft/servicehub-controller-net60.darwin-x64/Microsoft.ServiceHub.Controller","Args":["cba76ce264"],"PipeName":"cba76ce264"},"HostsConfig":{"RootDir":".","AppConfigFallback":""}}}
11/09/2024 13:51:18 Central Standard Time : Information : VsHubClient-hubController write: Content-Length: 799

{"jsonrpc":"2.0","id":3,"method":"RegisterServiceAsync","params":[{"Name":"Microsoft.VisualStudio.Debugger.ManagedEditAndContinueCsDevKitEngineService2"},{"host":"dotnet","hostId":"C94B8CFE-E3FD-4BAF-A941-2866DBB566FE","serviceBaseDirectory":"/Users/coycrowder/.vscode/extensions/ms-dotnettools.csdevkit-1.11.14-darwin-x64/components/VSDebugCore/platforms/darwin-x64/node_modules/@microsoft/visualstudio-debugger-devkit.darwin-x64","entryPoint":{"assemblyPath":"/Users/coycrowder/.vscode/extensions/ms-dotnettools.csdevkit-1.11.14-darwin-x64/components/VSDebugCore/platforms/darwin-x64/node_modules/@microsoft/visualstudio-debugger-devkit.darwin-x64/Microsoft.VisualStudio.Debugger.DevKit.dll","fullClassName":"Microsoft.VisualStudio.Debugger.ManagedEditAndContinueCsDevKitEngineService+Factory"}}]}
11/09/2024 13:51:18 Central Standard Time : Information : VsHubClient-hubController read: Content-Length: 38

{"jsonrpc":"2.0","id":3,"result":null}
11/09/2024 13:51:18 Central Standard Time : Information : VsHubClient-hubController write: Content-Length: 108

{"jsonrpc":"2.0","id":2,"method":"UpdateClientInfoAsync","params":[{"clientName":"VsHubClient","pid":1642}]}
11/09/2024 13:51:18 Central Standard Time : Information : VsHubClient-hubController read: Content-Length: 441

{"jsonrpc":"2.0","id":2,"result":{"ClientWatchServerName":"net.pipe://16547A79FA","ControllerConfig":{"Executable":"/Users/coycrowder/.vscode/extensions/ms-dotnettools.csdevkit-1.11.14-darwin-x64/components/vs-green-server/platforms/darwin-x64/node_modules/@microsoft/servicehub-controller-net60.darwin-x64/Microsoft.ServiceHub.Controller","Args":["cba76ce264"],"PipeName":"cba76ce264"},"HostsConfig":{"RootDir":".","AppConfigFallback":""}}}
11/09/2024 13:51:18 Central Standard Time : Information : VsHubClient-hubController write: Content-Length: 799

{"jsonrpc":"2.0","id":3,"method":"RegisterServiceAsync","params":[{"Name":"Microsoft.VisualStudio.Debugger.ManagedEditAndContinueRemoteDebuggerService2"},{"host":"dotnet","hostId":"C94B8CFE-E3FD-4BAF-A941-2866DBB566FE","serviceBaseDirectory":"/Users/coycrowder/.vscode/extensions/ms-dotnettools.csdevkit-1.11.14-darwin-x64/components/VSDebugCore/platforms/darwin-x64/node_modules/@microsoft/visualstudio-debugger-devkit.darwin-x64","entryPoint":{"assemblyPath":"/Users/coycrowder/.vscode/extensions/ms-dotnettools.csdevkit-1.11.14-darwin-x64/components/VSDebugCore/platforms/darwin-x64/node_modules/@microsoft/visualstudio-debugger-devkit.darwin-x64/Microsoft.VisualStudio.Debugger.DevKit.dll","fullClassName":"Microsoft.VisualStudio.Debugger.ManagedEditAndContinueRemoteDebuggerService+Factory"}}]}
11/09/2024 13:51:18 Central Standard Time : Information : VsHubClient-hubController read: Content-Length: 38

{"jsonrpc":"2.0","id":3,"result":null}
11/09/2024 13:51:18 Central Standard Time : Information : VsHubClient-hubController write: Content-Length: 108

{"jsonrpc":"2.0","id":2,"method":"UpdateClientInfoAsync","params":[{"clientName":"VsHubClient","pid":1642}]}
11/09/2024 13:51:18 Central Standard Time : Information : VsHubClient-hubController read: Content-Length: 441

{"jsonrpc":"2.0","id":2,"result":{"ClientWatchServerName":"net.pipe://16547A79FA","ControllerConfig":{"Executable":"/Users/coycrowder/.vscode/extensions/ms-dotnettools.csdevkit-1.11.14-darwin-x64/components/vs-green-server/platforms/darwin-x64/node_modules/@microsoft/servicehub-controller-net60.darwin-x64/Microsoft.ServiceHub.Controller","Args":["cba76ce264"],"PipeName":"cba76ce264"},"HostsConfig":{"RootDir":".","AppConfigFallback":""}}}
11/09/2024 13:51:18 Central Standard Time : Information : VsHubClient-hubController write: Content-Length: 782

{"jsonrpc":"2.0","id":3,"method":"RegisterServiceAsync","params":[{"Name":"Microsoft.VisualStudio.Debugger.ManagedHotReloadAgentManagerService"},{"host":"dotnet","hostId":"C94B8CFE-E3FD-4BAF-A941-2866DBB566FE","serviceBaseDirectory":"/Users/coycrowder/.vscode/extensions/ms-dotnettools.csdevkit-1.11.14-darwin-x64/components/VSDebugCore/platforms/darwin-x64/node_modules/@microsoft/visualstudio-debugger-devkit.darwin-x64","entryPoint":{"assemblyPath":"/Users/coycrowder/.vscode/extensions/ms-dotnettools.csdevkit-1.11.14-darwin-x64/components/VSDebugCore/platforms/darwin-x64/node_modules/@microsoft/visualstudio-debugger-devkit.darwin-x64/Microsoft.VisualStudio.Debugger.DevKit.dll","fullClassName":"Microsoft.VisualStudio.Debugger.ManagedHotReloadAgentManagerService+Factory"}}]}
11/09/2024 13:51:18 Central Standard Time : Information : VsHubClient-hubController read: Content-Length: 38

{"jsonrpc":"2.0","id":3,"result":null}
11/09/2024 13:51:18 Central Standard Time : Information : VsHubClient-hubController write: Content-Length: 108

{"jsonrpc":"2.0","id":2,"method":"UpdateClientInfoAsync","params":[{"clientName":"VsHubClient","pid":1642}]}
11/09/2024 13:51:18 Central Standard Time : Information : VsHubClient-hubController read: Content-Length: 441

{"jsonrpc":"2.0","id":2,"result":{"ClientWatchServerName":"net.pipe://16547A79FA","ControllerConfig":{"Executable":"/Users/coycrowder/.vscode/extensions/ms-dotnettools.csdevkit-1.11.14-darwin-x64/components/vs-green-server/platforms/darwin-x64/node_modules/@microsoft/servicehub-controller-net60.darwin-x64/Microsoft.ServiceHub.Controller","Args":["cba76ce264"],"PipeName":"cba76ce264"},"HostsConfig":{"RootDir":".","AppConfigFallback":""}}}
11/09/2024 13:51:18 Central Standard Time : Information : VsHubClient-hubController write: Content-Length: 758

{"jsonrpc":"2.0","id":3,"method":"RegisterServiceAsync","params":[{"Name":"Microsoft.VisualStudio.Debugger.ManagedHotReloadService"},{"host":"dotnet","hostId":"C94B8CFE-E3FD-4BAF-A941-2866DBB566FE","serviceBaseDirectory":"/Users/coycrowder/.vscode/extensions/ms-dotnettools.csdevkit-1.11.14-darwin-x64/components/VSDebugCore/platforms/darwin-x64/node_modules/@microsoft/visualstudio-debugger-devkit.darwin-x64","entryPoint":{"assemblyPath":"/Users/coycrowder/.vscode/extensions/ms-dotnettools.csdevkit-1.11.14-darwin-x64/components/VSDebugCore/platforms/darwin-x64/node_modules/@microsoft/visualstudio-debugger-devkit.darwin-x64/Microsoft.VisualStudio.Debugger.DevKit.dll","fullClassName":"Microsoft.VisualStudio.Debugger.ManagedHotReloadService+Factory"}}]}
11/09/2024 13:51:18 Central Standard Time : Information : VsHubClient-hubController read: Content-Length: 38

{"jsonrpc":"2.0","id":3,"result":null}
11/09/2024 13:51:18 Central Standard Time : Information : VsHubClient-hubController write: Content-Length: 108

{"jsonrpc":"2.0","id":2,"method":"UpdateClientInfoAsync","params":[{"clientName":"VsHubClient","pid":1642}]}
11/09/2024 13:51:18 Central Standard Time : Information : VsHubClient-hubController read: Content-Length: 441

{"jsonrpc":"2.0","id":2,"result":{"ClientWatchServerName":"net.pipe://16547A79FA","ControllerConfig":{"Executable":"/Users/coycrowder/.vscode/extensions/ms-dotnettools.csdevkit-1.11.14-darwin-x64/components/vs-green-server/platforms/darwin-x64/node_modules/@microsoft/servicehub-controller-net60.darwin-x64/Microsoft.ServiceHub.Controller","Args":["cba76ce264"],"PipeName":"cba76ce264"},"HostsConfig":{"RootDir":".","AppConfigFallback":""}}}
11/09/2024 13:51:18 Central Standard Time : Information : VsHubClient-hubController write: Content-Length: 746

{"jsonrpc":"2.0","id":3,"method":"RegisterServiceAsync","params":[{"Name":"Microsoft.VisualStudio.Debugger.SourceLinkService"},{"host":"dotnet","hostId":"C94B8CFE-E3FD-4BAF-A941-2866DBB566FE","serviceBaseDirectory":"/Users/coycrowder/.vscode/extensions/ms-dotnettools.csdevkit-1.11.14-darwin-x64/components/VSDebugCore/platforms/darwin-x64/node_modules/@microsoft/visualstudio-debugger-devkit.darwin-x64","entryPoint":{"assemblyPath":"/Users/coycrowder/.vscode/extensions/ms-dotnettools.csdevkit-1.11.14-darwin-x64/components/VSDebugCore/platforms/darwin-x64/node_modules/@microsoft/visualstudio-debugger-devkit.darwin-x64/Microsoft.VisualStudio.Debugger.DevKit.dll","fullClassName":"Microsoft.VisualStudio.Debugger.SourceLinkService+Factory"}}]}
11/09/2024 13:51:18 Central Standard Time : Information : VsHubClient-hubController read: Content-Length: 38

{"jsonrpc":"2.0","id":3,"result":null}
11/09/2024 13:51:18 Central Standard Time : Information : VsHubClient-hubController write: Content-Length: 108

{"jsonrpc":"2.0","id":2,"method":"UpdateClientInfoAsync","params":[{"clientName":"VsHubClient","pid":1642}]}
11/09/2024 13:51:18 Central Standard Time : Information : VsHubClient-hubController read: Content-Length: 441

{"jsonrpc":"2.0","id":2,"result":{"ClientWatchServerName":"net.pipe://16547A79FA","ControllerConfig":{"Executable":"/Users/coycrowder/.vscode/extensions/ms-dotnettools.csdevkit-1.11.14-darwin-x64/components/vs-green-server/platforms/darwin-x64/node_modules/@microsoft/servicehub-controller-net60.darwin-x64/Microsoft.ServiceHub.Controller","Args":["cba76ce264"],"PipeName":"cba76ce264"},"HostsConfig":{"RootDir":".","AppConfigFallback":""}}}
11/09/2024 13:51:18 Central Standard Time : Information : VsHubClient-hubController write: Content-Length: 783

{"jsonrpc":"2.0","id":3,"method":"RegisterServiceAsync","params":[{"Name":"Microsoft.VisualStudio.Debugger.SymbolLocatorService"},{"host":"dotnet","hostId":"C94B8CFE-E3FD-4BAF-A941-2866DBB566FE","serviceBaseDirectory":"/Users/coycrowder/.vscode/extensions/ms-dotnettools.csdevkit-1.11.14-darwin-x64/components/VSDebugCore/platforms/darwin-x64/node_modules/@microsoft/visualstudio-debugger-devkit.darwin-x64","entryPoint":{"assemblyPath":"/Users/coycrowder/.vscode/extensions/ms-dotnettools.csdevkit-1.11.14-darwin-x64/components/VSDebugCore/platforms/darwin-x64/node_modules/@microsoft/visualstudio-debugger-devkit.darwin-x64/Microsoft.VisualStudio.Debugger.DevKit.dll","fullClassName":"Microsoft.VisualStudio.Debugger.BrokeredServices.SymbolLocator.SymbolLocatorService+Factory"}}]}
11/09/2024 13:51:18 Central Standard Time : Information : VsHubClient-hubController read: Content-Length: 38

{"jsonrpc":"2.0","id":3,"result":null}
11/09/2024 13:51:18 Central Standard Time : Information : VsHubClient-hubController write: Content-Length: 108

{"jsonrpc":"2.0","id":2,"method":"UpdateClientInfoAsync","params":[{"clientName":"VsHubClient","pid":1642}]}
11/09/2024 13:51:18 Central Standard Time : Information : VsHubClient-hubController read: Content-Length: 441

{"jsonrpc":"2.0","id":2,"result":{"ClientWatchServerName":"net.pipe://16547A79FA","ControllerConfig":{"Executable":"/Users/coycrowder/.vscode/extensions/ms-dotnettools.csdevkit-1.11.14-darwin-x64/components/vs-green-server/platforms/darwin-x64/node_modules/@microsoft/servicehub-controller-net60.darwin-x64/Microsoft.ServiceHub.Controller","Args":["cba76ce264"],"PipeName":"cba76ce264"},"HostsConfig":{"RootDir":".","AppConfigFallback":""}}}
11/09/2024 13:51:18 Central Standard Time : Information : VsHubClient-hubController write: Content-Length: 850

{"jsonrpc":"2.0","id":3,"method":"RegisterServiceAsync","params":[{"Name":"Microsoft.VisualStudio.TestWindow.VSCode.ProjectSystemProvider.Service"},{"host":"dotnet","hostId":"C94B8CFE-E3FD-4BAF-A941-2866DBB566FE","serviceBaseDirectory":"/Users/coycrowder/.vscode/extensions/ms-dotnettools.csdevkit-1.11.14-darwin-x64/components/VSUnitTesting/platforms/darwin-x64/node_modules/@microsoft/visualstudio-testwindow-vscode-service.darwin-x64","entryPoint":{"assemblyPath":"/Users/coycrowder/.vscode/extensions/ms-dotnettools.csdevkit-1.11.14-darwin-x64/components/VSUnitTesting/platforms/darwin-x64/node_modules/@microsoft/visualstudio-testwindow-vscode-service.darwin-x64/Microsoft.VisualStudio.TestWindow.VSCode.Service.dll","fullClassName":"Microsoft.VisualStudio.TestWindow.VSCode.ProjectSystemProvider.Service.ProjectSystemProviderServiceFactory"}}]}
11/09/2024 13:51:18 Central Standard Time : Information : VsHubClient-hubController read: Content-Length: 38

{"jsonrpc":"2.0","id":3,"result":null}
11/09/2024 13:51:18 Central Standard Time : Information : VsHubClient-hubController write: Content-Length: 108

{"jsonrpc":"2.0","id":2,"method":"UpdateClientInfoAsync","params":[{"clientName":"VsHubClient","pid":1642}]}
11/09/2024 13:51:18 Central Standard Time : Information : VsHubClient-hubController read: Content-Length: 441

{"jsonrpc":"2.0","id":2,"result":{"ClientWatchServerName":"net.pipe://16547A79FA","ControllerConfig":{"Executable":"/Users/coycrowder/.vscode/extensions/ms-dotnettools.csdevkit-1.11.14-darwin-x64/components/vs-green-server/platforms/darwin-x64/node_modules/@microsoft/servicehub-controller-net60.darwin-x64/Microsoft.ServiceHub.Controller","Args":["cba76ce264"],"PipeName":"cba76ce264"},"HostsConfig":{"RootDir":".","AppConfigFallback":""}}}
11/09/2024 13:51:18 Central Standard Time : Information : VsHubClient-hubController write: Content-Length: 801

{"jsonrpc":"2.0","id":3,"method":"RegisterServiceAsync","params":[{"Name":"Microsoft.VisualStudio.TestWindow.VSCode.Service"},{"host":"dotnet","hostId":"C94B8CFE-E3FD-4BAF-A941-2866DBB566FE","serviceBaseDirectory":"/Users/coycrowder/.vscode/extensions/ms-dotnettools.csdevkit-1.11.14-darwin-x64/components/VSUnitTesting/platforms/darwin-x64/node_modules/@microsoft/visualstudio-testwindow-vscode-service.darwin-x64","entryPoint":{"assemblyPath":"/Users/coycrowder/.vscode/extensions/ms-dotnettools.csdevkit-1.11.14-darwin-x64/components/VSUnitTesting/platforms/darwin-x64/node_modules/@microsoft/visualstudio-testwindow-vscode-service.darwin-x64/Microsoft.VisualStudio.TestWindow.VSCode.Service.dll","fullClassName":"Microsoft.VisualStudio.TestWindow.VSCode.Service.TestWindowVSCodeServiceFactory"}}]}
11/09/2024 13:51:18 Central Standard Time : Information : VsHubClient-hubController read: Content-Length: 38

{"jsonrpc":"2.0","id":3,"result":null}
11/09/2024 13:51:18 Central Standard Time : Information : VsHubClient-hubController write: Content-Length: 108

{"jsonrpc":"2.0","id":2,"method":"UpdateClientInfoAsync","params":[{"clientName":"VsHubClient","pid":1642}]}
11/09/2024 13:51:18 Central Standard Time : Information : VsHubClient-hubController read: Content-Length: 441

{"jsonrpc":"2.0","id":2,"result":{"ClientWatchServerName":"net.pipe://16547A79FA","ControllerConfig":{"Executable":"/Users/coycrowder/.vscode/extensions/ms-dotnettools.csdevkit-1.11.14-darwin-x64/components/vs-green-server/platforms/darwin-x64/node_modules/@microsoft/servicehub-controller-net60.darwin-x64/Microsoft.ServiceHub.Controller","Args":["cba76ce264"],"PipeName":"cba76ce264"},"HostsConfig":{"RootDir":".","AppConfigFallback":""}}}
11/09/2024 13:51:18 Central Standard Time : Information : VsHubClient-hubController write: Content-Length: 649

{"jsonrpc":"2.0","id":3,"method":"RegisterServiceAsync","params":[{"Name":"Microsoft.VisualStudio.AspireServer"},{"host":"dotnet.aspireServer","hostId":"C94B8CFE-E3FD-4BAF-A941-2866DBB566FE","serviceBaseDirectory":"/Users/coycrowder/.vscode/extensions/ms-dotnettools.csdevkit-1.11.14-darwin-x64/components/WebTools/node_modules/@microsoft/vscode.webtools/Services","entryPoint":{"assemblyPath":"/Users/coycrowder/.vscode/extensions/ms-dotnettools.csdevkit-1.11.14-darwin-x64/components/WebTools/node_modules/@microsoft/vscode.webtools/Services/Microsoft.WebTools.AspireServer.dll","fullClassName":"Microsoft.WebTools.AspireServer.ServiceFactory"}}]}
11/09/2024 13:51:18 Central Standard Time : Information : VsHubClient-hubController read: Content-Length: 38

{"jsonrpc":"2.0","id":3,"result":null}
11/09/2024 13:51:18 Central Standard Time : Information : VsHubClient-hubController write: Content-Length: 108

{"jsonrpc":"2.0","id":2,"method":"UpdateClientInfoAsync","params":[{"clientName":"VsHubClient","pid":1642}]}
11/09/2024 13:51:18 Central Standard Time : Information : VsHubClient-hubController read: Content-Length: 441

{"jsonrpc":"2.0","id":2,"result":{"ClientWatchServerName":"net.pipe://16547A79FA","ControllerConfig":{"Executable":"/Users/coycrowder/.vscode/extensions/ms-dotnettools.csdevkit-1.11.14-darwin-x64/components/vs-green-server/platforms/darwin-x64/node_modules/@microsoft/servicehub-controller-net60.darwin-x64/Microsoft.ServiceHub.Controller","Args":["cba76ce264"],"PipeName":"cba76ce264"},"HostsConfig":{"RootDir":".","AppConfigFallback":""}}}
11/09/2024 13:51:18 Central Standard Time : Information : VsHubClient-hubController write: Content-Length: 757

{"jsonrpc":"2.0","id":3,"method":"RegisterServiceAsync","params":[{"Name":"Microsoft.VisualStudio.Debugger.AspireService"},{"host":"dotnet.projectSystem","hostId":"C94B8CFE-E3FD-4BAF-A941-2866DBB566FE","serviceBaseDirectory":"/Users/coycrowder/.vscode/extensions/ms-dotnettools.csdevkit-1.11.14-darwin-x64/components/WebTools/node_modules/@microsoft/vscode.webtools/Services","entryPoint":{"assemblyPath":"/Users/coycrowder/.vscode/extensions/ms-dotnettools.csdevkit-1.11.14-darwin-x64/components/WebTools/node_modules/@microsoft/vscode.webtools/Services/Microsoft.WebTools.Aspire.VSCode.Services.dll","fullClassName":"Microsoft.WebTools.Aspire.VSCode.Services.ServiceFactory"},"friendServices":["Microsoft.VisualStudio.ProjectSystem.CompositionService"]}]}
11/09/2024 13:51:18 Central Standard Time : Information : VsHubClient-hubController read: Content-Length: 38

{"jsonrpc":"2.0","id":3,"result":null}
11/09/2024 13:51:18 Central Standard Time : Information : VsHubClient-hubController write: Content-Length: 108

{"jsonrpc":"2.0","id":2,"method":"UpdateClientInfoAsync","params":[{"clientName":"VsHubClient","pid":1642}]}
11/09/2024 13:51:18 Central Standard Time : Information : VsHubClient-hubController read: Content-Length: 441

{"jsonrpc":"2.0","id":2,"result":{"ClientWatchServerName":"net.pipe://16547A79FA","ControllerConfig":{"Executable":"/Users/coycrowder/.vscode/extensions/ms-dotnettools.csdevkit-1.11.14-darwin-x64/components/vs-green-server/platforms/darwin-x64/node_modules/@microsoft/servicehub-controller-net60.darwin-x64/Microsoft.ServiceHub.Controller","Args":["cba76ce264"],"PipeName":"cba76ce264"},"HostsConfig":{"RootDir":".","AppConfigFallback":""}}}
11/09/2024 13:51:18 Central Standard Time : Information : VsHubClient-hubController write: Content-Length: 872

{"jsonrpc":"2.0","id":3,"method":"RegisterServiceAsync","params":[{"Name":"Microsoft.VisualStudio.ProjectSystem.DebugTargetFrameworkService"},{"host":"dotnet.projectSystem","hostId":"C94B8CFE-E3FD-4BAF-A941-2866DBB566FE","serviceBaseDirectory":"/Users/coycrowder/.vscode/extensions/ms-dotnettools.csdevkit-1.11.14-darwin-x64/components/dotnet-project-system-vscode/node_modules/@microsoft/vscode.projectsystem.managed/Services","entryPoint":{"assemblyPath":"/Users/coycrowder/.vscode/extensions/ms-dotnettools.csdevkit-1.11.14-darwin-x64/components/dotnet-project-system-vscode/node_modules/@microsoft/vscode.projectsystem.managed/Services/Microsoft.ProjectSystem.Managed.VSCode.Services.dll","fullClassName":"Microsoft.VisualStudio.ProjectSystem.Services.DebugTargetFrameworkServiceFactory"},"friendServices":["Microsoft.VisualStudio.ProjectSystem.CompositionService"]}]}
11/09/2024 13:51:18 Central Standard Time : Information : VsHubClient-hubController read: Content-Length: 38

{"jsonrpc":"2.0","id":3,"result":null}
11/09/2024 13:51:18 Central Standard Time : Information : VsHubClient-hubController write: Content-Length: 108

{"jsonrpc":"2.0","id":2,"method":"UpdateClientInfoAsync","params":[{"clientName":"VsHubClient","pid":1642}]}
11/09/2024 13:51:18 Central Standard Time : Information : VsHubClient-hubController read: Content-Length: 441

{"jsonrpc":"2.0","id":2,"result":{"ClientWatchServerName":"net.pipe://16547A79FA","ControllerConfig":{"Executable":"/Users/coycrowder/.vscode/extensions/ms-dotnettools.csdevkit-1.11.14-darwin-x64/components/vs-green-server/platforms/darwin-x64/node_modules/@microsoft/servicehub-controller-net60.darwin-x64/Microsoft.ServiceHub.Controller","Args":["cba76ce264"],"PipeName":"cba76ce264"},"HostsConfig":{"RootDir":".","AppConfigFallback":""}}}
11/09/2024 13:51:18 Central Standard Time : Information : VsHubClient-hubController write: Content-Length: 690

{"jsonrpc":"2.0","id":3,"method":"RegisterServiceAsync","params":[{"Name":"Microsoft.TemplateEngine.VSCode.TemplateService"},{"host":"dotnet","hostId":"C94B8CFE-E3FD-4BAF-A941-2866DBB566FE","serviceBaseDirectory":"/Users/coycrowder/.vscode/extensions/ms-dotnettools.csdevkit-1.11.14-darwin-x64/components/dotnet-project-system-vscode/node_modules/@microsoft/vscode.templateengine","entryPoint":{"assemblyPath":"/Users/coycrowder/.vscode/extensions/ms-dotnettools.csdevkit-1.11.14-darwin-x64/components/dotnet-project-system-vscode/node_modules/@microsoft/vscode.templateengine/Microsoft.TemplateEngine.VSCode.dll","fullClassName":"Microsoft.TemplateEngine.VSCode.TemplateServiceFactory"}}]}
11/09/2024 13:51:18 Central Standard Time : Information : VsHubClient-hubController read: Content-Length: 38

{"jsonrpc":"2.0","id":3,"result":null}
11/09/2024 13:51:18 Central Standard Time : Information : VsHubClient-hubController write: Content-Length: 108

{"jsonrpc":"2.0","id":2,"method":"UpdateClientInfoAsync","params":[{"clientName":"VsHubClient","pid":1642}]}
11/09/2024 13:51:18 Central Standard Time : Information : VsHubClient-hubController read: Content-Length: 441

{"jsonrpc":"2.0","id":2,"result":{"ClientWatchServerName":"net.pipe://16547A79FA","ControllerConfig":{"Executable":"/Users/coycrowder/.vscode/extensions/ms-dotnettools.csdevkit-1.11.14-darwin-x64/components/vs-green-server/platforms/darwin-x64/node_modules/@microsoft/servicehub-controller-net60.darwin-x64/Microsoft.ServiceHub.Controller","Args":["cba76ce264"],"PipeName":"cba76ce264"},"HostsConfig":{"RootDir":".","AppConfigFallback":""}}}
11/09/2024 13:51:18 Central Standard Time : Information : VsHubClient-hubController write: Content-Length: 739

{"jsonrpc":"2.0","id":3,"method":"RegisterServiceAsync","params":[{"Name":"Microsoft.CodeCoverage.VSCode.CollectionService"},{"host":"dotnet","hostId":"C94B8CFE-E3FD-4BAF-A941-2866DBB566FE","serviceBaseDirectory":"/Users/coycrowder/.vscode/extensions/ms-dotnettools.csdevkit-1.11.14-darwin-x64/components/vs-code-coverage/platforms/darwin-x64/node_modules/@microsoft/coverage-services.darwin-x64","entryPoint":{"assemblyPath":"/Users/coycrowder/.vscode/extensions/ms-dotnettools.csdevkit-1.11.14-darwin-x64/components/vs-code-coverage/platforms/darwin-x64/node_modules/@microsoft/coverage-services.darwin-x64/Microsoft.CodeCoverage.VSCode.Services.dll","fullClassName":"Microsoft.VisualStudio.CoverageServices.CollectionServiceFactory"}}]}
11/09/2024 13:51:18 Central Standard Time : Information : VsHubClient-hubController read: Content-Length: 38

{"jsonrpc":"2.0","id":3,"result":null}
11/09/2024 13:51:18 Central Standard Time : Information : VsHubClient-hubController write: Content-Length: 108

{"jsonrpc":"2.0","id":2,"method":"UpdateClientInfoAsync","params":[{"clientName":"VsHubClient","pid":1642}]}
11/09/2024 13:51:18 Central Standard Time : Information : VsHubClient-hubController read: Content-Length: 441

{"jsonrpc":"2.0","id":2,"result":{"ClientWatchServerName":"net.pipe://16547A79FA","ControllerConfig":{"Executable":"/Users/coycrowder/.vscode/extensions/ms-dotnettools.csdevkit-1.11.14-darwin-x64/components/vs-green-server/platforms/darwin-x64/node_modules/@microsoft/servicehub-controller-net60.darwin-x64/Microsoft.ServiceHub.Controller","Args":["cba76ce264"],"PipeName":"cba76ce264"},"HostsConfig":{"RootDir":".","AppConfigFallback":""}}}
11/09/2024 13:51:18 Central Standard Time : Information : VsHubClient-hubController write: Content-Length: 731

{"jsonrpc":"2.0","id":3,"method":"RegisterServiceAsync","params":[{"Name":"Microsoft.CodeCoverage.VSCode.ReportService"},{"host":"dotnet","hostId":"C94B8CFE-E3FD-4BAF-A941-2866DBB566FE","serviceBaseDirectory":"/Users/coycrowder/.vscode/extensions/ms-dotnettools.csdevkit-1.11.14-darwin-x64/components/vs-code-coverage/platforms/darwin-x64/node_modules/@microsoft/coverage-services.darwin-x64","entryPoint":{"assemblyPath":"/Users/coycrowder/.vscode/extensions/ms-dotnettools.csdevkit-1.11.14-darwin-x64/components/vs-code-coverage/platforms/darwin-x64/node_modules/@microsoft/coverage-services.darwin-x64/Microsoft.CodeCoverage.VSCode.Services.dll","fullClassName":"Microsoft.VisualStudio.CoverageServices.ReportServiceFactory"}}]}
11/09/2024 13:51:18 Central Standard Time : Information : VsHubClient-hubController read: Content-Length: 38

{"jsonrpc":"2.0","id":3,"result":null}
11/09/2024 13:51:18 Central Standard Time : Information : VsHubClient-hubController write: Content-Length: 108

{"jsonrpc":"2.0","id":2,"method":"UpdateClientInfoAsync","params":[{"clientName":"VsHubClient","pid":1642}]}
11/09/2024 13:51:18 Central Standard Time : Information : VsHubClient-hubController read: Content-Length: 441

{"jsonrpc":"2.0","id":2,"result":{"ClientWatchServerName":"net.pipe://16547A79FA","ControllerConfig":{"Executable":"/Users/coycrowder/.vscode/extensions/ms-dotnettools.csdevkit-1.11.14-darwin-x64/components/vs-green-server/platforms/darwin-x64/node_modules/@microsoft/servicehub-controller-net60.darwin-x64/Microsoft.ServiceHub.Controller","Args":["cba76ce264"],"PipeName":"cba76ce264"},"HostsConfig":{"RootDir":".","AppConfigFallback":""}}}
11/09/2024 13:51:18 Central Standard Time : Information : VsHubClient-hubController write: Content-Length: 781

{"jsonrpc":"2.0","id":3,"method":"RegisterServiceAsync","params":[{"Name":"Microsoft.VisualStudio.ProjectQueryTestService"},{"host":"dotnet","hostId":"C94B8CFE-E3FD-4BAF-A941-2866DBB566FE","serviceBaseDirectory":"/Users/coycrowder/.vscode/extensions/ms-dotnettools.csdevkit-1.11.14-darwin-x64/components/vs-green-server/platforms/darwin-x64/node_modules/@microsoft/visualstudio-server-samples-sayhello.darwin-x64","entryPoint":{"assemblyPath":"/Users/coycrowder/.vscode/extensions/ms-dotnettools.csdevkit-1.11.14-darwin-x64/components/vs-green-server/platforms/darwin-x64/node_modules/@microsoft/visualstudio-server-samples-sayhello.darwin-x64/Microsoft.VisualStudio.Samples.SayHello.dll","fullClassName":"Microsoft.VisualStudio.Samples.SayHello.ProjectQueryTestServiceFactory"}}]}
11/09/2024 13:51:18 Central Standard Time : Information : VsHubClient-hubController read: Content-Length: 38

{"jsonrpc":"2.0","id":3,"result":null}
11/09/2024 13:51:18 Central Standard Time : Information : VsHubClient-hubController write: Content-Length: 108

{"jsonrpc":"2.0","id":2,"method":"UpdateClientInfoAsync","params":[{"clientName":"VsHubClient","pid":1642}]}
11/09/2024 13:51:18 Central Standard Time : Information : VsHubClient-hubController read: Content-Length: 441

{"jsonrpc":"2.0","id":2,"result":{"ClientWatchServerName":"net.pipe://16547A79FA","ControllerConfig":{"Executable":"/Users/coycrowder/.vscode/extensions/ms-dotnettools.csdevkit-1.11.14-darwin-x64/components/vs-green-server/platforms/darwin-x64/node_modules/@microsoft/servicehub-controller-net60.darwin-x64/Microsoft.ServiceHub.Controller","Args":["cba76ce264"],"PipeName":"cba76ce264"},"HostsConfig":{"RootDir":".","AppConfigFallback":""}}}
11/09/2024 13:51:18 Central Standard Time : Information : VsHubClient-hubController write: Content-Length: 747

{"jsonrpc":"2.0","id":3,"method":"RegisterServiceAsync","params":[{"Name":"helloServiceHubDotNetHost"},{"host":"dotnet","hostId":"C94B8CFE-E3FD-4BAF-A941-2866DBB566FE","serviceBaseDirectory":"/Users/coycrowder/.vscode/extensions/ms-dotnettools.csdevkit-1.11.14-darwin-x64/components/vs-green-server/platforms/darwin-x64/node_modules/@microsoft/visualstudio-server-samples-sayhello.darwin-x64","entryPoint":{"assemblyPath":"/Users/coycrowder/.vscode/extensions/ms-dotnettools.csdevkit-1.11.14-darwin-x64/components/vs-green-server/platforms/darwin-x64/node_modules/@microsoft/visualstudio-server-samples-sayhello.darwin-x64/Microsoft.VisualStudio.Samples.SayHello.dll","fullClassName":"Microsoft.VisualStudio.Samples.SayHello.HelloWorldFactory"}}]}
11/09/2024 13:51:18 Central Standard Time : Information : VsHubClient-hubController read: Content-Length: 38

{"jsonrpc":"2.0","id":3,"result":null}
11/09/2024 13:51:19 Central Standard Time : Information : VsHubClient-hubController write: Content-Length: 359

{"jsonrpc":"2.0","id":3,"method":"requestServiceChannel","params":[{"Name":"Microsoft.VisualStudio.ProjectSystem.ProjectTreeProvider","Version":"0.1"},{"ActivationArguments":{"__servicehub__ServiceHubRemoteServiceBrokerPipeName":"/Users/coycrowder/.ServiceHub/cba76ce264/833e5ddeff"},"ClientCredentials":{},"ClientCulture":"en-US","ClientUICulture":"en-US"}]}
11/09/2024 13:51:19 Central Standard Time : Information : VsHubClient-hubController write: Content-Length: 346

{"jsonrpc":"2.0","id":4,"method":"requestServiceChannel","params":[{"Name":"Microsoft.CodeCoverage.VSCode.ReportService","Version":"1.0"},{"ActivationArguments":{"__servicehub__ServiceHubRemoteServiceBrokerPipeName":"/Users/coycrowder/.ServiceHub/cba76ce264/e328ed16eb"},"ClientCredentials":{},"ClientCulture":"en-US","ClientUICulture":"en-US"}]}
11/09/2024 13:51:19 Central Standard Time : Information : VsHubClient-hubController write: Content-Length: 351

{"jsonrpc":"2.0","id":5,"method":"requestServiceChannel","params":[{"Name":"Microsoft.VisualStudio.TestWindow.VSCode.Service","Version":"0.1"},{"ActivationArguments":{"__servicehub__ServiceHubRemoteServiceBrokerPipeName":"/Users/coycrowder/.ServiceHub/cba76ce264/b3f1dec4e7"},"ClientCredentials":{},"ClientCulture":"en-US","ClientUICulture":"en-US"}]}
11/09/2024 13:51:19 Central Standard Time : Information : VsHubClient-hubController write: Content-Length: 336

{"jsonrpc":"2.0","id":6,"method":"requestServiceChannel","params":[{"Name":"Microsoft.VisualStudio.LaunchConfigurationService"},{"ActivationArguments":{"__servicehub__ServiceHubRemoteServiceBrokerPipeName":"/Users/coycrowder/.ServiceHub/cba76ce264/f4e37cd104"},"ClientCredentials":{},"ClientCulture":"en-US","ClientUICulture":"en-US"}]}
11/09/2024 13:51:19 Central Standard Time : Information : VsHubClient-hubController write: Content-Length: 374

{"jsonrpc":"2.0","id":7,"method":"requestServiceChannel","params":[{"Name":"Microsoft.VisualStudio.ProjectSystem.ProjectInitializationStatusService","Version":"0.1"},{"ActivationArguments":{"__servicehub__ServiceHubRemoteServiceBrokerPipeName":"/Users/coycrowder/.ServiceHub/cba76ce264/fee743d401"},"ClientCredentials":{},"ClientCulture":"en-US","ClientUICulture":"en-US"}]}
11/09/2024 13:51:20 Central Standard Time : Information : VsHubClient-hubController write: Content-Length: 370

{"jsonrpc":"2.0","id":8,"method":"requestServiceChannel","params":[{"Name":"Microsoft.VisualStudio.Debugger.HotReloadSessionNotificationService","Version":"0.1"},{"ActivationArguments":{"__servicehub__ServiceHubRemoteServiceBrokerPipeName":"/Users/coycrowder/.ServiceHub/cba76ce264/c8c93eb258"},"ClientCredentials":{},"ClientCulture":"en-US","ClientUICulture":"en-US"}]}
11/09/2024 13:51:22 Central Standard Time : Information : VsHubClient-hubController read: Content-Length: 167

{"jsonrpc":"2.0","id":7,"result":{"RequestId":"002c8cff-6af1-491c-ac6f-26a41c04291a","PipeName":"/Users/coycrowder/.ServiceHub/cba76ce264/20a23c3043","IsEmpty":false}}
11/09/2024 13:51:22 Central Standard Time : Information : VsHubClient-hubController read: Content-Length: 167

{"jsonrpc":"2.0","id":3,"result":{"RequestId":"7a8ef94f-0c51-4a0c-bf5c-0514d246e373","PipeName":"/Users/coycrowder/.ServiceHub/cba76ce264/2551fc8d39","IsEmpty":false}}Content-Length: 167

{"jsonrpc":"2.0","id":6,"result":{"RequestId":"1b21bcf9-367f-4f20-87e0-944d64a2b355","PipeName":"/Users/coycrowder/.ServiceHub/cba76ce264/875ee5e556","IsEmpty":false}}
11/09/2024 13:51:22 Central Standard Time : Information : Disposing ServiceBroker server '/Users/coycrowder/.ServiceHub/cba76ce264/f4e37cd104'.
11/09/2024 13:51:22 Central Standard Time : Information : Disposing ServiceBroker server '/Users/coycrowder/.ServiceHub/cba76ce264/fee743d401'.
11/09/2024 13:51:22 Central Standard Time : Information : Disposing ServiceBroker server '/Users/coycrowder/.ServiceHub/cba76ce264/833e5ddeff'.
11/09/2024 13:51:22 Central Standard Time : Information : Microsoft.VisualStudio.LaunchConfigurationService-RemoteServiceBrokerServer read: Content-Length: 193

{"jsonrpc":"2.0","id":2,"method":"handshake","params":[{"supportedConnections":"IpcPipe","localServiceHost":{"operatingSystem":2,"processArchitecture":1,"runtime":2,"runtimeVersion":"8.0.8"}}]}
11/09/2024 13:51:22 Central Standard Time : Information : Microsoft.VisualStudio.ProjectSystem.ProjectTreeProvider-RemoteServiceBrokerServer read: Content-Length: 193

{"jsonrpc":"2.0","id":2,"method":"handshake","params":[{"supportedConnections":"IpcPipe","localServiceHost":{"operatingSystem":2,"processArchitecture":1,"runtime":2,"runtimeVersion":"8.0.8"}}]}
11/09/2024 13:51:22 Central Standard Time : Information : Microsoft.VisualStudio.ProjectSystem.ProjectInitializationStatusService-RemoteServiceBrokerServer read: Content-Length: 193

{"jsonrpc":"2.0","id":2,"method":"handshake","params":[{"supportedConnections":"IpcPipe","localServiceHost":{"operatingSystem":2,"processArchitecture":1,"runtime":2,"runtimeVersion":"8.0.8"}}]}
11/09/2024 13:51:22 Central Standard Time : Information : Microsoft.VisualStudio.ProjectSystem.ProjectTreeProvider-RemoteServiceBrokerServer write: Content-Length: 38

{"jsonrpc":"2.0","id":2,"result":null}
11/09/2024 13:51:22 Central Standard Time : Information : Microsoft.VisualStudio.LaunchConfigurationService-RemoteServiceBrokerServer write: Content-Length: 38

{"jsonrpc":"2.0","id":2,"result":null}
11/09/2024 13:51:22 Central Standard Time : Information : Microsoft.VisualStudio.ProjectSystem.ProjectInitializationStatusService-RemoteServiceBrokerServer write: Content-Length: 38

{"jsonrpc":"2.0","id":2,"result":null}
11/09/2024 13:51:22 Central Standard Time : Information : Microsoft.VisualStudio.ProjectSystem.ProjectInitializationStatusService-RemoteServiceBrokerServer read: Content-Length: 183

{"jsonrpc":"2.0","id":3,"method":"requestServiceChannel","params":[{"name":"Microsoft.ServiceHub.Framework.AuthorizationService"},{"clientCulture":"en-US","clientUICulture":"en-US"}]}
11/09/2024 13:51:22 Central Standard Time : Information : Microsoft.VisualStudio.ProjectSystem.ProjectTreeProvider-RemoteServiceBrokerServer read: Content-Length: 183

{"jsonrpc":"2.0","id":3,"method":"requestServiceChannel","params":[{"name":"Microsoft.ServiceHub.Framework.AuthorizationService"},{"clientCulture":"en-US","clientUICulture":"en-US"}]}
11/09/2024 13:51:22 Central Standard Time : Information : Microsoft.VisualStudio.LaunchConfigurationService-RemoteServiceBrokerServer read: Content-Length: 183

{"jsonrpc":"2.0","id":3,"method":"requestServiceChannel","params":[{"name":"Microsoft.ServiceHub.Framework.AuthorizationService"},{"clientCulture":"en-US","clientUICulture":"en-US"}]}
11/09/2024 13:51:22 Central Standard Time : Information : Microsoft.VisualStudio.ProjectSystem.ProjectInitializationStatusService-RemoteServiceBrokerServer write: Content-Length: 181

{"jsonrpc":"2.0","id":3,"result":{"requestId":"40f362c8-4656-4a0e-941c-51ff2d1cecc9","pipeName":"/var/folders/84/68dsmswn3m95t759t37vwxmr0000gn/T/9ca66c810c3443c2b3f44a4d27489afb"}}
11/09/2024 13:51:22 Central Standard Time : Information : Microsoft.VisualStudio.LaunchConfigurationService-RemoteServiceBrokerServer write: Content-Length: 181

{"jsonrpc":"2.0","id":3,"result":{"requestId":"df1a458c-c0a8-424c-bcaf-f197566877a1","pipeName":"/var/folders/84/68dsmswn3m95t759t37vwxmr0000gn/T/43c3f9f5c2d54395b6855ccafc8a6384"}}
11/09/2024 13:51:22 Central Standard Time : Information : Microsoft.VisualStudio.ProjectSystem.ProjectTreeProvider-RemoteServiceBrokerServer write: Content-Length: 181

{"jsonrpc":"2.0","id":3,"result":{"requestId":"747327b4-be5f-456f-8f8a-9bdcfc61c320","pipeName":"/var/folders/84/68dsmswn3m95t759t37vwxmr0000gn/T/b91fb7ee27b34d4390555138be88b638"}}
11/09/2024 13:51:22 Central Standard Time : Information : Microsoft.VisualStudio.ProjectSystem.ProjectInitializationStatusService-RemoteServiceBrokerServer read: Content-Length: 203

{"jsonrpc":"2.0","id":4,"method":"requestServiceChannel","params":[{"name":"Microsoft.VisualStudio.ProjectSystem.CompositionService","version":"0.1"},{"clientCulture":"en-US","clientUICulture":"en-US"}]}
11/09/2024 13:51:22 Central Standard Time : Information : VsHubClient-hubController write: Content-Length: 358

{"jsonrpc":"2.0","id":9,"method":"requestServiceChannel","params":[{"Name":"Microsoft.VisualStudio.ProjectSystem.CompositionService","Version":"0.1"},{"ActivationArguments":{"__servicehub__ServiceHubRemoteServiceBrokerPipeName":"/Users/coycrowder/.ServiceHub/cba76ce264/03f583d77b"},"ClientCredentials":{},"ClientCulture":"en-US","ClientUICulture":"en-US"}]}
11/09/2024 13:51:22 Central Standard Time : Information : VsHubClient-hubController read: Content-Length: 167

{"jsonrpc":"2.0","id":9,"result":{"RequestId":"882819a9-3fb5-4588-bbbb-112a9a44e221","PipeName":"/Users/coycrowder/.ServiceHub/cba76ce264/fbe01b3267","IsEmpty":false}}
11/09/2024 13:51:22 Central Standard Time : Information : Microsoft.VisualStudio.ProjectSystem.ProjectInitializationStatusService-RemoteServiceBrokerServer write: Content-Length: 151

{"jsonrpc":"2.0","id":4,"result":{"requestId":"882819a9-3fb5-4588-bbbb-112a9a44e221","pipeName":"/Users/coycrowder/.ServiceHub/cba76ce264/fbe01b3267"}}
11/09/2024 13:51:22 Central Standard Time : Information : Disposing ServiceBroker server '/Users/coycrowder/.ServiceHub/cba76ce264/03f583d77b'.
11/09/2024 13:51:22 Central Standard Time : Information : Microsoft.VisualStudio.ProjectSystem.CompositionService-RemoteServiceBrokerServer read: Content-Length: 193

{"jsonrpc":"2.0","id":2,"method":"handshake","params":[{"supportedConnections":"IpcPipe","localServiceHost":{"operatingSystem":2,"processArchitecture":1,"runtime":2,"runtimeVersion":"8.0.8"}}]}
11/09/2024 13:51:22 Central Standard Time : Information : Microsoft.VisualStudio.ProjectSystem.CompositionService-RemoteServiceBrokerServer write: Content-Length: 38

{"jsonrpc":"2.0","id":2,"result":null}
11/09/2024 13:51:22 Central Standard Time : Information : Microsoft.VisualStudio.ProjectSystem.CompositionService-RemoteServiceBrokerServer read: Content-Length: 183

{"jsonrpc":"2.0","id":3,"method":"requestServiceChannel","params":[{"name":"Microsoft.ServiceHub.Framework.AuthorizationService"},{"clientCulture":"en-US","clientUICulture":"en-US"}]}
11/09/2024 13:51:22 Central Standard Time : Information : Microsoft.VisualStudio.ProjectSystem.CompositionService-RemoteServiceBrokerServer write: Content-Length: 181

{"jsonrpc":"2.0","id":3,"result":{"requestId":"a7dfca2e-4025-423f-9475-f0f73f3bb287","pipeName":"/var/folders/84/68dsmswn3m95t759t37vwxmr0000gn/T/bd53d10c01ec487ba13c388bba57289f"}}
11/09/2024 13:51:22 Central Standard Time : Information : VsHubClient-hubController read: Content-Length: 167

{"jsonrpc":"2.0","id":8,"result":{"RequestId":"5aa7f261-f598-4f28-9821-57f186ff0b27","PipeName":"/Users/coycrowder/.ServiceHub/cba76ce264/cb6658388f","IsEmpty":false}}
11/09/2024 13:51:22 Central Standard Time : Information : Microsoft.VisualStudio.ProjectSystem.CompositionService-RemoteServiceBrokerServer read: Content-Length: 194

{"jsonrpc":"2.0","id":4,"method":"requestServiceChannel","params":[{"name":"Microsoft.VisualStudio.ComponentExportsService","version":"0.1"},{"clientCulture":"en-US","clientUICulture":"en-US"}]}
11/09/2024 13:51:22 Central Standard Time : Information : Microsoft.VisualStudio.ProjectSystem.CompositionService-RemoteServiceBrokerServer read: Content-Length: 197

{"jsonrpc":"2.0","id":5,"method":"requestServiceChannel","params":[{"name":"Microsoft.VisualStudio.NoDelay.EnvironmentService","version":"0.1"},{"clientCulture":"en-US","clientUICulture":"en-US"}]}
11/09/2024 13:51:23 Central Standard Time : Information : VsHubClient-hubController read: Content-Length: 167

{"jsonrpc":"2.0","id":4,"result":{"RequestId":"0d9042c5-66a6-4543-9df1-93615be6aa3e","PipeName":"/Users/coycrowder/.ServiceHub/cba76ce264/01bbf3942f","IsEmpty":false}}Content-Length: 167

{"jsonrpc":"2.0","id":5,"result":{"RequestId":"75dcccf2-cbf2-4858-aa37-31295e0cf01b","PipeName":"/Users/coycrowder/.ServiceHub/cba76ce264/95cc7e0af7","IsEmpty":false}}
11/09/2024 13:51:23 Central Standard Time : Information : Microsoft.VisualStudio.ProjectSystem.CompositionService-RemoteServiceBrokerServer write: Content-Length: 181

{"jsonrpc":"2.0","id":4,"result":{"requestId":"f105f0c6-3fc0-4e16-986e-751c8d154a59","pipeName":"/var/folders/84/68dsmswn3m95t759t37vwxmr0000gn/T/f1f4abfc37dd4648aa1be957f4351c6e"}}
11/09/2024 13:51:23 Central Standard Time : Information : Microsoft.VisualStudio.ProjectSystem.CompositionService-RemoteServiceBrokerServer write: Content-Length: 181

{"jsonrpc":"2.0","id":5,"result":{"requestId":"dc7ac260-a743-4a87-b70f-2aafb08bda97","pipeName":"/var/folders/84/68dsmswn3m95t759t37vwxmr0000gn/T/752f459439444cbf81580acdfe78626c"}}
11/09/2024 13:51:23 Central Standard Time : Information : VsHubClient-hubController write: Content-Length: 351

{"jsonrpc":"2.0","id":10,"method":"requestServiceChannel","params":[{"Name":"Microsoft.CodeCoverage.VSCode.CollectionService","Version":"1.0"},{"ActivationArguments":{"__servicehub__ServiceHubRemoteServiceBrokerPipeName":"/Users/coycrowder/.ServiceHub/cba76ce264/5f82dd186c"},"ClientCredentials":{},"ClientCulture":"en-US","ClientUICulture":"en-US"}]}
11/09/2024 13:51:23 Central Standard Time : Information : VsHubClient-hubController read: Content-Length: 168

{"jsonrpc":"2.0","id":10,"result":{"RequestId":"9cd8de37-172d-407e-a173-9a813a1ad2e7","PipeName":"/Users/coycrowder/.ServiceHub/cba76ce264/6ad268f3a8","IsEmpty":false}}
11/09/2024 13:51:23 Central Standard Time : Information : Disposing ServiceBroker server '/Users/coycrowder/.ServiceHub/cba76ce264/b3f1dec4e7'.
11/09/2024 13:51:23 Central Standard Time : Information : Disposing ServiceBroker server '/Users/coycrowder/.ServiceHub/cba76ce264/e328ed16eb'.
11/09/2024 13:51:23 Central Standard Time : Information : Disposing ServiceBroker server '/Users/coycrowder/.ServiceHub/cba76ce264/5f82dd186c'.
11/09/2024 13:51:23 Central Standard Time : Information : Disposing ServiceBroker server '/Users/coycrowder/.ServiceHub/cba76ce264/c8c93eb258'.
11/09/2024 13:51:23 Central Standard Time : Information : Microsoft.VisualStudio.Debugger.HotReloadSessionNotificationService-RemoteServiceBrokerServer read: Content-Length: 193

{"jsonrpc":"2.0","id":2,"method":"handshake","params":[{"supportedConnections":"IpcPipe","localServiceHost":{"operatingSystem":2,"processArchitecture":1,"runtime":2,"runtimeVersion":"8.0.8"}}]}
11/09/2024 13:51:23 Central Standard Time : Information : Microsoft.VisualStudio.TestWindow.VSCode.Service-RemoteServiceBrokerServer read: Content-Length: 193

{"jsonrpc":"2.0","id":2,"method":"handshake","params":[{"supportedConnections":"IpcPipe","localServiceHost":{"operatingSystem":2,"processArchitecture":1,"runtime":2,"runtimeVersion":"8.0.8"}}]}
11/09/2024 13:51:23 Central Standard Time : Information : Microsoft.CodeCoverage.VSCode.CollectionService-RemoteServiceBrokerServer read: Content-Length: 193

{"jsonrpc":"2.0","id":2,"method":"handshake","params":[{"supportedConnections":"IpcPipe","localServiceHost":{"operatingSystem":2,"processArchitecture":1,"runtime":2,"runtimeVersion":"8.0.8"}}]}
11/09/2024 13:51:23 Central Standard Time : Information : Microsoft.CodeCoverage.VSCode.ReportService-RemoteServiceBrokerServer read: Content-Length: 193

{"jsonrpc":"2.0","id":2,"method":"handshake","params":[{"supportedConnections":"IpcPipe","localServiceHost":{"operatingSystem":2,"processArchitecture":1,"runtime":2,"runtimeVersion":"8.0.8"}}]}
11/09/2024 13:51:23 Central Standard Time : Information : Microsoft.VisualStudio.TestWindow.VSCode.Service-RemoteServiceBrokerServer write: Content-Length: 38

{"jsonrpc":"2.0","id":2,"result":null}
11/09/2024 13:51:23 Central Standard Time : Information : Microsoft.CodeCoverage.VSCode.ReportService-RemoteServiceBrokerServer write: Content-Length: 38

{"jsonrpc":"2.0","id":2,"result":null}
11/09/2024 13:51:23 Central Standard Time : Information : Microsoft.VisualStudio.Debugger.HotReloadSessionNotificationService-RemoteServiceBrokerServer write: Content-Length: 38

{"jsonrpc":"2.0","id":2,"result":null}
11/09/2024 13:51:23 Central Standard Time : Information : Microsoft.CodeCoverage.VSCode.CollectionService-RemoteServiceBrokerServer write: Content-Length: 38

{"jsonrpc":"2.0","id":2,"result":null}
11/09/2024 13:51:23 Central Standard Time : Information : Microsoft.CodeCoverage.VSCode.CollectionService-RemoteServiceBrokerServer read: Content-Length: 183

{"jsonrpc":"2.0","id":3,"method":"requestServiceChannel","params":[{"name":"Microsoft.ServiceHub.Framework.AuthorizationService"},{"clientCulture":"en-US","clientUICulture":"en-US"}]}
11/09/2024 13:51:23 Central Standard Time : Information : Microsoft.VisualStudio.TestWindow.VSCode.Service-RemoteServiceBrokerServer read: Content-Length: 183

{"jsonrpc":"2.0","id":3,"method":"requestServiceChannel","params":[{"name":"Microsoft.ServiceHub.Framework.AuthorizationService"},{"clientCulture":"en-US","clientUICulture":"en-US"}]}
11/09/2024 13:51:23 Central Standard Time : Information : Microsoft.VisualStudio.Debugger.HotReloadSessionNotificationService-RemoteServiceBrokerServer read: Content-Length: 183

{"jsonrpc":"2.0","id":3,"method":"requestServiceChannel","params":[{"name":"Microsoft.ServiceHub.Framework.AuthorizationService"},{"clientCulture":"en-US","clientUICulture":"en-US"}]}
11/09/2024 13:51:23 Central Standard Time : Information : Microsoft.CodeCoverage.VSCode.ReportService-RemoteServiceBrokerServer read: Content-Length: 183

{"jsonrpc":"2.0","id":3,"method":"requestServiceChannel","params":[{"name":"Microsoft.ServiceHub.Framework.AuthorizationService"},{"clientCulture":"en-US","clientUICulture":"en-US"}]}
11/09/2024 13:51:23 Central Standard Time : Information : Microsoft.VisualStudio.TestWindow.VSCode.Service-RemoteServiceBrokerServer write: Content-Length: 181

{"jsonrpc":"2.0","id":3,"result":{"requestId":"0ddf9c17-4532-4994-a1ab-6d3760f799f7","pipeName":"/var/folders/84/68dsmswn3m95t759t37vwxmr0000gn/T/b7ebbb7f7d5b4293abab65c79444d17f"}}
11/09/2024 13:51:23 Central Standard Time : Information : Microsoft.CodeCoverage.VSCode.ReportService-RemoteServiceBrokerServer write: Content-Length: 181

{"jsonrpc":"2.0","id":3,"result":{"requestId":"bb1dee8e-4cee-4807-9df6-6ccdc802d799","pipeName":"/var/folders/84/68dsmswn3m95t759t37vwxmr0000gn/T/1551568ce21649268eff58bd09716752"}}
11/09/2024 13:51:23 Central Standard Time : Information : Microsoft.CodeCoverage.VSCode.CollectionService-RemoteServiceBrokerServer write: Content-Length: 181

{"jsonrpc":"2.0","id":3,"result":{"requestId":"ab9f9d32-7b9f-4a70-b97d-b1f555577829","pipeName":"/var/folders/84/68dsmswn3m95t759t37vwxmr0000gn/T/7883000ad7c6418883687288b180494d"}}
11/09/2024 13:51:23 Central Standard Time : Information : Microsoft.VisualStudio.Debugger.HotReloadSessionNotificationService-RemoteServiceBrokerServer write: Content-Length: 181

{"jsonrpc":"2.0","id":3,"result":{"requestId":"40fddd87-da01-4342-9832-01e9d498d9b1","pipeName":"/var/folders/84/68dsmswn3m95t759t37vwxmr0000gn/T/3f30814a1e7543beba62186822e455bc"}}
11/09/2024 13:51:24 Central Standard Time : Information : VsHubClient-hubController write: Content-Length: 374

{"jsonrpc":"2.0","id":11,"method":"requestServiceChannel","params":[{"Name":"Microsoft.VisualStudio.TestWindow.VSCode.ProjectSystemProvider.Service","Version":"0.1"},{"ActivationArguments":{"__servicehub__ServiceHubRemoteServiceBrokerPipeName":"/Users/coycrowder/.ServiceHub/cba76ce264/a0fc757146"},"ClientCredentials":{},"ClientCulture":"en-US","ClientUICulture":"en-US"}]}
11/09/2024 13:51:24 Central Standard Time : Information : VsHubClient-hubController read: Content-Length: 168

{"jsonrpc":"2.0","id":11,"result":{"RequestId":"cd2e48bc-fde0-4548-872d-924008d7b10d","PipeName":"/Users/coycrowder/.ServiceHub/cba76ce264/d2eae93f37","IsEmpty":false}}
11/09/2024 13:51:24 Central Standard Time : Information : Disposing ServiceBroker server '/Users/coycrowder/.ServiceHub/cba76ce264/a0fc757146'.
11/09/2024 13:51:24 Central Standard Time : Information : Microsoft.VisualStudio.TestWindow.VSCode.ProjectSystemProvider.Service-RemoteServiceBrokerServer read: Content-Length: 193

{"jsonrpc":"2.0","id":2,"method":"handshake","params":[{"supportedConnections":"IpcPipe","localServiceHost":{"operatingSystem":2,"processArchitecture":1,"runtime":2,"runtimeVersion":"8.0.8"}}]}
11/09/2024 13:51:24 Central Standard Time : Information : Microsoft.VisualStudio.TestWindow.VSCode.ProjectSystemProvider.Service-RemoteServiceBrokerServer write: Content-Length: 38

{"jsonrpc":"2.0","id":2,"result":null}
11/09/2024 13:51:24 Central Standard Time : Information : Microsoft.VisualStudio.TestWindow.VSCode.ProjectSystemProvider.Service-RemoteServiceBrokerServer read: Content-Length: 183

{"jsonrpc":"2.0","id":3,"method":"requestServiceChannel","params":[{"name":"Microsoft.ServiceHub.Framework.AuthorizationService"},{"clientCulture":"en-US","clientUICulture":"en-US"}]}
11/09/2024 13:51:24 Central Standard Time : Information : Microsoft.VisualStudio.TestWindow.VSCode.ProjectSystemProvider.Service-RemoteServiceBrokerServer write: Content-Length: 181

{"jsonrpc":"2.0","id":3,"result":{"requestId":"ecc70050-7da8-4e1b-8fcb-d81ce4094c40","pipeName":"/var/folders/84/68dsmswn3m95t759t37vwxmr0000gn/T/62967155d16649c1be730784b524046b"}}
11/09/2024 13:51:24 Central Standard Time : Information : Microsoft.VisualStudio.TestWindow.VSCode.ProjectSystemProvider.Service-RemoteServiceBrokerServer read: Content-Length: 293

{"jsonrpc":"2.0","id":4,"method":"requestServiceChannel","params":[{"name":"Microsoft.VisualStudio.ProjectSystem.Query.Remoting.QueryExecutionService","version":"0.2"},{"clientCulture":"en-US","clientUICulture":"en-US"}],"traceparent":"00-4bee58e88faf4b42a29b1feade3a1b8a-580bbe93fd7fb64e-00"}
11/09/2024 13:51:24 Central Standard Time : Information : VsHubClient-hubController write: Content-Length: 377

{"jsonrpc":"2.0","id":12,"method":"requestServiceChannel","params":[{"Name":"Microsoft.VisualStudio.ProjectSystem.Query.Remoting.QueryExecutionService","Version":"0.2"},{"ActivationArguments":{"__servicehub__ServiceHubRemoteServiceBrokerPipeName":"/Users/coycrowder/.ServiceHub/cba76ce264/b54e7e38e7"},"ClientCredentials":{},"ClientCulture":"en-US","ClientUICulture":"en-US"}]}
11/09/2024 13:51:24 Central Standard Time : Information : VsHubClient-hubController read: Content-Length: 168

{"jsonrpc":"2.0","id":12,"result":{"RequestId":"c642116d-71f1-463c-8f56-e33ff0e60dfa","PipeName":"/Users/coycrowder/.ServiceHub/cba76ce264/18c4288fed","IsEmpty":false}}
11/09/2024 13:51:24 Central Standard Time : Information : Microsoft.VisualStudio.TestWindow.VSCode.ProjectSystemProvider.Service-RemoteServiceBrokerServer write: Content-Length: 151

{"jsonrpc":"2.0","id":4,"result":{"requestId":"c642116d-71f1-463c-8f56-e33ff0e60dfa","pipeName":"/Users/coycrowder/.ServiceHub/cba76ce264/18c4288fed"}}
11/09/2024 13:51:24 Central Standard Time : Information : Disposing ServiceBroker server '/Users/coycrowder/.ServiceHub/cba76ce264/b54e7e38e7'.
11/09/2024 13:51:24 Central Standard Time : Information : Microsoft.VisualStudio.ProjectSystem.Query.Remoting.QueryExecutionService-RemoteServiceBrokerServer read: Content-Length: 193

{"jsonrpc":"2.0","id":2,"method":"handshake","params":[{"supportedConnections":"IpcPipe","localServiceHost":{"operatingSystem":2,"processArchitecture":1,"runtime":2,"runtimeVersion":"8.0.8"}}]}
11/09/2024 13:51:24 Central Standard Time : Information : Microsoft.VisualStudio.ProjectSystem.Query.Remoting.QueryExecutionService-RemoteServiceBrokerServer write: Content-Length: 38

{"jsonrpc":"2.0","id":2,"result":null}
11/09/2024 13:51:24 Central Standard Time : Information : Microsoft.VisualStudio.ProjectSystem.Query.Remoting.QueryExecutionService-RemoteServiceBrokerServer read: Content-Length: 183

{"jsonrpc":"2.0","id":3,"method":"requestServiceChannel","params":[{"name":"Microsoft.ServiceHub.Framework.AuthorizationService"},{"clientCulture":"en-US","clientUICulture":"en-US"}]}
11/09/2024 13:51:24 Central Standard Time : Information : Microsoft.VisualStudio.ProjectSystem.Query.Remoting.QueryExecutionService-RemoteServiceBrokerServer write: Content-Length: 181

{"jsonrpc":"2.0","id":3,"result":{"requestId":"543abe6e-8dfd-4b82-979d-b237a43b558e","pipeName":"/var/folders/84/68dsmswn3m95t759t37vwxmr0000gn/T/c991071b83b044b5a84a7aefc415b292"}}
11/09/2024 13:51:24 Central Standard Time : Information : Microsoft.VisualStudio.ProjectSystem.CompositionService-RemoteServiceBrokerServer read: Content-Length: 242

{"jsonrpc":"2.0","id":6,"method":"requestServiceChannel","params":[{"name":"Microsoft.VisualStudio.NuGetSolutionRestoreService","version":"0.1"},{"activationArguments":{"needEvents":"True"},"clientCulture":"en-US","clientUICulture":"en-US"}]}Content-Length: 204

{"jsonrpc":"2.0","id":7,"method":"requestServiceChannel","params":[{"name":"Microsoft.VisualStudio.ActiveDocumentsInformationService","version":"0.1"},{"clientCulture":"en-US","clientUICulture":"en-US"}]}
11/09/2024 13:51:24 Central Standard Time : Information : Microsoft.VisualStudio.ProjectSystem.CompositionService-RemoteServiceBrokerServer write: Content-Length: 181

{"jsonrpc":"2.0","id":6,"result":{"requestId":"72f3f856-588a-49b4-9e30-55e3a5465576","pipeName":"/var/folders/84/68dsmswn3m95t759t37vwxmr0000gn/T/0332a80c80da4a99aa0b8de9073c9460"}}
11/09/2024 13:51:24 Central Standard Time : Information : Microsoft.VisualStudio.ProjectSystem.CompositionService-RemoteServiceBrokerServer read: Content-Length: 270

{"jsonrpc":"2.0","id":8,"method":"requestServiceChannel","params":[{"name":"Microsoft.VisualStudio.CpsProjectIconSourceService","version":"0.1"},{"clientCulture":"en-US","clientUICulture":"en-US"}],"traceparent":"00-0ff8f686d45ef045be0315f4e8133d1d-a8592312fc115a47-00"}
11/09/2024 13:51:24 Central Standard Time : Information : Microsoft.VisualStudio.ProjectSystem.CompositionService-RemoteServiceBrokerServer write: Content-Length: 181

{"jsonrpc":"2.0","id":7,"result":{"requestId":"05242f5a-fcc3-4df1-bd38-d96182587ed6","pipeName":"/var/folders/84/68dsmswn3m95t759t37vwxmr0000gn/T/0566328ce62d4cee9bc664f7ecc7f128"}}
11/09/2024 13:51:24 Central Standard Time : Information : VsHubClient-hubController write: Content-Length: 354

{"jsonrpc":"2.0","id":13,"method":"requestServiceChannel","params":[{"Name":"Microsoft.VisualStudio.CpsProjectIconSourceService","Version":"0.1"},{"ActivationArguments":{"__servicehub__ServiceHubRemoteServiceBrokerPipeName":"/Users/coycrowder/.ServiceHub/cba76ce264/9783bbf5ad"},"ClientCredentials":{},"ClientCulture":"en-US","ClientUICulture":"en-US"}]}
11/09/2024 13:51:24 Central Standard Time : Information : VsHubClient-hubController read: Content-Length: 168

{"jsonrpc":"2.0","id":13,"result":{"RequestId":"0e59004d-f4cf-47c6-ac7e-c4b5ddaaf681","PipeName":"/Users/coycrowder/.ServiceHub/cba76ce264/a3100ced55","IsEmpty":false}}
11/09/2024 13:51:24 Central Standard Time : Information : Microsoft.VisualStudio.ProjectSystem.CompositionService-RemoteServiceBrokerServer write: Content-Length: 151

{"jsonrpc":"2.0","id":8,"result":{"requestId":"0e59004d-f4cf-47c6-ac7e-c4b5ddaaf681","pipeName":"/Users/coycrowder/.ServiceHub/cba76ce264/a3100ced55"}}
11/09/2024 13:51:24 Central Standard Time : Information : Disposing ServiceBroker server '/Users/coycrowder/.ServiceHub/cba76ce264/9783bbf5ad'.
11/09/2024 13:51:24 Central Standard Time : Information : Microsoft.VisualStudio.CpsProjectIconSourceService-RemoteServiceBrokerServer read: Content-Length: 193

{"jsonrpc":"2.0","id":2,"method":"handshake","params":[{"supportedConnections":"IpcPipe","localServiceHost":{"operatingSystem":2,"processArchitecture":1,"runtime":2,"runtimeVersion":"8.0.8"}}]}
11/09/2024 13:51:24 Central Standard Time : Information : Microsoft.VisualStudio.CpsProjectIconSourceService-RemoteServiceBrokerServer write: Content-Length: 38

{"jsonrpc":"2.0","id":2,"result":null}
11/09/2024 13:51:24 Central Standard Time : Information : Microsoft.VisualStudio.CpsProjectIconSourceService-RemoteServiceBrokerServer read: Content-Length: 183

{"jsonrpc":"2.0","id":3,"method":"requestServiceChannel","params":[{"name":"Microsoft.ServiceHub.Framework.AuthorizationService"},{"clientCulture":"en-US","clientUICulture":"en-US"}]}
11/09/2024 13:51:24 Central Standard Time : Information : Microsoft.VisualStudio.CpsProjectIconSourceService-RemoteServiceBrokerServer write: Content-Length: 181

{"jsonrpc":"2.0","id":3,"result":{"requestId":"f4a87095-bedd-440d-8c00-3169dc5447b0","pipeName":"/var/folders/84/68dsmswn3m95t759t37vwxmr0000gn/T/b83783e03e544b6e94b1186984173cf4"}}
11/09/2024 13:51:27 Central Standard Time : Information : Microsoft.VisualStudio.ProjectSystem.CompositionService-RemoteServiceBrokerServer read: Content-Length: 197

{"jsonrpc":"2.0","id":9,"method":"requestServiceChannel","params":[{"name":"Microsoft.VisualStudio.NoDelay.EnvironmentService","version":"0.1"},{"clientCulture":"en-US","clientUICulture":"en-US"}]}
11/09/2024 13:51:27 Central Standard Time : Information : Microsoft.VisualStudio.ProjectSystem.CompositionService-RemoteServiceBrokerServer write: Content-Length: 181

{"jsonrpc":"2.0","id":9,"result":{"requestId":"f767f6cb-d4cd-47aa-bfaf-c7af7ce5312a","pipeName":"/var/folders/84/68dsmswn3m95t759t37vwxmr0000gn/T/f8af498d13f84ad7a65408a9f5a7a298"}}
11/09/2024 13:51:27 Central Standard Time : Information : Microsoft.VisualStudio.ProjectSystem.CompositionService-RemoteServiceBrokerServer read: Content-Length: 203

{"jsonrpc":"2.0","id":10,"method":"requestServiceChannel","params":[{"name":"Microsoft.VisualStudio.LanguageServices.WorkspaceProjectFactoryService"},{"clientCulture":"en-US","clientUICulture":"en-US"}]}
11/09/2024 13:51:27 Central Standard Time : Information : VsHubClient-hubController write: Content-Length: 375

{"jsonrpc":"2.0","id":14,"method":"requestServiceChannel","params":[{"Name":"Microsoft.VisualStudio.ProjectSystem.ProjectInitializationStatusService","Version":"0.1"},{"ActivationArguments":{"__servicehub__ServiceHubRemoteServiceBrokerPipeName":"/Users/coycrowder/.ServiceHub/cba76ce264/b5df052a64"},"ClientCredentials":{},"ClientCulture":"en-US","ClientUICulture":"en-US"}]}
11/09/2024 13:51:27 Central Standard Time : Information : VsHubClient-hubController read: Content-Length: 168

{"jsonrpc":"2.0","id":14,"result":{"RequestId":"c04fe5e6-fb40-442b-9d06-9ccfe3ac4498","PipeName":"/Users/coycrowder/.ServiceHub/cba76ce264/4392f61b03","IsEmpty":false}}
11/09/2024 13:51:27 Central Standard Time : Information : Disposing ServiceBroker server '/Users/coycrowder/.ServiceHub/cba76ce264/b5df052a64'.
11/09/2024 13:51:27 Central Standard Time : Information : Microsoft.VisualStudio.ProjectSystem.ProjectInitializationStatusService-RemoteServiceBrokerServer read: Content-Length: 193

{"jsonrpc":"2.0","id":2,"method":"handshake","params":[{"supportedConnections":"IpcPipe","localServiceHost":{"operatingSystem":2,"processArchitecture":1,"runtime":2,"runtimeVersion":"8.0.8"}}]}
11/09/2024 13:51:27 Central Standard Time : Information : Microsoft.VisualStudio.ProjectSystem.ProjectInitializationStatusService-RemoteServiceBrokerServer write: Content-Length: 38

{"jsonrpc":"2.0","id":2,"result":null}
11/09/2024 13:51:27 Central Standard Time : Information : Microsoft.VisualStudio.ProjectSystem.CompositionService-RemoteServiceBrokerServer read: Content-Length: 185

{"jsonrpc":"2.0","id":11,"method":"requestServiceChannel","params":[{"name":"Microsoft.VisualStudio.OptionService","version":"0.1"},{"clientCulture":"en-US","clientUICulture":"en-US"}]}
11/09/2024 13:51:27 Central Standard Time : Information : Microsoft.VisualStudio.ProjectSystem.CompositionService-RemoteServiceBrokerServer write: Content-Length: 182

{"jsonrpc":"2.0","id":11,"result":{"requestId":"3528c378-4eb9-4c8d-9177-44ced22c8f81","pipeName":"/var/folders/84/68dsmswn3m95t759t37vwxmr0000gn/T/945c2639125342708f9570e67e93b928"}}
11/09/2024 13:51:27 Central Standard Time : Information : Microsoft.VisualStudio.ProjectSystem.ProjectInitializationStatusService-RemoteServiceBrokerServer read: Content-Length: 183

{"jsonrpc":"2.0","id":3,"method":"requestServiceChannel","params":[{"name":"Microsoft.ServiceHub.Framework.AuthorizationService"},{"clientCulture":"en-US","clientUICulture":"en-US"}]}
11/09/2024 13:51:27 Central Standard Time : Information : Microsoft.VisualStudio.ProjectSystem.ProjectInitializationStatusService-RemoteServiceBrokerServer write: Content-Length: 181

{"jsonrpc":"2.0","id":3,"result":{"requestId":"6c49bfa9-5b6d-49e2-ae38-c14e390022eb","pipeName":"/var/folders/84/68dsmswn3m95t759t37vwxmr0000gn/T/2abb7d28358549c7805fa52dedeef689"}}
11/09/2024 13:51:27 Central Standard Time : Information : Microsoft.VisualStudio.ProjectSystem.CompositionService-RemoteServiceBrokerServer write: Content-Length: 182

{"jsonrpc":"2.0","id":10,"result":{"requestId":"278fa540-2d01-4e5e-88bd-c11017c6d473","pipeName":"/var/folders/84/68dsmswn3m95t759t37vwxmr0000gn/T/930bfcf865544fe2ba60b69b30755393"}}
11/09/2024 13:51:30 Central Standard Time : Information : Microsoft.VisualStudio.ProjectSystem.CompositionService-RemoteServiceBrokerServer read: Content-Length: 199

{"jsonrpc":"2.0","id":12,"method":"requestServiceChannel","params":[{"name":"Microsoft.VisualStudio.NuGetSolutionRestoreService","version":"0.1"},{"clientCulture":"en-US","clientUICulture":"en-US"}]}
11/09/2024 13:51:30 Central Standard Time : Information : Microsoft.VisualStudio.ProjectSystem.CompositionService-RemoteServiceBrokerServer write: Content-Length: 182

{"jsonrpc":"2.0","id":12,"result":{"requestId":"2fe51e76-ab6f-4e02-8f7b-9b06d0e6f962","pipeName":"/var/folders/84/68dsmswn3m95t759t37vwxmr0000gn/T/19a2f5bbf5414c7ebb680f984abd4924"}}
11/09/2024 13:51:31 Central Standard Time : Information : Microsoft.VisualStudio.ProjectSystem.CompositionService-RemoteServiceBrokerServer read: Content-Length: 250

{"jsonrpc":"2.0","id":13,"method":"requestServiceChannel","params":[{"name":"Microsoft.VisualStudio.LogOutputChannelService","version":"0.1"},{"activationArguments":{"outputChannelName":"Projects"},"clientCulture":"en-US","clientUICulture":"en-US"}]}
11/09/2024 13:51:31 Central Standard Time : Information : Microsoft.VisualStudio.ProjectSystem.CompositionService-RemoteServiceBrokerServer write: Content-Length: 182

{"jsonrpc":"2.0","id":13,"result":{"requestId":"1039664a-ba51-49cb-b0b8-208ac91e7ade","pipeName":"/var/folders/84/68dsmswn3m95t759t37vwxmr0000gn/T/b919f8315ec44db9aeca0d45298474c7"}}
11/09/2024 13:51:31 Central Standard Time : Information : VsHubClient-hubController write: Content-Length: 377

{"jsonrpc":"2.0","id":15,"method":"requestServiceChannel","params":[{"Name":"Microsoft.VisualStudio.ProjectSystem.Query.Remoting.QueryExecutionService","Version":"0.3"},{"ActivationArguments":{"__servicehub__ServiceHubRemoteServiceBrokerPipeName":"/Users/coycrowder/.ServiceHub/cba76ce264/d393333250"},"ClientCredentials":{},"ClientCulture":"en-US","ClientUICulture":"en-US"}]}
11/09/2024 13:51:31 Central Standard Time : Information : VsHubClient-hubController read: Content-Length: 168

{"jsonrpc":"2.0","id":15,"result":{"RequestId":"7a6e346b-1af9-47d3-b31b-80ef4fdfc504","PipeName":"/Users/coycrowder/.ServiceHub/cba76ce264/e01e757762","IsEmpty":false}}
11/09/2024 13:51:31 Central Standard Time : Information : Disposing ServiceBroker server '/Users/coycrowder/.ServiceHub/cba76ce264/d393333250'.
11/09/2024 13:51:31 Central Standard Time : Information : Microsoft.VisualStudio.ProjectSystem.Query.Remoting.QueryExecutionService-RemoteServiceBrokerServer read: Content-Length: 193

{"jsonrpc":"2.0","id":2,"method":"handshake","params":[{"supportedConnections":"IpcPipe","localServiceHost":{"operatingSystem":2,"processArchitecture":1,"runtime":2,"runtimeVersion":"8.0.8"}}]}
11/09/2024 13:51:31 Central Standard Time : Information : Microsoft.VisualStudio.ProjectSystem.Query.Remoting.QueryExecutionService-RemoteServiceBrokerServer write: Content-Length: 38

{"jsonrpc":"2.0","id":2,"result":null}
11/09/2024 13:51:31 Central Standard Time : Information : Microsoft.VisualStudio.ProjectSystem.Query.Remoting.QueryExecutionService-RemoteServiceBrokerServer read: Content-Length: 183

{"jsonrpc":"2.0","id":3,"method":"requestServiceChannel","params":[{"name":"Microsoft.ServiceHub.Framework.AuthorizationService"},{"clientCulture":"en-US","clientUICulture":"en-US"}]}
11/09/2024 13:51:31 Central Standard Time : Information : Microsoft.VisualStudio.ProjectSystem.Query.Remoting.QueryExecutionService-RemoteServiceBrokerServer write: Content-Length: 181

{"jsonrpc":"2.0","id":3,"result":{"requestId":"d5d2a264-29b4-4327-a9db-d2e55e24e178","pipeName":"/var/folders/84/68dsmswn3m95t759t37vwxmr0000gn/T/0d9aef807141406790fc4641dd159cbc"}}
11/09/2024 17:33:16 Central Standard Time : Information : VsHubClient-hubController write: Content-Length: 356

{"jsonrpc":"2.0","id":16,"method":"requestServiceChannel","params":[{"Name":"Microsoft.VisualStudio.Debugger.SymbolLocatorService","Version":"0.1"},{"ActivationArguments":{"__servicehub__ServiceHubRemoteServiceBrokerPipeName":"/Users/coycrowder/.ServiceHub/cba76ce264/e47c5378da"},"ClientCredentials":{},"ClientCulture":"en-US","ClientUICulture":"en-US"}]}
11/09/2024 17:33:16 Central Standard Time : Information : VsHubClient-hubController read: Content-Length: 168

{"jsonrpc":"2.0","id":16,"result":{"RequestId":"ac1a53c3-81ee-470a-8acb-3d0bc379d638","PipeName":"/Users/coycrowder/.ServiceHub/cba76ce264/3dbfebd75b","IsEmpty":false}}
11/09/2024 17:33:17 Central Standard Time : Information : Disposing ServiceBroker server '/Users/coycrowder/.ServiceHub/cba76ce264/e47c5378da'.
11/09/2024 17:33:17 Central Standard Time : Information : Microsoft.VisualStudio.Debugger.SymbolLocatorService-RemoteServiceBrokerServer read: Content-Length: 193

{"jsonrpc":"2.0","id":2,"method":"handshake","params":[{"supportedConnections":"IpcPipe","localServiceHost":{"operatingSystem":2,"processArchitecture":1,"runtime":2,"runtimeVersion":"8.0.8"}}]}
11/09/2024 17:33:17 Central Standard Time : Information : Microsoft.VisualStudio.Debugger.SymbolLocatorService-RemoteServiceBrokerServer write: Content-Length: 38

{"jsonrpc":"2.0","id":2,"result":null}
11/09/2024 17:33:17 Central Standard Time : Information : Microsoft.VisualStudio.Debugger.SymbolLocatorService-RemoteServiceBrokerServer read: Content-Length: 183

{"jsonrpc":"2.0","id":3,"method":"requestServiceChannel","params":[{"name":"Microsoft.ServiceHub.Framework.AuthorizationService"},{"clientCulture":"en-US","clientUICulture":"en-US"}]}
11/09/2024 17:33:17 Central Standard Time : Information : Microsoft.VisualStudio.Debugger.SymbolLocatorService-RemoteServiceBrokerServer write: Content-Length: 181

{"jsonrpc":"2.0","id":3,"result":{"requestId":"47513a9c-740f-4717-8876-f5eb6ff9c6ba","pipeName":"/var/folders/84/68dsmswn3m95t759t37vwxmr0000gn/T/9d0526297c1f4c8197851116f7c0fe67"}}
11/09/2024 17:33:17 Central Standard Time : Information : Microsoft.VisualStudio.Debugger.SymbolLocatorService-RemoteServiceBrokerServer read: Content-Length: 256

{"jsonrpc":"2.0","id":4,"method":"requestServiceChannel","params":[{"name":"Microsoft.VisualStudio.OptionService","version":"0.1"},{"clientCulture":"en-US","clientUICulture":"en-US"}],"traceparent":"00-8ce09239c1889c4485dc5406744dca3c-df26d12ea47a8640-00"}
11/09/2024 17:33:17 Central Standard Time : Information : Microsoft.VisualStudio.Debugger.SymbolLocatorService-RemoteServiceBrokerServer write: Content-Length: 181

{"jsonrpc":"2.0","id":4,"result":{"requestId":"f352d74d-39a7-449e-bd60-1fa5c26b71e1","pipeName":"/var/folders/84/68dsmswn3m95t759t37vwxmr0000gn/T/a45f4ff0c15c4222b29f9e1b585f312c"}}
11/09/2024 17:33:17 Central Standard Time : Information : Microsoft.VisualStudio.Debugger.SymbolLocatorService-RemoteServiceBrokerServer read: Content-Length: 329

{"jsonrpc":"2.0","id":5,"method":"requestServiceChannel","params":[{"name":"Microsoft.VisualStudio.LogOutputChannelService","version":"0.1"},{"activationArguments":{"outputChannelName":"C# SymbolLocator"},"clientCulture":"en-US","clientUICulture":"en-US"}],"traceparent":"00-8ce09239c1889c4485dc5406744dca3c-c10ae18d39e41e48-00"}
11/09/2024 17:33:17 Central Standard Time : Information : Microsoft.VisualStudio.Debugger.SymbolLocatorService-RemoteServiceBrokerServer write: Content-Length: 181

{"jsonrpc":"2.0","id":5,"result":{"requestId":"d3b63d4b-8222-4f65-9c5c-452f9a540fa1","pipeName":"/var/folders/84/68dsmswn3m95t759t37vwxmr0000gn/T/64528b4d460447d683ac0b7275ae790d"}}
11/09/2024 17:33:17 Central Standard Time : Information : VsHubClient-hubController write: Content-Length: 356

{"jsonrpc":"2.0","id":17,"method":"requestServiceChannel","params":[{"Name":"Microsoft.VisualStudio.Debugger.SymbolLocatorService","Version":"0.1"},{"ActivationArguments":{"__servicehub__ServiceHubRemoteServiceBrokerPipeName":"/Users/coycrowder/.ServiceHub/cba76ce264/ca84181a2b"},"ClientCredentials":{},"ClientCulture":"en-US","ClientUICulture":"en-US"}]}
11/09/2024 17:33:17 Central Standard Time : Information : VsHubClient-hubController read: Content-Length: 168

{"jsonrpc":"2.0","id":17,"result":{"RequestId":"e8bf1f1c-7189-41e3-8f4e-808ec8e3f43b","PipeName":"/Users/coycrowder/.ServiceHub/cba76ce264/b7372f65db","IsEmpty":false}}
11/09/2024 17:33:17 Central Standard Time : Information : Disposing ServiceBroker server '/Users/coycrowder/.ServiceHub/cba76ce264/ca84181a2b'.
11/09/2024 17:33:17 Central Standard Time : Information : Microsoft.VisualStudio.Debugger.SymbolLocatorService-RemoteServiceBrokerServer read: Content-Length: 193

{"jsonrpc":"2.0","id":2,"method":"handshake","params":[{"supportedConnections":"IpcPipe","localServiceHost":{"operatingSystem":2,"processArchitecture":1,"runtime":2,"runtimeVersion":"8.0.8"}}]}
11/09/2024 17:33:17 Central Standard Time : Information : Microsoft.VisualStudio.Debugger.SymbolLocatorService-RemoteServiceBrokerServer write: Content-Length: 38

{"jsonrpc":"2.0","id":2,"result":null}
11/09/2024 17:33:17 Central Standard Time : Information : Microsoft.VisualStudio.Debugger.SymbolLocatorService-RemoteServiceBrokerServer read: Content-Length: 183

{"jsonrpc":"2.0","id":3,"method":"requestServiceChannel","params":[{"name":"Microsoft.ServiceHub.Framework.AuthorizationService"},{"clientCulture":"en-US","clientUICulture":"en-US"}]}
11/09/2024 17:33:17 Central Standard Time : Information : Microsoft.VisualStudio.Debugger.SymbolLocatorService-RemoteServiceBrokerServer write: Content-Length: 181

{"jsonrpc":"2.0","id":3,"result":{"requestId":"12029e41-75be-473f-a067-3bea421f9ae1","pipeName":"/var/folders/84/68dsmswn3m95t759t37vwxmr0000gn/T/e0650f7227d94b288ea01b917d29c3a0"}}
11/09/2024 17:33:17 Central Standard Time : Information : Microsoft.VisualStudio.Debugger.SymbolLocatorService-RemoteServiceBrokerServer read: Content-Length: 256

{"jsonrpc":"2.0","id":4,"method":"requestServiceChannel","params":[{"name":"Microsoft.VisualStudio.OptionService","version":"0.1"},{"clientCulture":"en-US","clientUICulture":"en-US"}],"traceparent":"00-3e919081f9bc71448a6891e12d9e699f-90f575d6614c754b-00"}
11/09/2024 17:33:17 Central Standard Time : Information : Microsoft.VisualStudio.Debugger.SymbolLocatorService-RemoteServiceBrokerServer write: Content-Length: 181

{"jsonrpc":"2.0","id":4,"result":{"requestId":"e4696df5-5a50-40c1-bfd2-9b185e88de42","pipeName":"/var/folders/84/68dsmswn3m95t759t37vwxmr0000gn/T/327058e0b746422c88d09db2654cdf2f"}}
11/09/2024 17:33:17 Central Standard Time : Information : Microsoft.VisualStudio.Debugger.SymbolLocatorService-RemoteServiceBrokerServer read: Content-Length: 329

{"jsonrpc":"2.0","id":5,"method":"requestServiceChannel","params":[{"name":"Microsoft.VisualStudio.LogOutputChannelService","version":"0.1"},{"activationArguments":{"outputChannelName":"C# SymbolLocator"},"clientCulture":"en-US","clientUICulture":"en-US"}],"traceparent":"00-3e919081f9bc71448a6891e12d9e699f-19a2891a3823ca4a-00"}
11/09/2024 17:33:17 Central Standard Time : Information : Microsoft.VisualStudio.Debugger.SymbolLocatorService-RemoteServiceBrokerServer write: Content-Length: 181

{"jsonrpc":"2.0","id":5,"result":{"requestId":"7052a17d-b363-45f7-a722-21480b864247","pipeName":"/var/folders/84/68dsmswn3m95t759t37vwxmr0000gn/T/1cd23c03f56440a0a7ced59e9972523a"}}
11/09/2024 22:47:28 Central Standard Time : Information : VsHubClient-hubController JSON RPC has been disposed
11/09/2024 22:47:28 Central Standard Time : Information : VsHubClient-hubController read: end of stream
11/09/2024 22:47:28 Central Standard Time : Information : Microsoft.VisualStudio.TestWindow.VSCode.Service-RemoteServiceBrokerServer read: end of stream
