09/27/2024 19:39:29 Central Standard Time : Information : Local timezone is (UTC-06:00) Central Time (Chicago)
09/27/2024 19:39:29 Central Standard Time : Information : Added local RPC method "getPipe" -> Microsoft.VisualStudio.Utilities.ServiceBroker.GlobalBrokeredServiceContainer+View.GetPipeAsync(ServiceMoniker, ServiceActivationOptions, CancellationToken) (Microsoft.VisualStudio.Utilities.ServiceBroker.GlobalBrokeredServiceContainer+View)
09/27/2024 19:39:29 Central Standard Time : Information : Added local RPC method "getProxy" -> Microsoft.VisualStudio.Utilities.ServiceBroker.GlobalBrokeredServiceContainer+View.GetProxyAsync(ServiceRpcDescriptor, ServiceActivationOptions, CancellationToken) (Microsoft.VisualStudio.Utilities.ServiceBroker.GlobalBrokeredServiceContainer+View)
09/27/2024 19:39:29 Central Standard Time : Information : Added local RPC method "handshake" -> Microsoft.VisualStudio.Utilities.ServiceBroker.GlobalBrokeredServiceContainer+View.HandshakeAsync(ServiceBrokerClientMetadata, CancellationToken) (Microsoft.VisualStudio.Utilities.ServiceBroker.GlobalBrokeredServiceContainer+View)
09/27/2024 19:39:29 Central Standard Time : Information : Added local RPC method "requestServiceChannel" -> Microsoft.VisualStudio.Utilities.ServiceBroker.GlobalBrokeredServiceContainer+View.RequestServiceChannelAsync(ServiceMoniker, ServiceActivationOptions, CancellationToken) (Microsoft.VisualStudio.Utilities.ServiceBroker.GlobalBrokeredServiceContainer+View)
09/27/2024 19:39:29 Central Standard Time : Information : Added local RPC method "cancelServiceRequest" -> Microsoft.VisualStudio.Utilities.ServiceBroker.GlobalBrokeredServiceContainer+View.CancelServiceRequestAsync(Guid) (Microsoft.VisualStudio.Utilities.ServiceBroker.GlobalBrokeredServiceContainer+View)
09/27/2024 19:39:29 Central Standard Time : Information : Added local RPC method "getPipe" -> Microsoft.VisualStudio.Utilities.ServiceBroker.GlobalBrokeredServiceContainer+View.GetPipeAsync(ServiceMoniker, ServiceActivationOptions, CancellationToken) (Microsoft.VisualStudio.Utilities.ServiceBroker.GlobalBrokeredServiceContainer+View)
09/27/2024 19:39:29 Central Standard Time : Information : Added local RPC method "getProxy" -> Microsoft.VisualStudio.Utilities.ServiceBroker.GlobalBrokeredServiceContainer+View.GetProxyAsync(ServiceRpcDescriptor, ServiceActivationOptions, CancellationToken) (Microsoft.VisualStudio.Utilities.ServiceBroker.GlobalBrokeredServiceContainer+View)
09/27/2024 19:39:29 Central Standard Time : Information : Added local RPC method "handshake" -> Microsoft.VisualStudio.Utilities.ServiceBroker.GlobalBrokeredServiceContainer+View.HandshakeAsync(ServiceBrokerClientMetadata, CancellationToken) (Microsoft.VisualStudio.Utilities.ServiceBroker.GlobalBrokeredServiceContainer+View)
09/27/2024 19:39:29 Central Standard Time : Information : Added local RPC method "requestServiceChannel" -> Microsoft.VisualStudio.Utilities.ServiceBroker.GlobalBrokeredServiceContainer+View.RequestServiceChannelAsync(ServiceMoniker, ServiceActivationOptions, CancellationToken) (Microsoft.VisualStudio.Utilities.ServiceBroker.GlobalBrokeredServiceContainer+View)
09/27/2024 19:39:29 Central Standard Time : Information : Added local RPC method "cancelServiceRequest" -> Microsoft.VisualStudio.Utilities.ServiceBroker.GlobalBrokeredServiceContainer+View.CancelServiceRequestAsync(Guid) (Microsoft.VisualStudio.Utilities.ServiceBroker.GlobalBrokeredServiceContainer+View)
09/27/2024 19:39:29 Central Standard Time: Information : 2 :Listening for events from Microsoft.VisualStudio.Utilities.ServiceBroker.GlobalBrokeredServiceContainer+View.AvailabilityChanged to raise notification.
09/27/2024 19:39:29 Central Standard Time: Information : 3 :Listening started.
09/27/2024 19:39:29 Central Standard Time: Information : 7 :{"id":2,"method":"handshake"}
09/27/2024 19:39:29 Central Standard Time: Information : 6 :Received request "2" for method "handshake".
09/27/2024 19:39:29 Central Standard Time: Information : 9 :Invoking Microsoft.VisualStudio.Utilities.ServiceBroker.GlobalBrokeredServiceContainer+View.HandshakeAsync(ServiceBrokerClientMetadata, CancellationToken)
09/27/2024 19:39:29 Central Standard Time : Start : handshake
09/27/2024 19:39:29 Central Standard Time : Stop : handshake
09/27/2024 19:39:29 Central Standard Time: Information : 8 :{"id":2}
09/27/2024 19:39:29 Central Standard Time: Information : 7 :{"id":3,"method":"requestServiceChannel"}
09/27/2024 19:39:29 Central Standard Time: Information : 6 :Received request "3" for method "requestServiceChannel".
09/27/2024 19:39:29 Central Standard Time: Information : 9 :Invoking Microsoft.VisualStudio.Utilities.ServiceBroker.GlobalBrokeredServiceContainer+View.RequestServiceChannelAsync(ServiceMoniker, ServiceActivationOptions, CancellationToken)
09/27/2024 19:39:29 Central Standard Time : Start : requestServiceChannel
09/27/2024 19:39:29 Central Standard Time : Stop : requestServiceChannel
09/27/2024 19:39:29 Central Standard Time: Information : 8 :{"id":3}
09/27/2024 19:39:29 Central Standard Time: Information : 7 :{"id":4,"method":"requestServiceChannel"}
09/27/2024 19:39:29 Central Standard Time: Information : 6 :Received request "4" for method "requestServiceChannel".
09/27/2024 19:39:29 Central Standard Time: Information : 9 :Invoking Microsoft.VisualStudio.Utilities.ServiceBroker.GlobalBrokeredServiceContainer+View.RequestServiceChannelAsync(ServiceMoniker, ServiceActivationOptions, CancellationToken)
09/27/2024 19:39:29 Central Standard Time : Start : requestServiceChannel
09/27/2024 19:39:29 Central Standard Time: Information : 7 :{"id":5,"method":"requestServiceChannel"}
09/27/2024 19:39:29 Central Standard Time: Information : 6 :Received request "5" for method "requestServiceChannel".
09/27/2024 19:39:29 Central Standard Time: Information : 9 :Invoking Microsoft.VisualStudio.Utilities.ServiceBroker.GlobalBrokeredServiceContainer+View.RequestServiceChannelAsync(ServiceMoniker, ServiceActivationOptions, CancellationToken)
09/27/2024 19:39:29 Central Standard Time : Start : requestServiceChannel
09/27/2024 19:39:29 Central Standard Time : Stop : requestServiceChannel
09/27/2024 19:39:29 Central Standard Time: Information : 8 :{"id":4}
09/27/2024 19:39:29 Central Standard Time : Stop : requestServiceChannel
09/27/2024 19:39:29 Central Standard Time: Information : 8 :{"id":5}
09/27/2024 19:39:30 Central Standard Time: Information : 7 :{"id":6,"method":"requestServiceChannel"}
09/27/2024 19:39:30 Central Standard Time: Information : 6 :Received request "6" for method "requestServiceChannel".
09/27/2024 19:39:30 Central Standard Time: Information : 9 :Invoking Microsoft.VisualStudio.Utilities.ServiceBroker.GlobalBrokeredServiceContainer+View.RequestServiceChannelAsync(ServiceMoniker, ServiceActivationOptions, CancellationToken)
09/27/2024 19:39:30 Central Standard Time : Start : requestServiceChannel
09/27/2024 19:39:30 Central Standard Time: Information : 7 :{"id":7,"method":"requestServiceChannel"}
09/27/2024 19:39:30 Central Standard Time: Information : 6 :Received request "7" for method "requestServiceChannel".
09/27/2024 19:39:30 Central Standard Time: Information : 9 :Invoking Microsoft.VisualStudio.Utilities.ServiceBroker.GlobalBrokeredServiceContainer+View.RequestServiceChannelAsync(ServiceMoniker, ServiceActivationOptions, CancellationToken)
09/27/2024 19:39:30 Central Standard Time : Start : requestServiceChannel
09/27/2024 19:39:30 Central Standard Time : Stop : requestServiceChannel
09/27/2024 19:39:30 Central Standard Time: Information : 8 :{"id":6}
09/27/2024 19:39:30 Central Standard Time : Stop : requestServiceChannel
09/27/2024 19:39:30 Central Standard Time: Information : 8 :{"id":7}
09/27/2024 19:39:30 Central Standard Time: Information : 7 :{"id":8,"method":"requestServiceChannel"}
09/27/2024 19:39:30 Central Standard Time: Information : 6 :Received request "8" for method "requestServiceChannel".
09/27/2024 19:39:30 Central Standard Time: Information : 9 :Invoking Microsoft.VisualStudio.Utilities.ServiceBroker.GlobalBrokeredServiceContainer+View.RequestServiceChannelAsync(ServiceMoniker, ServiceActivationOptions, CancellationToken)
09/27/2024 19:39:30 Central Standard Time : Transfer : Transfer, relatedActivityId=fe03e08e-04a4-40a0-9916-a0c4f7f284a5
09/27/2024 19:39:30 Central Standard Time : Start : requestServiceChannel
09/27/2024 19:39:30 Central Standard Time : Stop : requestServiceChannel
09/27/2024 19:39:30 Central Standard Time : Transfer : Transfer, relatedActivityId=7081dd9f-3ed9-4170-b093-a0ee40c5bf44
09/27/2024 19:39:30 Central Standard Time: Information : 8 :{"id":8}
09/27/2024 19:39:32 Central Standard Time: Information : 7 :{"id":9,"method":"requestServiceChannel"}
09/27/2024 19:39:32 Central Standard Time: Information : 6 :Received request "9" for method "requestServiceChannel".
09/27/2024 19:39:32 Central Standard Time: Information : 9 :Invoking Microsoft.VisualStudio.Utilities.ServiceBroker.GlobalBrokeredServiceContainer+View.RequestServiceChannelAsync(ServiceMoniker, ServiceActivationOptions, CancellationToken)
09/27/2024 19:39:32 Central Standard Time : Start : requestServiceChannel
09/27/2024 19:39:32 Central Standard Time : Stop : requestServiceChannel
09/27/2024 19:39:32 Central Standard Time: Information : 8 :{"id":9}
09/27/2024 19:39:32 Central Standard Time: Information : 7 :{"id":10,"method":"requestServiceChannel"}
09/27/2024 19:39:32 Central Standard Time: Information : 6 :Received request "10" for method "requestServiceChannel".
09/27/2024 19:39:32 Central Standard Time: Information : 9 :Invoking Microsoft.VisualStudio.Utilities.ServiceBroker.GlobalBrokeredServiceContainer+View.RequestServiceChannelAsync(ServiceMoniker, ServiceActivationOptions, CancellationToken)
09/27/2024 19:39:32 Central Standard Time : Start : requestServiceChannel
09/27/2024 19:39:32 Central Standard Time: Information : 7 :{"id":11,"method":"requestServiceChannel"}
09/27/2024 19:39:32 Central Standard Time: Information : 6 :Received request "11" for method "requestServiceChannel".
09/27/2024 19:39:32 Central Standard Time: Information : 9 :Invoking Microsoft.VisualStudio.Utilities.ServiceBroker.GlobalBrokeredServiceContainer+View.RequestServiceChannelAsync(ServiceMoniker, ServiceActivationOptions, CancellationToken)
09/27/2024 19:39:32 Central Standard Time : Start : requestServiceChannel
09/27/2024 19:39:32 Central Standard Time : Stop : requestServiceChannel
09/27/2024 19:39:32 Central Standard Time: Information : 8 :{"id":11}
09/27/2024 19:39:32 Central Standard Time : Stop : requestServiceChannel
09/27/2024 19:39:32 Central Standard Time: Information : 8 :{"id":10}
09/27/2024 19:39:35 Central Standard Time: Information : 7 :{"id":12,"method":"requestServiceChannel"}
09/27/2024 19:39:35 Central Standard Time: Information : 6 :Received request "12" for method "requestServiceChannel".
09/27/2024 19:39:35 Central Standard Time: Information : 9 :Invoking Microsoft.VisualStudio.Utilities.ServiceBroker.GlobalBrokeredServiceContainer+View.RequestServiceChannelAsync(ServiceMoniker, ServiceActivationOptions, CancellationToken)
09/27/2024 19:39:35 Central Standard Time : Start : requestServiceChannel
09/27/2024 19:39:35 Central Standard Time : Stop : requestServiceChannel
09/27/2024 19:39:35 Central Standard Time: Information : 8 :{"id":12}
09/27/2024 19:39:36 Central Standard Time: Information : 7 :{"id":13,"method":"requestServiceChannel"}
09/27/2024 19:39:36 Central Standard Time: Information : 6 :Received request "13" for method "requestServiceChannel".
09/27/2024 19:39:36 Central Standard Time: Information : 9 :Invoking Microsoft.VisualStudio.Utilities.ServiceBroker.GlobalBrokeredServiceContainer+View.RequestServiceChannelAsync(ServiceMoniker, ServiceActivationOptions, CancellationToken)
09/27/2024 19:39:36 Central Standard Time : Start : requestServiceChannel
09/27/2024 19:39:36 Central Standard Time : Stop : requestServiceChannel
09/27/2024 19:39:36 Central Standard Time: Information : 8 :{"id":13}
