09/27/2024 21:03:06 Central Standard Time : Information : Local timezone is (UTC-06:00) Central Time (Chicago)
09/27/2024 21:03:07 Central Standard Time : Information : VsHubClient-hubController write: Content-Length: 109

{"jsonrpc":"2.0","id":2,"method":"UpdateClientInfoAsync","params":[{"clientName":"VsHubClient","pid":14389}]}
09/27/2024 21:03:07 Central Standard Time : Information : VsHubClient-hubController read: Content-Length: 441

{"jsonrpc":"2.0","id":2,"result":{"ClientWatchServerName":"net.pipe://14397FAA19","ControllerConfig":{"Executable":"/Users/coycrowder/.vscode/extensions/ms-dotnettools.csdevkit-1.10.18-darwin-x64/components/vs-green-server/platforms/darwin-x64/node_modules/@microsoft/servicehub-controller-net60.darwin-x64/Microsoft.ServiceHub.Controller","Args":["b15f1c31c9"],"PipeName":"b15f1c31c9"},"HostsConfig":{"RootDir":".","AppConfigFallback":""}}}
09/27/2024 21:03:07 Central Standard Time : Information : Connected to Hub Controller's client watch 'net.pipe://14397FAA19
09/27/2024 21:03:08 Central Standard Time : Information : VsHubClient-hubController write: Content-Length: 109

{"jsonrpc":"2.0","id":2,"method":"UpdateClientInfoAsync","params":[{"clientName":"VsHubClient","pid":14389}]}
09/27/2024 21:03:08 Central Standard Time : Information : VsHubClient-hubController read: Content-Length: 441

{"jsonrpc":"2.0","id":2,"result":{"ClientWatchServerName":"net.pipe://14397FAA19","ControllerConfig":{"Executable":"/Users/coycrowder/.vscode/extensions/ms-dotnettools.csdevkit-1.10.18-darwin-x64/components/vs-green-server/platforms/darwin-x64/node_modules/@microsoft/servicehub-controller-net60.darwin-x64/Microsoft.ServiceHub.Controller","Args":["b15f1c31c9"],"PipeName":"b15f1c31c9"},"HostsConfig":{"RootDir":".","AppConfigFallback":""}}}
09/27/2024 21:03:08 Central Standard Time : Information : VsHubClient-hubController write: Content-Length: 793

{"jsonrpc":"2.0","id":3,"method":"RegisterServiceAsync","params":[{"Name":"Microsoft.VisualStudio.CpsProjectIconSourceService"},{"host":"dotnet.projectSystem","hostId":"C94B8CFE-E3FD-4BAF-A941-2866DBB566FE","serviceBaseDirectory":"/Users/coycrowder/.vscode/extensions/ms-dotnettools.csdevkit-1.10.18-darwin-x64/components/CPS/platforms/darwin-x64/node_modules/@microsoft/visualstudio-projectsystem-server.darwin-x64","entryPoint":{"assemblyPath":"/Users/coycrowder/.vscode/extensions/ms-dotnettools.csdevkit-1.10.18-darwin-x64/components/CPS/platforms/darwin-x64/node_modules/@microsoft/visualstudio-projectsystem-server.darwin-x64/Microsoft.VisualStudio.ProjectSystem.Server.Implementation.dll","fullClassName":"Microsoft.VisualStudio.ProjectSystem.Server.ProjectIconSourceServiceFactory"}}]}
09/27/2024 21:03:08 Central Standard Time : Information : VsHubClient-hubController read: Content-Length: 38

{"jsonrpc":"2.0","id":3,"result":null}
09/27/2024 21:03:08 Central Standard Time : Information : VsHubClient-hubController write: Content-Length: 109

{"jsonrpc":"2.0","id":2,"method":"UpdateClientInfoAsync","params":[{"clientName":"VsHubClient","pid":14389}]}
09/27/2024 21:03:08 Central Standard Time : Information : VsHubClient-hubController read: Content-Length: 441

{"jsonrpc":"2.0","id":2,"result":{"ClientWatchServerName":"net.pipe://14397FAA19","ControllerConfig":{"Executable":"/Users/coycrowder/.vscode/extensions/ms-dotnettools.csdevkit-1.10.18-darwin-x64/components/vs-green-server/platforms/darwin-x64/node_modules/@microsoft/servicehub-controller-net60.darwin-x64/Microsoft.ServiceHub.Controller","Args":["b15f1c31c9"],"PipeName":"b15f1c31c9"},"HostsConfig":{"RootDir":".","AppConfigFallback":""}}}
09/27/2024 21:03:08 Central Standard Time : Information : VsHubClient-hubController write: Content-Length: 794

{"jsonrpc":"2.0","id":3,"method":"RegisterServiceAsync","params":[{"Name":"Microsoft.VisualStudio.LaunchConfigurationService"},{"host":"dotnet.projectSystem","hostId":"C94B8CFE-E3FD-4BAF-A941-2866DBB566FE","serviceBaseDirectory":"/Users/coycrowder/.vscode/extensions/ms-dotnettools.csdevkit-1.10.18-darwin-x64/components/CPS/platforms/darwin-x64/node_modules/@microsoft/visualstudio-projectsystem-server.darwin-x64","entryPoint":{"assemblyPath":"/Users/coycrowder/.vscode/extensions/ms-dotnettools.csdevkit-1.10.18-darwin-x64/components/CPS/platforms/darwin-x64/node_modules/@microsoft/visualstudio-projectsystem-server.darwin-x64/Microsoft.VisualStudio.ProjectSystem.Server.Implementation.dll","fullClassName":"Microsoft.VisualStudio.ProjectSystem.Server.LaunchConfigurationServiceFactory"}}]}
09/27/2024 21:03:08 Central Standard Time : Information : VsHubClient-hubController read: Content-Length: 38

{"jsonrpc":"2.0","id":3,"result":null}
09/27/2024 21:03:08 Central Standard Time : Information : VsHubClient-hubController write: Content-Length: 109

{"jsonrpc":"2.0","id":2,"method":"UpdateClientInfoAsync","params":[{"clientName":"VsHubClient","pid":14389}]}
09/27/2024 21:03:08 Central Standard Time : Information : VsHubClient-hubController read: Content-Length: 441

{"jsonrpc":"2.0","id":2,"result":{"ClientWatchServerName":"net.pipe://14397FAA19","ControllerConfig":{"Executable":"/Users/coycrowder/.vscode/extensions/ms-dotnettools.csdevkit-1.10.18-darwin-x64/components/vs-green-server/platforms/darwin-x64/node_modules/@microsoft/servicehub-controller-net60.darwin-x64/Microsoft.ServiceHub.Controller","Args":["b15f1c31c9"],"PipeName":"b15f1c31c9"},"HostsConfig":{"RootDir":".","AppConfigFallback":""}}}
09/27/2024 21:03:08 Central Standard Time : Information : VsHubClient-hubController write: Content-Length: 792

{"jsonrpc":"2.0","id":3,"method":"RegisterServiceAsync","params":[{"Name":"Microsoft.VisualStudio.ProjectSystem.CompositionService"},{"host":"dotnet.projectSystem","hostId":"C94B8CFE-E3FD-4BAF-A941-2866DBB566FE","serviceBaseDirectory":"/Users/coycrowder/.vscode/extensions/ms-dotnettools.csdevkit-1.10.18-darwin-x64/components/CPS/platforms/darwin-x64/node_modules/@microsoft/visualstudio-projectsystem-server.darwin-x64","entryPoint":{"assemblyPath":"/Users/coycrowder/.vscode/extensions/ms-dotnettools.csdevkit-1.10.18-darwin-x64/components/CPS/platforms/darwin-x64/node_modules/@microsoft/visualstudio-projectsystem-server.darwin-x64/Microsoft.VisualStudio.ProjectSystem.Server.Implementation.dll","fullClassName":"Microsoft.VisualStudio.ProjectSystem.Server.CompositionServiceFactory"}}]}
09/27/2024 21:03:08 Central Standard Time : Information : VsHubClient-hubController read: Content-Length: 38

{"jsonrpc":"2.0","id":3,"result":null}
09/27/2024 21:03:08 Central Standard Time : Information : VsHubClient-hubController write: Content-Length: 109

{"jsonrpc":"2.0","id":2,"method":"UpdateClientInfoAsync","params":[{"clientName":"VsHubClient","pid":14389}]}
09/27/2024 21:03:08 Central Standard Time : Information : VsHubClient-hubController read: Content-Length: 441

{"jsonrpc":"2.0","id":2,"result":{"ClientWatchServerName":"net.pipe://14397FAA19","ControllerConfig":{"Executable":"/Users/coycrowder/.vscode/extensions/ms-dotnettools.csdevkit-1.10.18-darwin-x64/components/vs-green-server/platforms/darwin-x64/node_modules/@microsoft/servicehub-controller-net60.darwin-x64/Microsoft.ServiceHub.Controller","Args":["b15f1c31c9"],"PipeName":"b15f1c31c9"},"HostsConfig":{"RootDir":".","AppConfigFallback":""}}}
09/27/2024 21:03:08 Central Standard Time : Information : VsHubClient-hubController write: Content-Length: 824

{"jsonrpc":"2.0","id":3,"method":"RegisterServiceAsync","params":[{"Name":"Microsoft.VisualStudio.ProjectSystem.ProjectInitializationStatusService"},{"host":"dotnet.projectSystem","hostId":"C94B8CFE-E3FD-4BAF-A941-2866DBB566FE","serviceBaseDirectory":"/Users/coycrowder/.vscode/extensions/ms-dotnettools.csdevkit-1.10.18-darwin-x64/components/CPS/platforms/darwin-x64/node_modules/@microsoft/visualstudio-projectsystem-server.darwin-x64","entryPoint":{"assemblyPath":"/Users/coycrowder/.vscode/extensions/ms-dotnettools.csdevkit-1.10.18-darwin-x64/components/CPS/platforms/darwin-x64/node_modules/@microsoft/visualstudio-projectsystem-server.darwin-x64/Microsoft.VisualStudio.ProjectSystem.Server.Implementation.dll","fullClassName":"Microsoft.VisualStudio.ProjectSystem.Server.ProjectInitializationStatusServiceFactory"}}]}
09/27/2024 21:03:08 Central Standard Time : Information : VsHubClient-hubController read: Content-Length: 38

{"jsonrpc":"2.0","id":3,"result":null}
09/27/2024 21:03:08 Central Standard Time : Information : VsHubClient-hubController write: Content-Length: 109

{"jsonrpc":"2.0","id":2,"method":"UpdateClientInfoAsync","params":[{"clientName":"VsHubClient","pid":14389}]}
09/27/2024 21:03:08 Central Standard Time : Information : VsHubClient-hubController read: Content-Length: 441

{"jsonrpc":"2.0","id":2,"result":{"ClientWatchServerName":"net.pipe://14397FAA19","ControllerConfig":{"Executable":"/Users/coycrowder/.vscode/extensions/ms-dotnettools.csdevkit-1.10.18-darwin-x64/components/vs-green-server/platforms/darwin-x64/node_modules/@microsoft/servicehub-controller-net60.darwin-x64/Microsoft.ServiceHub.Controller","Args":["b15f1c31c9"],"PipeName":"b15f1c31c9"},"HostsConfig":{"RootDir":".","AppConfigFallback":""}}}
09/27/2024 21:03:08 Central Standard Time : Information : VsHubClient-hubController write: Content-Length: 794

{"jsonrpc":"2.0","id":3,"method":"RegisterServiceAsync","params":[{"Name":"Microsoft.VisualStudio.ProjectSystem.ProjectTreeProvider"},{"host":"dotnet.projectSystem","hostId":"C94B8CFE-E3FD-4BAF-A941-2866DBB566FE","serviceBaseDirectory":"/Users/coycrowder/.vscode/extensions/ms-dotnettools.csdevkit-1.10.18-darwin-x64/components/CPS/platforms/darwin-x64/node_modules/@microsoft/visualstudio-projectsystem-server.darwin-x64","entryPoint":{"assemblyPath":"/Users/coycrowder/.vscode/extensions/ms-dotnettools.csdevkit-1.10.18-darwin-x64/components/CPS/platforms/darwin-x64/node_modules/@microsoft/visualstudio-projectsystem-server.darwin-x64/Microsoft.VisualStudio.ProjectSystem.Server.Implementation.dll","fullClassName":"Microsoft.VisualStudio.ProjectSystem.Server.ProjectTreeProviderFactory"}}]}
09/27/2024 21:03:08 Central Standard Time : Information : VsHubClient-hubController read: Content-Length: 38

{"jsonrpc":"2.0","id":3,"result":null}
09/27/2024 21:03:08 Central Standard Time : Information : VsHubClient-hubController write: Content-Length: 109

{"jsonrpc":"2.0","id":2,"method":"UpdateClientInfoAsync","params":[{"clientName":"VsHubClient","pid":14389}]}
09/27/2024 21:03:08 Central Standard Time : Information : VsHubClient-hubController read: Content-Length: 441

{"jsonrpc":"2.0","id":2,"result":{"ClientWatchServerName":"net.pipe://14397FAA19","ControllerConfig":{"Executable":"/Users/coycrowder/.vscode/extensions/ms-dotnettools.csdevkit-1.10.18-darwin-x64/components/vs-green-server/platforms/darwin-x64/node_modules/@microsoft/servicehub-controller-net60.darwin-x64/Microsoft.ServiceHub.Controller","Args":["b15f1c31c9"],"PipeName":"b15f1c31c9"},"HostsConfig":{"RootDir":".","AppConfigFallback":""}}}
09/27/2024 21:03:08 Central Standard Time : Information : VsHubClient-hubController write: Content-Length: 813

{"jsonrpc":"2.0","id":3,"method":"RegisterServiceAsync","params":[{"Name":"Microsoft.VisualStudio.ProjectSystem.Query.Remoting.QueryExecutionService"},{"host":"dotnet.projectSystem","hostId":"C94B8CFE-E3FD-4BAF-A941-2866DBB566FE","serviceBaseDirectory":"/Users/coycrowder/.vscode/extensions/ms-dotnettools.csdevkit-1.10.18-darwin-x64/components/CPS/platforms/darwin-x64/node_modules/@microsoft/visualstudio-projectsystem-server.darwin-x64","entryPoint":{"assemblyPath":"/Users/coycrowder/.vscode/extensions/ms-dotnettools.csdevkit-1.10.18-darwin-x64/components/CPS/platforms/darwin-x64/node_modules/@microsoft/visualstudio-projectsystem-server.darwin-x64/Microsoft.VisualStudio.ProjectSystem.Server.Implementation.dll","fullClassName":"Microsoft.VisualStudio.ProjectSystem.Server.QueryExecutionServiceFactory"}}]}
09/27/2024 21:03:08 Central Standard Time : Information : VsHubClient-hubController read: Content-Length: 38

{"jsonrpc":"2.0","id":3,"result":null}
09/27/2024 21:03:08 Central Standard Time : Information : VsHubClient-hubController write: Content-Length: 109

{"jsonrpc":"2.0","id":2,"method":"UpdateClientInfoAsync","params":[{"clientName":"VsHubClient","pid":14389}]}
09/27/2024 21:03:08 Central Standard Time : Information : VsHubClient-hubController read: Content-Length: 441

{"jsonrpc":"2.0","id":2,"result":{"ClientWatchServerName":"net.pipe://14397FAA19","ControllerConfig":{"Executable":"/Users/coycrowder/.vscode/extensions/ms-dotnettools.csdevkit-1.10.18-darwin-x64/components/vs-green-server/platforms/darwin-x64/node_modules/@microsoft/servicehub-controller-net60.darwin-x64/Microsoft.ServiceHub.Controller","Args":["b15f1c31c9"],"PipeName":"b15f1c31c9"},"HostsConfig":{"RootDir":".","AppConfigFallback":""}}}
09/27/2024 21:03:08 Central Standard Time : Information : VsHubClient-hubController write: Content-Length: 774

{"jsonrpc":"2.0","id":3,"method":"RegisterServiceAsync","params":[{"Name":"Microsoft.VisualStudio.Debugger.AspireSessionSynchronizeService"},{"host":"dotnet","hostId":"C94B8CFE-E3FD-4BAF-A941-2866DBB566FE","serviceBaseDirectory":"/Users/coycrowder/.vscode/extensions/ms-dotnettools.csdevkit-1.10.18-darwin-x64/components/VSDebugCore/platforms/darwin-x64/node_modules/@microsoft/visualstudio-debugger-devkit.darwin-x64","entryPoint":{"assemblyPath":"/Users/coycrowder/.vscode/extensions/ms-dotnettools.csdevkit-1.10.18-darwin-x64/components/VSDebugCore/platforms/darwin-x64/node_modules/@microsoft/visualstudio-debugger-devkit.darwin-x64/Microsoft.VisualStudio.Debugger.DevKit.dll","fullClassName":"Microsoft.VisualStudio.Debugger.AspireSessionSynchronizeService+Factory"}}]}
09/27/2024 21:03:08 Central Standard Time : Information : VsHubClient-hubController read: Content-Length: 38

{"jsonrpc":"2.0","id":3,"result":null}
09/27/2024 21:03:08 Central Standard Time : Information : VsHubClient-hubController write: Content-Length: 109

{"jsonrpc":"2.0","id":2,"method":"UpdateClientInfoAsync","params":[{"clientName":"VsHubClient","pid":14389}]}
09/27/2024 21:03:08 Central Standard Time : Information : VsHubClient-hubController read: Content-Length: 441

{"jsonrpc":"2.0","id":2,"result":{"ClientWatchServerName":"net.pipe://14397FAA19","ControllerConfig":{"Executable":"/Users/coycrowder/.vscode/extensions/ms-dotnettools.csdevkit-1.10.18-darwin-x64/components/vs-green-server/platforms/darwin-x64/node_modules/@microsoft/servicehub-controller-net60.darwin-x64/Microsoft.ServiceHub.Controller","Args":["b15f1c31c9"],"PipeName":"b15f1c31c9"},"HostsConfig":{"RootDir":".","AppConfigFallback":""}}}
09/27/2024 21:03:08 Central Standard Time : Information : VsHubClient-hubController write: Content-Length: 782

{"jsonrpc":"2.0","id":3,"method":"RegisterServiceAsync","params":[{"Name":"Microsoft.VisualStudio.Debugger.GenericHotReloadAgentManagerService"},{"host":"dotnet","hostId":"C94B8CFE-E3FD-4BAF-A941-2866DBB566FE","serviceBaseDirectory":"/Users/coycrowder/.vscode/extensions/ms-dotnettools.csdevkit-1.10.18-darwin-x64/components/VSDebugCore/platforms/darwin-x64/node_modules/@microsoft/visualstudio-debugger-devkit.darwin-x64","entryPoint":{"assemblyPath":"/Users/coycrowder/.vscode/extensions/ms-dotnettools.csdevkit-1.10.18-darwin-x64/components/VSDebugCore/platforms/darwin-x64/node_modules/@microsoft/visualstudio-debugger-devkit.darwin-x64/Microsoft.VisualStudio.Debugger.DevKit.dll","fullClassName":"Microsoft.VisualStudio.Debugger.GenericHotReloadAgentManagerService+Factory"}}]}
09/27/2024 21:03:08 Central Standard Time : Information : VsHubClient-hubController read: Content-Length: 38

{"jsonrpc":"2.0","id":3,"result":null}
09/27/2024 21:03:08 Central Standard Time : Information : VsHubClient-hubController write: Content-Length: 109

{"jsonrpc":"2.0","id":2,"method":"UpdateClientInfoAsync","params":[{"clientName":"VsHubClient","pid":14389}]}
09/27/2024 21:03:08 Central Standard Time : Information : VsHubClient-hubController read: Content-Length: 441

{"jsonrpc":"2.0","id":2,"result":{"ClientWatchServerName":"net.pipe://14397FAA19","ControllerConfig":{"Executable":"/Users/coycrowder/.vscode/extensions/ms-dotnettools.csdevkit-1.10.18-darwin-x64/components/vs-green-server/platforms/darwin-x64/node_modules/@microsoft/servicehub-controller-net60.darwin-x64/Microsoft.ServiceHub.Controller","Args":["b15f1c31c9"],"PipeName":"b15f1c31c9"},"HostsConfig":{"RootDir":".","AppConfigFallback":""}}}
09/27/2024 21:03:08 Central Standard Time : Information : VsHubClient-hubController write: Content-Length: 756

{"jsonrpc":"2.0","id":3,"method":"RegisterServiceAsync","params":[{"Name":"Microsoft.VisualStudio.Debugger.HotReloadClientService"},{"host":"dotnet","hostId":"C94B8CFE-E3FD-4BAF-A941-2866DBB566FE","serviceBaseDirectory":"/Users/coycrowder/.vscode/extensions/ms-dotnettools.csdevkit-1.10.18-darwin-x64/components/VSDebugCore/platforms/darwin-x64/node_modules/@microsoft/visualstudio-debugger-devkit.darwin-x64","entryPoint":{"assemblyPath":"/Users/coycrowder/.vscode/extensions/ms-dotnettools.csdevkit-1.10.18-darwin-x64/components/VSDebugCore/platforms/darwin-x64/node_modules/@microsoft/visualstudio-debugger-devkit.darwin-x64/Microsoft.VisualStudio.Debugger.DevKit.dll","fullClassName":"Microsoft.VisualStudio.Debugger.HotReloadClientService+Factory"}}]}
09/27/2024 21:03:08 Central Standard Time : Information : VsHubClient-hubController read: Content-Length: 38

{"jsonrpc":"2.0","id":3,"result":null}
09/27/2024 21:03:08 Central Standard Time : Information : VsHubClient-hubController write: Content-Length: 109

{"jsonrpc":"2.0","id":2,"method":"UpdateClientInfoAsync","params":[{"clientName":"VsHubClient","pid":14389}]}
09/27/2024 21:03:08 Central Standard Time : Information : VsHubClient-hubController read: Content-Length: 441

{"jsonrpc":"2.0","id":2,"result":{"ClientWatchServerName":"net.pipe://14397FAA19","ControllerConfig":{"Executable":"/Users/coycrowder/.vscode/extensions/ms-dotnettools.csdevkit-1.10.18-darwin-x64/components/vs-green-server/platforms/darwin-x64/node_modules/@microsoft/servicehub-controller-net60.darwin-x64/Microsoft.ServiceHub.Controller","Args":["b15f1c31c9"],"PipeName":"b15f1c31c9"},"HostsConfig":{"RootDir":".","AppConfigFallback":""}}}
09/27/2024 21:03:08 Central Standard Time : Information : VsHubClient-hubController write: Content-Length: 782

{"jsonrpc":"2.0","id":3,"method":"RegisterServiceAsync","params":[{"Name":"Microsoft.VisualStudio.Debugger.HotReloadSessionNotificationService"},{"host":"dotnet","hostId":"C94B8CFE-E3FD-4BAF-A941-2866DBB566FE","serviceBaseDirectory":"/Users/coycrowder/.vscode/extensions/ms-dotnettools.csdevkit-1.10.18-darwin-x64/components/VSDebugCore/platforms/darwin-x64/node_modules/@microsoft/visualstudio-debugger-devkit.darwin-x64","entryPoint":{"assemblyPath":"/Users/coycrowder/.vscode/extensions/ms-dotnettools.csdevkit-1.10.18-darwin-x64/components/VSDebugCore/platforms/darwin-x64/node_modules/@microsoft/visualstudio-debugger-devkit.darwin-x64/Microsoft.VisualStudio.Debugger.DevKit.dll","fullClassName":"Microsoft.VisualStudio.Debugger.HotReloadSessionNotificationService+Factory"}}]}
09/27/2024 21:03:08 Central Standard Time : Information : VsHubClient-hubController read: Content-Length: 38

{"jsonrpc":"2.0","id":3,"result":null}
09/27/2024 21:03:08 Central Standard Time : Information : VsHubClient-hubController write: Content-Length: 109

{"jsonrpc":"2.0","id":2,"method":"UpdateClientInfoAsync","params":[{"clientName":"VsHubClient","pid":14389}]}
09/27/2024 21:03:08 Central Standard Time : Information : VsHubClient-hubController read: Content-Length: 441

{"jsonrpc":"2.0","id":2,"result":{"ClientWatchServerName":"net.pipe://14397FAA19","ControllerConfig":{"Executable":"/Users/coycrowder/.vscode/extensions/ms-dotnettools.csdevkit-1.10.18-darwin-x64/components/vs-green-server/platforms/darwin-x64/node_modules/@microsoft/servicehub-controller-net60.darwin-x64/Microsoft.ServiceHub.Controller","Args":["b15f1c31c9"],"PipeName":"b15f1c31c9"},"HostsConfig":{"RootDir":".","AppConfigFallback":""}}}
09/27/2024 21:03:08 Central Standard Time : Information : VsHubClient-hubController write: Content-Length: 799

{"jsonrpc":"2.0","id":3,"method":"RegisterServiceAsync","params":[{"Name":"Microsoft.VisualStudio.Debugger.ManagedEditAndContinueCsDevKitEngineService2"},{"host":"dotnet","hostId":"C94B8CFE-E3FD-4BAF-A941-2866DBB566FE","serviceBaseDirectory":"/Users/coycrowder/.vscode/extensions/ms-dotnettools.csdevkit-1.10.18-darwin-x64/components/VSDebugCore/platforms/darwin-x64/node_modules/@microsoft/visualstudio-debugger-devkit.darwin-x64","entryPoint":{"assemblyPath":"/Users/coycrowder/.vscode/extensions/ms-dotnettools.csdevkit-1.10.18-darwin-x64/components/VSDebugCore/platforms/darwin-x64/node_modules/@microsoft/visualstudio-debugger-devkit.darwin-x64/Microsoft.VisualStudio.Debugger.DevKit.dll","fullClassName":"Microsoft.VisualStudio.Debugger.ManagedEditAndContinueCsDevKitEngineService+Factory"}}]}
09/27/2024 21:03:08 Central Standard Time : Information : VsHubClient-hubController read: Content-Length: 38

{"jsonrpc":"2.0","id":3,"result":null}
09/27/2024 21:03:08 Central Standard Time : Information : VsHubClient-hubController write: Content-Length: 109

{"jsonrpc":"2.0","id":2,"method":"UpdateClientInfoAsync","params":[{"clientName":"VsHubClient","pid":14389}]}
09/27/2024 21:03:08 Central Standard Time : Information : VsHubClient-hubController read: Content-Length: 441

{"jsonrpc":"2.0","id":2,"result":{"ClientWatchServerName":"net.pipe://14397FAA19","ControllerConfig":{"Executable":"/Users/coycrowder/.vscode/extensions/ms-dotnettools.csdevkit-1.10.18-darwin-x64/components/vs-green-server/platforms/darwin-x64/node_modules/@microsoft/servicehub-controller-net60.darwin-x64/Microsoft.ServiceHub.Controller","Args":["b15f1c31c9"],"PipeName":"b15f1c31c9"},"HostsConfig":{"RootDir":".","AppConfigFallback":""}}}
09/27/2024 21:03:08 Central Standard Time : Information : VsHubClient-hubController write: Content-Length: 799

{"jsonrpc":"2.0","id":3,"method":"RegisterServiceAsync","params":[{"Name":"Microsoft.VisualStudio.Debugger.ManagedEditAndContinueRemoteDebuggerService2"},{"host":"dotnet","hostId":"C94B8CFE-E3FD-4BAF-A941-2866DBB566FE","serviceBaseDirectory":"/Users/coycrowder/.vscode/extensions/ms-dotnettools.csdevkit-1.10.18-darwin-x64/components/VSDebugCore/platforms/darwin-x64/node_modules/@microsoft/visualstudio-debugger-devkit.darwin-x64","entryPoint":{"assemblyPath":"/Users/coycrowder/.vscode/extensions/ms-dotnettools.csdevkit-1.10.18-darwin-x64/components/VSDebugCore/platforms/darwin-x64/node_modules/@microsoft/visualstudio-debugger-devkit.darwin-x64/Microsoft.VisualStudio.Debugger.DevKit.dll","fullClassName":"Microsoft.VisualStudio.Debugger.ManagedEditAndContinueRemoteDebuggerService+Factory"}}]}
09/27/2024 21:03:08 Central Standard Time : Information : VsHubClient-hubController read: Content-Length: 38

{"jsonrpc":"2.0","id":3,"result":null}
09/27/2024 21:03:08 Central Standard Time : Information : VsHubClient-hubController write: Content-Length: 109

{"jsonrpc":"2.0","id":2,"method":"UpdateClientInfoAsync","params":[{"clientName":"VsHubClient","pid":14389}]}
09/27/2024 21:03:08 Central Standard Time : Information : VsHubClient-hubController read: Content-Length: 441

{"jsonrpc":"2.0","id":2,"result":{"ClientWatchServerName":"net.pipe://14397FAA19","ControllerConfig":{"Executable":"/Users/coycrowder/.vscode/extensions/ms-dotnettools.csdevkit-1.10.18-darwin-x64/components/vs-green-server/platforms/darwin-x64/node_modules/@microsoft/servicehub-controller-net60.darwin-x64/Microsoft.ServiceHub.Controller","Args":["b15f1c31c9"],"PipeName":"b15f1c31c9"},"HostsConfig":{"RootDir":".","AppConfigFallback":""}}}
09/27/2024 21:03:08 Central Standard Time : Information : VsHubClient-hubController write: Content-Length: 782

{"jsonrpc":"2.0","id":3,"method":"RegisterServiceAsync","params":[{"Name":"Microsoft.VisualStudio.Debugger.ManagedHotReloadAgentManagerService"},{"host":"dotnet","hostId":"C94B8CFE-E3FD-4BAF-A941-2866DBB566FE","serviceBaseDirectory":"/Users/coycrowder/.vscode/extensions/ms-dotnettools.csdevkit-1.10.18-darwin-x64/components/VSDebugCore/platforms/darwin-x64/node_modules/@microsoft/visualstudio-debugger-devkit.darwin-x64","entryPoint":{"assemblyPath":"/Users/coycrowder/.vscode/extensions/ms-dotnettools.csdevkit-1.10.18-darwin-x64/components/VSDebugCore/platforms/darwin-x64/node_modules/@microsoft/visualstudio-debugger-devkit.darwin-x64/Microsoft.VisualStudio.Debugger.DevKit.dll","fullClassName":"Microsoft.VisualStudio.Debugger.ManagedHotReloadAgentManagerService+Factory"}}]}
09/27/2024 21:03:08 Central Standard Time : Information : VsHubClient-hubController read: Content-Length: 38

{"jsonrpc":"2.0","id":3,"result":null}
09/27/2024 21:03:08 Central Standard Time : Information : VsHubClient-hubController write: Content-Length: 109

{"jsonrpc":"2.0","id":2,"method":"UpdateClientInfoAsync","params":[{"clientName":"VsHubClient","pid":14389}]}
09/27/2024 21:03:09 Central Standard Time : Information : VsHubClient-hubController read: Content-Length: 441

{"jsonrpc":"2.0","id":2,"result":{"ClientWatchServerName":"net.pipe://14397FAA19","ControllerConfig":{"Executable":"/Users/coycrowder/.vscode/extensions/ms-dotnettools.csdevkit-1.10.18-darwin-x64/components/vs-green-server/platforms/darwin-x64/node_modules/@microsoft/servicehub-controller-net60.darwin-x64/Microsoft.ServiceHub.Controller","Args":["b15f1c31c9"],"PipeName":"b15f1c31c9"},"HostsConfig":{"RootDir":".","AppConfigFallback":""}}}
09/27/2024 21:03:09 Central Standard Time : Information : VsHubClient-hubController write: Content-Length: 758

{"jsonrpc":"2.0","id":3,"method":"RegisterServiceAsync","params":[{"Name":"Microsoft.VisualStudio.Debugger.ManagedHotReloadService"},{"host":"dotnet","hostId":"C94B8CFE-E3FD-4BAF-A941-2866DBB566FE","serviceBaseDirectory":"/Users/coycrowder/.vscode/extensions/ms-dotnettools.csdevkit-1.10.18-darwin-x64/components/VSDebugCore/platforms/darwin-x64/node_modules/@microsoft/visualstudio-debugger-devkit.darwin-x64","entryPoint":{"assemblyPath":"/Users/coycrowder/.vscode/extensions/ms-dotnettools.csdevkit-1.10.18-darwin-x64/components/VSDebugCore/platforms/darwin-x64/node_modules/@microsoft/visualstudio-debugger-devkit.darwin-x64/Microsoft.VisualStudio.Debugger.DevKit.dll","fullClassName":"Microsoft.VisualStudio.Debugger.ManagedHotReloadService+Factory"}}]}
09/27/2024 21:03:09 Central Standard Time : Information : VsHubClient-hubController read: Content-Length: 38

{"jsonrpc":"2.0","id":3,"result":null}
09/27/2024 21:03:09 Central Standard Time : Information : VsHubClient-hubController write: Content-Length: 109

{"jsonrpc":"2.0","id":2,"method":"UpdateClientInfoAsync","params":[{"clientName":"VsHubClient","pid":14389}]}
09/27/2024 21:03:09 Central Standard Time : Information : VsHubClient-hubController read: Content-Length: 441

{"jsonrpc":"2.0","id":2,"result":{"ClientWatchServerName":"net.pipe://14397FAA19","ControllerConfig":{"Executable":"/Users/coycrowder/.vscode/extensions/ms-dotnettools.csdevkit-1.10.18-darwin-x64/components/vs-green-server/platforms/darwin-x64/node_modules/@microsoft/servicehub-controller-net60.darwin-x64/Microsoft.ServiceHub.Controller","Args":["b15f1c31c9"],"PipeName":"b15f1c31c9"},"HostsConfig":{"RootDir":".","AppConfigFallback":""}}}
09/27/2024 21:03:09 Central Standard Time : Information : VsHubClient-hubController write: Content-Length: 746

{"jsonrpc":"2.0","id":3,"method":"RegisterServiceAsync","params":[{"Name":"Microsoft.VisualStudio.Debugger.SourceLinkService"},{"host":"dotnet","hostId":"C94B8CFE-E3FD-4BAF-A941-2866DBB566FE","serviceBaseDirectory":"/Users/coycrowder/.vscode/extensions/ms-dotnettools.csdevkit-1.10.18-darwin-x64/components/VSDebugCore/platforms/darwin-x64/node_modules/@microsoft/visualstudio-debugger-devkit.darwin-x64","entryPoint":{"assemblyPath":"/Users/coycrowder/.vscode/extensions/ms-dotnettools.csdevkit-1.10.18-darwin-x64/components/VSDebugCore/platforms/darwin-x64/node_modules/@microsoft/visualstudio-debugger-devkit.darwin-x64/Microsoft.VisualStudio.Debugger.DevKit.dll","fullClassName":"Microsoft.VisualStudio.Debugger.SourceLinkService+Factory"}}]}
09/27/2024 21:03:09 Central Standard Time : Information : VsHubClient-hubController read: Content-Length: 38

{"jsonrpc":"2.0","id":3,"result":null}
09/27/2024 21:03:09 Central Standard Time : Information : VsHubClient-hubController write: Content-Length: 109

{"jsonrpc":"2.0","id":2,"method":"UpdateClientInfoAsync","params":[{"clientName":"VsHubClient","pid":14389}]}
09/27/2024 21:03:09 Central Standard Time : Information : VsHubClient-hubController read: Content-Length: 441

{"jsonrpc":"2.0","id":2,"result":{"ClientWatchServerName":"net.pipe://14397FAA19","ControllerConfig":{"Executable":"/Users/coycrowder/.vscode/extensions/ms-dotnettools.csdevkit-1.10.18-darwin-x64/components/vs-green-server/platforms/darwin-x64/node_modules/@microsoft/servicehub-controller-net60.darwin-x64/Microsoft.ServiceHub.Controller","Args":["b15f1c31c9"],"PipeName":"b15f1c31c9"},"HostsConfig":{"RootDir":".","AppConfigFallback":""}}}
09/27/2024 21:03:09 Central Standard Time : Information : VsHubClient-hubController write: Content-Length: 783

{"jsonrpc":"2.0","id":3,"method":"RegisterServiceAsync","params":[{"Name":"Microsoft.VisualStudio.Debugger.SymbolLocatorService"},{"host":"dotnet","hostId":"C94B8CFE-E3FD-4BAF-A941-2866DBB566FE","serviceBaseDirectory":"/Users/coycrowder/.vscode/extensions/ms-dotnettools.csdevkit-1.10.18-darwin-x64/components/VSDebugCore/platforms/darwin-x64/node_modules/@microsoft/visualstudio-debugger-devkit.darwin-x64","entryPoint":{"assemblyPath":"/Users/coycrowder/.vscode/extensions/ms-dotnettools.csdevkit-1.10.18-darwin-x64/components/VSDebugCore/platforms/darwin-x64/node_modules/@microsoft/visualstudio-debugger-devkit.darwin-x64/Microsoft.VisualStudio.Debugger.DevKit.dll","fullClassName":"Microsoft.VisualStudio.Debugger.BrokeredServices.SymbolLocator.SymbolLocatorService+Factory"}}]}
09/27/2024 21:03:09 Central Standard Time : Information : VsHubClient-hubController read: Content-Length: 38

{"jsonrpc":"2.0","id":3,"result":null}
09/27/2024 21:03:09 Central Standard Time : Information : VsHubClient-hubController write: Content-Length: 109

{"jsonrpc":"2.0","id":2,"method":"UpdateClientInfoAsync","params":[{"clientName":"VsHubClient","pid":14389}]}
09/27/2024 21:03:09 Central Standard Time : Information : VsHubClient-hubController read: Content-Length: 441

{"jsonrpc":"2.0","id":2,"result":{"ClientWatchServerName":"net.pipe://14397FAA19","ControllerConfig":{"Executable":"/Users/coycrowder/.vscode/extensions/ms-dotnettools.csdevkit-1.10.18-darwin-x64/components/vs-green-server/platforms/darwin-x64/node_modules/@microsoft/servicehub-controller-net60.darwin-x64/Microsoft.ServiceHub.Controller","Args":["b15f1c31c9"],"PipeName":"b15f1c31c9"},"HostsConfig":{"RootDir":".","AppConfigFallback":""}}}
09/27/2024 21:03:09 Central Standard Time : Information : VsHubClient-hubController write: Content-Length: 370

{"jsonrpc":"2.0","id":3,"method":"requestServiceChannel","params":[{"Name":"Microsoft.VisualStudio.Debugger.HotReloadSessionNotificationService","Version":"0.1"},{"ActivationArguments":{"__servicehub__ServiceHubRemoteServiceBrokerPipeName":"/Users/coycrowder/.ServiceHub/b15f1c31c9/a425efa233"},"ClientCredentials":{},"ClientCulture":"en-US","ClientUICulture":"en-US"}]}
09/27/2024 21:03:09 Central Standard Time : Information : VsHubClient-hubController write: Content-Length: 850

{"jsonrpc":"2.0","id":3,"method":"RegisterServiceAsync","params":[{"Name":"Microsoft.VisualStudio.TestWindow.VSCode.ProjectSystemProvider.Service"},{"host":"dotnet","hostId":"C94B8CFE-E3FD-4BAF-A941-2866DBB566FE","serviceBaseDirectory":"/Users/coycrowder/.vscode/extensions/ms-dotnettools.csdevkit-1.10.18-darwin-x64/components/VSUnitTesting/platforms/darwin-x64/node_modules/@microsoft/visualstudio-testwindow-vscode-service.darwin-x64","entryPoint":{"assemblyPath":"/Users/coycrowder/.vscode/extensions/ms-dotnettools.csdevkit-1.10.18-darwin-x64/components/VSUnitTesting/platforms/darwin-x64/node_modules/@microsoft/visualstudio-testwindow-vscode-service.darwin-x64/Microsoft.VisualStudio.TestWindow.VSCode.Service.dll","fullClassName":"Microsoft.VisualStudio.TestWindow.VSCode.ProjectSystemProvider.Service.ProjectSystemProviderServiceFactory"}}]}
09/27/2024 21:03:09 Central Standard Time : Information : VsHubClient-hubController read: Content-Length: 38

{"jsonrpc":"2.0","id":3,"result":null}
09/27/2024 21:03:09 Central Standard Time : Information : VsHubClient-hubController write: Content-Length: 109

{"jsonrpc":"2.0","id":2,"method":"UpdateClientInfoAsync","params":[{"clientName":"VsHubClient","pid":14389}]}
09/27/2024 21:03:09 Central Standard Time : Information : VsHubClient-hubController read: Content-Length: 441

{"jsonrpc":"2.0","id":2,"result":{"ClientWatchServerName":"net.pipe://14397FAA19","ControllerConfig":{"Executable":"/Users/coycrowder/.vscode/extensions/ms-dotnettools.csdevkit-1.10.18-darwin-x64/components/vs-green-server/platforms/darwin-x64/node_modules/@microsoft/servicehub-controller-net60.darwin-x64/Microsoft.ServiceHub.Controller","Args":["b15f1c31c9"],"PipeName":"b15f1c31c9"},"HostsConfig":{"RootDir":".","AppConfigFallback":""}}}
09/27/2024 21:03:09 Central Standard Time : Information : VsHubClient-hubController write: Content-Length: 801

{"jsonrpc":"2.0","id":3,"method":"RegisterServiceAsync","params":[{"Name":"Microsoft.VisualStudio.TestWindow.VSCode.Service"},{"host":"dotnet","hostId":"C94B8CFE-E3FD-4BAF-A941-2866DBB566FE","serviceBaseDirectory":"/Users/coycrowder/.vscode/extensions/ms-dotnettools.csdevkit-1.10.18-darwin-x64/components/VSUnitTesting/platforms/darwin-x64/node_modules/@microsoft/visualstudio-testwindow-vscode-service.darwin-x64","entryPoint":{"assemblyPath":"/Users/coycrowder/.vscode/extensions/ms-dotnettools.csdevkit-1.10.18-darwin-x64/components/VSUnitTesting/platforms/darwin-x64/node_modules/@microsoft/visualstudio-testwindow-vscode-service.darwin-x64/Microsoft.VisualStudio.TestWindow.VSCode.Service.dll","fullClassName":"Microsoft.VisualStudio.TestWindow.VSCode.Service.TestWindowVSCodeServiceFactory"}}]}
09/27/2024 21:03:09 Central Standard Time : Information : VsHubClient-hubController read: Content-Length: 38

{"jsonrpc":"2.0","id":3,"result":null}
09/27/2024 21:03:09 Central Standard Time : Information : VsHubClient-hubController write: Content-Length: 109

{"jsonrpc":"2.0","id":2,"method":"UpdateClientInfoAsync","params":[{"clientName":"VsHubClient","pid":14389}]}
09/27/2024 21:03:09 Central Standard Time : Information : VsHubClient-hubController read: Content-Length: 441

{"jsonrpc":"2.0","id":2,"result":{"ClientWatchServerName":"net.pipe://14397FAA19","ControllerConfig":{"Executable":"/Users/coycrowder/.vscode/extensions/ms-dotnettools.csdevkit-1.10.18-darwin-x64/components/vs-green-server/platforms/darwin-x64/node_modules/@microsoft/servicehub-controller-net60.darwin-x64/Microsoft.ServiceHub.Controller","Args":["b15f1c31c9"],"PipeName":"b15f1c31c9"},"HostsConfig":{"RootDir":".","AppConfigFallback":""}}}
09/27/2024 21:03:09 Central Standard Time : Information : VsHubClient-hubController write: Content-Length: 649

{"jsonrpc":"2.0","id":3,"method":"RegisterServiceAsync","params":[{"Name":"Microsoft.VisualStudio.AspireServer"},{"host":"dotnet.aspireServer","hostId":"C94B8CFE-E3FD-4BAF-A941-2866DBB566FE","serviceBaseDirectory":"/Users/coycrowder/.vscode/extensions/ms-dotnettools.csdevkit-1.10.18-darwin-x64/components/WebTools/node_modules/@microsoft/vscode.webtools/Services","entryPoint":{"assemblyPath":"/Users/coycrowder/.vscode/extensions/ms-dotnettools.csdevkit-1.10.18-darwin-x64/components/WebTools/node_modules/@microsoft/vscode.webtools/Services/Microsoft.WebTools.AspireServer.dll","fullClassName":"Microsoft.WebTools.AspireServer.ServiceFactory"}}]}
09/27/2024 21:03:09 Central Standard Time : Information : VsHubClient-hubController read: Content-Length: 38

{"jsonrpc":"2.0","id":3,"result":null}
09/27/2024 21:03:09 Central Standard Time : Information : VsHubClient-hubController write: Content-Length: 109

{"jsonrpc":"2.0","id":2,"method":"UpdateClientInfoAsync","params":[{"clientName":"VsHubClient","pid":14389}]}
09/27/2024 21:03:09 Central Standard Time : Information : VsHubClient-hubController read: Content-Length: 441

{"jsonrpc":"2.0","id":2,"result":{"ClientWatchServerName":"net.pipe://14397FAA19","ControllerConfig":{"Executable":"/Users/coycrowder/.vscode/extensions/ms-dotnettools.csdevkit-1.10.18-darwin-x64/components/vs-green-server/platforms/darwin-x64/node_modules/@microsoft/servicehub-controller-net60.darwin-x64/Microsoft.ServiceHub.Controller","Args":["b15f1c31c9"],"PipeName":"b15f1c31c9"},"HostsConfig":{"RootDir":".","AppConfigFallback":""}}}
09/27/2024 21:03:09 Central Standard Time : Information : VsHubClient-hubController write: Content-Length: 757

{"jsonrpc":"2.0","id":3,"method":"RegisterServiceAsync","params":[{"Name":"Microsoft.VisualStudio.Debugger.AspireService"},{"host":"dotnet.projectSystem","hostId":"C94B8CFE-E3FD-4BAF-A941-2866DBB566FE","serviceBaseDirectory":"/Users/coycrowder/.vscode/extensions/ms-dotnettools.csdevkit-1.10.18-darwin-x64/components/WebTools/node_modules/@microsoft/vscode.webtools/Services","entryPoint":{"assemblyPath":"/Users/coycrowder/.vscode/extensions/ms-dotnettools.csdevkit-1.10.18-darwin-x64/components/WebTools/node_modules/@microsoft/vscode.webtools/Services/Microsoft.WebTools.Aspire.VSCode.Services.dll","fullClassName":"Microsoft.WebTools.Aspire.VSCode.Services.ServiceFactory"},"friendServices":["Microsoft.VisualStudio.ProjectSystem.CompositionService"]}]}
09/27/2024 21:03:09 Central Standard Time : Information : VsHubClient-hubController read: Content-Length: 38

{"jsonrpc":"2.0","id":3,"result":null}
09/27/2024 21:03:09 Central Standard Time : Information : VsHubClient-hubController write: Content-Length: 109

{"jsonrpc":"2.0","id":2,"method":"UpdateClientInfoAsync","params":[{"clientName":"VsHubClient","pid":14389}]}
09/27/2024 21:03:09 Central Standard Time : Information : VsHubClient-hubController read: Content-Length: 441

{"jsonrpc":"2.0","id":2,"result":{"ClientWatchServerName":"net.pipe://14397FAA19","ControllerConfig":{"Executable":"/Users/coycrowder/.vscode/extensions/ms-dotnettools.csdevkit-1.10.18-darwin-x64/components/vs-green-server/platforms/darwin-x64/node_modules/@microsoft/servicehub-controller-net60.darwin-x64/Microsoft.ServiceHub.Controller","Args":["b15f1c31c9"],"PipeName":"b15f1c31c9"},"HostsConfig":{"RootDir":".","AppConfigFallback":""}}}
09/27/2024 21:03:09 Central Standard Time : Information : VsHubClient-hubController write: Content-Length: 872

{"jsonrpc":"2.0","id":3,"method":"RegisterServiceAsync","params":[{"Name":"Microsoft.VisualStudio.ProjectSystem.DebugTargetFrameworkService"},{"host":"dotnet.projectSystem","hostId":"C94B8CFE-E3FD-4BAF-A941-2866DBB566FE","serviceBaseDirectory":"/Users/coycrowder/.vscode/extensions/ms-dotnettools.csdevkit-1.10.18-darwin-x64/components/dotnet-project-system-vscode/node_modules/@microsoft/vscode.projectsystem.managed/Services","entryPoint":{"assemblyPath":"/Users/coycrowder/.vscode/extensions/ms-dotnettools.csdevkit-1.10.18-darwin-x64/components/dotnet-project-system-vscode/node_modules/@microsoft/vscode.projectsystem.managed/Services/Microsoft.ProjectSystem.Managed.VSCode.Services.dll","fullClassName":"Microsoft.VisualStudio.ProjectSystem.Services.DebugTargetFrameworkServiceFactory"},"friendServices":["Microsoft.VisualStudio.ProjectSystem.CompositionService"]}]}
09/27/2024 21:03:09 Central Standard Time : Information : VsHubClient-hubController read: Content-Length: 38

{"jsonrpc":"2.0","id":3,"result":null}
09/27/2024 21:03:09 Central Standard Time : Information : VsHubClient-hubController write: Content-Length: 109

{"jsonrpc":"2.0","id":2,"method":"UpdateClientInfoAsync","params":[{"clientName":"VsHubClient","pid":14389}]}
09/27/2024 21:03:09 Central Standard Time : Information : VsHubClient-hubController read: Content-Length: 441

{"jsonrpc":"2.0","id":2,"result":{"ClientWatchServerName":"net.pipe://14397FAA19","ControllerConfig":{"Executable":"/Users/coycrowder/.vscode/extensions/ms-dotnettools.csdevkit-1.10.18-darwin-x64/components/vs-green-server/platforms/darwin-x64/node_modules/@microsoft/servicehub-controller-net60.darwin-x64/Microsoft.ServiceHub.Controller","Args":["b15f1c31c9"],"PipeName":"b15f1c31c9"},"HostsConfig":{"RootDir":".","AppConfigFallback":""}}}
09/27/2024 21:03:09 Central Standard Time : Information : VsHubClient-hubController write: Content-Length: 690

{"jsonrpc":"2.0","id":3,"method":"RegisterServiceAsync","params":[{"Name":"Microsoft.TemplateEngine.VSCode.TemplateService"},{"host":"dotnet","hostId":"C94B8CFE-E3FD-4BAF-A941-2866DBB566FE","serviceBaseDirectory":"/Users/coycrowder/.vscode/extensions/ms-dotnettools.csdevkit-1.10.18-darwin-x64/components/dotnet-project-system-vscode/node_modules/@microsoft/vscode.templateengine","entryPoint":{"assemblyPath":"/Users/coycrowder/.vscode/extensions/ms-dotnettools.csdevkit-1.10.18-darwin-x64/components/dotnet-project-system-vscode/node_modules/@microsoft/vscode.templateengine/Microsoft.TemplateEngine.VSCode.dll","fullClassName":"Microsoft.TemplateEngine.VSCode.TemplateServiceFactory"}}]}
09/27/2024 21:03:09 Central Standard Time : Information : VsHubClient-hubController read: Content-Length: 38

{"jsonrpc":"2.0","id":3,"result":null}
09/27/2024 21:03:09 Central Standard Time : Information : VsHubClient-hubController write: Content-Length: 109

{"jsonrpc":"2.0","id":2,"method":"UpdateClientInfoAsync","params":[{"clientName":"VsHubClient","pid":14389}]}
09/27/2024 21:03:09 Central Standard Time : Information : VsHubClient-hubController read: Content-Length: 441

{"jsonrpc":"2.0","id":2,"result":{"ClientWatchServerName":"net.pipe://14397FAA19","ControllerConfig":{"Executable":"/Users/coycrowder/.vscode/extensions/ms-dotnettools.csdevkit-1.10.18-darwin-x64/components/vs-green-server/platforms/darwin-x64/node_modules/@microsoft/servicehub-controller-net60.darwin-x64/Microsoft.ServiceHub.Controller","Args":["b15f1c31c9"],"PipeName":"b15f1c31c9"},"HostsConfig":{"RootDir":".","AppConfigFallback":""}}}
09/27/2024 21:03:09 Central Standard Time : Information : VsHubClient-hubController write: Content-Length: 739

{"jsonrpc":"2.0","id":3,"method":"RegisterServiceAsync","params":[{"Name":"Microsoft.CodeCoverage.VSCode.CollectionService"},{"host":"dotnet","hostId":"C94B8CFE-E3FD-4BAF-A941-2866DBB566FE","serviceBaseDirectory":"/Users/coycrowder/.vscode/extensions/ms-dotnettools.csdevkit-1.10.18-darwin-x64/components/vs-code-coverage/platforms/darwin-x64/node_modules/@microsoft/coverage-services.darwin-x64","entryPoint":{"assemblyPath":"/Users/coycrowder/.vscode/extensions/ms-dotnettools.csdevkit-1.10.18-darwin-x64/components/vs-code-coverage/platforms/darwin-x64/node_modules/@microsoft/coverage-services.darwin-x64/Microsoft.CodeCoverage.VSCode.Services.dll","fullClassName":"Microsoft.VisualStudio.CoverageServices.CollectionServiceFactory"}}]}
09/27/2024 21:03:09 Central Standard Time : Information : VsHubClient-hubController read: Content-Length: 38

{"jsonrpc":"2.0","id":3,"result":null}
09/27/2024 21:03:09 Central Standard Time : Information : VsHubClient-hubController write: Content-Length: 109

{"jsonrpc":"2.0","id":2,"method":"UpdateClientInfoAsync","params":[{"clientName":"VsHubClient","pid":14389}]}
09/27/2024 21:03:09 Central Standard Time : Information : VsHubClient-hubController read: Content-Length: 441

{"jsonrpc":"2.0","id":2,"result":{"ClientWatchServerName":"net.pipe://14397FAA19","ControllerConfig":{"Executable":"/Users/coycrowder/.vscode/extensions/ms-dotnettools.csdevkit-1.10.18-darwin-x64/components/vs-green-server/platforms/darwin-x64/node_modules/@microsoft/servicehub-controller-net60.darwin-x64/Microsoft.ServiceHub.Controller","Args":["b15f1c31c9"],"PipeName":"b15f1c31c9"},"HostsConfig":{"RootDir":".","AppConfigFallback":""}}}
09/27/2024 21:03:09 Central Standard Time : Information : VsHubClient-hubController write: Content-Length: 731

{"jsonrpc":"2.0","id":3,"method":"RegisterServiceAsync","params":[{"Name":"Microsoft.CodeCoverage.VSCode.ReportService"},{"host":"dotnet","hostId":"C94B8CFE-E3FD-4BAF-A941-2866DBB566FE","serviceBaseDirectory":"/Users/coycrowder/.vscode/extensions/ms-dotnettools.csdevkit-1.10.18-darwin-x64/components/vs-code-coverage/platforms/darwin-x64/node_modules/@microsoft/coverage-services.darwin-x64","entryPoint":{"assemblyPath":"/Users/coycrowder/.vscode/extensions/ms-dotnettools.csdevkit-1.10.18-darwin-x64/components/vs-code-coverage/platforms/darwin-x64/node_modules/@microsoft/coverage-services.darwin-x64/Microsoft.CodeCoverage.VSCode.Services.dll","fullClassName":"Microsoft.VisualStudio.CoverageServices.ReportServiceFactory"}}]}
09/27/2024 21:03:09 Central Standard Time : Information : VsHubClient-hubController read: Content-Length: 38

{"jsonrpc":"2.0","id":3,"result":null}
09/27/2024 21:03:09 Central Standard Time : Information : VsHubClient-hubController write: Content-Length: 109

{"jsonrpc":"2.0","id":2,"method":"UpdateClientInfoAsync","params":[{"clientName":"VsHubClient","pid":14389}]}
09/27/2024 21:03:09 Central Standard Time : Information : VsHubClient-hubController read: Content-Length: 441

{"jsonrpc":"2.0","id":2,"result":{"ClientWatchServerName":"net.pipe://14397FAA19","ControllerConfig":{"Executable":"/Users/coycrowder/.vscode/extensions/ms-dotnettools.csdevkit-1.10.18-darwin-x64/components/vs-green-server/platforms/darwin-x64/node_modules/@microsoft/servicehub-controller-net60.darwin-x64/Microsoft.ServiceHub.Controller","Args":["b15f1c31c9"],"PipeName":"b15f1c31c9"},"HostsConfig":{"RootDir":".","AppConfigFallback":""}}}
09/27/2024 21:03:09 Central Standard Time : Information : VsHubClient-hubController write: Content-Length: 781

{"jsonrpc":"2.0","id":3,"method":"RegisterServiceAsync","params":[{"Name":"Microsoft.VisualStudio.ProjectQueryTestService"},{"host":"dotnet","hostId":"C94B8CFE-E3FD-4BAF-A941-2866DBB566FE","serviceBaseDirectory":"/Users/coycrowder/.vscode/extensions/ms-dotnettools.csdevkit-1.10.18-darwin-x64/components/vs-green-server/platforms/darwin-x64/node_modules/@microsoft/visualstudio-server-samples-sayhello.darwin-x64","entryPoint":{"assemblyPath":"/Users/coycrowder/.vscode/extensions/ms-dotnettools.csdevkit-1.10.18-darwin-x64/components/vs-green-server/platforms/darwin-x64/node_modules/@microsoft/visualstudio-server-samples-sayhello.darwin-x64/Microsoft.VisualStudio.Samples.SayHello.dll","fullClassName":"Microsoft.VisualStudio.Samples.SayHello.ProjectQueryTestServiceFactory"}}]}
09/27/2024 21:03:09 Central Standard Time : Information : VsHubClient-hubController read: Content-Length: 38

{"jsonrpc":"2.0","id":3,"result":null}
09/27/2024 21:03:09 Central Standard Time : Information : VsHubClient-hubController write: Content-Length: 109

{"jsonrpc":"2.0","id":2,"method":"UpdateClientInfoAsync","params":[{"clientName":"VsHubClient","pid":14389}]}
09/27/2024 21:03:09 Central Standard Time : Information : VsHubClient-hubController read: Content-Length: 441

{"jsonrpc":"2.0","id":2,"result":{"ClientWatchServerName":"net.pipe://14397FAA19","ControllerConfig":{"Executable":"/Users/coycrowder/.vscode/extensions/ms-dotnettools.csdevkit-1.10.18-darwin-x64/components/vs-green-server/platforms/darwin-x64/node_modules/@microsoft/servicehub-controller-net60.darwin-x64/Microsoft.ServiceHub.Controller","Args":["b15f1c31c9"],"PipeName":"b15f1c31c9"},"HostsConfig":{"RootDir":".","AppConfigFallback":""}}}
09/27/2024 21:03:09 Central Standard Time : Information : VsHubClient-hubController write: Content-Length: 747

{"jsonrpc":"2.0","id":3,"method":"RegisterServiceAsync","params":[{"Name":"helloServiceHubDotNetHost"},{"host":"dotnet","hostId":"C94B8CFE-E3FD-4BAF-A941-2866DBB566FE","serviceBaseDirectory":"/Users/coycrowder/.vscode/extensions/ms-dotnettools.csdevkit-1.10.18-darwin-x64/components/vs-green-server/platforms/darwin-x64/node_modules/@microsoft/visualstudio-server-samples-sayhello.darwin-x64","entryPoint":{"assemblyPath":"/Users/coycrowder/.vscode/extensions/ms-dotnettools.csdevkit-1.10.18-darwin-x64/components/vs-green-server/platforms/darwin-x64/node_modules/@microsoft/visualstudio-server-samples-sayhello.darwin-x64/Microsoft.VisualStudio.Samples.SayHello.dll","fullClassName":"Microsoft.VisualStudio.Samples.SayHello.HelloWorldFactory"}}]}
09/27/2024 21:03:09 Central Standard Time : Information : VsHubClient-hubController read: Content-Length: 38

{"jsonrpc":"2.0","id":3,"result":null}
09/27/2024 21:03:09 Central Standard Time : Information : VsHubClient-hubController write: Content-Length: 359

{"jsonrpc":"2.0","id":4,"method":"requestServiceChannel","params":[{"Name":"Microsoft.VisualStudio.ProjectSystem.ProjectTreeProvider","Version":"0.1"},{"ActivationArguments":{"__servicehub__ServiceHubRemoteServiceBrokerPipeName":"/Users/coycrowder/.ServiceHub/b15f1c31c9/119b7a1232"},"ClientCredentials":{},"ClientCulture":"en-US","ClientUICulture":"en-US"}]}
09/27/2024 21:03:09 Central Standard Time : Information : VsHubClient-hubController write: Content-Length: 346

{"jsonrpc":"2.0","id":5,"method":"requestServiceChannel","params":[{"Name":"Microsoft.CodeCoverage.VSCode.ReportService","Version":"1.0"},{"ActivationArguments":{"__servicehub__ServiceHubRemoteServiceBrokerPipeName":"/Users/coycrowder/.ServiceHub/b15f1c31c9/a7bc983715"},"ClientCredentials":{},"ClientCulture":"en-US","ClientUICulture":"en-US"}]}
09/27/2024 21:03:09 Central Standard Time : Information : VsHubClient-hubController write: Content-Length: 351

{"jsonrpc":"2.0","id":6,"method":"requestServiceChannel","params":[{"Name":"Microsoft.VisualStudio.TestWindow.VSCode.Service","Version":"0.1"},{"ActivationArguments":{"__servicehub__ServiceHubRemoteServiceBrokerPipeName":"/Users/coycrowder/.ServiceHub/b15f1c31c9/5d4c53c8c9"},"ClientCredentials":{},"ClientCulture":"en-US","ClientUICulture":"en-US"}]}
09/27/2024 21:03:09 Central Standard Time : Information : VsHubClient-hubController write: Content-Length: 336

{"jsonrpc":"2.0","id":7,"method":"requestServiceChannel","params":[{"Name":"Microsoft.VisualStudio.LaunchConfigurationService"},{"ActivationArguments":{"__servicehub__ServiceHubRemoteServiceBrokerPipeName":"/Users/coycrowder/.ServiceHub/b15f1c31c9/0494639f66"},"ClientCredentials":{},"ClientCulture":"en-US","ClientUICulture":"en-US"}]}
09/27/2024 21:03:10 Central Standard Time : Information : VsHubClient-hubController write: Content-Length: 374

{"jsonrpc":"2.0","id":8,"method":"requestServiceChannel","params":[{"Name":"Microsoft.VisualStudio.ProjectSystem.ProjectInitializationStatusService","Version":"0.1"},{"ActivationArguments":{"__servicehub__ServiceHubRemoteServiceBrokerPipeName":"/Users/coycrowder/.ServiceHub/b15f1c31c9/03f3c6fa65"},"ClientCredentials":{},"ClientCulture":"en-US","ClientUICulture":"en-US"}]}
09/27/2024 21:03:10 Central Standard Time : Information : VsHubClient-hubController write: Content-Length: 353

{"jsonrpc":"2.0","id":9,"method":"requestServiceChannel","params":[{"Name":"Microsoft.VisualStudio.CpsProjectIconSourceService","Version":"0.1"},{"ActivationArguments":{"__servicehub__ServiceHubRemoteServiceBrokerPipeName":"/Users/coycrowder/.ServiceHub/b15f1c31c9/6bd94139bc"},"ClientCredentials":{},"ClientCulture":"en-US","ClientUICulture":"en-US"}]}
09/27/2024 21:03:10 Central Standard Time : Information : VsHubClient-hubController read: Content-Length: 167

{"jsonrpc":"2.0","id":5,"result":{"RequestId":"0e0ae993-b067-4fee-a98c-a7b168c3e793","PipeName":"/Users/coycrowder/.ServiceHub/b15f1c31c9/379fd99c36","IsEmpty":false}}
09/27/2024 21:03:10 Central Standard Time : Information : VsHubClient-hubController read: Content-Length: 167

{"jsonrpc":"2.0","id":6,"result":{"RequestId":"7a5fbc61-fc82-48b7-99d6-75df1dae76da","PipeName":"/Users/coycrowder/.ServiceHub/b15f1c31c9/a03c2c3a96","IsEmpty":false}}Content-Length: 167

{"jsonrpc":"2.0","id":3,"result":{"RequestId":"5ad4e462-c45f-470b-a006-a8dde590c01a","PipeName":"/Users/coycrowder/.ServiceHub/b15f1c31c9/419c009704","IsEmpty":false}}
09/27/2024 21:03:10 Central Standard Time : Information : VsHubClient-hubController write: Content-Length: 351

{"jsonrpc":"2.0","id":10,"method":"requestServiceChannel","params":[{"Name":"Microsoft.CodeCoverage.VSCode.CollectionService","Version":"1.0"},{"ActivationArguments":{"__servicehub__ServiceHubRemoteServiceBrokerPipeName":"/Users/coycrowder/.ServiceHub/b15f1c31c9/18ba5a616b"},"ClientCredentials":{},"ClientCulture":"en-US","ClientUICulture":"en-US"}]}
09/27/2024 21:03:10 Central Standard Time : Information : VsHubClient-hubController read: Content-Length: 168

{"jsonrpc":"2.0","id":10,"result":{"RequestId":"ffebf7eb-f547-42f1-9d3f-7502e04067a1","PipeName":"/Users/coycrowder/.ServiceHub/b15f1c31c9/d9a7815ac3","IsEmpty":false}}
09/27/2024 21:03:10 Central Standard Time : Information : Disposing ServiceBroker server '/Users/coycrowder/.ServiceHub/b15f1c31c9/a425efa233'.
09/27/2024 21:03:10 Central Standard Time : Information : Disposing ServiceBroker server '/Users/coycrowder/.ServiceHub/b15f1c31c9/a7bc983715'.
09/27/2024 21:03:10 Central Standard Time : Information : Disposing ServiceBroker server '/Users/coycrowder/.ServiceHub/b15f1c31c9/5d4c53c8c9'.
09/27/2024 21:03:10 Central Standard Time : Information : Disposing ServiceBroker server '/Users/coycrowder/.ServiceHub/b15f1c31c9/18ba5a616b'.
09/27/2024 21:03:10 Central Standard Time : Information : Microsoft.VisualStudio.Debugger.HotReloadSessionNotificationService-RemoteServiceBrokerServer read: Content-Length: 193

{"jsonrpc":"2.0","id":2,"method":"handshake","params":[{"supportedConnections":"IpcPipe","localServiceHost":{"operatingSystem":2,"processArchitecture":1,"runtime":2,"runtimeVersion":"8.0.8"}}]}
09/27/2024 21:03:10 Central Standard Time : Information : Microsoft.CodeCoverage.VSCode.CollectionService-RemoteServiceBrokerServer read: Content-Length: 193

{"jsonrpc":"2.0","id":2,"method":"handshake","params":[{"supportedConnections":"IpcPipe","localServiceHost":{"operatingSystem":2,"processArchitecture":1,"runtime":2,"runtimeVersion":"8.0.8"}}]}
09/27/2024 21:03:10 Central Standard Time : Information : Microsoft.VisualStudio.TestWindow.VSCode.Service-RemoteServiceBrokerServer read: Content-Length: 193

{"jsonrpc":"2.0","id":2,"method":"handshake","params":[{"supportedConnections":"IpcPipe","localServiceHost":{"operatingSystem":2,"processArchitecture":1,"runtime":2,"runtimeVersion":"8.0.8"}}]}
09/27/2024 21:03:10 Central Standard Time : Information : Microsoft.CodeCoverage.VSCode.ReportService-RemoteServiceBrokerServer read: Content-Length: 193

{"jsonrpc":"2.0","id":2,"method":"handshake","params":[{"supportedConnections":"IpcPipe","localServiceHost":{"operatingSystem":2,"processArchitecture":1,"runtime":2,"runtimeVersion":"8.0.8"}}]}
09/27/2024 21:03:10 Central Standard Time : Information : Microsoft.VisualStudio.Debugger.HotReloadSessionNotificationService-RemoteServiceBrokerServer write: Content-Length: 38

{"jsonrpc":"2.0","id":2,"result":null}
09/27/2024 21:03:10 Central Standard Time : Information : Microsoft.VisualStudio.TestWindow.VSCode.Service-RemoteServiceBrokerServer write: Content-Length: 38

{"jsonrpc":"2.0","id":2,"result":null}
09/27/2024 21:03:10 Central Standard Time : Information : Microsoft.CodeCoverage.VSCode.CollectionService-RemoteServiceBrokerServer write: Content-Length: 38

{"jsonrpc":"2.0","id":2,"result":null}
09/27/2024 21:03:10 Central Standard Time : Information : Microsoft.CodeCoverage.VSCode.ReportService-RemoteServiceBrokerServer write: Content-Length: 38

{"jsonrpc":"2.0","id":2,"result":null}
09/27/2024 21:03:10 Central Standard Time : Information : Microsoft.CodeCoverage.VSCode.ReportService-RemoteServiceBrokerServer read: Content-Length: 183

{"jsonrpc":"2.0","id":3,"method":"requestServiceChannel","params":[{"name":"Microsoft.ServiceHub.Framework.AuthorizationService"},{"clientCulture":"en-US","clientUICulture":"en-US"}]}
09/27/2024 21:03:10 Central Standard Time : Information : Microsoft.VisualStudio.TestWindow.VSCode.Service-RemoteServiceBrokerServer read: Content-Length: 183

{"jsonrpc":"2.0","id":3,"method":"requestServiceChannel","params":[{"name":"Microsoft.ServiceHub.Framework.AuthorizationService"},{"clientCulture":"en-US","clientUICulture":"en-US"}]}
09/27/2024 21:03:10 Central Standard Time : Information : Microsoft.CodeCoverage.VSCode.CollectionService-RemoteServiceBrokerServer read: Content-Length: 183

{"jsonrpc":"2.0","id":3,"method":"requestServiceChannel","params":[{"name":"Microsoft.ServiceHub.Framework.AuthorizationService"},{"clientCulture":"en-US","clientUICulture":"en-US"}]}
09/27/2024 21:03:10 Central Standard Time : Information : Microsoft.VisualStudio.Debugger.HotReloadSessionNotificationService-RemoteServiceBrokerServer read: Content-Length: 183

{"jsonrpc":"2.0","id":3,"method":"requestServiceChannel","params":[{"name":"Microsoft.ServiceHub.Framework.AuthorizationService"},{"clientCulture":"en-US","clientUICulture":"en-US"}]}
09/27/2024 21:03:10 Central Standard Time : Information : Microsoft.CodeCoverage.VSCode.ReportService-RemoteServiceBrokerServer write: Content-Length: 181

{"jsonrpc":"2.0","id":3,"result":{"requestId":"41e97957-0865-43ba-8b27-b98380ac85a4","pipeName":"/var/folders/84/68dsmswn3m95t759t37vwxmr0000gn/T/7d1ae318134d443785d0f6fda612d87f"}}
09/27/2024 21:03:10 Central Standard Time : Information : Microsoft.VisualStudio.TestWindow.VSCode.Service-RemoteServiceBrokerServer write: Content-Length: 181

{"jsonrpc":"2.0","id":3,"result":{"requestId":"e53ebb92-b5ad-439c-a23e-9a037388aa4f","pipeName":"/var/folders/84/68dsmswn3m95t759t37vwxmr0000gn/T/95e4a0505e864a20821d2857e0052e6f"}}
09/27/2024 21:03:10 Central Standard Time : Information : Microsoft.CodeCoverage.VSCode.CollectionService-RemoteServiceBrokerServer write: Content-Length: 181

{"jsonrpc":"2.0","id":3,"result":{"requestId":"ab304991-15f9-4fdb-a8a2-77f34ec0b41b","pipeName":"/var/folders/84/68dsmswn3m95t759t37vwxmr0000gn/T/db7aa8bb84984bb2a9bb94c6ee9f2608"}}
09/27/2024 21:03:10 Central Standard Time : Information : Microsoft.VisualStudio.Debugger.HotReloadSessionNotificationService-RemoteServiceBrokerServer write: Content-Length: 181

{"jsonrpc":"2.0","id":3,"result":{"requestId":"0a919249-2d66-4f3e-8f51-be0301b34634","pipeName":"/var/folders/84/68dsmswn3m95t759t37vwxmr0000gn/T/a5d6cd39e11648628744edf9f80c5d01"}}
09/27/2024 21:03:11 Central Standard Time : Information : VsHubClient-hubController read: Content-Length: 167

{"jsonrpc":"2.0","id":9,"result":{"RequestId":"fc738095-4ed0-44cf-aede-36e3cba0cf64","PipeName":"/Users/coycrowder/.ServiceHub/b15f1c31c9/aca846e534","IsEmpty":false}}
09/27/2024 21:03:11 Central Standard Time : Information : VsHubClient-hubController read: Content-Length: 167

{"jsonrpc":"2.0","id":4,"result":{"RequestId":"989d847b-d326-4df1-b39e-6411c7fa563d","PipeName":"/Users/coycrowder/.ServiceHub/b15f1c31c9/baa0dd2667","IsEmpty":false}}Content-Length: 167

{"jsonrpc":"2.0","id":8,"result":{"RequestId":"f232c7a0-6d55-4a08-bcf3-8317c4ad1985","PipeName":"/Users/coycrowder/.ServiceHub/b15f1c31c9/e61b99a1aa","IsEmpty":false}}Content-Length: 167

{"jsonrpc":"2.0","id":7,"result":{"RequestId":"d1bd17d1-2d0f-4a13-a1b5-24b2bf0c35b9","PipeName":"/Users/coycrowder/.ServiceHub/b15f1c31c9/b9b6a26c6e","IsEmpty":false}}
09/27/2024 21:03:11 Central Standard Time : Information : VsHubClient-hubController write: Content-Length: 374

{"jsonrpc":"2.0","id":11,"method":"requestServiceChannel","params":[{"Name":"Microsoft.VisualStudio.TestWindow.VSCode.ProjectSystemProvider.Service","Version":"0.1"},{"ActivationArguments":{"__servicehub__ServiceHubRemoteServiceBrokerPipeName":"/Users/coycrowder/.ServiceHub/b15f1c31c9/dcf3271075"},"ClientCredentials":{},"ClientCulture":"en-US","ClientUICulture":"en-US"}]}
09/27/2024 21:03:11 Central Standard Time : Information : VsHubClient-hubController read: Content-Length: 168

{"jsonrpc":"2.0","id":11,"result":{"RequestId":"8519ec74-78c7-41e7-bc39-49086eaa8e0a","PipeName":"/Users/coycrowder/.ServiceHub/b15f1c31c9/a0f745b690","IsEmpty":false}}
09/27/2024 21:03:11 Central Standard Time : Information : Disposing ServiceBroker server '/Users/coycrowder/.ServiceHub/b15f1c31c9/119b7a1232'.
09/27/2024 21:03:11 Central Standard Time : Information : Disposing ServiceBroker server '/Users/coycrowder/.ServiceHub/b15f1c31c9/0494639f66'.
09/27/2024 21:03:11 Central Standard Time : Information : Disposing ServiceBroker server '/Users/coycrowder/.ServiceHub/b15f1c31c9/dcf3271075'.
09/27/2024 21:03:11 Central Standard Time : Information : Disposing ServiceBroker server '/Users/coycrowder/.ServiceHub/b15f1c31c9/03f3c6fa65'.
09/27/2024 21:03:11 Central Standard Time : Information : Disposing ServiceBroker server '/Users/coycrowder/.ServiceHub/b15f1c31c9/6bd94139bc'.
09/27/2024 21:03:11 Central Standard Time : Information : Microsoft.VisualStudio.TestWindow.VSCode.ProjectSystemProvider.Service-RemoteServiceBrokerServer read: Content-Length: 193

{"jsonrpc":"2.0","id":2,"method":"handshake","params":[{"supportedConnections":"IpcPipe","localServiceHost":{"operatingSystem":2,"processArchitecture":1,"runtime":2,"runtimeVersion":"8.0.8"}}]}
09/27/2024 21:03:11 Central Standard Time : Information : Microsoft.VisualStudio.TestWindow.VSCode.ProjectSystemProvider.Service-RemoteServiceBrokerServer write: Content-Length: 38

{"jsonrpc":"2.0","id":2,"result":null}
09/27/2024 21:03:11 Central Standard Time : Information : Microsoft.VisualStudio.TestWindow.VSCode.ProjectSystemProvider.Service-RemoteServiceBrokerServer read: Content-Length: 183

{"jsonrpc":"2.0","id":3,"method":"requestServiceChannel","params":[{"name":"Microsoft.ServiceHub.Framework.AuthorizationService"},{"clientCulture":"en-US","clientUICulture":"en-US"}]}
09/27/2024 21:03:11 Central Standard Time : Information : Microsoft.VisualStudio.TestWindow.VSCode.ProjectSystemProvider.Service-RemoteServiceBrokerServer write: Content-Length: 181

{"jsonrpc":"2.0","id":3,"result":{"requestId":"5171d355-d2bd-473b-9fef-bcfc58cca2d3","pipeName":"/var/folders/84/68dsmswn3m95t759t37vwxmr0000gn/T/6f56bd65142e4a35a8deceadb0ad2e91"}}
09/27/2024 21:03:11 Central Standard Time : Information : Microsoft.VisualStudio.TestWindow.VSCode.ProjectSystemProvider.Service-RemoteServiceBrokerServer read: Content-Length: 293

{"jsonrpc":"2.0","id":4,"method":"requestServiceChannel","params":[{"name":"Microsoft.VisualStudio.ProjectSystem.Query.Remoting.QueryExecutionService","version":"0.2"},{"clientCulture":"en-US","clientUICulture":"en-US"}],"traceparent":"00-1775f8968ab2c648a938a532e8358461-f31496bc2c4d8547-00"}
09/27/2024 21:03:11 Central Standard Time : Information : VsHubClient-hubController write: Content-Length: 377

{"jsonrpc":"2.0","id":12,"method":"requestServiceChannel","params":[{"Name":"Microsoft.VisualStudio.ProjectSystem.Query.Remoting.QueryExecutionService","Version":"0.2"},{"ActivationArguments":{"__servicehub__ServiceHubRemoteServiceBrokerPipeName":"/Users/coycrowder/.ServiceHub/b15f1c31c9/bcd4d1cb76"},"ClientCredentials":{},"ClientCulture":"en-US","ClientUICulture":"en-US"}]}
09/27/2024 21:03:11 Central Standard Time : Information : VsHubClient-hubController read: Content-Length: 168

{"jsonrpc":"2.0","id":12,"result":{"RequestId":"12435f99-4ec5-4d67-bb1e-4b01b9e57bb9","PipeName":"/Users/coycrowder/.ServiceHub/b15f1c31c9/a6ac539374","IsEmpty":false}}
09/27/2024 21:03:11 Central Standard Time : Information : Microsoft.VisualStudio.TestWindow.VSCode.ProjectSystemProvider.Service-RemoteServiceBrokerServer write: Content-Length: 151

{"jsonrpc":"2.0","id":4,"result":{"requestId":"12435f99-4ec5-4d67-bb1e-4b01b9e57bb9","pipeName":"/Users/coycrowder/.ServiceHub/b15f1c31c9/a6ac539374"}}
09/27/2024 21:03:11 Central Standard Time : Information : Disposing ServiceBroker server '/Users/coycrowder/.ServiceHub/b15f1c31c9/bcd4d1cb76'.
09/27/2024 21:03:11 Central Standard Time : Information : Microsoft.VisualStudio.LaunchConfigurationService-RemoteServiceBrokerServer read: Content-Length: 193

{"jsonrpc":"2.0","id":2,"method":"handshake","params":[{"supportedConnections":"IpcPipe","localServiceHost":{"operatingSystem":2,"processArchitecture":1,"runtime":2,"runtimeVersion":"8.0.8"}}]}
09/27/2024 21:03:11 Central Standard Time : Information : Microsoft.VisualStudio.CpsProjectIconSourceService-RemoteServiceBrokerServer read: Content-Length: 193

{"jsonrpc":"2.0","id":2,"method":"handshake","params":[{"supportedConnections":"IpcPipe","localServiceHost":{"operatingSystem":2,"processArchitecture":1,"runtime":2,"runtimeVersion":"8.0.8"}}]}
09/27/2024 21:03:11 Central Standard Time : Information : Microsoft.VisualStudio.ProjectSystem.ProjectTreeProvider-RemoteServiceBrokerServer read: Content-Length: 193

{"jsonrpc":"2.0","id":2,"method":"handshake","params":[{"supportedConnections":"IpcPipe","localServiceHost":{"operatingSystem":2,"processArchitecture":1,"runtime":2,"runtimeVersion":"8.0.8"}}]}
09/27/2024 21:03:11 Central Standard Time : Information : Microsoft.VisualStudio.ProjectSystem.ProjectInitializationStatusService-RemoteServiceBrokerServer read: Content-Length: 193

{"jsonrpc":"2.0","id":2,"method":"handshake","params":[{"supportedConnections":"IpcPipe","localServiceHost":{"operatingSystem":2,"processArchitecture":1,"runtime":2,"runtimeVersion":"8.0.8"}}]}
09/27/2024 21:03:11 Central Standard Time : Information : Microsoft.VisualStudio.ProjectSystem.Query.Remoting.QueryExecutionService-RemoteServiceBrokerServer read: Content-Length: 193

{"jsonrpc":"2.0","id":2,"method":"handshake","params":[{"supportedConnections":"IpcPipe","localServiceHost":{"operatingSystem":2,"processArchitecture":1,"runtime":2,"runtimeVersion":"8.0.8"}}]}
09/27/2024 21:03:11 Central Standard Time : Information : Microsoft.VisualStudio.LaunchConfigurationService-RemoteServiceBrokerServer write: Content-Length: 38

{"jsonrpc":"2.0","id":2,"result":null}
09/27/2024 21:03:11 Central Standard Time : Information : Microsoft.VisualStudio.CpsProjectIconSourceService-RemoteServiceBrokerServer write: Content-Length: 38

{"jsonrpc":"2.0","id":2,"result":null}
09/27/2024 21:03:11 Central Standard Time : Information : Microsoft.VisualStudio.ProjectSystem.ProjectInitializationStatusService-RemoteServiceBrokerServer write: Content-Length: 38

{"jsonrpc":"2.0","id":2,"result":null}
09/27/2024 21:03:11 Central Standard Time : Information : Microsoft.VisualStudio.ProjectSystem.ProjectTreeProvider-RemoteServiceBrokerServer write: Content-Length: 38

{"jsonrpc":"2.0","id":2,"result":null}
09/27/2024 21:03:11 Central Standard Time : Information : Microsoft.VisualStudio.ProjectSystem.Query.Remoting.QueryExecutionService-RemoteServiceBrokerServer write: Content-Length: 38

{"jsonrpc":"2.0","id":2,"result":null}
09/27/2024 21:03:11 Central Standard Time : Information : Microsoft.VisualStudio.CpsProjectIconSourceService-RemoteServiceBrokerServer read: Content-Length: 183

{"jsonrpc":"2.0","id":3,"method":"requestServiceChannel","params":[{"name":"Microsoft.ServiceHub.Framework.AuthorizationService"},{"clientCulture":"en-US","clientUICulture":"en-US"}]}
09/27/2024 21:03:11 Central Standard Time : Information : Microsoft.VisualStudio.ProjectSystem.ProjectTreeProvider-RemoteServiceBrokerServer read: Content-Length: 183

{"jsonrpc":"2.0","id":3,"method":"requestServiceChannel","params":[{"name":"Microsoft.ServiceHub.Framework.AuthorizationService"},{"clientCulture":"en-US","clientUICulture":"en-US"}]}
09/27/2024 21:03:11 Central Standard Time : Information : Microsoft.VisualStudio.ProjectSystem.ProjectInitializationStatusService-RemoteServiceBrokerServer read: Content-Length: 183

{"jsonrpc":"2.0","id":3,"method":"requestServiceChannel","params":[{"name":"Microsoft.ServiceHub.Framework.AuthorizationService"},{"clientCulture":"en-US","clientUICulture":"en-US"}]}
09/27/2024 21:03:11 Central Standard Time : Information : Microsoft.VisualStudio.LaunchConfigurationService-RemoteServiceBrokerServer read: Content-Length: 183

{"jsonrpc":"2.0","id":3,"method":"requestServiceChannel","params":[{"name":"Microsoft.ServiceHub.Framework.AuthorizationService"},{"clientCulture":"en-US","clientUICulture":"en-US"}]}
09/27/2024 21:03:11 Central Standard Time : Information : Microsoft.VisualStudio.ProjectSystem.Query.Remoting.QueryExecutionService-RemoteServiceBrokerServer read: Content-Length: 183

{"jsonrpc":"2.0","id":3,"method":"requestServiceChannel","params":[{"name":"Microsoft.ServiceHub.Framework.AuthorizationService"},{"clientCulture":"en-US","clientUICulture":"en-US"}]}
09/27/2024 21:03:11 Central Standard Time : Information : Microsoft.VisualStudio.ProjectSystem.ProjectInitializationStatusService-RemoteServiceBrokerServer write: Content-Length: 181

{"jsonrpc":"2.0","id":3,"result":{"requestId":"bfe1f51f-725b-4c9b-a26c-39d720d65ba0","pipeName":"/var/folders/84/68dsmswn3m95t759t37vwxmr0000gn/T/9f4e7ec4c6d747caa5e712885bb9fda0"}}
09/27/2024 21:03:11 Central Standard Time : Information : Microsoft.VisualStudio.LaunchConfigurationService-RemoteServiceBrokerServer write: Content-Length: 181

{"jsonrpc":"2.0","id":3,"result":{"requestId":"a2604f5d-e1af-451b-ac46-73976f03346e","pipeName":"/var/folders/84/68dsmswn3m95t759t37vwxmr0000gn/T/e22b5ab7d34c46a8bbf127305182a62b"}}
09/27/2024 21:03:11 Central Standard Time : Information : Microsoft.VisualStudio.CpsProjectIconSourceService-RemoteServiceBrokerServer write: Content-Length: 181

{"jsonrpc":"2.0","id":3,"result":{"requestId":"b707b279-df8d-47a5-b017-41b992855b23","pipeName":"/var/folders/84/68dsmswn3m95t759t37vwxmr0000gn/T/57997b09bbcd42658daab1e51d2fc8a5"}}
09/27/2024 21:03:11 Central Standard Time : Information : Microsoft.VisualStudio.ProjectSystem.Query.Remoting.QueryExecutionService-RemoteServiceBrokerServer write: Content-Length: 181

{"jsonrpc":"2.0","id":3,"result":{"requestId":"666e5309-1799-4a43-8e7d-5f62ce93e982","pipeName":"/var/folders/84/68dsmswn3m95t759t37vwxmr0000gn/T/f9946c71b80a4524800e5d9fee263853"}}
09/27/2024 21:03:11 Central Standard Time : Information : Microsoft.VisualStudio.ProjectSystem.ProjectTreeProvider-RemoteServiceBrokerServer write: Content-Length: 181

{"jsonrpc":"2.0","id":3,"result":{"requestId":"f3b6166b-4d6c-411c-9b5b-028de73888de","pipeName":"/var/folders/84/68dsmswn3m95t759t37vwxmr0000gn/T/27f98dbf90904453a7baa8ef417e4927"}}
09/27/2024 21:03:11 Central Standard Time : Information : Microsoft.VisualStudio.CpsProjectIconSourceService-RemoteServiceBrokerServer read: Content-Length: 203

{"jsonrpc":"2.0","id":4,"method":"requestServiceChannel","params":[{"name":"Microsoft.VisualStudio.ProjectSystem.CompositionService","version":"0.1"},{"clientCulture":"en-US","clientUICulture":"en-US"}]}
09/27/2024 21:03:11 Central Standard Time : Information : VsHubClient-hubController write: Content-Length: 359

{"jsonrpc":"2.0","id":13,"method":"requestServiceChannel","params":[{"Name":"Microsoft.VisualStudio.ProjectSystem.CompositionService","Version":"0.1"},{"ActivationArguments":{"__servicehub__ServiceHubRemoteServiceBrokerPipeName":"/Users/coycrowder/.ServiceHub/b15f1c31c9/7bb84fe9b7"},"ClientCredentials":{},"ClientCulture":"en-US","ClientUICulture":"en-US"}]}
09/27/2024 21:03:11 Central Standard Time : Information : VsHubClient-hubController read: Content-Length: 168

{"jsonrpc":"2.0","id":13,"result":{"RequestId":"9fd05e5c-1eb7-4227-9efd-634658980fb1","PipeName":"/Users/coycrowder/.ServiceHub/b15f1c31c9/109466bc6d","IsEmpty":false}}
09/27/2024 21:03:11 Central Standard Time : Information : Microsoft.VisualStudio.CpsProjectIconSourceService-RemoteServiceBrokerServer write: Content-Length: 151

{"jsonrpc":"2.0","id":4,"result":{"requestId":"9fd05e5c-1eb7-4227-9efd-634658980fb1","pipeName":"/Users/coycrowder/.ServiceHub/b15f1c31c9/109466bc6d"}}
09/27/2024 21:03:11 Central Standard Time : Information : Disposing ServiceBroker server '/Users/coycrowder/.ServiceHub/b15f1c31c9/7bb84fe9b7'.
09/27/2024 21:03:11 Central Standard Time : Information : Microsoft.VisualStudio.ProjectSystem.CompositionService-RemoteServiceBrokerServer read: Content-Length: 193

{"jsonrpc":"2.0","id":2,"method":"handshake","params":[{"supportedConnections":"IpcPipe","localServiceHost":{"operatingSystem":2,"processArchitecture":1,"runtime":2,"runtimeVersion":"8.0.8"}}]}
09/27/2024 21:03:11 Central Standard Time : Information : Microsoft.VisualStudio.ProjectSystem.CompositionService-RemoteServiceBrokerServer write: Content-Length: 38

{"jsonrpc":"2.0","id":2,"result":null}
09/27/2024 21:03:11 Central Standard Time : Information : Microsoft.VisualStudio.ProjectSystem.CompositionService-RemoteServiceBrokerServer read: Content-Length: 183

{"jsonrpc":"2.0","id":3,"method":"requestServiceChannel","params":[{"name":"Microsoft.ServiceHub.Framework.AuthorizationService"},{"clientCulture":"en-US","clientUICulture":"en-US"}]}
09/27/2024 21:03:11 Central Standard Time : Information : Microsoft.VisualStudio.ProjectSystem.CompositionService-RemoteServiceBrokerServer write: Content-Length: 181

{"jsonrpc":"2.0","id":3,"result":{"requestId":"10796e65-93a6-4d67-bd5e-5870b47380cc","pipeName":"/var/folders/84/68dsmswn3m95t759t37vwxmr0000gn/T/97573f53250d43b781cd42b4e8fa637f"}}
09/27/2024 21:03:11 Central Standard Time : Information : Microsoft.VisualStudio.ProjectSystem.CompositionService-RemoteServiceBrokerServer read: Content-Length: 197

{"jsonrpc":"2.0","id":5,"method":"requestServiceChannel","params":[{"name":"Microsoft.VisualStudio.NoDelay.EnvironmentService","version":"0.1"},{"clientCulture":"en-US","clientUICulture":"en-US"}]}
09/27/2024 21:03:11 Central Standard Time : Information : Microsoft.VisualStudio.ProjectSystem.CompositionService-RemoteServiceBrokerServer write: Content-Length: 181

{"jsonrpc":"2.0","id":5,"result":{"requestId":"ee6c65ca-b530-43cb-8e7a-37a9d447ec24","pipeName":"/var/folders/84/68dsmswn3m95t759t37vwxmr0000gn/T/0604e303c7b947b08d6c9c3d4f29fef2"}}
09/27/2024 21:03:11 Central Standard Time : Information : Microsoft.VisualStudio.ProjectSystem.CompositionService-RemoteServiceBrokerServer read: Content-Length: 194

{"jsonrpc":"2.0","id":4,"method":"requestServiceChannel","params":[{"name":"Microsoft.VisualStudio.ComponentExportsService","version":"0.1"},{"clientCulture":"en-US","clientUICulture":"en-US"}]}
09/27/2024 21:03:11 Central Standard Time : Information : Microsoft.VisualStudio.ProjectSystem.CompositionService-RemoteServiceBrokerServer write: Content-Length: 181

{"jsonrpc":"2.0","id":4,"result":{"requestId":"613fc3e0-3497-4ec3-9216-63b2596ec31b","pipeName":"/var/folders/84/68dsmswn3m95t759t37vwxmr0000gn/T/fe6bcedb07fd4221b80c553857bbad1a"}}
09/27/2024 21:03:12 Central Standard Time : Information : Microsoft.VisualStudio.ProjectSystem.CompositionService-RemoteServiceBrokerServer read: Content-Length: 242

{"jsonrpc":"2.0","id":6,"method":"requestServiceChannel","params":[{"name":"Microsoft.VisualStudio.NuGetSolutionRestoreService","version":"0.1"},{"activationArguments":{"needEvents":"True"},"clientCulture":"en-US","clientUICulture":"en-US"}]}Content-Length: 204

{"jsonrpc":"2.0","id":7,"method":"requestServiceChannel","params":[{"name":"Microsoft.VisualStudio.ActiveDocumentsInformationService","version":"0.1"},{"clientCulture":"en-US","clientUICulture":"en-US"}]}
09/27/2024 21:03:12 Central Standard Time : Information : Microsoft.VisualStudio.ProjectSystem.CompositionService-RemoteServiceBrokerServer write: Content-Length: 181

{"jsonrpc":"2.0","id":6,"result":{"requestId":"e7c8739f-1518-4e19-9d3e-3c74bd5cb333","pipeName":"/var/folders/84/68dsmswn3m95t759t37vwxmr0000gn/T/df58fa64b3ef447585bc0dbe04c43796"}}Content-Length: 181

{"jsonrpc":"2.0","id":7,"result":{"requestId":"814b5477-4a5b-4d59-b1f4-84789a7b4743","pipeName":"/var/folders/84/68dsmswn3m95t759t37vwxmr0000gn/T/98f39501ee1a45cc9b2cb2aba4077377"}}
09/27/2024 21:03:12 Central Standard Time : Information : Microsoft.VisualStudio.ProjectSystem.CompositionService-RemoteServiceBrokerServer read: Content-Length: 270

{"jsonrpc":"2.0","id":8,"method":"requestServiceChannel","params":[{"name":"Microsoft.VisualStudio.CpsProjectIconSourceService","version":"0.1"},{"clientCulture":"en-US","clientUICulture":"en-US"}],"traceparent":"00-ceb469048bc5244cae4819a682cb5af1-543fe94542dc784a-00"}
09/27/2024 21:03:12 Central Standard Time : Information : VsHubClient-hubController write: Content-Length: 354

{"jsonrpc":"2.0","id":14,"method":"requestServiceChannel","params":[{"Name":"Microsoft.VisualStudio.CpsProjectIconSourceService","Version":"0.1"},{"ActivationArguments":{"__servicehub__ServiceHubRemoteServiceBrokerPipeName":"/Users/coycrowder/.ServiceHub/b15f1c31c9/a75310dbe2"},"ClientCredentials":{},"ClientCulture":"en-US","ClientUICulture":"en-US"}]}
09/27/2024 21:03:12 Central Standard Time : Information : VsHubClient-hubController read: Content-Length: 168

{"jsonrpc":"2.0","id":14,"result":{"RequestId":"6cececfb-fce8-436b-8830-4b8cd22f1026","PipeName":"/Users/coycrowder/.ServiceHub/b15f1c31c9/97665d3493","IsEmpty":false}}
09/27/2024 21:03:12 Central Standard Time : Information : Microsoft.VisualStudio.ProjectSystem.CompositionService-RemoteServiceBrokerServer write: Content-Length: 151

{"jsonrpc":"2.0","id":8,"result":{"requestId":"6cececfb-fce8-436b-8830-4b8cd22f1026","pipeName":"/Users/coycrowder/.ServiceHub/b15f1c31c9/97665d3493"}}
09/27/2024 21:03:12 Central Standard Time : Information : Disposing ServiceBroker server '/Users/coycrowder/.ServiceHub/b15f1c31c9/a75310dbe2'.
09/27/2024 21:03:12 Central Standard Time : Information : Microsoft.VisualStudio.CpsProjectIconSourceService-RemoteServiceBrokerServer read: Content-Length: 193

{"jsonrpc":"2.0","id":2,"method":"handshake","params":[{"supportedConnections":"IpcPipe","localServiceHost":{"operatingSystem":2,"processArchitecture":1,"runtime":2,"runtimeVersion":"8.0.8"}}]}
09/27/2024 21:03:12 Central Standard Time : Information : Microsoft.VisualStudio.CpsProjectIconSourceService-RemoteServiceBrokerServer write: Content-Length: 38

{"jsonrpc":"2.0","id":2,"result":null}
09/27/2024 21:03:12 Central Standard Time : Information : Microsoft.VisualStudio.CpsProjectIconSourceService-RemoteServiceBrokerServer read: Content-Length: 183

{"jsonrpc":"2.0","id":3,"method":"requestServiceChannel","params":[{"name":"Microsoft.ServiceHub.Framework.AuthorizationService"},{"clientCulture":"en-US","clientUICulture":"en-US"}]}
09/27/2024 21:03:12 Central Standard Time : Information : Microsoft.VisualStudio.CpsProjectIconSourceService-RemoteServiceBrokerServer write: Content-Length: 181

{"jsonrpc":"2.0","id":3,"result":{"requestId":"bde980e2-49f1-465a-ae11-d1f61dfa5746","pipeName":"/var/folders/84/68dsmswn3m95t759t37vwxmr0000gn/T/976600271b0b4247b2b84fca75f39534"}}
09/27/2024 21:03:14 Central Standard Time : Information : Microsoft.VisualStudio.ProjectSystem.CompositionService-RemoteServiceBrokerServer read: Content-Length: 197

{"jsonrpc":"2.0","id":9,"method":"requestServiceChannel","params":[{"name":"Microsoft.VisualStudio.NoDelay.EnvironmentService","version":"0.1"},{"clientCulture":"en-US","clientUICulture":"en-US"}]}
09/27/2024 21:03:14 Central Standard Time : Information : Microsoft.VisualStudio.ProjectSystem.CompositionService-RemoteServiceBrokerServer write: Content-Length: 181

{"jsonrpc":"2.0","id":9,"result":{"requestId":"bf983468-3e67-426b-a80c-ace93453ef33","pipeName":"/var/folders/84/68dsmswn3m95t759t37vwxmr0000gn/T/46894e926bb940209c31be005b886cb5"}}
09/27/2024 21:03:14 Central Standard Time : Information : Microsoft.VisualStudio.ProjectSystem.CompositionService-RemoteServiceBrokerServer read: Content-Length: 203

{"jsonrpc":"2.0","id":10,"method":"requestServiceChannel","params":[{"name":"Microsoft.VisualStudio.LanguageServices.WorkspaceProjectFactoryService"},{"clientCulture":"en-US","clientUICulture":"en-US"}]}
09/27/2024 21:03:14 Central Standard Time : Information : VsHubClient-hubController write: Content-Length: 375

{"jsonrpc":"2.0","id":15,"method":"requestServiceChannel","params":[{"Name":"Microsoft.VisualStudio.ProjectSystem.ProjectInitializationStatusService","Version":"0.1"},{"ActivationArguments":{"__servicehub__ServiceHubRemoteServiceBrokerPipeName":"/Users/coycrowder/.ServiceHub/b15f1c31c9/25354129b9"},"ClientCredentials":{},"ClientCulture":"en-US","ClientUICulture":"en-US"}]}
09/27/2024 21:03:14 Central Standard Time : Information : VsHubClient-hubController read: Content-Length: 168

{"jsonrpc":"2.0","id":15,"result":{"RequestId":"7c677933-8cd7-4f2c-a190-ec6fe29d0541","PipeName":"/Users/coycrowder/.ServiceHub/b15f1c31c9/ae9f602ee9","IsEmpty":false}}
09/27/2024 21:03:14 Central Standard Time : Information : Disposing ServiceBroker server '/Users/coycrowder/.ServiceHub/b15f1c31c9/25354129b9'.
09/27/2024 21:03:14 Central Standard Time : Information : Microsoft.VisualStudio.ProjectSystem.ProjectInitializationStatusService-RemoteServiceBrokerServer read: Content-Length: 193

{"jsonrpc":"2.0","id":2,"method":"handshake","params":[{"supportedConnections":"IpcPipe","localServiceHost":{"operatingSystem":2,"processArchitecture":1,"runtime":2,"runtimeVersion":"8.0.8"}}]}
09/27/2024 21:03:14 Central Standard Time : Information : Microsoft.VisualStudio.ProjectSystem.ProjectInitializationStatusService-RemoteServiceBrokerServer write: Content-Length: 38

{"jsonrpc":"2.0","id":2,"result":null}
09/27/2024 21:03:14 Central Standard Time : Information : Microsoft.VisualStudio.ProjectSystem.CompositionService-RemoteServiceBrokerServer read: Content-Length: 185

{"jsonrpc":"2.0","id":11,"method":"requestServiceChannel","params":[{"name":"Microsoft.VisualStudio.OptionService","version":"0.1"},{"clientCulture":"en-US","clientUICulture":"en-US"}]}
09/27/2024 21:03:14 Central Standard Time : Information : Microsoft.VisualStudio.ProjectSystem.CompositionService-RemoteServiceBrokerServer write: Content-Length: 182

{"jsonrpc":"2.0","id":11,"result":{"requestId":"9fcdeae5-63e3-486c-86cd-c4a41baca553","pipeName":"/var/folders/84/68dsmswn3m95t759t37vwxmr0000gn/T/de7929e8ee164d88a90c2feb9c64c759"}}
09/27/2024 21:03:14 Central Standard Time : Information : Microsoft.VisualStudio.ProjectSystem.ProjectInitializationStatusService-RemoteServiceBrokerServer read: Content-Length: 183

{"jsonrpc":"2.0","id":3,"method":"requestServiceChannel","params":[{"name":"Microsoft.ServiceHub.Framework.AuthorizationService"},{"clientCulture":"en-US","clientUICulture":"en-US"}]}
09/27/2024 21:03:14 Central Standard Time : Information : Microsoft.VisualStudio.ProjectSystem.ProjectInitializationStatusService-RemoteServiceBrokerServer write: Content-Length: 181

{"jsonrpc":"2.0","id":3,"result":{"requestId":"753f92a3-9c01-4fc8-9d49-d61bb0a2c99b","pipeName":"/var/folders/84/68dsmswn3m95t759t37vwxmr0000gn/T/b3e33653598341998ae84f0950f32e26"}}
09/27/2024 21:03:14 Central Standard Time : Information : Microsoft.VisualStudio.ProjectSystem.CompositionService-RemoteServiceBrokerServer write: Content-Length: 182

{"jsonrpc":"2.0","id":10,"result":{"requestId":"362bb4df-8f91-4be8-9dde-b1717ec957dd","pipeName":"/var/folders/84/68dsmswn3m95t759t37vwxmr0000gn/T/29154168f205428d82f0d14e98e06759"}}
09/27/2024 21:03:16 Central Standard Time : Information : Microsoft.VisualStudio.ProjectSystem.CompositionService-RemoteServiceBrokerServer read: Content-Length: 199

{"jsonrpc":"2.0","id":12,"method":"requestServiceChannel","params":[{"name":"Microsoft.VisualStudio.NuGetSolutionRestoreService","version":"0.1"},{"clientCulture":"en-US","clientUICulture":"en-US"}]}
09/27/2024 21:03:16 Central Standard Time : Information : Microsoft.VisualStudio.ProjectSystem.CompositionService-RemoteServiceBrokerServer write: Content-Length: 182

{"jsonrpc":"2.0","id":12,"result":{"requestId":"4baaa5cb-ec02-49f5-8393-681ef4416852","pipeName":"/var/folders/84/68dsmswn3m95t759t37vwxmr0000gn/T/4c08134380d84d77853fafca8433de1f"}}
09/27/2024 21:03:17 Central Standard Time : Information : Microsoft.VisualStudio.ProjectSystem.CompositionService-RemoteServiceBrokerServer read: Content-Length: 250

{"jsonrpc":"2.0","id":13,"method":"requestServiceChannel","params":[{"name":"Microsoft.VisualStudio.LogOutputChannelService","version":"0.1"},{"activationArguments":{"outputChannelName":"Projects"},"clientCulture":"en-US","clientUICulture":"en-US"}]}
09/27/2024 21:03:17 Central Standard Time : Information : Microsoft.VisualStudio.ProjectSystem.CompositionService-RemoteServiceBrokerServer write: Content-Length: 182

{"jsonrpc":"2.0","id":13,"result":{"requestId":"b7cea49e-4a96-41a2-889f-b79d42459943","pipeName":"/var/folders/84/68dsmswn3m95t759t37vwxmr0000gn/T/97eed3e1c2ba41ea98ad2e2235b47bb5"}}
09/27/2024 21:03:17 Central Standard Time : Information : VsHubClient-hubController write: Content-Length: 377

{"jsonrpc":"2.0","id":16,"method":"requestServiceChannel","params":[{"Name":"Microsoft.VisualStudio.ProjectSystem.Query.Remoting.QueryExecutionService","Version":"0.3"},{"ActivationArguments":{"__servicehub__ServiceHubRemoteServiceBrokerPipeName":"/Users/coycrowder/.ServiceHub/b15f1c31c9/93a25e5408"},"ClientCredentials":{},"ClientCulture":"en-US","ClientUICulture":"en-US"}]}
09/27/2024 21:03:17 Central Standard Time : Information : VsHubClient-hubController read: Content-Length: 168

{"jsonrpc":"2.0","id":16,"result":{"RequestId":"67a48334-430f-4e4b-8310-6adcdce05d0c","PipeName":"/Users/coycrowder/.ServiceHub/b15f1c31c9/83f5ae0ab5","IsEmpty":false}}
09/27/2024 21:03:17 Central Standard Time : Information : Disposing ServiceBroker server '/Users/coycrowder/.ServiceHub/b15f1c31c9/93a25e5408'.
09/27/2024 21:03:17 Central Standard Time : Information : Microsoft.VisualStudio.ProjectSystem.Query.Remoting.QueryExecutionService-RemoteServiceBrokerServer read: Content-Length: 193

{"jsonrpc":"2.0","id":2,"method":"handshake","params":[{"supportedConnections":"IpcPipe","localServiceHost":{"operatingSystem":2,"processArchitecture":1,"runtime":2,"runtimeVersion":"8.0.8"}}]}
09/27/2024 21:03:17 Central Standard Time : Information : Microsoft.VisualStudio.ProjectSystem.Query.Remoting.QueryExecutionService-RemoteServiceBrokerServer write: Content-Length: 38

{"jsonrpc":"2.0","id":2,"result":null}
09/27/2024 21:03:17 Central Standard Time : Information : Microsoft.VisualStudio.ProjectSystem.Query.Remoting.QueryExecutionService-RemoteServiceBrokerServer read: Content-Length: 183

{"jsonrpc":"2.0","id":3,"method":"requestServiceChannel","params":[{"name":"Microsoft.ServiceHub.Framework.AuthorizationService"},{"clientCulture":"en-US","clientUICulture":"en-US"}]}
09/27/2024 21:03:17 Central Standard Time : Information : Microsoft.VisualStudio.ProjectSystem.Query.Remoting.QueryExecutionService-RemoteServiceBrokerServer write: Content-Length: 181

{"jsonrpc":"2.0","id":3,"result":{"requestId":"2675f7fb-b002-4c59-bf05-412498c8397a","pipeName":"/var/folders/84/68dsmswn3m95t759t37vwxmr0000gn/T/a08d3244b2f84dcf9fd99c05513d51e0"}}
09/27/2024 21:22:52 Central Standard Time : Information : VsHubClient-hubController write: Content-Length: 356

{"jsonrpc":"2.0","id":17,"method":"requestServiceChannel","params":[{"Name":"Microsoft.VisualStudio.Debugger.SymbolLocatorService","Version":"0.1"},{"ActivationArguments":{"__servicehub__ServiceHubRemoteServiceBrokerPipeName":"/Users/coycrowder/.ServiceHub/b15f1c31c9/13d2695db0"},"ClientCredentials":{},"ClientCulture":"en-US","ClientUICulture":"en-US"}]}
09/27/2024 21:22:52 Central Standard Time : Information : VsHubClient-hubController read: Content-Length: 168

{"jsonrpc":"2.0","id":17,"result":{"RequestId":"33976972-4eb7-4c07-9587-694eb0ed19f4","PipeName":"/Users/coycrowder/.ServiceHub/b15f1c31c9/172af63fcb","IsEmpty":false}}
09/27/2024 21:22:52 Central Standard Time : Information : Disposing ServiceBroker server '/Users/coycrowder/.ServiceHub/b15f1c31c9/13d2695db0'.
09/27/2024 21:22:52 Central Standard Time : Information : Microsoft.VisualStudio.Debugger.SymbolLocatorService-RemoteServiceBrokerServer read: Content-Length: 193

{"jsonrpc":"2.0","id":2,"method":"handshake","params":[{"supportedConnections":"IpcPipe","localServiceHost":{"operatingSystem":2,"processArchitecture":1,"runtime":2,"runtimeVersion":"8.0.8"}}]}
09/27/2024 21:22:52 Central Standard Time : Information : Microsoft.VisualStudio.Debugger.SymbolLocatorService-RemoteServiceBrokerServer write: Content-Length: 38

{"jsonrpc":"2.0","id":2,"result":null}
09/27/2024 21:22:52 Central Standard Time : Information : Microsoft.VisualStudio.Debugger.SymbolLocatorService-RemoteServiceBrokerServer read: Content-Length: 183

{"jsonrpc":"2.0","id":3,"method":"requestServiceChannel","params":[{"name":"Microsoft.ServiceHub.Framework.AuthorizationService"},{"clientCulture":"en-US","clientUICulture":"en-US"}]}
09/27/2024 21:22:52 Central Standard Time : Information : Microsoft.VisualStudio.Debugger.SymbolLocatorService-RemoteServiceBrokerServer write: Content-Length: 181

{"jsonrpc":"2.0","id":3,"result":{"requestId":"de35cf65-434d-41d3-a4f0-9708569716c6","pipeName":"/var/folders/84/68dsmswn3m95t759t37vwxmr0000gn/T/0c9b276208f44ec58182e3d779a2271b"}}
09/27/2024 21:22:52 Central Standard Time : Information : Microsoft.VisualStudio.Debugger.SymbolLocatorService-RemoteServiceBrokerServer read: Content-Length: 256

{"jsonrpc":"2.0","id":4,"method":"requestServiceChannel","params":[{"name":"Microsoft.VisualStudio.OptionService","version":"0.1"},{"clientCulture":"en-US","clientUICulture":"en-US"}],"traceparent":"00-513e01d370588946835d343685f7d92a-54e76c8ba7eb3e4a-00"}
09/27/2024 21:22:52 Central Standard Time : Information : Microsoft.VisualStudio.Debugger.SymbolLocatorService-RemoteServiceBrokerServer write: Content-Length: 181

{"jsonrpc":"2.0","id":4,"result":{"requestId":"050f7fa1-4ca5-467d-acd5-ccd9126d7f8e","pipeName":"/var/folders/84/68dsmswn3m95t759t37vwxmr0000gn/T/2bfa20f0f0eb4bee8a7d1ce0a9b14072"}}
09/27/2024 21:22:52 Central Standard Time : Information : Microsoft.VisualStudio.Debugger.SymbolLocatorService-RemoteServiceBrokerServer read: Content-Length: 329

{"jsonrpc":"2.0","id":5,"method":"requestServiceChannel","params":[{"name":"Microsoft.VisualStudio.LogOutputChannelService","version":"0.1"},{"activationArguments":{"outputChannelName":"C# SymbolLocator"},"clientCulture":"en-US","clientUICulture":"en-US"}],"traceparent":"00-513e01d370588946835d343685f7d92a-58215028fdaed641-00"}
09/27/2024 21:22:52 Central Standard Time : Information : Microsoft.VisualStudio.Debugger.SymbolLocatorService-RemoteServiceBrokerServer write: Content-Length: 181

{"jsonrpc":"2.0","id":5,"result":{"requestId":"cb89abba-a92d-4455-9bdb-432b79d82a0d","pipeName":"/var/folders/84/68dsmswn3m95t759t37vwxmr0000gn/T/c67c5b35846f4fe99e6ddfba60d72af4"}}
09/27/2024 21:22:52 Central Standard Time : Information : VsHubClient-hubController write: Content-Length: 353

{"jsonrpc":"2.0","id":18,"method":"requestServiceChannel","params":[{"Name":"Microsoft.VisualStudio.Debugger.SourceLinkService","Version":"0.1"},{"ActivationArguments":{"__servicehub__ServiceHubRemoteServiceBrokerPipeName":"/Users/coycrowder/.ServiceHub/b15f1c31c9/43fe11a4f6"},"ClientCredentials":{},"ClientCulture":"en-US","ClientUICulture":"en-US"}]}
09/27/2024 21:22:52 Central Standard Time : Information : VsHubClient-hubController read: Content-Length: 168

{"jsonrpc":"2.0","id":18,"result":{"RequestId":"c760c433-02eb-407e-8044-069968aecf22","PipeName":"/Users/coycrowder/.ServiceHub/b15f1c31c9/99327d025a","IsEmpty":false}}
09/27/2024 21:22:52 Central Standard Time : Information : Disposing ServiceBroker server '/Users/coycrowder/.ServiceHub/b15f1c31c9/43fe11a4f6'.
09/27/2024 21:22:52 Central Standard Time : Information : Microsoft.VisualStudio.Debugger.SourceLinkService-RemoteServiceBrokerServer read: Content-Length: 193

{"jsonrpc":"2.0","id":2,"method":"handshake","params":[{"supportedConnections":"IpcPipe","localServiceHost":{"operatingSystem":2,"processArchitecture":1,"runtime":2,"runtimeVersion":"8.0.8"}}]}
09/27/2024 21:22:52 Central Standard Time : Information : Microsoft.VisualStudio.Debugger.SourceLinkService-RemoteServiceBrokerServer write: Content-Length: 38

{"jsonrpc":"2.0","id":2,"result":null}
09/27/2024 21:22:52 Central Standard Time : Information : Microsoft.VisualStudio.Debugger.SourceLinkService-RemoteServiceBrokerServer read: Content-Length: 183

{"jsonrpc":"2.0","id":3,"method":"requestServiceChannel","params":[{"name":"Microsoft.ServiceHub.Framework.AuthorizationService"},{"clientCulture":"en-US","clientUICulture":"en-US"}]}
09/27/2024 21:22:52 Central Standard Time : Information : Microsoft.VisualStudio.Debugger.SourceLinkService-RemoteServiceBrokerServer write: Content-Length: 181

{"jsonrpc":"2.0","id":3,"result":{"requestId":"beb2e0ed-0d5f-41ee-9ea7-3c7ec11b1568","pipeName":"/var/folders/84/68dsmswn3m95t759t37vwxmr0000gn/T/59ee29836291403cb51d081243ff1201"}}
09/27/2024 21:22:52 Central Standard Time : Information : Microsoft.VisualStudio.Debugger.SourceLinkService-RemoteServiceBrokerServer read: Content-Length: 256

{"jsonrpc":"2.0","id":4,"method":"requestServiceChannel","params":[{"name":"Microsoft.VisualStudio.OptionService","version":"0.1"},{"clientCulture":"en-US","clientUICulture":"en-US"}],"traceparent":"00-6110a4789719254a977dfa42b13c6271-a4a6b82e58ac1c4f-00"}
09/27/2024 21:22:52 Central Standard Time : Information : Microsoft.VisualStudio.Debugger.SourceLinkService-RemoteServiceBrokerServer write: Content-Length: 181

{"jsonrpc":"2.0","id":4,"result":{"requestId":"e48e50ff-b2e4-4c4d-ae51-561c64c1fa93","pipeName":"/var/folders/84/68dsmswn3m95t759t37vwxmr0000gn/T/53053c8ba05c433292848b59f53ebd49"}}
09/27/2024 21:29:47 Central Standard Time : Information : VsHubClient-hubController JSON RPC has been disposed
09/27/2024 21:29:47 Central Standard Time : Information : VsHubClient-hubController read: end of stream
09/27/2024 21:29:47 Central Standard Time : Information : Microsoft.VisualStudio.TestWindow.VSCode.Service-RemoteServiceBrokerServer read: end of stream
09/27/2024 21:29:47 Central Standard Time : Information : Microsoft.VisualStudio.ProjectSystem.Query.Remoting.QueryExecutionService-RemoteServiceBrokerServer read: end of stream
