11/03/2024 18:41:19 Central Standard Time : Information : Local timezone is (UTC-06:00) Central Time (Chicago)
11/03/2024 18:41:19 Central Standard Time : Information : Added local RPC method "getPipe" -> Microsoft.VisualStudio.Utilities.ServiceBroker.GlobalBrokeredServiceContainer+View.GetPipeAsync(ServiceMoniker, ServiceActivationOptions, CancellationToken) (Microsoft.VisualStudio.Utilities.ServiceBroker.GlobalBrokeredServiceContainer+View)
11/03/2024 18:41:19 Central Standard Time : Information : Added local RPC method "getProxy" -> Microsoft.VisualStudio.Utilities.ServiceBroker.GlobalBrokeredServiceContainer+View.GetProxyAsync(ServiceRpcDescriptor, ServiceActivationOptions, CancellationToken) (Microsoft.VisualStudio.Utilities.ServiceBroker.GlobalBrokeredServiceContainer+View)
11/03/2024 18:41:19 Central Standard Time : Information : Added local RPC method "handshake" -> Microsoft.VisualStudio.Utilities.ServiceBroker.GlobalBrokeredServiceContainer+View.HandshakeAsync(ServiceBrokerClientMetadata, CancellationToken) (Microsoft.VisualStudio.Utilities.ServiceBroker.GlobalBrokeredServiceContainer+View)
11/03/2024 18:41:19 Central Standard Time : Information : Added local RPC method "requestServiceChannel" -> Microsoft.VisualStudio.Utilities.ServiceBroker.GlobalBrokeredServiceContainer+View.RequestServiceChannelAsync(ServiceMoniker, ServiceActivationOptions, CancellationToken) (Microsoft.VisualStudio.Utilities.ServiceBroker.GlobalBrokeredServiceContainer+View)
11/03/2024 18:41:19 Central Standard Time : Information : Added local RPC method "cancelServiceRequest" -> Microsoft.VisualStudio.Utilities.ServiceBroker.GlobalBrokeredServiceContainer+View.CancelServiceRequestAsync(Guid) (Microsoft.VisualStudio.Utilities.ServiceBroker.GlobalBrokeredServiceContainer+View)
11/03/2024 18:41:19 Central Standard Time : Information : Added local RPC method "getPipe" -> Microsoft.VisualStudio.Utilities.ServiceBroker.GlobalBrokeredServiceContainer+View.GetPipeAsync(ServiceMoniker, ServiceActivationOptions, CancellationToken) (Microsoft.VisualStudio.Utilities.ServiceBroker.GlobalBrokeredServiceContainer+View)
11/03/2024 18:41:19 Central Standard Time : Information : Added local RPC method "getProxy" -> Microsoft.VisualStudio.Utilities.ServiceBroker.GlobalBrokeredServiceContainer+View.GetProxyAsync(ServiceRpcDescriptor, ServiceActivationOptions, CancellationToken) (Microsoft.VisualStudio.Utilities.ServiceBroker.GlobalBrokeredServiceContainer+View)
11/03/2024 18:41:19 Central Standard Time : Information : Added local RPC method "handshake" -> Microsoft.VisualStudio.Utilities.ServiceBroker.GlobalBrokeredServiceContainer+View.HandshakeAsync(ServiceBrokerClientMetadata, CancellationToken) (Microsoft.VisualStudio.Utilities.ServiceBroker.GlobalBrokeredServiceContainer+View)
11/03/2024 18:41:19 Central Standard Time : Information : Added local RPC method "requestServiceChannel" -> Microsoft.VisualStudio.Utilities.ServiceBroker.GlobalBrokeredServiceContainer+View.RequestServiceChannelAsync(ServiceMoniker, ServiceActivationOptions, CancellationToken) (Microsoft.VisualStudio.Utilities.ServiceBroker.GlobalBrokeredServiceContainer+View)
11/03/2024 18:41:19 Central Standard Time : Information : Added local RPC method "cancelServiceRequest" -> Microsoft.VisualStudio.Utilities.ServiceBroker.GlobalBrokeredServiceContainer+View.CancelServiceRequestAsync(Guid) (Microsoft.VisualStudio.Utilities.ServiceBroker.GlobalBrokeredServiceContainer+View)
11/03/2024 18:41:19 Central Standard Time: Information : 2 :Listening for events from Microsoft.VisualStudio.Utilities.ServiceBroker.GlobalBrokeredServiceContainer+View.AvailabilityChanged to raise notification.
11/03/2024 18:41:19 Central Standard Time: Information : 3 :Listening started.
11/03/2024 18:41:19 Central Standard Time: Information : 7 :{"id":2,"method":"handshake"}
11/03/2024 18:41:19 Central Standard Time: Information : 6 :Received request "2" for method "handshake".
11/03/2024 18:41:19 Central Standard Time: Information : 9 :Invoking Microsoft.VisualStudio.Utilities.ServiceBroker.GlobalBrokeredServiceContainer+View.HandshakeAsync(ServiceBrokerClientMetadata, CancellationToken)
11/03/2024 18:41:19 Central Standard Time : Start : handshake
11/03/2024 18:41:19 Central Standard Time : Stop : handshake
11/03/2024 18:41:19 Central Standard Time: Information : 8 :{"id":2}
11/03/2024 18:41:19 Central Standard Time: Information : 7 :{"id":3,"method":"requestServiceChannel"}
11/03/2024 18:41:19 Central Standard Time: Information : 6 :Received request "3" for method "requestServiceChannel".
11/03/2024 18:41:19 Central Standard Time: Information : 9 :Invoking Microsoft.VisualStudio.Utilities.ServiceBroker.GlobalBrokeredServiceContainer+View.RequestServiceChannelAsync(ServiceMoniker, ServiceActivationOptions, CancellationToken)
11/03/2024 18:41:19 Central Standard Time : Start : requestServiceChannel
11/03/2024 18:41:19 Central Standard Time : Stop : requestServiceChannel
11/03/2024 18:41:19 Central Standard Time: Information : 8 :{"id":3}
11/03/2024 18:41:19 Central Standard Time: Information : 7 :{"id":4,"method":"requestServiceChannel"}
11/03/2024 18:41:19 Central Standard Time: Information : 6 :Received request "4" for method "requestServiceChannel".
11/03/2024 18:41:19 Central Standard Time: Information : 9 :Invoking Microsoft.VisualStudio.Utilities.ServiceBroker.GlobalBrokeredServiceContainer+View.RequestServiceChannelAsync(ServiceMoniker, ServiceActivationOptions, CancellationToken)
11/03/2024 18:41:19 Central Standard Time : Start : requestServiceChannel
11/03/2024 18:41:19 Central Standard Time : Stop : requestServiceChannel
11/03/2024 18:41:19 Central Standard Time: Information : 8 :{"id":4}
11/03/2024 18:41:19 Central Standard Time: Information : 7 :{"id":5,"method":"requestServiceChannel"}
11/03/2024 18:41:19 Central Standard Time: Information : 6 :Received request "5" for method "requestServiceChannel".
11/03/2024 18:41:19 Central Standard Time: Information : 9 :Invoking Microsoft.VisualStudio.Utilities.ServiceBroker.GlobalBrokeredServiceContainer+View.RequestServiceChannelAsync(ServiceMoniker, ServiceActivationOptions, CancellationToken)
11/03/2024 18:41:19 Central Standard Time : Start : requestServiceChannel
11/03/2024 18:41:19 Central Standard Time : Stop : requestServiceChannel
11/03/2024 18:41:19 Central Standard Time: Information : 8 :{"id":5}
11/03/2024 18:41:24 Central Standard Time: Information : 7 :{"id":6,"method":"requestServiceChannel"}
11/03/2024 18:41:24 Central Standard Time: Information : 6 :Received request "6" for method "requestServiceChannel".
11/03/2024 18:41:24 Central Standard Time: Information : 9 :Invoking Microsoft.VisualStudio.Utilities.ServiceBroker.GlobalBrokeredServiceContainer+View.RequestServiceChannelAsync(ServiceMoniker, ServiceActivationOptions, CancellationToken)
11/03/2024 18:41:24 Central Standard Time : Start : requestServiceChannel
11/03/2024 18:41:24 Central Standard Time: Information : 7 :{"id":7,"method":"requestServiceChannel"}
11/03/2024 18:41:24 Central Standard Time: Information : 6 :Received request "7" for method "requestServiceChannel".
11/03/2024 18:41:24 Central Standard Time: Information : 9 :Invoking Microsoft.VisualStudio.Utilities.ServiceBroker.GlobalBrokeredServiceContainer+View.RequestServiceChannelAsync(ServiceMoniker, ServiceActivationOptions, CancellationToken)
11/03/2024 18:41:24 Central Standard Time : Start : requestServiceChannel
11/03/2024 18:41:24 Central Standard Time : Stop : requestServiceChannel
11/03/2024 18:41:24 Central Standard Time: Information : 8 :{"id":6}
11/03/2024 18:41:24 Central Standard Time : Stop : requestServiceChannel
11/03/2024 18:41:24 Central Standard Time: Information : 8 :{"id":7}
11/03/2024 18:41:25 Central Standard Time: Information : 7 :{"id":8,"method":"requestServiceChannel"}
11/03/2024 18:41:25 Central Standard Time: Information : 6 :Received request "8" for method "requestServiceChannel".
11/03/2024 18:41:25 Central Standard Time: Information : 9 :Invoking Microsoft.VisualStudio.Utilities.ServiceBroker.GlobalBrokeredServiceContainer+View.RequestServiceChannelAsync(ServiceMoniker, ServiceActivationOptions, CancellationToken)
11/03/2024 18:41:25 Central Standard Time : Transfer : Transfer, relatedActivityId=b84e61f8-bd4c-4292-89ff-10767571a584
11/03/2024 18:41:25 Central Standard Time : Start : requestServiceChannel
11/03/2024 18:41:25 Central Standard Time : Stop : requestServiceChannel
11/03/2024 18:41:25 Central Standard Time : Transfer : Transfer, relatedActivityId=4f49b745-4ad6-4ee6-a7fc-66b825007708
11/03/2024 18:41:25 Central Standard Time: Information : 8 :{"id":8}
