0 verbose cli /usr/local/bin/node /usr/local/bin/npm
1 info using npm@10.9.2
2 info using node@v22.13.0
3 silly config load:file:/usr/local/lib/node_modules/npm/npmrc
4 silly config load:file:/Users/coycrowder/Library/Caches/typescript/5.7/.npmrc
5 silly config load:file:/Users/coycrowder/.npmrc
6 silly config load:file:/usr/local/etc/npmrc
7 verbose title npm install types-registry@latest
8 verbose argv "install" "--ignore-scripts" "types-registry@latest"
9 verbose logfile logs-max:10 dir:/Users/coycrowder/.npm/_logs/2025-02-24T06_41_40_440Z-
10 verbose logfile /Users/coycrowder/.npm/_logs/2025-02-24T06_41_40_440Z-debug-0.log
11 silly logfile start cleaning logs, removing 1 files
12 silly packumentCache heap:4345298944 maxSize:1086324736 maxEntrySize:543162368
13 silly logfile done cleaning log files
14 silly packumentCache corgi:https://registry.npmjs.org/types-registry cache-miss
15 http fetch GET 200 https://registry.npmjs.org/types-registry 276ms (cache updated)
16 silly packumentCache corgi:https://registry.npmjs.org/types-registry set size:undefined disposed:false
17 silly idealTree buildDeps
18 silly fetch manifest types-registry@0.1.709
19 silly packumentCache full:https://registry.npmjs.org/types-registry cache-miss
20 http fetch GET 200 https://registry.npmjs.org/types-registry 71ms (cache updated)
21 silly packumentCache full:https://registry.npmjs.org/types-registry set size:undefined disposed:false
22 silly placeDep ROOT types-registry@0.1.709 REPLACE for:  want: 0.1.709
23 silly reify moves {}
24 silly audit bulk request {
24 silly audit   '@popperjs/core': [ '2.11.8' ],
24 silly audit   '@types/bootstrap': [ '5.2.10' ],
24 silly audit   '@types/d3': [ '7.4.3' ],
24 silly audit   '@types/d3-array': [ '3.2.1' ],
24 silly audit   '@types/d3-axis': [ '3.0.6' ],
24 silly audit   '@types/d3-brush': [ '3.0.6' ],
24 silly audit   '@types/d3-chord': [ '3.0.6' ],
24 silly audit   '@types/d3-color': [ '3.1.3' ],
24 silly audit   '@types/d3-contour': [ '3.0.6' ],
24 silly audit   '@types/d3-delaunay': [ '6.0.4' ],
24 silly audit   '@types/d3-dispatch': [ '3.0.6' ],
24 silly audit   '@types/d3-drag': [ '3.0.7' ],
24 silly audit   '@types/d3-dsv': [ '3.0.7' ],
24 silly audit   '@types/d3-ease': [ '3.0.2' ],
24 silly audit   '@types/d3-fetch': [ '3.0.7' ],
24 silly audit   '@types/d3-force': [ '3.0.10' ],
24 silly audit   '@types/d3-format': [ '3.0.4' ],
24 silly audit   '@types/d3-geo': [ '3.1.0' ],
24 silly audit   '@types/d3-hierarchy': [ '3.1.7' ],
24 silly audit   '@types/d3-interpolate': [ '3.0.4' ],
24 silly audit   '@types/d3-path': [ '3.1.1' ],
24 silly audit   '@types/d3-polygon': [ '3.0.2' ],
24 silly audit   '@types/d3-quadtree': [ '3.0.6' ],
24 silly audit   '@types/d3-random': [ '3.0.3' ],
24 silly audit   '@types/d3-scale': [ '4.0.9' ],
24 silly audit   '@types/d3-scale-chromatic': [ '3.1.0' ],
24 silly audit   '@types/d3-selection': [ '3.0.11' ],
24 silly audit   '@types/d3-shape': [ '3.1.7' ],
24 silly audit   '@types/d3-time': [ '3.0.4' ],
24 silly audit   '@types/d3-time-format': [ '4.0.3' ],
24 silly audit   '@types/d3-timer': [ '3.0.2' ],
24 silly audit   '@types/d3-transition': [ '3.0.9' ],
24 silly audit   '@types/d3-zoom': [ '3.0.8' ],
24 silly audit   '@types/geojson': [ '7946.0.16' ],
24 silly audit   '@types/json2csv': [ '5.0.7' ],
24 silly audit   '@types/lodash': [ '4.17.15' ],
24 silly audit   '@types/lodash.get': [ '4.4.9' ],
24 silly audit   '@types/node': [ '22.13.4' ],
24 silly audit   '@types/react': [ '19.0.10' ],
24 silly audit   '@types/react-dom': [ '19.0.4' ],
24 silly audit   csstype: [ '3.1.3' ],
24 silly audit   'undici-types': [ '6.20.0' ],
24 silly audit   'types-registry': [ '0.1.709' ]
24 silly audit }
25 http fetch POST 200 https://registry.npmjs.org/-/npm/v1/security/advisories/bulk 123ms
26 silly audit report {}
27 verbose cwd /Users/coycrowder/Library/Caches/typescript/5.7
28 verbose os Darwin 21.6.0
29 verbose node v22.13.0
30 verbose npm  v10.9.2
31 verbose exit 0
32 info ok
